<?xml version="1.0" encoding="UTF-8"?>
<coverage generated="1762730107714" clover="3.2.0">
  <project timestamp="1762730107714" name="All files">
    <metrics statements="77" coveredstatements="62" conditionals="52" coveredconditionals="41" methods="29" coveredmethods="28" elements="158" coveredelements="131" complexity="0" loc="77" ncloc="77" packages="1" files="1" classes="1"/>
    <file name="SymptomsModal.jsx" path="C:\Users\gabri\Desktop\dialyhome-demoday\front\src\components\ui\SymptomsModal.jsx">
      <metrics statements="77" coveredstatements="62" conditionals="52" coveredconditionals="41" methods="29" coveredmethods="28"/>
      <line num="5" count="1" type="stmt"/>
      <line num="6" count="17" type="stmt"/>
      <line num="7" count="17" type="stmt"/>
      <line num="8" count="17" type="stmt"/>
      <line num="9" count="17" type="stmt"/>
      <line num="10" count="17" type="stmt"/>
      <line num="11" count="17" type="stmt"/>
      <line num="13" count="17" type="stmt"/>
      <line num="14" count="5" type="cond" truecount="2" falsecount="0"/>
      <line num="15" count="4" type="stmt"/>
      <line num="19" count="17" type="stmt"/>
      <line num="20" count="4" type="stmt"/>
      <line num="21" count="4" type="stmt"/>
      <line num="22" count="4" type="stmt"/>
      <line num="23" count="4" type="stmt"/>
      <line num="25" count="0" type="stmt"/>
      <line num="26" count="0" type="stmt"/>
      <line num="30" count="17" type="stmt"/>
      <line num="31" count="4" type="stmt"/>
      <line num="32" count="4" type="stmt"/>
      <line num="33" count="4" type="cond" truecount="2" falsecount="0"/>
      <line num="34" count="1" type="stmt"/>
      <line num="36" count="3" type="stmt"/>
      <line num="37" count="3" type="stmt"/>
      <line num="46" count="17" type="stmt"/>
      <line num="47" count="1" type="stmt"/>
      <line num="48" count="1" type="stmt"/>
      <line num="49" count="1" type="cond" truecount="1" falsecount="1"/>
      <line num="56" count="17" type="stmt"/>
      <line num="57" count="1" type="stmt"/>
      <line num="58" count="1" type="stmt"/>
      <line num="59" count="1" type="cond" truecount="1" falsecount="1"/>
      <line num="66" count="17" type="stmt"/>
      <line num="67" count="1" type="stmt"/>
      <line num="69" count="1" type="cond" truecount="1" falsecount="1"/>
      <line num="70" count="0" type="stmt"/>
      <line num="71" count="0" type="stmt"/>
      <line num="74" count="1" type="stmt"/>
      <line num="75" count="1" type="stmt"/>
      <line num="76" count="1" type="stmt"/>
      <line num="78" count="1" type="stmt"/>
      <line num="79" count="1" type="stmt"/>
      <line num="80" count="0" type="stmt"/>
      <line num="82" count="0" type="stmt"/>
      <line num="83" count="0" type="cond" truecount="0" falsecount="2"/>
      <line num="84" count="0" type="stmt"/>
      <line num="86" count="0" type="stmt"/>
      <line num="87" count="0" type="stmt"/>
      <line num="88" count="0" type="stmt"/>
      <line num="91" count="1" type="cond" truecount="2" falsecount="0"/>
      <line num="93" count="1" type="stmt"/>
      <line num="97" count="17" type="stmt"/>
      <line num="98" count="24" type="cond" truecount="2" falsecount="2"/>
      <line num="100" count="12" type="stmt"/>
      <line num="102" count="0" type="stmt"/>
      <line num="104" count="0" type="stmt"/>
      <line num="106" count="12" type="stmt"/>
      <line num="110" count="17" type="stmt"/>
      <line num="111" count="21" type="cond" truecount="2" falsecount="2"/>
      <line num="113" count="6" type="stmt"/>
      <line num="115" count="0" type="stmt"/>
      <line num="117" count="15" type="stmt"/>
      <line num="119" count="0" type="stmt"/>
      <line num="123" count="17" type="cond" truecount="2" falsecount="0"/>
      <line num="125" count="16" type="stmt"/>
      <line num="130" count="6" type="stmt"/>
      <line num="174" count="24" type="stmt"/>
      <line num="176" count="24" type="stmt"/>
      <line num="194" count="24" type="stmt"/>
      <line num="196" count="24" type="stmt"/>
      <line num="200" count="3" type="stmt"/>
      <line num="236" count="7" type="stmt"/>
      <line num="238" count="7" type="stmt"/>
      <line num="254" count="1" type="stmt"/>
      <line num="274" count="21" type="stmt"/>
      <line num="277" count="1" type="stmt"/>
      <line num="303" count="1" type="stmt"/>
    </file>
  </project>
</coverage>
