<?xml version="1.0" encoding="UTF-8"?>
<coverage generated="1762727235559" clover="3.2.0">
  <project timestamp="1762727235560" name="All files">
    <metrics statements="95" coveredstatements="75" conditionals="38" coveredconditionals="29" methods="44" coveredmethods="29" elements="177" coveredelements="133" complexity="0" loc="95" ncloc="95" packages="1" files="1" classes="1"/>
    <file name="ChartsModal.jsx" path="C:\Users\gabri\Desktop\dialyhome-demoday\front\src\components\ui\ChartsModal.jsx">
      <metrics statements="95" coveredstatements="75" conditionals="38" coveredconditionals="29" methods="44" coveredmethods="29"/>
      <line num="6" count="1" type="stmt"/>
      <line num="7" count="17" type="stmt"/>
      <line num="8" count="17" type="stmt"/>
      <line num="9" count="17" type="stmt"/>
      <line num="10" count="17" type="stmt"/>
      <line num="12" count="17" type="stmt"/>
      <line num="13" count="9" type="cond" truecount="2" falsecount="0"/>
      <line num="14" count="8" type="stmt"/>
      <line num="18" count="17" type="stmt"/>
      <line num="19" count="8" type="stmt"/>
      <line num="20" count="8" type="stmt"/>
      <line num="21" count="8" type="stmt"/>
      <line num="27" count="7" type="stmt"/>
      <line num="28" count="7" type="stmt"/>
      <line num="30" count="1" type="stmt"/>
      <line num="32" count="8" type="stmt"/>
      <line num="36" count="17" type="stmt"/>
      <line num="37" count="7" type="cond" truecount="4" falsecount="0"/>
      <line num="40" count="6" type="stmt"/>
      <line num="41" count="6" type="stmt"/>
      <line num="45" count="6" type="cond" truecount="3" falsecount="1"/>
      <line num="46" count="7" type="stmt"/>
      <line num="48" count="7" type="stmt"/>
      <line num="49" count="12" type="stmt"/>
      <line num="53" count="12" type="stmt"/>
      <line num="54" count="12" type="stmt"/>
      <line num="55" count="12" type="cond" truecount="1" falsecount="1"/>
      <line num="56" count="12" type="cond" truecount="1" falsecount="1"/>
      <line num="57" count="12" type="cond" truecount="1" falsecount="1"/>
      <line num="61" count="17" type="cond" truecount="2" falsecount="0"/>
      <line num="63" count="16" type="stmt"/>
      <line num="141" count="1" type="stmt"/>
      <line num="169" count="0" type="stmt"/>
      <line num="175" count="0" type="stmt"/>
      <line num="181" count="1" type="stmt"/>
      <line num="187" count="0" type="stmt"/>
      <line num="193" count="0" type="stmt"/>
      <line num="225" count="1" type="stmt"/>
      <line num="226" count="80" type="stmt"/>
      <line num="250" count="1" type="stmt"/>
      <line num="251" count="5" type="stmt"/>
      <line num="252" count="5" type="stmt"/>
      <line num="254" count="5" type="stmt"/>
      <line num="269" count="25" type="stmt"/>
      <line num="283" count="10" type="stmt"/>
      <line num="284" count="10" type="stmt"/>
      <line num="285" count="10" type="stmt"/>
      <line num="297" count="10" type="stmt"/>
      <line num="298" count="10" type="stmt"/>
      <line num="299" count="10" type="stmt"/>
      <line num="310" count="10" type="stmt"/>
      <line num="311" count="10" type="stmt"/>
      <line num="312" count="10" type="stmt"/>
      <line num="325" count="10" type="stmt"/>
      <line num="326" count="10" type="stmt"/>
      <line num="327" count="10" type="stmt"/>
      <line num="348" count="10" type="stmt"/>
      <line num="404" count="1" type="stmt"/>
      <line num="405" count="0" type="stmt"/>
      <line num="406" count="0" type="stmt"/>
      <line num="408" count="0" type="stmt"/>
      <line num="421" count="0" type="stmt"/>
      <line num="422" count="0" type="stmt"/>
      <line num="460" count="0" type="stmt"/>
      <line num="469" count="1" type="stmt"/>
      <line num="470" count="1" type="stmt"/>
      <line num="471" count="2" type="stmt"/>
      <line num="472" count="1" type="stmt"/>
      <line num="474" count="1" type="stmt"/>
      <line num="511" count="2" type="stmt"/>
      <line num="512" count="2" type="stmt"/>
      <line num="513" count="2" type="stmt"/>
      <line num="523" count="2" type="stmt"/>
      <line num="524" count="2" type="stmt"/>
      <line num="525" count="2" type="stmt"/>
      <line num="536" count="2" type="stmt"/>
      <line num="537" count="2" type="stmt"/>
      <line num="538" count="2" type="stmt"/>
      <line num="558" count="2" type="stmt"/>
      <line num="567" count="1" type="stmt"/>
      <line num="568" count="0" type="stmt"/>
      <line num="580" count="0" type="stmt"/>
      <line num="607" count="1" type="stmt"/>
      <line num="608" count="0" type="stmt"/>
      <line num="609" count="0" type="stmt"/>
      <line num="610" count="0" type="cond" truecount="0" falsecount="2"/>
      <line num="611" count="0" type="stmt"/>
      <line num="615" count="0" type="stmt"/>
      <line num="653" count="0" type="stmt"/>
      <line num="665" count="0" type="stmt"/>
      <line num="666" count="0" type="stmt"/>
      <line num="707" count="1" type="stmt"/>
      <line num="708" count="8" type="stmt"/>
      <line num="738" count="1" type="stmt"/>
      <line num="739" count="2" type="stmt"/>
    </file>
  </project>
</coverage>
