{"C:\\Users\\gabri\\Desktop\\dialyhome-demoday\\front\\src\\pages\\Login.css": {"path":"C:\\Users\\gabri\\Desktop\\dialyhome-demoday\\front\\src\\pages\\Login.css","statementMap":{},"fnMap":{},"branchMap":{},"s":{},"f":{},"b":{},"meta":{"lastBranch":0,"lastFunction":0,"lastStatement":0,"seen":{}}}
,"C:\\Users\\gabri\\Desktop\\dialyhome-demoday\\front\\src\\pages\\Login.jsx": {"path":"C:\\Users\\gabri\\Desktop\\dialyhome-demoday\\front\\src\\pages\\Login.jsx","statementMap":{"0":{"start":{"line":6,"column":14},"end":{"line":225,"column":null}},"1":{"start":{"line":7,"column":8},"end":{"line":7,"column":null}},"2":{"start":{"line":8,"column":24},"end":{"line":8,"column":null}},"3":{"start":{"line":9,"column":30},"end":{"line":9,"column":null}},"4":{"start":{"line":10,"column":38},"end":{"line":10,"column":null}},"5":{"start":{"line":11,"column":28},"end":{"line":11,"column":null}},"6":{"start":{"line":12,"column":24},"end":{"line":12,"column":null}},"7":{"start":{"line":14,"column":24},"end":{"line":53,"column":null}},"8":{"start":{"line":15,"column":4},"end":{"line":18,"column":null}},"9":{"start":{"line":16,"column":6},"end":{"line":16,"column":null}},"10":{"start":{"line":17,"column":6},"end":{"line":17,"column":null}},"11":{"start":{"line":20,"column":4},"end":{"line":20,"column":null}},"12":{"start":{"line":21,"column":4},"end":{"line":21,"column":null}},"13":{"start":{"line":23,"column":4},"end":{"line":52,"column":null}},"14":{"start":{"line":24,"column":19},"end":{"line":24,"column":null}},"15":{"start":{"line":25,"column":6},"end":{"line":25,"column":null}},"16":{"start":{"line":28,"column":6},"end":{"line":28,"column":null}},"17":{"start":{"line":29,"column":6},"end":{"line":29,"column":null}},"18":{"start":{"line":30,"column":6},"end":{"line":30,"column":null}},"19":{"start":{"line":33,"column":6},"end":{"line":33,"column":null}},"20":{"start":{"line":34,"column":6},"end":{"line":34,"column":null}},"21":{"start":{"line":35,"column":6},"end":{"line":35,"column":null}},"22":{"start":{"line":37,"column":6},"end":{"line":37,"column":null}},"23":{"start":{"line":40,"column":6},"end":{"line":46,"column":null}},"24":{"start":{"line":41,"column":8},"end":{"line":41,"column":null}},"25":{"start":{"line":42,"column":6},"end":{"line":46,"column":null}},"26":{"start":{"line":43,"column":8},"end":{"line":43,"column":null}},"27":{"start":{"line":44,"column":6},"end":{"line":46,"column":null}},"28":{"start":{"line":45,"column":8},"end":{"line":45,"column":null}},"29":{"start":{"line":48,"column":6},"end":{"line":48,"column":null}},"30":{"start":{"line":49,"column":6},"end":{"line":49,"column":null}},"31":{"start":{"line":51,"column":6},"end":{"line":51,"column":null}},"32":{"start":{"line":55,"column":25},"end":{"line":59,"column":null}},"33":{"start":{"line":56,"column":4},"end":{"line":58,"column":null}},"34":{"start":{"line":57,"column":6},"end":{"line":57,"column":null}},"35":{"start":{"line":61,"column":2},"end":{"line":223,"column":null}},"36":{"start":{"line":149,"column":37},"end":{"line":149,"column":null}},"37":{"start":{"line":167,"column":37},"end":{"line":167,"column":null}},"38":{"start":{"line":175,"column":35},"end":{"line":175,"column":null}}},"fnMap":{"0":{"name":"(anonymous_0)","decl":{"start":{"line":6,"column":14},"end":{"line":6,"column":20}},"loc":{"start":{"line":6,"column":20},"end":{"line":225,"column":null}},"line":6},"1":{"name":"(anonymous_1)","decl":{"start":{"line":14,"column":24},"end":{"line":14,"column":36}},"loc":{"start":{"line":14,"column":36},"end":{"line":53,"column":null}},"line":14},"2":{"name":"(anonymous_2)","decl":{"start":{"line":55,"column":25},"end":{"line":55,"column":26}},"loc":{"start":{"line":55,"column":32},"end":{"line":59,"column":null}},"line":55},"3":{"name":"(anonymous_3)","decl":{"start":{"line":149,"column":30},"end":{"line":149,"column":31}},"loc":{"start":{"line":149,"column":37},"end":{"line":149,"column":null}},"line":149},"4":{"name":"(anonymous_4)","decl":{"start":{"line":167,"column":30},"end":{"line":167,"column":31}},"loc":{"start":{"line":167,"column":37},"end":{"line":167,"column":null}},"line":167},"5":{"name":"(anonymous_5)","decl":{"start":{"line":175,"column":29},"end":{"line":175,"column":35}},"loc":{"start":{"line":175,"column":35},"end":{"line":175,"column":null}},"line":175}},"branchMap":{"0":{"loc":{"start":{"line":15,"column":4},"end":{"line":18,"column":null}},"type":"if","locations":[{"start":{"line":15,"column":4},"end":{"line":18,"column":null}},{"start":{},"end":{}}],"line":15},"1":{"loc":{"start":{"line":15,"column":8},"end":{"line":15,"column":29}},"type":"binary-expr","locations":[{"start":{"line":15,"column":8},"end":{"line":15,"column":18}},{"start":{"line":15,"column":18},"end":{"line":15,"column":29}}],"line":15},"2":{"loc":{"start":{"line":40,"column":6},"end":{"line":46,"column":null}},"type":"if","locations":[{"start":{"line":40,"column":6},"end":{"line":46,"column":null}},{"start":{"line":42,"column":6},"end":{"line":46,"column":null}}],"line":40},"3":{"loc":{"start":{"line":42,"column":6},"end":{"line":46,"column":null}},"type":"if","locations":[{"start":{"line":42,"column":6},"end":{"line":46,"column":null}},{"start":{"line":44,"column":6},"end":{"line":46,"column":null}}],"line":42},"4":{"loc":{"start":{"line":44,"column":6},"end":{"line":46,"column":null}},"type":"if","locations":[{"start":{"line":44,"column":6},"end":{"line":46,"column":null}},{"start":{},"end":{}}],"line":44},"5":{"loc":{"start":{"line":49,"column":15},"end":{"line":49,"column":79}},"type":"binary-expr","locations":[{"start":{"line":49,"column":15},"end":{"line":49,"column":28}},{"start":{"line":49,"column":28},"end":{"line":49,"column":79}}],"line":49},"6":{"loc":{"start":{"line":56,"column":4},"end":{"line":58,"column":null}},"type":"if","locations":[{"start":{"line":56,"column":4},"end":{"line":58,"column":null}},{"start":{},"end":{}}],"line":56},"7":{"loc":{"start":{"line":126,"column":13},"end":{"line":136,"column":null}},"type":"binary-expr","locations":[{"start":{"line":126,"column":13},"end":{"line":126,"column":null}},{"start":{"line":127,"column":14},"end":{"line":136,"column":null}}],"line":126},"8":{"loc":{"start":{"line":165,"column":26},"end":{"line":165,"column":null}},"type":"cond-expr","locations":[{"start":{"line":165,"column":41},"end":{"line":165,"column":50}},{"start":{"line":165,"column":50},"end":{"line":165,"column":null}}],"line":165},"9":{"loc":{"start":{"line":179,"column":21},"end":{"line":187,"column":null}},"type":"cond-expr","locations":[{"start":{"line":180,"column":22},"end":{"line":182,"column":null}},{"start":{"line":184,"column":22},"end":{"line":187,"column":null}}],"line":179},"10":{"loc":{"start":{"line":208,"column":17},"end":{"line":208,"column":null}},"type":"cond-expr","locations":[{"start":{"line":208,"column":27},"end":{"line":208,"column":43}},{"start":{"line":208,"column":43},"end":{"line":208,"column":null}}],"line":208}},"s":{"0":1,"1":26,"2":26,"3":26,"4":26,"5":26,"6":26,"7":26,"8":5,"9":1,"10":1,"11":4,"12":4,"13":4,"14":4,"15":3,"16":3,"17":3,"18":3,"19":3,"20":3,"21":3,"22":3,"23":3,"24":1,"25":2,"26":1,"27":1,"28":1,"29":1,"30":1,"31":4,"32":26,"33":0,"34":0,"35":26,"36":4,"37":4,"38":2},"f":{"0":26,"1":5,"2":0,"3":4,"4":4,"5":2},"b":{"0":[1,4],"1":[5,4],"2":[1,2],"3":[1,1],"4":[1,0],"5":[1,0],"6":[0,0],"7":[26,2],"8":[1,25],"9":[1,25],"10":[4,22]},"meta":{"lastBranch":11,"lastFunction":6,"lastStatement":39,"seen":{"s:6:14:225:Infinity":0,"f:6:14:6:20":0,"s:7:8:7:Infinity":1,"s:8:24:8:Infinity":2,"s:9:30:9:Infinity":3,"s:10:38:10:Infinity":4,"s:11:28:11:Infinity":5,"s:12:24:12:Infinity":6,"s:14:24:53:Infinity":7,"f:14:24:14:36":1,"b:15:4:18:Infinity:undefined:undefined:undefined:undefined":0,"s:15:4:18:Infinity":8,"b:15:8:15:18:15:18:15:29":1,"s:16:6:16:Infinity":9,"s:17:6:17:Infinity":10,"s:20:4:20:Infinity":11,"s:21:4:21:Infinity":12,"s:23:4:52:Infinity":13,"s:24:19:24:Infinity":14,"s:25:6:25:Infinity":15,"s:28:6:28:Infinity":16,"s:29:6:29:Infinity":17,"s:30:6:30:Infinity":18,"s:33:6:33:Infinity":19,"s:34:6:34:Infinity":20,"s:35:6:35:Infinity":21,"s:37:6:37:Infinity":22,"b:40:6:46:Infinity:42:6:46:Infinity":2,"s:40:6:46:Infinity":23,"s:41:8:41:Infinity":24,"b:42:6:46:Infinity:44:6:46:Infinity":3,"s:42:6:46:Infinity":25,"s:43:8:43:Infinity":26,"b:44:6:46:Infinity:undefined:undefined:undefined:undefined":4,"s:44:6:46:Infinity":27,"s:45:8:45:Infinity":28,"s:48:6:48:Infinity":29,"s:49:6:49:Infinity":30,"b:49:15:49:28:49:28:49:79":5,"s:51:6:51:Infinity":31,"s:55:25:59:Infinity":32,"f:55:25:55:26":2,"b:56:4:58:Infinity:undefined:undefined:undefined:undefined":6,"s:56:4:58:Infinity":33,"s:57:6:57:Infinity":34,"s:61:2:223:Infinity":35,"b:126:13:126:Infinity:127:14:136:Infinity":7,"f:149:30:149:31":3,"s:149:37:149:Infinity":36,"b:165:41:165:50:165:50:165:Infinity":8,"f:167:30:167:31":4,"s:167:37:167:Infinity":37,"f:175:29:175:35":5,"s:175:35:175:Infinity":38,"b:180:22:182:Infinity:184:22:187:Infinity":9,"b:208:27:208:43:208:43:208:Infinity":10}}}
}
