{"C:\\Users\\gabri\\Desktop\\dialyhome-demoday\\front\\src\\components\\ui\\ChartsModal.jsx": {"path":"C:\\Users\\gabri\\Desktop\\dialyhome-demoday\\front\\src\\components\\ui\\ChartsModal.jsx","statementMap":{"0":{"start":{"line":6,"column":20},"end":{"line":222,"column":null}},"1":{"start":{"line":7,"column":28},"end":{"line":7,"column":null}},"2":{"start":{"line":8,"column":34},"end":{"line":8,"column":null}},"3":{"start":{"line":9,"column":42},"end":{"line":9,"column":null}},"4":{"start":{"line":10,"column":36},"end":{"line":10,"column":null}},"5":{"start":{"line":12,"column":2},"end":{"line":16,"column":null}},"6":{"start":{"line":13,"column":4},"end":{"line":15,"column":null}},"7":{"start":{"line":14,"column":6},"end":{"line":14,"column":null}},"8":{"start":{"line":18,"column":25},"end":{"line":34,"column":null}},"9":{"start":{"line":19,"column":4},"end":{"line":19,"column":null}},"10":{"start":{"line":20,"column":4},"end":{"line":33,"column":null}},"11":{"start":{"line":21,"column":31},"end":{"line":24,"column":null}},"12":{"start":{"line":27,"column":28},"end":{"line":27,"column":null}},"13":{"start":{"line":28,"column":6},"end":{"line":28,"column":null}},"14":{"start":{"line":30,"column":6},"end":{"line":30,"column":null}},"15":{"start":{"line":32,"column":6},"end":{"line":32,"column":null}},"16":{"start":{"line":36,"column":31},"end":{"line":59,"column":null}},"17":{"start":{"line":37,"column":4},"end":{"line":37,"column":null}},"18":{"start":{"line":37,"column":42},"end":{"line":37,"column":null}},"19":{"start":{"line":40,"column":19},"end":{"line":42,"column":null}},"20":{"start":{"line":41,"column":6},"end":{"line":41,"column":null}},"21":{"start":{"line":45,"column":18},"end":{"line":45,"column":null}},"22":{"start":{"line":46,"column":20},"end":{"line":46,"column":null}},"23":{"start":{"line":48,"column":4},"end":{"line":58,"column":null}},"24":{"start":{"line":49,"column":31},"end":{"line":52,"column":8}},"25":{"start":{"line":53,"column":41},"end":{"line":53,"column":69}},"26":{"start":{"line":54,"column":42},"end":{"line":54,"column":71}},"27":{"start":{"line":55,"column":32},"end":{"line":55,"column":79}},"28":{"start":{"line":56,"column":32},"end":{"line":56,"column":59}},"29":{"start":{"line":57,"column":30},"end":{"line":57,"column":93}},"30":{"start":{"line":61,"column":2},"end":{"line":61,"column":null}},"31":{"start":{"line":61,"column":15},"end":{"line":61,"column":null}},"32":{"start":{"line":63,"column":2},"end":{"line":220,"column":null}},"33":{"start":{"line":141,"column":31},"end":{"line":141,"column":null}},"34":{"start":{"line":169,"column":27},"end":{"line":169,"column":null}},"35":{"start":{"line":175,"column":27},"end":{"line":175,"column":null}},"36":{"start":{"line":181,"column":27},"end":{"line":181,"column":null}},"37":{"start":{"line":187,"column":27},"end":{"line":187,"column":null}},"38":{"start":{"line":193,"column":27},"end":{"line":193,"column":null}},"39":{"start":{"line":225,"column":17},"end":{"line":246,"column":null}},"40":{"start":{"line":226,"column":2},"end":{"line":246,"column":null}},"41":{"start":{"line":250,"column":21},"end":{"line":401,"column":null}},"42":{"start":{"line":251,"column":19},"end":{"line":251,"column":null}},"43":{"start":{"line":252,"column":22},"end":{"line":252,"column":null}},"44":{"start":{"line":254,"column":2},"end":{"line":399,"column":null}},"45":{"start":{"line":269,"column":12},"end":{"line":277,"column":null}},"46":{"start":{"line":283,"column":25},"end":{"line":283,"column":null}},"47":{"start":{"line":284,"column":24},"end":{"line":284,"column":null}},"48":{"start":{"line":285,"column":14},"end":{"line":285,"column":null}},"49":{"start":{"line":297,"column":25},"end":{"line":297,"column":null}},"50":{"start":{"line":298,"column":24},"end":{"line":298,"column":null}},"51":{"start":{"line":299,"column":14},"end":{"line":299,"column":null}},"52":{"start":{"line":310,"column":23},"end":{"line":310,"column":null}},"53":{"start":{"line":311,"column":22},"end":{"line":311,"column":null}},"54":{"start":{"line":312,"column":12},"end":{"line":319,"column":null}},"55":{"start":{"line":325,"column":23},"end":{"line":325,"column":null}},"56":{"start":{"line":326,"column":22},"end":{"line":326,"column":null}},"57":{"start":{"line":327,"column":12},"end":{"line":334,"column":null}},"58":{"start":{"line":348,"column":12},"end":{"line":348,"column":null}},"59":{"start":{"line":404,"column":16},"end":{"line":466,"column":null}},"60":{"start":{"line":405,"column":19},"end":{"line":405,"column":null}},"61":{"start":{"line":405,"column":53},"end":{"line":405,"column":66}},"62":{"start":{"line":406,"column":22},"end":{"line":406,"column":null}},"63":{"start":{"line":408,"column":2},"end":{"line":464,"column":null}},"64":{"start":{"line":421,"column":28},"end":{"line":421,"column":null}},"65":{"start":{"line":422,"column":12},"end":{"line":447,"column":null}},"66":{"start":{"line":460,"column":12},"end":{"line":460,"column":null}},"67":{"start":{"line":469,"column":21},"end":{"line":564,"column":null}},"68":{"start":{"line":470,"column":19},"end":{"line":470,"column":null}},"69":{"start":{"line":471,"column":19},"end":{"line":471,"column":null}},"70":{"start":{"line":471,"column":56},"end":{"line":471,"column":61}},"71":{"start":{"line":472,"column":22},"end":{"line":472,"column":null}},"72":{"start":{"line":474,"column":2},"end":{"line":562,"column":null}},"73":{"start":{"line":511,"column":27},"end":{"line":511,"column":null}},"74":{"start":{"line":512,"column":26},"end":{"line":512,"column":null}},"75":{"start":{"line":513,"column":16},"end":{"line":513,"column":null}},"76":{"start":{"line":523,"column":25},"end":{"line":523,"column":null}},"77":{"start":{"line":524,"column":24},"end":{"line":524,"column":null}},"78":{"start":{"line":525,"column":14},"end":{"line":525,"column":null}},"79":{"start":{"line":536,"column":23},"end":{"line":536,"column":null}},"80":{"start":{"line":537,"column":22},"end":{"line":537,"column":null}},"81":{"start":{"line":538,"column":12},"end":{"line":545,"column":null}},"82":{"start":{"line":558,"column":12},"end":{"line":558,"column":null}},"83":{"start":{"line":567,"column":19},"end":{"line":603,"column":null}},"84":{"start":{"line":568,"column":2},"end":{"line":603,"column":null}},"85":{"start":{"line":580,"column":10},"end":{"line":599,"column":null}},"86":{"start":{"line":607,"column":23},"end":{"line":704,"column":null}},"87":{"start":{"line":608,"column":27},"end":{"line":613,"column":null}},"88":{"start":{"line":609,"column":24},"end":{"line":609,"column":null}},"89":{"start":{"line":609,"column":40},"end":{"line":609,"column":45}},"90":{"start":{"line":610,"column":4},"end":{"line":612,"column":null}},"91":{"start":{"line":611,"column":38},"end":{"line":611,"column":69}},"92":{"start":{"line":615,"column":16},"end":{"line":651,"column":null}},"93":{"start":{"line":653,"column":2},"end":{"line":702,"column":null}},"94":{"start":{"line":665,"column":23},"end":{"line":665,"column":null}},"95":{"start":{"line":666,"column":10},"end":{"line":698,"column":null}},"96":{"start":{"line":707,"column":21},"end":{"line":734,"column":null}},"97":{"start":{"line":708,"column":2},"end":{"line":734,"column":null}},"98":{"start":{"line":738,"column":19},"end":{"line":754,"column":null}},"99":{"start":{"line":739,"column":2},"end":{"line":754,"column":null}}},"fnMap":{"0":{"name":"(anonymous_0)","decl":{"start":{"line":6,"column":20},"end":{"line":6,"column":21}},"loc":{"start":{"line":6,"column":45},"end":{"line":222,"column":null}},"line":6},"1":{"name":"(anonymous_1)","decl":{"start":{"line":12,"column":12},"end":{"line":12,"column":18}},"loc":{"start":{"line":12,"column":18},"end":{"line":16,"column":5}},"line":12},"2":{"name":"(anonymous_2)","decl":{"start":{"line":18,"column":25},"end":{"line":18,"column":37}},"loc":{"start":{"line":18,"column":37},"end":{"line":34,"column":null}},"line":18},"3":{"name":"(anonymous_3)","decl":{"start":{"line":36,"column":31},"end":{"line":36,"column":32}},"loc":{"start":{"line":36,"column":44},"end":{"line":59,"column":null}},"line":36},"4":{"name":"(anonymous_4)","decl":{"start":{"line":40,"column":37},"end":{"line":40,"column":38}},"loc":{"start":{"line":41,"column":6},"end":{"line":41,"column":null}},"line":41},"5":{"name":"(anonymous_5)","decl":{"start":{"line":49,"column":26},"end":{"line":49,"column":31}},"loc":{"start":{"line":49,"column":31},"end":{"line":52,"column":8}},"line":49},"6":{"name":"(anonymous_6)","decl":{"start":{"line":53,"column":36},"end":{"line":53,"column":41}},"loc":{"start":{"line":53,"column":41},"end":{"line":53,"column":69}},"line":53},"7":{"name":"(anonymous_7)","decl":{"start":{"line":54,"column":37},"end":{"line":54,"column":42}},"loc":{"start":{"line":54,"column":42},"end":{"line":54,"column":71}},"line":54},"8":{"name":"(anonymous_8)","decl":{"start":{"line":55,"column":27},"end":{"line":55,"column":32}},"loc":{"start":{"line":55,"column":32},"end":{"line":55,"column":79}},"line":55},"9":{"name":"(anonymous_9)","decl":{"start":{"line":56,"column":27},"end":{"line":56,"column":32}},"loc":{"start":{"line":56,"column":32},"end":{"line":56,"column":59}},"line":56},"10":{"name":"(anonymous_10)","decl":{"start":{"line":57,"column":25},"end":{"line":57,"column":30}},"loc":{"start":{"line":57,"column":30},"end":{"line":57,"column":93}},"line":57},"11":{"name":"(anonymous_11)","decl":{"start":{"line":141,"column":24},"end":{"line":141,"column":25}},"loc":{"start":{"line":141,"column":31},"end":{"line":141,"column":null}},"line":141},"12":{"name":"(anonymous_12)","decl":{"start":{"line":169,"column":21},"end":{"line":169,"column":27}},"loc":{"start":{"line":169,"column":27},"end":{"line":169,"column":null}},"line":169},"13":{"name":"(anonymous_13)","decl":{"start":{"line":175,"column":21},"end":{"line":175,"column":27}},"loc":{"start":{"line":175,"column":27},"end":{"line":175,"column":null}},"line":175},"14":{"name":"(anonymous_14)","decl":{"start":{"line":181,"column":21},"end":{"line":181,"column":27}},"loc":{"start":{"line":181,"column":27},"end":{"line":181,"column":null}},"line":181},"15":{"name":"(anonymous_15)","decl":{"start":{"line":187,"column":21},"end":{"line":187,"column":27}},"loc":{"start":{"line":187,"column":27},"end":{"line":187,"column":null}},"line":187},"16":{"name":"(anonymous_16)","decl":{"start":{"line":193,"column":21},"end":{"line":193,"column":27}},"loc":{"start":{"line":193,"column":27},"end":{"line":193,"column":null}},"line":193},"17":{"name":"(anonymous_17)","decl":{"start":{"line":225,"column":17},"end":{"line":225,"column":18}},"loc":{"start":{"line":226,"column":2},"end":{"line":246,"column":null}},"line":226},"18":{"name":"(anonymous_18)","decl":{"start":{"line":250,"column":21},"end":{"line":250,"column":22}},"loc":{"start":{"line":250,"column":35},"end":{"line":401,"column":null}},"line":250},"19":{"name":"(anonymous_19)","decl":{"start":{"line":268,"column":36},"end":{"line":268,"column":37}},"loc":{"start":{"line":269,"column":12},"end":{"line":277,"column":null}},"line":269},"20":{"name":"(anonymous_20)","decl":{"start":{"line":282,"column":46},"end":{"line":282,"column":47}},"loc":{"start":{"line":282,"column":58},"end":{"line":286,"column":13}},"line":282},"21":{"name":"(anonymous_21)","decl":{"start":{"line":296,"column":47},"end":{"line":296,"column":48}},"loc":{"start":{"line":296,"column":59},"end":{"line":300,"column":13}},"line":296},"22":{"name":"(anonymous_22)","decl":{"start":{"line":309,"column":37},"end":{"line":309,"column":38}},"loc":{"start":{"line":309,"column":49},"end":{"line":321,"column":11}},"line":309},"23":{"name":"(anonymous_23)","decl":{"start":{"line":324,"column":38},"end":{"line":324,"column":39}},"loc":{"start":{"line":324,"column":50},"end":{"line":336,"column":11}},"line":324},"24":{"name":"(anonymous_24)","decl":{"start":{"line":347,"column":27},"end":{"line":347,"column":28}},"loc":{"start":{"line":348,"column":12},"end":{"line":348,"column":null}},"line":348},"25":{"name":"(anonymous_25)","decl":{"start":{"line":404,"column":16},"end":{"line":404,"column":17}},"loc":{"start":{"line":404,"column":30},"end":{"line":466,"column":null}},"line":404},"26":{"name":"(anonymous_26)","decl":{"start":{"line":405,"column":48},"end":{"line":405,"column":53}},"loc":{"start":{"line":405,"column":53},"end":{"line":405,"column":66}},"line":405},"27":{"name":"(anonymous_27)","decl":{"start":{"line":420,"column":28},"end":{"line":420,"column":29}},"loc":{"start":{"line":420,"column":40},"end":{"line":449,"column":11}},"line":420},"28":{"name":"(anonymous_28)","decl":{"start":{"line":459,"column":27},"end":{"line":459,"column":28}},"loc":{"start":{"line":460,"column":12},"end":{"line":460,"column":null}},"line":460},"29":{"name":"(anonymous_29)","decl":{"start":{"line":469,"column":21},"end":{"line":469,"column":22}},"loc":{"start":{"line":469,"column":35},"end":{"line":564,"column":null}},"line":469},"30":{"name":"(anonymous_30)","decl":{"start":{"line":471,"column":51},"end":{"line":471,"column":56}},"loc":{"start":{"line":471,"column":56},"end":{"line":471,"column":61}},"line":471},"31":{"name":"(anonymous_31)","decl":{"start":{"line":510,"column":34},"end":{"line":510,"column":35}},"loc":{"start":{"line":510,"column":46},"end":{"line":514,"column":15}},"line":510},"32":{"name":"(anonymous_32)","decl":{"start":{"line":522,"column":37},"end":{"line":522,"column":38}},"loc":{"start":{"line":522,"column":49},"end":{"line":526,"column":13}},"line":522},"33":{"name":"(anonymous_33)","decl":{"start":{"line":535,"column":28},"end":{"line":535,"column":29}},"loc":{"start":{"line":535,"column":40},"end":{"line":547,"column":11}},"line":535},"34":{"name":"(anonymous_34)","decl":{"start":{"line":557,"column":27},"end":{"line":557,"column":28}},"loc":{"start":{"line":558,"column":12},"end":{"line":558,"column":null}},"line":558},"35":{"name":"(anonymous_35)","decl":{"start":{"line":567,"column":19},"end":{"line":567,"column":20}},"loc":{"start":{"line":568,"column":2},"end":{"line":603,"column":null}},"line":568},"36":{"name":"(anonymous_36)","decl":{"start":{"line":579,"column":24},"end":{"line":579,"column":25}},"loc":{"start":{"line":580,"column":10},"end":{"line":599,"column":null}},"line":580},"37":{"name":"(anonymous_37)","decl":{"start":{"line":607,"column":23},"end":{"line":607,"column":24}},"loc":{"start":{"line":607,"column":37},"end":{"line":704,"column":null}},"line":607},"38":{"name":"(anonymous_38)","decl":{"start":{"line":608,"column":27},"end":{"line":608,"column":28}},"loc":{"start":{"line":608,"column":36},"end":{"line":613,"column":null}},"line":608},"39":{"name":"(anonymous_39)","decl":{"start":{"line":609,"column":35},"end":{"line":609,"column":40}},"loc":{"start":{"line":609,"column":40},"end":{"line":609,"column":45}},"line":609},"40":{"name":"(anonymous_40)","decl":{"start":{"line":611,"column":28},"end":{"line":611,"column":29}},"loc":{"start":{"line":611,"column":38},"end":{"line":611,"column":69}},"line":611},"41":{"name":"(anonymous_41)","decl":{"start":{"line":664,"column":19},"end":{"line":664,"column":20}},"loc":{"start":{"line":664,"column":32},"end":{"line":700,"column":9}},"line":664},"42":{"name":"(anonymous_42)","decl":{"start":{"line":707,"column":21},"end":{"line":707,"column":null}},"loc":{"start":{"line":708,"column":2},"end":{"line":734,"column":null}},"line":708},"43":{"name":"(anonymous_43)","decl":{"start":{"line":738,"column":19},"end":{"line":738,"column":null}},"loc":{"start":{"line":739,"column":2},"end":{"line":754,"column":null}},"line":739}},"branchMap":{"0":{"loc":{"start":{"line":13,"column":4},"end":{"line":15,"column":null}},"type":"if","locations":[{"start":{"line":13,"column":4},"end":{"line":15,"column":null}},{"start":{},"end":{}}],"line":13},"1":{"loc":{"start":{"line":37,"column":4},"end":{"line":37,"column":null}},"type":"if","locations":[{"start":{"line":37,"column":4},"end":{"line":37,"column":null}},{"start":{},"end":{}}],"line":37},"2":{"loc":{"start":{"line":37,"column":8},"end":{"line":37,"column":42}},"type":"binary-expr","locations":[{"start":{"line":37,"column":8},"end":{"line":37,"column":20}},{"start":{"line":37,"column":20},"end":{"line":37,"column":42}}],"line":37},"3":{"loc":{"start":{"line":45,"column":18},"end":{"line":45,"column":null}},"type":"cond-expr","locations":[{"start":{"line":45,"column":43},"end":{"line":45,"column":47}},{"start":{"line":45,"column":47},"end":{"line":45,"column":null}}],"line":45},"4":{"loc":{"start":{"line":45,"column":47},"end":{"line":45,"column":null}},"type":"cond-expr","locations":[{"start":{"line":45,"column":73},"end":{"line":45,"column":78}},{"start":{"line":45,"column":78},"end":{"line":45,"column":null}}],"line":45},"5":{"loc":{"start":{"line":55,"column":32},"end":{"line":55,"column":79}},"type":"cond-expr","locations":[{"start":{"line":55,"column":34},"end":{"line":55,"column":78}},{"start":{"line":55,"column":78},"end":{"line":55,"column":79}}],"line":55},"6":{"loc":{"start":{"line":56,"column":32},"end":{"line":56,"column":59}},"type":"binary-expr","locations":[{"start":{"line":56,"column":32},"end":{"line":56,"column":58}},{"start":{"line":56,"column":58},"end":{"line":56,"column":59}}],"line":56},"7":{"loc":{"start":{"line":57,"column":30},"end":{"line":57,"column":93}},"type":"cond-expr","locations":[{"start":{"line":57,"column":32},"end":{"line":57,"column":92}},{"start":{"line":57,"column":92},"end":{"line":57,"column":93}}],"line":57},"8":{"loc":{"start":{"line":61,"column":2},"end":{"line":61,"column":null}},"type":"if","locations":[{"start":{"line":61,"column":2},"end":{"line":61,"column":null}},{"start":{},"end":{}}],"line":61},"9":{"loc":{"start":{"line":205,"column":11},"end":{"line":216,"column":null}},"type":"cond-expr","locations":[{"start":{"line":206,"column":12},"end":{"line":206,"column":null}},{"start":{"line":207,"column":14},"end":{"line":216,"column":null}}],"line":205},"10":{"loc":{"start":{"line":207,"column":14},"end":{"line":216,"column":null}},"type":"cond-expr","locations":[{"start":{"line":208,"column":12},"end":{"line":208,"column":null}},{"start":{"line":210,"column":12},"end":{"line":216,"column":null}}],"line":207},"11":{"loc":{"start":{"line":211,"column":15},"end":{"line":211,"column":null}},"type":"binary-expr","locations":[{"start":{"line":211,"column":15},"end":{"line":211,"column":44}},{"start":{"line":211,"column":44},"end":{"line":211,"column":null}}],"line":211},"12":{"loc":{"start":{"line":212,"column":15},"end":{"line":212,"column":null}},"type":"binary-expr","locations":[{"start":{"line":212,"column":15},"end":{"line":212,"column":39}},{"start":{"line":212,"column":39},"end":{"line":212,"column":null}}],"line":212},"13":{"loc":{"start":{"line":213,"column":15},"end":{"line":213,"column":null}},"type":"binary-expr","locations":[{"start":{"line":213,"column":15},"end":{"line":213,"column":44}},{"start":{"line":213,"column":44},"end":{"line":213,"column":null}}],"line":213},"14":{"loc":{"start":{"line":214,"column":15},"end":{"line":214,"column":null}},"type":"binary-expr","locations":[{"start":{"line":214,"column":15},"end":{"line":214,"column":42}},{"start":{"line":214,"column":42},"end":{"line":214,"column":null}}],"line":214},"15":{"loc":{"start":{"line":215,"column":15},"end":{"line":215,"column":null}},"type":"binary-expr","locations":[{"start":{"line":215,"column":15},"end":{"line":215,"column":42}},{"start":{"line":215,"column":42},"end":{"line":215,"column":null}}],"line":215},"16":{"loc":{"start":{"line":230,"column":18},"end":{"line":230,"column":null}},"type":"cond-expr","locations":[{"start":{"line":230,"column":27},"end":{"line":230,"column":80}},{"start":{"line":230,"column":80},"end":{"line":230,"column":null}}],"line":230},"17":{"loc":{"start":{"line":231,"column":13},"end":{"line":231,"column":null}},"type":"cond-expr","locations":[{"start":{"line":231,"column":22},"end":{"line":231,"column":32}},{"start":{"line":231,"column":32},"end":{"line":231,"column":null}}],"line":231},"18":{"loc":{"start":{"line":610,"column":11},"end":{"line":612,"column":null}},"type":"cond-expr","locations":[{"start":{"line":610,"column":32},"end":{"line":611,"column":null}},{"start":{"line":612,"column":8},"end":{"line":612,"column":null}}],"line":610}},"s":{"0":1,"1":17,"2":17,"3":17,"4":17,"5":17,"6":9,"7":8,"8":17,"9":8,"10":8,"11":8,"12":7,"13":7,"14":1,"15":8,"16":17,"17":7,"18":1,"19":6,"20":6,"21":6,"22":7,"23":7,"24":12,"25":12,"26":12,"27":12,"28":12,"29":12,"30":17,"31":1,"32":16,"33":1,"34":0,"35":0,"36":1,"37":0,"38":0,"39":1,"40":80,"41":1,"42":5,"43":5,"44":5,"45":25,"46":10,"47":10,"48":10,"49":10,"50":10,"51":10,"52":10,"53":10,"54":10,"55":10,"56":10,"57":10,"58":10,"59":1,"60":0,"61":0,"62":0,"63":0,"64":0,"65":0,"66":0,"67":1,"68":1,"69":1,"70":2,"71":1,"72":1,"73":2,"74":2,"75":2,"76":2,"77":2,"78":2,"79":2,"80":2,"81":2,"82":2,"83":1,"84":0,"85":0,"86":1,"87":0,"88":0,"89":0,"90":0,"91":0,"92":0,"93":0,"94":0,"95":0,"96":1,"97":8,"98":1,"99":2},"f":{"0":17,"1":9,"2":8,"3":7,"4":6,"5":12,"6":12,"7":12,"8":12,"9":12,"10":12,"11":1,"12":0,"13":0,"14":1,"15":0,"16":0,"17":80,"18":5,"19":25,"20":10,"21":10,"22":10,"23":10,"24":10,"25":0,"26":0,"27":0,"28":0,"29":1,"30":2,"31":2,"32":2,"33":2,"34":2,"35":0,"36":0,"37":0,"38":0,"39":0,"40":0,"41":0,"42":8,"43":2},"b":{"0":[8,1],"1":[1,6],"2":[7,7],"3":[1,5],"4":[5,0],"5":[12,0],"6":[12,0],"7":[12,0],"8":[1,16],"9":[8,8],"10":[2,6],"11":[6,5],"12":[6,0],"13":[6,1],"14":[6,0],"15":[6,0],"16":[16,64],"17":[16,64],"18":[0,0]},"meta":{"lastBranch":19,"lastFunction":44,"lastStatement":100,"seen":{"s:6:20:222:Infinity":0,"f:6:20:6:21":0,"s:7:28:7:Infinity":1,"s:8:34:8:Infinity":2,"s:9:42:9:Infinity":3,"s:10:36:10:Infinity":4,"s:12:2:16:Infinity":5,"f:12:12:12:18":1,"b:13:4:15:Infinity:undefined:undefined:undefined:undefined":0,"s:13:4:15:Infinity":6,"s:14:6:14:Infinity":7,"s:18:25:34:Infinity":8,"f:18:25:18:37":2,"s:19:4:19:Infinity":9,"s:20:4:33:Infinity":10,"s:21:31:24:Infinity":11,"s:27:28:27:Infinity":12,"s:28:6:28:Infinity":13,"s:30:6:30:Infinity":14,"s:32:6:32:Infinity":15,"s:36:31:59:Infinity":16,"f:36:31:36:32":3,"b:37:4:37:Infinity:undefined:undefined:undefined:undefined":1,"s:37:4:37:Infinity":17,"b:37:8:37:20:37:20:37:42":2,"s:37:42:37:Infinity":18,"s:40:19:42:Infinity":19,"f:40:37:40:38":4,"s:41:6:41:Infinity":20,"s:45:18:45:Infinity":21,"b:45:43:45:47:45:47:45:Infinity":3,"b:45:73:45:78:45:78:45:Infinity":4,"s:46:20:46:Infinity":22,"s:48:4:58:Infinity":23,"f:49:26:49:31":5,"s:49:31:52:8":24,"f:53:36:53:41":6,"s:53:41:53:69":25,"f:54:37:54:42":7,"s:54:42:54:71":26,"f:55:27:55:32":8,"s:55:32:55:79":27,"b:55:34:55:78:55:78:55:79":5,"f:56:27:56:32":9,"s:56:32:56:59":28,"b:56:32:56:58:56:58:56:59":6,"f:57:25:57:30":10,"s:57:30:57:93":29,"b:57:32:57:92:57:92:57:93":7,"b:61:2:61:Infinity:undefined:undefined:undefined:undefined":8,"s:61:2:61:Infinity":30,"s:61:15:61:Infinity":31,"s:63:2:220:Infinity":32,"f:141:24:141:25":11,"s:141:31:141:Infinity":33,"f:169:21:169:27":12,"s:169:27:169:Infinity":34,"f:175:21:175:27":13,"s:175:27:175:Infinity":35,"f:181:21:181:27":14,"s:181:27:181:Infinity":36,"f:187:21:187:27":15,"s:187:27:187:Infinity":37,"f:193:21:193:27":16,"s:193:27:193:Infinity":38,"b:206:12:206:Infinity:207:14:216:Infinity":9,"b:208:12:208:Infinity:210:12:216:Infinity":10,"b:211:15:211:44:211:44:211:Infinity":11,"b:212:15:212:39:212:39:212:Infinity":12,"b:213:15:213:44:213:44:213:Infinity":13,"b:214:15:214:42:214:42:214:Infinity":14,"b:215:15:215:42:215:42:215:Infinity":15,"s:225:17:246:Infinity":39,"f:225:17:225:18":17,"s:226:2:246:Infinity":40,"b:230:27:230:80:230:80:230:Infinity":16,"b:231:22:231:32:231:32:231:Infinity":17,"s:250:21:401:Infinity":41,"f:250:21:250:22":18,"s:251:19:251:Infinity":42,"s:252:22:252:Infinity":43,"s:254:2:399:Infinity":44,"f:268:36:268:37":19,"s:269:12:277:Infinity":45,"f:282:46:282:47":20,"s:283:25:283:Infinity":46,"s:284:24:284:Infinity":47,"s:285:14:285:Infinity":48,"f:296:47:296:48":21,"s:297:25:297:Infinity":49,"s:298:24:298:Infinity":50,"s:299:14:299:Infinity":51,"f:309:37:309:38":22,"s:310:23:310:Infinity":52,"s:311:22:311:Infinity":53,"s:312:12:319:Infinity":54,"f:324:38:324:39":23,"s:325:23:325:Infinity":55,"s:326:22:326:Infinity":56,"s:327:12:334:Infinity":57,"f:347:27:347:28":24,"s:348:12:348:Infinity":58,"s:404:16:466:Infinity":59,"f:404:16:404:17":25,"s:405:19:405:Infinity":60,"f:405:48:405:53":26,"s:405:53:405:66":61,"s:406:22:406:Infinity":62,"s:408:2:464:Infinity":63,"f:420:28:420:29":27,"s:421:28:421:Infinity":64,"s:422:12:447:Infinity":65,"f:459:27:459:28":28,"s:460:12:460:Infinity":66,"s:469:21:564:Infinity":67,"f:469:21:469:22":29,"s:470:19:470:Infinity":68,"s:471:19:471:Infinity":69,"f:471:51:471:56":30,"s:471:56:471:61":70,"s:472:22:472:Infinity":71,"s:474:2:562:Infinity":72,"f:510:34:510:35":31,"s:511:27:511:Infinity":73,"s:512:26:512:Infinity":74,"s:513:16:513:Infinity":75,"f:522:37:522:38":32,"s:523:25:523:Infinity":76,"s:524:24:524:Infinity":77,"s:525:14:525:Infinity":78,"f:535:28:535:29":33,"s:536:23:536:Infinity":79,"s:537:22:537:Infinity":80,"s:538:12:545:Infinity":81,"f:557:27:557:28":34,"s:558:12:558:Infinity":82,"s:567:19:603:Infinity":83,"f:567:19:567:20":35,"s:568:2:603:Infinity":84,"f:579:24:579:25":36,"s:580:10:599:Infinity":85,"s:607:23:704:Infinity":86,"f:607:23:607:24":37,"s:608:27:613:Infinity":87,"f:608:27:608:28":38,"s:609:24:609:Infinity":88,"f:609:35:609:40":39,"s:609:40:609:45":89,"s:610:4:612:Infinity":90,"b:610:32:611:Infinity:612:8:612:Infinity":18,"f:611:28:611:29":40,"s:611:38:611:69":91,"s:615:16:651:Infinity":92,"s:653:2:702:Infinity":93,"f:664:19:664:20":41,"s:665:23:665:Infinity":94,"s:666:10:698:Infinity":95,"s:707:21:734:Infinity":96,"f:707:21:707:Infinity":42,"s:708:2:734:Infinity":97,"s:738:19:754:Infinity":98,"f:738:19:738:Infinity":43,"s:739:2:754:Infinity":99}}}
}
