TN:
SF:src\components\ui\ModalEnviarAlerta.jsx
FN:10,(anonymous_0)
FN:31,(anonymous_1)
FN:82,(anonymous_2)
FN:96,(anonymous_3)
FN:115,(anonymous_4)
FN:136,(anonymous_5)
FN:182,(anonymous_6)
FN:183,(anonymous_7)
FN:186,(anonymous_8)
FN:197,(anonymous_9)
FN:216,(anonymous_10)
FN:220,(anonymous_11)
FN:243,(anonymous_12)
FN:275,(anonymous_13)
FN:276,(anonymous_14)
FN:284,(anonymous_15)
FN:318,(anonymous_16)
FN:319,(anonymous_17)
FN:327,(anonymous_18)
FN:345,(anonymous_19)
FN:411,(anonymous_20)
FN:426,(anonymous_21)
FN:433,(anonymous_22)
FN:445,(anonymous_23)
FN:460,(anonymous_24)
FN:462,(anonymous_25)
FN:468,(anonymous_26)
FN:469,(anonymous_27)
FN:476,(anonymous_28)
FN:477,(anonymous_29)
FN:480,(anonymous_30)
FN:499,(anonymous_31)
FN:523,(anonymous_32)
FN:563,(anonymous_33)
FNF:34
FNH:28
FNDA:22,(anonymous_0)
FNDA:199,(anonymous_1)
FNDA:199,(anonymous_2)
FNDA:1,(anonymous_3)
FNDA:10,(anonymous_4)
FNDA:26,(anonymous_5)
FNDA:0,(anonymous_6)
FNDA:0,(anonymous_7)
FNDA:37,(anonymous_8)
FNDA:199,(anonymous_9)
FNDA:597,(anonymous_10)
FNDA:1,(anonymous_11)
FNDA:199,(anonymous_12)
FNDA:0,(anonymous_13)
FNDA:0,(anonymous_14)
FNDA:199,(anonymous_15)
FNDA:0,(anonymous_16)
FNDA:0,(anonymous_17)
FNDA:199,(anonymous_18)
FNDA:199,(anonymous_19)
FNDA:203,(anonymous_20)
FNDA:53,(anonymous_21)
FNDA:49,(anonymous_22)
FNDA:49,(anonymous_23)
FNDA:40,(anonymous_24)
FNDA:40,(anonymous_25)
FNDA:11,(anonymous_26)
FNDA:11,(anonymous_27)
FNDA:1,(anonymous_28)
FNDA:1,(anonymous_29)
FNDA:17,(anonymous_30)
FNDA:17,(anonymous_31)
FNDA:6,(anonymous_32)
FNDA:34,(anonymous_33)
DA:10,1
DA:11,22
DA:13,22
DA:31,1
DA:32,199
DA:82,1
DA:83,199
DA:96,1
DA:115,10
DA:136,1
DA:137,26
DA:138,5
DA:150,21
DA:151,2
DA:165,19
DA:182,0
DA:183,0
DA:187,37
DA:197,1
DA:198,199
DA:204,199
DA:217,597
DA:220,1
DA:243,1
DA:244,199
DA:275,0
DA:276,0
DA:284,1
DA:285,199
DA:318,0
DA:319,0
DA:327,1
DA:328,199
DA:345,1
DA:346,199
DA:411,1
DA:412,203
DA:413,203
DA:414,203
DA:415,203
DA:416,203
DA:418,203
DA:426,203
DA:427,53
DA:428,49
DA:429,49
DA:433,203
DA:434,49
DA:441,49
DA:442,49
DA:445,203
DA:446,49
DA:448,47
DA:449,47
DA:450,47
DA:451,49
DA:452,46
DA:454,1
DA:456,47
DA:460,203
DA:461,40
DA:462,40
DA:468,203
DA:469,11
DA:476,203
DA:477,1
DA:480,203
DA:481,17
DA:482,3
DA:483,3
DA:486,14
DA:487,1
DA:488,1
DA:491,13
DA:492,1
DA:493,1
DA:496,12
DA:499,203
DA:500,17
DA:502,17
DA:504,12
DA:505,12
DA:506,12
DA:508,12
DA:509,12
DA:511,17
DA:519,17
DA:521,9
DA:523,9
DA:524,6
DA:527,3
DA:528,3
DA:530,12
DA:534,203
DA:536,199
DA:563,34
LF:96
LH:90
BRDA:15,0,0,13
BRDA:15,0,1,9
BRDA:16,1,0,13
BRDA:16,1,1,9
BRDA:25,2,0,13
BRDA:25,2,1,9
BRDA:73,3,0,14
BRDA:73,3,1,185
BRDA:74,4,0,14
BRDA:74,4,1,185
BRDA:101,5,0,173
BRDA:101,5,1,26
BRDA:103,6,0,173
BRDA:103,6,1,26
BRDA:104,7,0,14
BRDA:104,7,1,185
BRDA:107,8,0,173
BRDA:107,8,1,26
BRDA:120,9,0,26
BRDA:120,9,1,173
BRDA:122,10,0,26
BRDA:122,10,1,173
BRDA:123,11,0,14
BRDA:123,11,1,185
BRDA:126,12,0,26
BRDA:126,12,1,173
BRDA:137,13,0,5
BRDA:137,13,1,21
BRDA:150,14,0,2
BRDA:150,14,1,19
BRDA:179,15,0,1
BRDA:179,15,1,18
BRDA:190,16,0,36
BRDA:190,16,1,1
BRDA:225,17,0,199
BRDA:225,17,1,398
BRDA:227,18,0,199
BRDA:227,18,1,398
BRDA:228,19,0,42
BRDA:228,19,1,555
BRDA:231,20,0,199
BRDA:231,20,1,398
BRDA:243,21,0,199
BRDA:284,22,0,199
BRDA:370,23,0,14
BRDA:370,23,1,185
BRDA:372,24,0,14
BRDA:372,24,1,185
BRDA:380,25,0,199
BRDA:380,25,1,185
BRDA:384,26,0,23
BRDA:384,26,1,176
BRDA:384,27,0,199
BRDA:384,27,1,185
BRDA:392,28,0,23
BRDA:392,28,1,176
BRDA:392,29,0,199
BRDA:392,29,1,185
BRDA:397,30,0,23
BRDA:397,30,1,176
BRDA:397,31,0,199
BRDA:397,31,1,185
BRDA:402,32,0,14
BRDA:402,32,1,185
BRDA:402,33,0,9
BRDA:402,33,1,176
BRDA:427,34,0,49
BRDA:427,34,1,4
BRDA:427,35,0,53
BRDA:427,35,1,49
BRDA:446,36,0,2
BRDA:446,36,1,47
BRDA:446,37,0,49
BRDA:446,37,1,2
BRDA:450,38,0,47
BRDA:450,38,1,0
BRDA:452,39,0,46
BRDA:452,39,1,0
BRDA:472,40,0,1
BRDA:472,40,1,10
BRDA:481,41,0,3
BRDA:481,41,1,14
BRDA:486,42,0,1
BRDA:486,42,1,13
BRDA:491,43,0,1
BRDA:491,43,1,12
BRDA:491,44,0,13
BRDA:491,44,1,2
BRDA:502,45,0,5
BRDA:502,45,1,12
BRDA:509,46,0,12
BRDA:509,46,1,1
BRDA:516,47,0,1
BRDA:516,47,1,11
BRDA:528,48,0,3
BRDA:528,48,1,1
BRDA:534,49,0,4
BRDA:534,49,1,199
BRDA:572,50,0,199
BRDA:572,50,1,13
BRDA:573,51,0,203
BRDA:573,51,1,9
BRDA:584,52,0,203
BRDA:584,52,1,26
BRF:104
BRH:102
end_of_record
