TN:
SF:src\components\forms\LoginForm.jsx
FN:4,(anonymous_0)
FN:20,(anonymous_1)
FN:30,(anonymous_2)
FNF:3
FNH:0
FNDA:0,(anonymous_0)
FNDA:0,(anonymous_1)
FNDA:0,(anonymous_2)
DA:4,0
DA:12,0
DA:20,0
DA:30,0
LF:4
LH:0
BRF:0
BRH:0
end_of_record
TN:
SF:src\components\layout\PageContainer.jsx
FN:3,(anonymous_0)
FNF:1
FNH:0
FNDA:0,(anonymous_0)
DA:3,0
DA:4,0
LF:2
LH:0
BRF:0
BRH:0
end_of_record
TN:
SF:src\components\layout\TwoColumnLayout.jsx
FN:3,(anonymous_0)
FNF:1
FNH:0
FNDA:0,(anonymous_0)
DA:3,0
DA:4,0
LF:2
LH:0
BRF:0
BRH:0
end_of_record
TN:
SF:src\components\login\WelcomeSection.jsx
FN:4,(anonymous_0)
FNF:1
FNH:0
FNDA:0,(anonymous_0)
DA:4,0
DA:5,0
LF:2
LH:0
BRDA:7,0,0,0
BRDA:7,0,1,0
BRF:2
BRH:0
end_of_record
TN:
SF:src\components\ui\ChartsModal.jsx
FN:6,(anonymous_0)
FN:12,(anonymous_1)
FN:18,(anonymous_2)
FN:36,(anonymous_3)
FN:40,(anonymous_4)
FN:49,(anonymous_5)
FN:53,(anonymous_6)
FN:54,(anonymous_7)
FN:55,(anonymous_8)
FN:56,(anonymous_9)
FN:57,(anonymous_10)
FN:141,(anonymous_11)
FN:169,(anonymous_12)
FN:175,(anonymous_13)
FN:181,(anonymous_14)
FN:187,(anonymous_15)
FN:193,(anonymous_16)
FN:225,(anonymous_17)
FN:250,(anonymous_18)
FN:268,(anonymous_19)
FN:282,(anonymous_20)
FN:296,(anonymous_21)
FN:309,(anonymous_22)
FN:324,(anonymous_23)
FN:347,(anonymous_24)
FN:404,(anonymous_25)
FN:405,(anonymous_26)
FN:420,(anonymous_27)
FN:459,(anonymous_28)
FN:469,(anonymous_29)
FN:471,(anonymous_30)
FN:510,(anonymous_31)
FN:522,(anonymous_32)
FN:535,(anonymous_33)
FN:557,(anonymous_34)
FN:567,(anonymous_35)
FN:579,(anonymous_36)
FN:607,(anonymous_37)
FN:608,(anonymous_38)
FN:609,(anonymous_39)
FN:611,(anonymous_40)
FN:664,(anonymous_41)
FN:707,(anonymous_42)
FN:738,(anonymous_43)
FNF:44
FNH:29
FNDA:17,(anonymous_0)
FNDA:9,(anonymous_1)
FNDA:8,(anonymous_2)
FNDA:7,(anonymous_3)
FNDA:6,(anonymous_4)
FNDA:12,(anonymous_5)
FNDA:12,(anonymous_6)
FNDA:12,(anonymous_7)
FNDA:12,(anonymous_8)
FNDA:12,(anonymous_9)
FNDA:12,(anonymous_10)
FNDA:1,(anonymous_11)
FNDA:0,(anonymous_12)
FNDA:0,(anonymous_13)
FNDA:1,(anonymous_14)
FNDA:0,(anonymous_15)
FNDA:0,(anonymous_16)
FNDA:80,(anonymous_17)
FNDA:5,(anonymous_18)
FNDA:25,(anonymous_19)
FNDA:10,(anonymous_20)
FNDA:10,(anonymous_21)
FNDA:10,(anonymous_22)
FNDA:10,(anonymous_23)
FNDA:10,(anonymous_24)
FNDA:0,(anonymous_25)
FNDA:0,(anonymous_26)
FNDA:0,(anonymous_27)
FNDA:0,(anonymous_28)
FNDA:1,(anonymous_29)
FNDA:2,(anonymous_30)
FNDA:2,(anonymous_31)
FNDA:2,(anonymous_32)
FNDA:2,(anonymous_33)
FNDA:2,(anonymous_34)
FNDA:0,(anonymous_35)
FNDA:0,(anonymous_36)
FNDA:0,(anonymous_37)
FNDA:0,(anonymous_38)
FNDA:0,(anonymous_39)
FNDA:0,(anonymous_40)
FNDA:0,(anonymous_41)
FNDA:8,(anonymous_42)
FNDA:2,(anonymous_43)
DA:6,1
DA:7,17
DA:8,17
DA:9,17
DA:10,17
DA:12,17
DA:13,9
DA:14,8
DA:18,17
DA:19,8
DA:20,8
DA:21,8
DA:27,7
DA:28,7
DA:30,1
DA:32,8
DA:36,17
DA:37,7
DA:40,6
DA:41,6
DA:45,6
DA:46,7
DA:48,7
DA:49,12
DA:53,12
DA:54,12
DA:55,12
DA:56,12
DA:57,12
DA:61,17
DA:63,16
DA:141,1
DA:169,0
DA:175,0
DA:181,1
DA:187,0
DA:193,0
DA:225,1
DA:226,80
DA:250,1
DA:251,5
DA:252,5
DA:254,5
DA:269,25
DA:283,10
DA:284,10
DA:285,10
DA:297,10
DA:298,10
DA:299,10
DA:310,10
DA:311,10
DA:312,10
DA:325,10
DA:326,10
DA:327,10
DA:348,10
DA:404,1
DA:405,0
DA:406,0
DA:408,0
DA:421,0
DA:422,0
DA:460,0
DA:469,1
DA:470,1
DA:471,2
DA:472,1
DA:474,1
DA:511,2
DA:512,2
DA:513,2
DA:523,2
DA:524,2
DA:525,2
DA:536,2
DA:537,2
DA:538,2
DA:558,2
DA:567,1
DA:568,0
DA:580,0
DA:607,1
DA:608,0
DA:609,0
DA:610,0
DA:611,0
DA:615,0
DA:653,0
DA:665,0
DA:666,0
DA:707,1
DA:708,8
DA:738,1
DA:739,2
LF:95
LH:75
BRDA:13,0,0,8
BRDA:13,0,1,1
BRDA:37,1,0,1
BRDA:37,1,1,6
BRDA:37,2,0,7
BRDA:37,2,1,7
BRDA:45,3,0,1
BRDA:45,3,1,5
BRDA:45,4,0,5
BRDA:45,4,1,0
BRDA:55,5,0,12
BRDA:55,5,1,0
BRDA:56,6,0,12
BRDA:56,6,1,0
BRDA:57,7,0,12
BRDA:57,7,1,0
BRDA:61,8,0,1
BRDA:61,8,1,16
BRDA:205,9,0,8
BRDA:205,9,1,8
BRDA:207,10,0,2
BRDA:207,10,1,6
BRDA:211,11,0,6
BRDA:211,11,1,5
BRDA:212,12,0,6
BRDA:212,12,1,0
BRDA:213,13,0,6
BRDA:213,13,1,1
BRDA:214,14,0,6
BRDA:214,14,1,0
BRDA:215,15,0,6
BRDA:215,15,1,0
BRDA:230,16,0,16
BRDA:230,16,1,64
BRDA:231,17,0,16
BRDA:231,17,1,64
BRDA:610,18,0,0
BRDA:610,18,1,0
BRF:38
BRH:29
end_of_record
TN:
SF:src\components\ui\FeatureList.jsx
FN:3,(anonymous_0)
FN:6,(anonymous_1)
FNF:2
FNH:0
FNDA:0,(anonymous_0)
FNDA:0,(anonymous_1)
DA:3,0
DA:4,0
DA:7,0
LF:3
LH:0
BRF:0
BRH:0
end_of_record
TN:
SF:src\components\ui\LoginCard.jsx
FN:4,(anonymous_0)
FNF:1
FNH:0
FNDA:0,(anonymous_0)
DA:4,0
DA:5,0
LF:2
LH:0
BRF:0
BRH:0
end_of_record
TN:
SF:src\components\ui\ModalEnviarAlerta.jsx
FN:10,(anonymous_0)
FN:31,(anonymous_1)
FN:82,(anonymous_2)
FN:96,(anonymous_3)
FN:115,(anonymous_4)
FN:136,(anonymous_5)
FN:182,(anonymous_6)
FN:183,(anonymous_7)
FN:186,(anonymous_8)
FN:197,(anonymous_9)
FN:216,(anonymous_10)
FN:220,(anonymous_11)
FN:243,(anonymous_12)
FN:275,(anonymous_13)
FN:276,(anonymous_14)
FN:284,(anonymous_15)
FN:318,(anonymous_16)
FN:319,(anonymous_17)
FN:327,(anonymous_18)
FN:345,(anonymous_19)
FN:411,(anonymous_20)
FN:426,(anonymous_21)
FN:433,(anonymous_22)
FN:445,(anonymous_23)
FN:460,(anonymous_24)
FN:462,(anonymous_25)
FN:468,(anonymous_26)
FN:469,(anonymous_27)
FN:476,(anonymous_28)
FN:477,(anonymous_29)
FN:480,(anonymous_30)
FN:499,(anonymous_31)
FN:523,(anonymous_32)
FN:563,(anonymous_33)
FNF:34
FNH:28
FNDA:22,(anonymous_0)
FNDA:199,(anonymous_1)
FNDA:199,(anonymous_2)
FNDA:1,(anonymous_3)
FNDA:10,(anonymous_4)
FNDA:26,(anonymous_5)
FNDA:0,(anonymous_6)
FNDA:0,(anonymous_7)
FNDA:37,(anonymous_8)
FNDA:199,(anonymous_9)
FNDA:597,(anonymous_10)
FNDA:1,(anonymous_11)
FNDA:199,(anonymous_12)
FNDA:0,(anonymous_13)
FNDA:0,(anonymous_14)
FNDA:199,(anonymous_15)
FNDA:0,(anonymous_16)
FNDA:0,(anonymous_17)
FNDA:199,(anonymous_18)
FNDA:199,(anonymous_19)
FNDA:203,(anonymous_20)
FNDA:53,(anonymous_21)
FNDA:49,(anonymous_22)
FNDA:49,(anonymous_23)
FNDA:40,(anonymous_24)
FNDA:40,(anonymous_25)
FNDA:11,(anonymous_26)
FNDA:11,(anonymous_27)
FNDA:1,(anonymous_28)
FNDA:1,(anonymous_29)
FNDA:17,(anonymous_30)
FNDA:17,(anonymous_31)
FNDA:6,(anonymous_32)
FNDA:34,(anonymous_33)
DA:10,1
DA:11,22
DA:13,22
DA:31,1
DA:32,199
DA:82,1
DA:83,199
DA:96,1
DA:115,10
DA:136,1
DA:137,26
DA:138,5
DA:150,21
DA:151,2
DA:165,19
DA:182,0
DA:183,0
DA:187,37
DA:197,1
DA:198,199
DA:204,199
DA:217,597
DA:220,1
DA:243,1
DA:244,199
DA:275,0
DA:276,0
DA:284,1
DA:285,199
DA:318,0
DA:319,0
DA:327,1
DA:328,199
DA:345,1
DA:346,199
DA:411,1
DA:412,203
DA:413,203
DA:414,203
DA:415,203
DA:416,203
DA:418,203
DA:426,203
DA:427,53
DA:428,49
DA:429,49
DA:433,203
DA:434,49
DA:441,49
DA:442,49
DA:445,203
DA:446,49
DA:448,47
DA:449,47
DA:450,47
DA:451,49
DA:452,46
DA:454,1
DA:456,47
DA:460,203
DA:461,40
DA:462,40
DA:468,203
DA:469,11
DA:476,203
DA:477,1
DA:480,203
DA:481,17
DA:482,3
DA:483,3
DA:486,14
DA:487,1
DA:488,1
DA:491,13
DA:492,1
DA:493,1
DA:496,12
DA:499,203
DA:500,17
DA:502,17
DA:504,12
DA:505,12
DA:506,12
DA:508,12
DA:509,12
DA:511,17
DA:519,17
DA:521,9
DA:523,9
DA:524,6
DA:527,3
DA:528,3
DA:530,12
DA:534,203
DA:536,199
DA:563,34
LF:96
LH:90
BRDA:15,0,0,13
BRDA:15,0,1,9
BRDA:16,1,0,13
BRDA:16,1,1,9
BRDA:25,2,0,13
BRDA:25,2,1,9
BRDA:73,3,0,14
BRDA:73,3,1,185
BRDA:74,4,0,14
BRDA:74,4,1,185
BRDA:101,5,0,173
BRDA:101,5,1,26
BRDA:103,6,0,173
BRDA:103,6,1,26
BRDA:104,7,0,14
BRDA:104,7,1,185
BRDA:107,8,0,173
BRDA:107,8,1,26
BRDA:120,9,0,26
BRDA:120,9,1,173
BRDA:122,10,0,26
BRDA:122,10,1,173
BRDA:123,11,0,14
BRDA:123,11,1,185
BRDA:126,12,0,26
BRDA:126,12,1,173
BRDA:137,13,0,5
BRDA:137,13,1,21
BRDA:150,14,0,2
BRDA:150,14,1,19
BRDA:179,15,0,1
BRDA:179,15,1,18
BRDA:190,16,0,36
BRDA:190,16,1,1
BRDA:225,17,0,199
BRDA:225,17,1,398
BRDA:227,18,0,199
BRDA:227,18,1,398
BRDA:228,19,0,42
BRDA:228,19,1,555
BRDA:231,20,0,199
BRDA:231,20,1,398
BRDA:243,21,0,199
BRDA:284,22,0,199
BRDA:370,23,0,14
BRDA:370,23,1,185
BRDA:372,24,0,14
BRDA:372,24,1,185
BRDA:380,25,0,199
BRDA:380,25,1,185
BRDA:384,26,0,23
BRDA:384,26,1,176
BRDA:384,27,0,199
BRDA:384,27,1,185
BRDA:392,28,0,23
BRDA:392,28,1,176
BRDA:392,29,0,199
BRDA:392,29,1,185
BRDA:397,30,0,23
BRDA:397,30,1,176
BRDA:397,31,0,199
BRDA:397,31,1,185
BRDA:402,32,0,14
BRDA:402,32,1,185
BRDA:402,33,0,9
BRDA:402,33,1,176
BRDA:427,34,0,49
BRDA:427,34,1,4
BRDA:427,35,0,53
BRDA:427,35,1,49
BRDA:446,36,0,2
BRDA:446,36,1,47
BRDA:446,37,0,49
BRDA:446,37,1,2
BRDA:450,38,0,47
BRDA:450,38,1,0
BRDA:452,39,0,46
BRDA:452,39,1,0
BRDA:472,40,0,1
BRDA:472,40,1,10
BRDA:481,41,0,3
BRDA:481,41,1,14
BRDA:486,42,0,1
BRDA:486,42,1,13
BRDA:491,43,0,1
BRDA:491,43,1,12
BRDA:491,44,0,13
BRDA:491,44,1,2
BRDA:502,45,0,5
BRDA:502,45,1,12
BRDA:509,46,0,12
BRDA:509,46,1,1
BRDA:516,47,0,1
BRDA:516,47,1,11
BRDA:528,48,0,3
BRDA:528,48,1,1
BRDA:534,49,0,4
BRDA:534,49,1,199
BRDA:572,50,0,199
BRDA:572,50,1,13
BRDA:573,51,0,203
BRDA:573,51,1,9
BRDA:584,52,0,203
BRDA:584,52,1,26
BRF:104
BRH:102
end_of_record
TN:
SF:src\components\ui\Patientanalytics.jsx
FN:5,(anonymous_0)
FN:11,(anonymous_1)
FN:15,(anonymous_2)
FN:96,(anonymous_3)
FN:99,(anonymous_4)
FN:266,(anonymous_5)
FN:322,(anonymous_6)
FN:357,(anonymous_7)
FN:362,(anonymous_8)
FN:371,(anonymous_9)
FN:467,(anonymous_10)
FN:520,(anonymous_11)
FN:545,(anonymous_12)
FN:553,(anonymous_13)
FN:554,(anonymous_14)
FN:597,(anonymous_15)
FNF:16
FNH:0
FNDA:0,(anonymous_0)
FNDA:0,(anonymous_1)
FNDA:0,(anonymous_2)
FNDA:0,(anonymous_3)
FNDA:0,(anonymous_4)
FNDA:0,(anonymous_5)
FNDA:0,(anonymous_6)
FNDA:0,(anonymous_7)
FNDA:0,(anonymous_8)
FNDA:0,(anonymous_9)
FNDA:0,(anonymous_10)
FNDA:0,(anonymous_11)
FNDA:0,(anonymous_12)
FNDA:0,(anonymous_13)
FNDA:0,(anonymous_14)
FNDA:0,(anonymous_15)
DA:5,0
DA:6,0
DA:7,0
DA:8,0
DA:9,0
DA:11,0
DA:12,0
DA:15,0
DA:16,0
DA:17,0
DA:18,0
DA:27,0
DA:29,0
DA:30,0
DA:32,0
DA:34,0
DA:38,0
DA:39,0
DA:55,0
DA:56,0
DA:73,0
DA:75,0
DA:97,0
DA:99,0
DA:266,0
DA:322,0
DA:357,0
DA:363,0
DA:372,0
DA:468,0
DA:545,0
DA:546,0
DA:553,0
DA:554,0
DA:597,0
DA:598,0
LF:36
LH:0
BRDA:27,0,0,0
BRDA:27,0,1,0
BRDA:38,1,0,0
BRDA:38,1,1,0
BRDA:55,2,0,0
BRDA:55,2,1,0
BRDA:107,3,0,0
BRDA:107,3,1,0
BRDA:108,4,0,0
BRDA:108,4,1,0
BRDA:130,5,0,0
BRDA:130,5,1,0
BRDA:131,6,0,0
BRDA:131,6,1,0
BRDA:132,7,0,0
BRDA:132,7,1,0
BRDA:133,8,0,0
BRDA:133,8,1,0
BRDA:160,9,0,0
BRDA:160,9,1,0
BRDA:333,10,0,0
BRDA:333,10,1,0
BRDA:334,11,0,0
BRDA:334,11,1,0
BRDA:472,12,0,0
BRDA:472,12,1,0
BRDA:472,13,0,0
BRDA:472,13,1,0
BRDA:473,14,0,0
BRDA:473,14,1,0
BRDA:473,15,0,0
BRDA:473,15,1,0
BRDA:481,16,0,0
BRDA:481,16,1,0
BRDA:481,17,0,0
BRDA:481,17,1,0
BRDA:490,18,0,0
BRDA:490,18,1,0
BRDA:490,19,0,0
BRDA:490,19,1,0
BRDA:578,20,0,0
BRDA:578,20,1,0
BRDA:580,21,0,0
BRDA:580,21,1,0
BRDA:587,22,0,0
BRDA:587,22,1,0
BRDA:587,23,0,0
BRDA:587,23,1,0
BRF:48
BRH:0
end_of_record
TN:
SF:src\components\ui\RemindersModal.jsx
FN:5,(anonymous_0)
FN:21,(anonymous_1)
FN:27,(anonymous_2)
FN:36,(anonymous_3)
FN:38,(anonymous_4)
FN:44,(anonymous_5)
FN:55,(anonymous_6)
FN:74,(anonymous_7)
FN:81,(anonymous_8)
FN:87,(anonymous_9)
FN:97,(anonymous_10)
FN:110,(anonymous_11)
FN:154,(anonymous_12)
FN:162,(anonymous_13)
FN:208,(anonymous_14)
FN:330,(anonymous_15)
FNF:16
FNH:0
FNDA:0,(anonymous_0)
FNDA:0,(anonymous_1)
FNDA:0,(anonymous_2)
FNDA:0,(anonymous_3)
FNDA:0,(anonymous_4)
FNDA:0,(anonymous_5)
FNDA:0,(anonymous_6)
FNDA:0,(anonymous_7)
FNDA:0,(anonymous_8)
FNDA:0,(anonymous_9)
FNDA:0,(anonymous_10)
FNDA:0,(anonymous_11)
FNDA:0,(anonymous_12)
FNDA:0,(anonymous_13)
FNDA:0,(anonymous_14)
FNDA:0,(anonymous_15)
DA:5,0
DA:6,0
DA:7,0
DA:8,0
DA:9,0
DA:10,0
DA:12,0
DA:21,0
DA:22,0
DA:23,0
DA:27,0
DA:28,0
DA:29,0
DA:30,0
DA:32,0
DA:36,0
DA:37,0
DA:38,0
DA:44,0
DA:45,0
DA:46,0
DA:47,0
DA:48,0
DA:50,0
DA:51,0
DA:52,0
DA:53,0
DA:55,0
DA:56,0
DA:57,0
DA:58,0
DA:68,0
DA:70,0
DA:74,0
DA:75,0
DA:77,0
DA:78,0
DA:79,0
DA:80,0
DA:81,0
DA:83,0
DA:87,0
DA:88,0
DA:97,0
DA:98,0
DA:99,0
DA:100,0
DA:101,0
DA:102,0
DA:106,0
DA:108,0
DA:110,0
DA:154,0
DA:163,0
DA:208,0
DA:331,0
DA:332,0
LF:57
LH:0
BRDA:22,0,0,0
BRDA:22,0,1,0
BRDA:40,1,0,0
BRDA:40,1,1,0
BRDA:68,2,0,0
BRDA:68,2,1,0
BRDA:75,3,0,0
BRDA:75,3,1,0
BRDA:83,4,0,0
BRDA:83,4,1,0
BRDA:98,5,0,0
BRDA:98,5,1,0
BRDA:98,5,2,0
BRDA:98,5,3,0
BRDA:106,6,0,0
BRDA:106,6,1,0
BRDA:125,7,0,0
BRDA:125,7,1,0
BRDA:137,8,0,0
BRDA:137,8,1,0
BRDA:149,9,0,0
BRDA:149,9,1,0
BRDA:160,10,0,0
BRDA:160,10,1,0
BRDA:181,11,0,0
BRDA:181,11,1,0
BRDA:192,12,0,0
BRDA:192,12,1,0
BRDA:307,13,0,0
BRDA:307,13,1,0
BRDA:351,14,0,0
BRDA:351,14,1,0
BRF:32
BRH:0
end_of_record
TN:
SF:src\components\ui\RoleTabs.jsx
FN:4,(anonymous_0)
FN:11,(anonymous_1)
FNF:2
FNH:0
FNDA:0,(anonymous_0)
FNDA:0,(anonymous_1)
DA:4,0
DA:5,0
DA:12,0
LF:3
LH:0
BRF:0
BRH:0
end_of_record
TN:
SF:src\components\ui\SymptomsModal.jsx
FN:5,(anonymous_0)
FN:13,(anonymous_1)
FN:19,(anonymous_2)
FN:30,(anonymous_3)
FN:31,(anonymous_4)
FN:32,(anonymous_5)
FN:34,(anonymous_6)
FN:36,(anonymous_7)
FN:46,(anonymous_8)
FN:47,(anonymous_9)
FN:48,(anonymous_10)
FN:56,(anonymous_11)
FN:57,(anonymous_12)
FN:58,(anonymous_13)
FN:66,(anonymous_14)
FN:82,(anonymous_15)
FN:97,(anonymous_16)
FN:110,(anonymous_17)
FN:130,(anonymous_18)
FN:173,(anonymous_19)
FN:193,(anonymous_20)
FN:194,(anonymous_21)
FN:200,(anonymous_22)
FN:235,(anonymous_23)
FN:236,(anonymous_24)
FN:254,(anonymous_25)
FN:273,(anonymous_26)
FN:277,(anonymous_27)
FN:303,(anonymous_28)
FNF:29
FNH:28
FNDA:17,(anonymous_0)
FNDA:5,(anonymous_1)
FNDA:4,(anonymous_2)
FNDA:4,(anonymous_3)
FNDA:4,(anonymous_4)
FNDA:1,(anonymous_5)
FNDA:1,(anonymous_6)
FNDA:3,(anonymous_7)
FNDA:1,(anonymous_8)
FNDA:1,(anonymous_9)
FNDA:1,(anonymous_10)
FNDA:1,(anonymous_11)
FNDA:1,(anonymous_12)
FNDA:1,(anonymous_13)
FNDA:1,(anonymous_14)
FNDA:0,(anonymous_15)
FNDA:24,(anonymous_16)
FNDA:21,(anonymous_17)
FNDA:6,(anonymous_18)
FNDA:24,(anonymous_19)
FNDA:24,(anonymous_20)
FNDA:14,(anonymous_21)
FNDA:3,(anonymous_22)
FNDA:7,(anonymous_23)
FNDA:7,(anonymous_24)
FNDA:1,(anonymous_25)
FNDA:21,(anonymous_26)
FNDA:1,(anonymous_27)
FNDA:1,(anonymous_28)
DA:5,1
DA:6,17
DA:7,17
DA:8,17
DA:9,17
DA:10,17
DA:11,17
DA:13,17
DA:14,5
DA:15,4
DA:19,17
DA:20,4
DA:21,4
DA:22,4
DA:23,4
DA:25,0
DA:26,0
DA:30,17
DA:31,4
DA:32,4
DA:33,4
DA:34,1
DA:36,3
DA:37,3
DA:46,17
DA:47,1
DA:48,1
DA:49,1
DA:56,17
DA:57,1
DA:58,1
DA:59,1
DA:66,17
DA:67,1
DA:69,1
DA:70,0
DA:71,0
DA:74,1
DA:75,1
DA:76,1
DA:78,1
DA:79,1
DA:80,0
DA:82,0
DA:83,0
DA:84,0
DA:86,0
DA:87,0
DA:88,0
DA:91,1
DA:93,1
DA:97,17
DA:98,24
DA:100,12
DA:102,0
DA:104,0
DA:106,12
DA:110,17
DA:111,21
DA:113,6
DA:115,0
DA:117,15
DA:119,0
DA:123,17
DA:125,16
DA:130,6
DA:174,24
DA:176,24
DA:194,24
DA:196,24
DA:200,3
DA:236,7
DA:238,7
DA:254,1
DA:274,21
DA:277,1
DA:303,1
LF:77
LH:62
BRDA:14,0,0,4
BRDA:14,0,1,1
BRDA:33,1,0,1
BRDA:33,1,1,3
BRDA:39,2,0,3
BRDA:39,2,1,0
BRDA:49,3,0,1
BRDA:49,3,1,0
BRDA:59,4,0,1
BRDA:59,4,1,0
BRDA:69,5,0,0
BRDA:69,5,1,1
BRDA:83,6,0,0
BRDA:83,6,1,0
BRDA:91,7,0,1
BRDA:91,7,1,1
BRDA:98,8,0,12
BRDA:98,8,1,0
BRDA:98,8,2,0
BRDA:98,8,3,12
BRDA:111,9,0,6
BRDA:111,9,1,0
BRDA:111,9,2,15
BRDA:111,9,3,0
BRDA:123,10,0,1
BRDA:123,10,1,16
BRDA:146,11,0,16
BRDA:146,11,1,1
BRDA:158,12,0,17
BRDA:158,12,1,0
BRDA:204,13,0,7
BRDA:204,13,1,17
BRDA:205,14,0,7
BRDA:205,14,1,17
BRDA:206,15,0,7
BRDA:206,15,1,17
BRDA:209,16,0,7
BRDA:209,16,1,17
BRDA:224,17,0,17
BRDA:224,17,1,7
BRDA:282,18,0,7
BRDA:282,18,1,14
BRDA:283,19,0,7
BRDA:283,19,1,14
BRDA:284,20,0,7
BRDA:284,20,1,14
BRDA:287,21,0,7
BRDA:287,21,1,14
BRDA:330,22,0,17
BRDA:330,22,1,15
BRDA:332,23,0,1
BRDA:332,23,1,15
BRF:52
BRH:41
end_of_record
TN:
SF:src\components\ui\UserModal.jsx
FN:4,(anonymous_0)
FN:26,(anonymous_1)
FN:35,(anonymous_2)
FN:37,(anonymous_3)
FN:43,(anonymous_4)
FN:413,(anonymous_5)
FNF:6
FNH:0
FNDA:0,(anonymous_0)
FNDA:0,(anonymous_1)
FNDA:0,(anonymous_2)
FNDA:0,(anonymous_3)
FNDA:0,(anonymous_4)
FNDA:0,(anonymous_5)
DA:4,0
DA:5,0
DA:6,0
DA:7,0
DA:26,0
DA:27,0
DA:28,0
DA:35,0
DA:36,0
DA:37,0
DA:43,0
DA:44,0
DA:45,0
DA:46,0
DA:48,0
DA:50,0
DA:51,0
DA:54,0
DA:55,0
DA:59,0
DA:61,0
DA:62,0
DA:63,0
DA:64,0
DA:65,0
DA:66,0
DA:67,0
DA:68,0
DA:69,0
DA:70,0
DA:71,0
DA:74,0
DA:75,0
DA:76,0
DA:77,0
DA:78,0
DA:79,0
DA:80,0
DA:81,0
DA:82,0
DA:85,0
DA:86,0
DA:88,0
DA:90,0
DA:94,0
DA:96,0
DA:414,0
LF:47
LH:0
BRDA:4,0,0,0
BRDA:4,1,0,0
BRDA:27,2,0,0
BRDA:27,2,1,0
BRDA:39,3,0,0
BRDA:39,3,1,0
BRDA:50,4,0,0
BRDA:50,4,1,0
BRDA:50,5,0,0
BRDA:50,5,1,0
BRDA:54,6,0,0
BRDA:54,6,1,0
BRDA:54,7,0,0
BRDA:54,7,1,0
BRDA:61,8,0,0
BRDA:61,8,1,0
BRDA:64,9,0,0
BRDA:64,9,1,0
BRDA:88,10,0,0
BRDA:88,10,1,0
BRDA:94,11,0,0
BRDA:94,11,1,0
BRDA:139,12,0,0
BRDA:139,12,1,0
BRDA:142,13,0,0
BRDA:142,13,1,0
BRDA:155,14,0,0
BRDA:155,14,1,0
BRDA:173,15,0,0
BRDA:173,15,1,0
BRDA:249,16,0,0
BRDA:249,16,1,0
BRDA:258,17,0,0
BRDA:258,17,1,0
BRDA:312,18,0,0
BRDA:312,18,1,0
BRDA:490,19,0,0
BRDA:490,19,1,0
BRDA:574,20,0,0
BRDA:574,20,1,0
BRDA:585,21,0,0
BRDA:585,21,1,0
BRDA:590,22,0,0
BRDA:590,22,1,0
BRDA:599,23,0,0
BRDA:599,23,1,0
BRF:46
BRH:0
end_of_record
TN:
SF:src\components\ui\ladingpageButton.jsx
FN:33,(anonymous_0)
FNF:1
FNH:0
FNDA:0,(anonymous_0)
DA:7,0
DA:33,0
DA:34,0
DA:35,0
DA:44,0
LF:5
LH:0
BRDA:33,0,0,0
BRDA:34,1,0,0
BRDA:34,1,1,0
BRF:3
BRH:0
end_of_record
TN:
SF:src\components\ui\ladingpageCard.jsx
FN:5,(anonymous_0)
FN:14,(anonymous_1)
FN:23,(anonymous_2)
FN:32,(anonymous_3)
FN:41,(anonymous_4)
FN:50,(anonymous_5)
FNF:6
FNH:0
FNDA:0,(anonymous_0)
FNDA:0,(anonymous_1)
FNDA:0,(anonymous_2)
FNDA:0,(anonymous_3)
FNDA:0,(anonymous_4)
FNDA:0,(anonymous_5)
DA:5,0
DA:6,0
DA:12,0
DA:14,0
DA:15,0
DA:21,0
DA:23,0
DA:24,0
DA:30,0
DA:32,0
DA:33,0
DA:39,0
DA:41,0
DA:42,0
DA:48,0
DA:50,0
DA:51,0
DA:57,0
LF:18
LH:0
BRF:0
BRH:0
end_of_record
TN:
SF:src\pages\DoctorDashboard.jsx
FN:9,(anonymous_0)
FN:29,(anonymous_1)
FN:33,(anonymous_2)
FN:40,(anonymous_3)
FN:46,(anonymous_4)
FN:73,(anonymous_5)
FN:78,(anonymous_6)
FN:87,(anonymous_7)
FN:102,(anonymous_8)
FN:108,(anonymous_9)
FN:114,(anonymous_10)
FN:119,(anonymous_11)
FN:157,(anonymous_12)
FN:170,(anonymous_13)
FN:180,(anonymous_14)
FN:331,(anonymous_15)
FN:373,(anonymous_16)
FN:421,(anonymous_17)
FN:1060,(anonymous_18)
FN:1168,(anonymous_19)
FN:1228,(anonymous_20)
FN:1246,(anonymous_21)
FN:1249,(anonymous_22)
FN:1256,(anonymous_23)
FN:1257,(anonymous_24)
FN:1332,(anonymous_25)
FN:1336,(anonymous_26)
FN:1370,(anonymous_27)
FN:1374,(anonymous_28)
FN:1408,(anonymous_29)
FN:1412,(anonymous_30)
FN:1446,(anonymous_31)
FN:1450,(anonymous_32)
FN:1500,(anonymous_33)
FN:1514,(anonymous_34)
FN:1529,(anonymous_35)
FN:1544,(anonymous_36)
FN:1575,(anonymous_37)
FN:1579,(anonymous_38)
FN:1580,(anonymous_39)
FN:1581,(anonymous_40)
FN:1599,(anonymous_41)
FN:1623,(anonymous_42)
FN:1689,(anonymous_43)
FN:1699,(anonymous_44)
FN:1703,(anonymous_45)
FN:1738,(anonymous_46)
FN:1756,(anonymous_47)
FN:1757,(anonymous_48)
FN:1763,(anonymous_49)
FN:1781,(anonymous_50)
FN:1782,(anonymous_51)
FN:1788,(anonymous_52)
FN:1806,(anonymous_53)
FN:1807,(anonymous_54)
FN:1846,(anonymous_55)
FN:1873,(anonymous_56)
FN:1969,(anonymous_57)
FN:2057,(anonymous_58)
FN:2121,(anonymous_59)
FNF:60
FNH:35
FNDA:124,(anonymous_0)
FNDA:29,(anonymous_1)
FNDA:2,(anonymous_2)
FNDA:0,(anonymous_3)
FNDA:29,(anonymous_4)
FNDA:1,(anonymous_5)
FNDA:0,(anonymous_6)
FNDA:9,(anonymous_7)
FNDA:1,(anonymous_8)
FNDA:2,(anonymous_9)
FNDA:1,(anonymous_10)
FNDA:2,(anonymous_11)
FNDA:1,(anonymous_12)
FNDA:0,(anonymous_13)
FNDA:0,(anonymous_14)
FNDA:0,(anonymous_15)
FNDA:0,(anonymous_16)
FNDA:0,(anonymous_17)
FNDA:282,(anonymous_18)
FNDA:1,(anonymous_19)
FNDA:0,(anonymous_20)
FNDA:0,(anonymous_21)
FNDA:0,(anonymous_22)
FNDA:0,(anonymous_23)
FNDA:0,(anonymous_24)
FNDA:0,(anonymous_25)
FNDA:0,(anonymous_26)
FNDA:0,(anonymous_27)
FNDA:0,(anonymous_28)
FNDA:0,(anonymous_29)
FNDA:0,(anonymous_30)
FNDA:0,(anonymous_31)
FNDA:0,(anonymous_32)
FNDA:35,(anonymous_33)
FNDA:1,(anonymous_34)
FNDA:2,(anonymous_35)
FNDA:1,(anonymous_36)
FNDA:161,(anonymous_37)
FNDA:9,(anonymous_38)
FNDA:2,(anonymous_39)
FNDA:1,(anonymous_40)
FNDA:1,(anonymous_41)
FNDA:0,(anonymous_42)
FNDA:158,(anonymous_43)
FNDA:12,(anonymous_44)
FNDA:0,(anonymous_45)
FNDA:2,(anonymous_46)
FNDA:2,(anonymous_47)
FNDA:0,(anonymous_48)
FNDA:1,(anonymous_49)
FNDA:1,(anonymous_50)
FNDA:0,(anonymous_51)
FNDA:9,(anonymous_52)
FNDA:9,(anonymous_53)
FNDA:0,(anonymous_54)
FNDA:13,(anonymous_55)
FNDA:3,(anonymous_56)
FNDA:24,(anonymous_57)
FNDA:24,(anonymous_58)
FNDA:1,(anonymous_59)
DA:9,1
DA:10,124
DA:11,124
DA:12,124
DA:13,124
DA:14,124
DA:15,124
DA:16,124
DA:17,124
DA:18,124
DA:19,124
DA:20,124
DA:21,124
DA:22,124
DA:23,124
DA:24,124
DA:25,124
DA:26,124
DA:27,124
DA:29,124
DA:30,29
DA:33,124
DA:34,2
DA:35,2
DA:36,2
DA:37,2
DA:40,124
DA:41,0
DA:42,0
DA:43,0
DA:46,124
DA:47,29
DA:48,29
DA:49,29
DA:50,29
DA:57,28
DA:58,28
DA:59,29
DA:60,29
DA:62,1
DA:63,1
DA:64,1
DA:65,1
DA:66,1
DA:69,29
DA:73,124
DA:74,1
DA:75,1
DA:78,124
DA:79,0
DA:80,0
DA:81,0
DA:83,0
DA:87,124
DA:88,9
DA:89,9
DA:90,9
DA:91,9
DA:92,9
DA:93,9
DA:95,0
DA:96,0
DA:98,9
DA:102,124
DA:103,1
DA:104,1
DA:105,1
DA:108,124
DA:109,2
DA:110,2
DA:111,2
DA:114,124
DA:115,1
DA:116,1
DA:119,124
DA:120,2
DA:122,2
DA:123,2
DA:126,2
DA:127,2
DA:130,2
DA:139,1
DA:140,0
DA:143,1
DA:146,1
DA:149,2
DA:150,2
DA:152,2
DA:157,124
DA:158,1
DA:159,1
DA:161,1
DA:163,1
DA:164,1
DA:165,1
DA:166,1
DA:167,1
DA:170,1
DA:171,0
DA:172,0
DA:173,0
DA:174,0
DA:176,0
DA:180,1
DA:181,0
DA:182,0
DA:184,0
DA:185,0
DA:186,0
DA:188,0
DA:194,1
DA:195,1
DA:198,1
DA:199,1
DA:200,1
DA:201,1
DA:203,1
DA:204,1
DA:205,1
DA:206,1
DA:209,1
DA:210,1
DA:211,1
DA:212,1
DA:213,1
DA:216,1
DA:217,1
DA:218,1
DA:220,1
DA:224,1
DA:225,1
DA:226,1
DA:227,1
DA:229,1
DA:232,1
DA:233,1
DA:234,1
DA:235,1
DA:236,1
DA:238,1
DA:242,1
DA:245,1
DA:246,1
DA:247,1
DA:249,1
DA:252,1
DA:253,1
DA:254,1
DA:255,1
DA:257,1
DA:260,1
DA:261,1
DA:262,1
DA:265,1
DA:266,1
DA:267,1
DA:268,1
DA:270,1
DA:273,1
DA:274,1
DA:275,1
DA:276,1
DA:277,1
DA:278,1
DA:280,1
DA:283,1
DA:284,1
DA:285,1
DA:286,1
DA:287,1
DA:288,1
DA:289,1
DA:291,1
DA:295,1
DA:297,1
DA:298,1
DA:299,1
DA:300,1
DA:302,1
DA:305,1
DA:328,1
DA:329,1
DA:331,1
DA:332,0
DA:333,0
DA:334,0
DA:335,0
DA:338,0
DA:339,0
DA:340,0
DA:343,0
DA:344,0
DA:347,0
DA:348,0
DA:349,0
DA:350,0
DA:353,0
DA:354,0
DA:355,0
DA:356,0
DA:359,1
DA:363,1
DA:364,0
DA:366,0
DA:367,0
DA:368,0
DA:369,0
DA:371,0
DA:373,0
DA:374,0
DA:377,0
DA:378,0
DA:379,0
DA:382,0
DA:383,0
DA:386,0
DA:387,0
DA:388,0
DA:389,0
DA:392,0
DA:393,0
DA:394,0
DA:397,0
DA:398,0
DA:399,0
DA:400,0
DA:401,0
DA:403,0
DA:406,0
DA:411,0
DA:412,0
DA:414,0
DA:415,0
DA:416,0
DA:417,0
DA:419,0
DA:421,0
DA:422,0
DA:423,0
DA:425,0
DA:428,0
DA:429,0
DA:430,0
DA:433,0
DA:434,0
DA:435,0
DA:438,0
DA:439,0
DA:440,0
DA:441,0
DA:442,0
DA:445,0
DA:446,0
DA:447,0
DA:448,0
DA:449,0
DA:453,0
DA:455,0
DA:456,0
DA:457,0
DA:460,0
DA:461,0
DA:462,0
DA:463,0
DA:466,0
DA:467,0
DA:468,0
DA:469,0
DA:470,0
DA:471,0
DA:472,0
DA:475,0
DA:476,0
DA:477,0
DA:478,0
DA:479,0
DA:480,0
DA:482,0
DA:485,0
DA:486,0
DA:487,0
DA:488,0
DA:490,0
DA:491,0
DA:492,0
DA:493,0
DA:494,0
DA:495,0
DA:498,0
DA:504,0
DA:506,0
DA:507,0
DA:509,0
DA:512,0
DA:513,0
DA:514,0
DA:517,0
DA:518,0
DA:519,0
DA:521,0
DA:522,0
DA:524,0
DA:525,0
DA:526,0
DA:536,0
DA:537,0
DA:1060,124
DA:1061,282
DA:1062,282
DA:1066,282
DA:1069,124
DA:1070,38
DA:1095,86
DA:1168,1
DA:1228,0
DA:1247,0
DA:1249,0
DA:1256,0
DA:1257,0
DA:1333,0
DA:1334,0
DA:1337,0
DA:1338,0
DA:1371,0
DA:1372,0
DA:1375,0
DA:1376,0
DA:1409,0
DA:1410,0
DA:1413,0
DA:1414,0
DA:1447,0
DA:1448,0
DA:1451,0
DA:1452,0
DA:1500,35
DA:1514,1
DA:1529,2
DA:1544,1
DA:1576,161
DA:1579,9
DA:1580,2
DA:1581,1
DA:1599,1
DA:1623,0
DA:1689,1
DA:1690,158
DA:1700,12
DA:1701,12
DA:1704,0
DA:1705,0
DA:1739,2
DA:1740,2
DA:1756,2
DA:1757,0
DA:1764,1
DA:1765,1
DA:1781,1
DA:1782,0
DA:1789,9
DA:1790,9
DA:1806,9
DA:1807,0
DA:1846,1
DA:1847,13
DA:1873,3
DA:1970,24
DA:2058,24
DA:2122,1
DA:2123,1
LF:370
LH:201
BRDA:34,0,0,2
BRDA:34,0,1,0
BRDA:58,1,0,28
BRDA:58,1,1,0
BRDA:60,2,0,29
BRDA:60,2,1,0
BRDA:63,3,0,1
BRDA:63,3,1,0
BRDA:64,4,0,1
BRDA:64,4,1,0
BRDA:64,5,0,1
BRDA:64,5,1,0
BRDA:120,6,0,0
BRDA:120,6,1,2
BRDA:139,7,0,0
BRDA:139,7,1,1
BRDA:170,8,0,0
BRDA:171,9,0,0
BRDA:171,9,1,0
BRDA:182,10,0,0
BRDA:182,10,1,0
BRDA:185,11,0,0
BRDA:185,11,1,0
BRDA:308,12,0,1
BRDA:308,12,1,0
BRDA:313,13,0,1
BRDA:313,13,1,0
BRDA:313,14,0,1
BRDA:313,14,1,0
BRDA:318,15,0,0
BRDA:318,15,1,0
BRDA:323,16,0,0
BRDA:323,16,1,0
BRDA:363,17,0,0
BRDA:363,17,1,1
BRDA:363,18,0,1
BRDA:363,18,1,0
BRDA:411,19,0,0
BRDA:411,19,1,0
BRDA:411,20,0,0
BRDA:411,20,1,0
BRDA:422,21,0,0
BRDA:422,21,1,0
BRDA:423,22,0,0
BRDA:423,22,1,0
BRDA:433,23,0,0
BRDA:433,23,1,0
BRDA:445,24,0,0
BRDA:445,24,1,0
BRDA:471,25,0,0
BRDA:471,25,1,0
BRDA:480,26,0,0
BRDA:480,26,1,0
BRDA:485,27,0,0
BRDA:485,27,1,0
BRDA:1062,28,0,282
BRDA:1062,28,1,9
BRDA:1062,28,2,6
BRDA:1062,28,3,5
BRDA:1062,28,4,3
BRDA:1062,28,5,2
BRDA:1066,29,0,282
BRDA:1066,29,1,190
BRDA:1069,30,0,38
BRDA:1069,30,1,86
BRDA:1069,31,0,124
BRDA:1069,31,1,40
BRDA:1204,32,0,86
BRDA:1204,32,1,0
BRDA:1241,33,0,0
BRDA:1241,33,1,0
BRDA:1269,34,0,0
BRDA:1269,34,1,0
BRDA:1283,35,0,124
BRDA:1283,35,1,3
BRDA:1309,36,0,124
BRDA:1309,36,1,1
BRDA:1312,37,0,124
BRDA:1312,37,1,85
BRDA:1313,38,0,124
BRDA:1313,38,1,85
BRDA:1318,39,0,124
BRDA:1318,39,1,85
BRDA:1346,40,0,85
BRDA:1346,40,1,0
BRDA:1346,40,2,0
BRDA:1384,41,0,85
BRDA:1384,41,1,0
BRDA:1384,41,2,0
BRDA:1422,42,0,85
BRDA:1422,42,1,0
BRDA:1422,42,2,0
BRDA:1460,43,0,85
BRDA:1460,43,1,0
BRDA:1460,43,2,0
BRDA:1522,44,0,83
BRDA:1522,44,1,3
BRDA:1523,45,0,83
BRDA:1523,45,1,3
BRDA:1537,46,0,2
BRDA:1537,46,1,84
BRDA:1538,47,0,2
BRDA:1538,47,1,84
BRDA:1552,48,0,1
BRDA:1552,48,1,85
BRDA:1553,49,0,1
BRDA:1553,49,1,85
BRDA:1563,50,0,21
BRDA:1563,50,1,65
BRDA:1579,51,0,9
BRDA:1579,51,1,0
BRDA:1577,52,0,161
BRDA:1577,52,1,0
BRDA:1591,53,0,124
BRDA:1591,53,1,13
BRDA:1591,53,2,13
BRDA:1594,54,0,13
BRDA:1594,54,1,0
BRDA:1604,55,0,124
BRDA:1604,55,1,2
BRDA:1695,56,0,111
BRDA:1695,56,1,47
BRDA:1714,57,0,158
BRDA:1714,57,1,111
BRDA:1727,58,0,64
BRDA:1727,58,1,47
BRDA:1836,59,0,111
BRDA:1836,59,1,47
BRDA:1930,60,0,13
BRDA:1930,60,1,0
BRDA:1938,61,0,13
BRDA:1938,61,1,0
BRDA:1948,62,0,13
BRDA:1948,62,1,0
BRDA:1967,63,0,12
BRDA:1967,63,1,1
BRDA:1967,64,0,13
BRDA:1967,64,1,13
BRDA:2006,65,0,24
BRDA:2006,65,1,0
BRDA:2012,66,0,24
BRDA:2012,66,1,0
BRDA:2016,67,0,24
BRDA:2016,67,1,12
BRDA:1971,68,0,24
BRDA:1971,68,1,0
BRDA:2051,69,0,12
BRDA:2051,69,1,1
BRDA:2051,70,0,13
BRDA:2051,70,1,13
BRDA:2077,71,0,24
BRDA:2077,71,1,12
BRDA:2059,72,0,24
BRDA:2059,72,1,0
BRF:154
BRH:89
end_of_record
TN:
SF:src\pages\Doctorprofile.jsx
FN:13,(anonymous_0)
FN:44,(anonymous_1)
FN:45,(anonymous_2)
FN:52,(anonymous_3)
FN:75,(anonymous_4)
FN:76,(anonymous_5)
FN:90,(anonymous_6)
FN:108,(anonymous_7)
FN:127,(anonymous_8)
FN:141,(anonymous_9)
FN:147,(anonymous_10)
FN:254,(anonymous_11)
FN:282,(anonymous_12)
FN:286,(anonymous_13)
FN:297,(anonymous_14)
FN:315,(anonymous_15)
FN:317,(anonymous_16)
FN:323,(anonymous_17)
FN:325,(anonymous_18)
FN:331,(anonymous_19)
FN:339,(anonymous_20)
FN:341,(anonymous_21)
FN:344,(anonymous_22)
FN:346,(anonymous_23)
FN:354,(anonymous_24)
FN:355,(anonymous_25)
FN:357,(anonymous_26)
FN:361,(anonymous_27)
FN:380,(anonymous_28)
FN:421,(anonymous_29)
FN:432,(anonymous_30)
FN:467,(anonymous_31)
FN:478,(anonymous_32)
FN:482,(anonymous_33)
FN:646,(anonymous_34)
FN:653,(anonymous_35)
FN:715,(anonymous_36)
FN:730,(anonymous_37)
FN:731,(anonymous_38)
FN:739,(anonymous_39)
FN:740,(anonymous_40)
FN:781,(anonymous_41)
FN:791,(anonymous_42)
FN:801,(anonymous_43)
FNF:44
FNH:24
FNDA:33,(anonymous_0)
FNDA:0,(anonymous_1)
FNDA:0,(anonymous_2)
FNDA:9,(anonymous_3)
FNDA:0,(anonymous_4)
FNDA:0,(anonymous_5)
FNDA:28,(anonymous_6)
FNDA:14,(anonymous_7)
FNDA:2,(anonymous_8)
FNDA:10,(anonymous_9)
FNDA:1,(anonymous_10)
FNDA:20,(anonymous_11)
FNDA:6,(anonymous_12)
FNDA:6,(anonymous_13)
FNDA:4,(anonymous_14)
FNDA:1,(anonymous_15)
FNDA:1,(anonymous_16)
FNDA:0,(anonymous_17)
FNDA:0,(anonymous_18)
FNDA:0,(anonymous_19)
FNDA:0,(anonymous_20)
FNDA:0,(anonymous_21)
FNDA:1,(anonymous_22)
FNDA:1,(anonymous_23)
FNDA:1,(anonymous_24)
FNDA:1,(anonymous_25)
FNDA:2,(anonymous_26)
FNDA:1,(anonymous_27)
FNDA:1,(anonymous_28)
FNDA:0,(anonymous_29)
FNDA:1,(anonymous_30)
FNDA:0,(anonymous_31)
FNDA:0,(anonymous_32)
FNDA:0,(anonymous_33)
FNDA:0,(anonymous_34)
FNDA:2,(anonymous_35)
FNDA:10,(anonymous_36)
FNDA:1,(anonymous_37)
FNDA:0,(anonymous_38)
FNDA:0,(anonymous_39)
FNDA:0,(anonymous_40)
FNDA:0,(anonymous_41)
FNDA:0,(anonymous_42)
FNDA:0,(anonymous_43)
DA:13,1
DA:24,33
DA:25,33
DA:27,33
DA:44,0
DA:45,0
DA:52,1
DA:61,9
DA:75,0
DA:76,0
DA:90,1
DA:91,28
DA:108,1
DA:109,14
DA:127,1
DA:128,2
DA:129,2
DA:141,1
DA:142,10
DA:147,1
DA:158,1
DA:254,1
DA:255,20
DA:256,20
DA:257,20
DA:258,20
DA:259,20
DA:260,20
DA:261,20
DA:262,20
DA:263,20
DA:265,20
DA:272,20
DA:274,20
DA:280,20
DA:282,20
DA:283,6
DA:286,20
DA:287,6
DA:288,6
DA:289,6
DA:290,6
DA:291,6
DA:293,6
DA:297,4
DA:300,6
DA:301,6
DA:303,0
DA:304,0
DA:306,0
DA:307,0
DA:308,0
DA:311,6
DA:315,20
DA:316,1
DA:317,1
DA:323,20
DA:324,0
DA:325,0
DA:331,20
DA:332,0
DA:333,0
DA:339,20
DA:340,0
DA:341,0
DA:344,20
DA:345,1
DA:346,1
DA:350,1
DA:354,20
DA:355,1
DA:357,2
DA:361,20
DA:362,1
DA:363,1
DA:364,1
DA:367,0
DA:368,0
DA:369,0
DA:372,0
DA:373,0
DA:374,0
DA:377,0
DA:380,20
DA:381,1
DA:383,1
DA:384,1
DA:387,0
DA:388,0
DA:389,0
DA:391,0
DA:393,0
DA:396,0
DA:398,0
DA:399,0
DA:401,0
DA:402,0
DA:404,0
DA:405,0
DA:407,0
DA:408,0
DA:411,0
DA:412,0
DA:413,0
DA:414,0
DA:417,0
DA:418,0
DA:419,0
DA:421,0
DA:422,0
DA:425,0
DA:426,0
DA:428,0
DA:432,20
DA:433,1
DA:435,1
DA:436,1
DA:437,1
DA:440,0
DA:441,0
DA:442,0
DA:445,0
DA:446,0
DA:447,0
DA:450,0
DA:451,0
DA:452,0
DA:454,0
DA:455,0
DA:460,0
DA:461,0
DA:467,0
DA:468,0
DA:471,0
DA:472,0
DA:474,0
DA:478,20
DA:479,0
DA:482,20
DA:483,0
DA:484,0
DA:487,20
DA:488,6
DA:513,14
DA:646,0
DA:653,2
DA:716,10
DA:730,1
DA:732,0
DA:733,0
DA:734,0
DA:739,0
DA:740,0
DA:781,0
DA:791,0
DA:801,0
LF:156
LH:78
BRDA:19,0,0,33
BRDA:25,1,0,11
BRDA:25,1,1,22
BRDA:34,2,0,11
BRDA:34,2,1,22
BRDA:42,3,0,33
BRDA:42,3,1,11
BRDA:69,4,0,0
BRDA:69,4,1,9
BRDA:83,5,0,0
BRDA:83,5,1,9
BRDA:96,6,0,14
BRDA:96,6,1,14
BRDA:99,7,0,14
BRDA:99,7,1,14
BRDA:115,8,0,0
BRDA:115,8,1,14
BRDA:118,9,0,0
BRDA:118,9,1,14
BRDA:132,10,0,2
BRDA:132,10,1,0
BRDA:133,11,0,2
BRDA:133,11,1,0
BRDA:135,12,0,2
BRDA:135,12,1,0
BRDA:294,13,0,6
BRDA:294,13,1,3
BRDA:295,14,0,6
BRDA:295,14,1,3
BRDA:296,15,0,6
BRDA:296,15,1,5
BRDA:297,16,0,3
BRDA:297,16,1,3
BRDA:306,17,0,0
BRDA:306,17,1,0
BRDA:306,18,0,0
BRDA:306,18,1,0
BRDA:345,19,0,1
BRDA:345,19,1,0
BRDA:362,20,0,1
BRDA:362,20,1,0
BRDA:362,21,0,1
BRDA:362,21,1,1
BRDA:367,22,0,0
BRDA:367,22,1,0
BRDA:367,23,0,0
BRDA:367,23,1,0
BRDA:372,24,0,0
BRDA:372,24,1,0
BRDA:383,25,0,1
BRDA:383,25,1,0
BRDA:398,26,0,0
BRDA:398,26,1,0
BRDA:401,27,0,0
BRDA:401,27,1,0
BRDA:404,28,0,0
BRDA:404,28,1,0
BRDA:407,29,0,0
BRDA:407,29,1,0
BRDA:411,30,0,0
BRDA:411,30,1,0
BRDA:426,31,0,0
BRDA:426,31,1,0
BRDA:435,32,0,1
BRDA:435,32,1,0
BRDA:435,33,0,1
BRDA:435,33,1,0
BRDA:435,33,2,0
BRDA:440,34,0,0
BRDA:440,34,1,0
BRDA:445,35,0,0
BRDA:445,35,1,0
BRDA:472,36,0,0
BRDA:472,36,1,0
BRDA:487,37,0,6
BRDA:487,37,1,14
BRDA:631,38,0,14
BRDA:631,38,1,2
BRDA:632,39,0,20
BRDA:632,39,1,0
BRDA:667,40,0,11
BRDA:667,40,1,3
BRDA:732,41,0,0
BRDA:732,41,1,0
BRDA:766,42,0,0
BRDA:766,42,1,11
BRDA:822,43,0,0
BRDA:822,43,1,3
BRF:88
BRH:42
end_of_record
TN:
SF:src\pages\Login.jsx
FN:6,(anonymous_0)
FN:14,(anonymous_1)
FN:55,(anonymous_2)
FN:149,(anonymous_3)
FN:167,(anonymous_4)
FN:175,(anonymous_5)
FNF:6
FNH:5
FNDA:26,(anonymous_0)
FNDA:5,(anonymous_1)
FNDA:0,(anonymous_2)
FNDA:4,(anonymous_3)
FNDA:4,(anonymous_4)
FNDA:2,(anonymous_5)
DA:6,1
DA:7,26
DA:8,26
DA:9,26
DA:10,26
DA:11,26
DA:12,26
DA:14,26
DA:15,5
DA:16,1
DA:17,1
DA:20,4
DA:21,4
DA:23,4
DA:24,4
DA:25,3
DA:28,3
DA:29,3
DA:30,3
DA:33,3
DA:34,3
DA:35,3
DA:37,3
DA:40,3
DA:41,1
DA:42,2
DA:43,1
DA:44,1
DA:45,1
DA:48,1
DA:49,1
DA:51,4
DA:55,26
DA:56,0
DA:57,0
DA:61,26
DA:149,4
DA:167,4
DA:175,2
LF:39
LH:37
BRDA:15,0,0,1
BRDA:15,0,1,4
BRDA:15,1,0,5
BRDA:15,1,1,4
BRDA:40,2,0,1
BRDA:40,2,1,2
BRDA:42,3,0,1
BRDA:42,3,1,1
BRDA:44,4,0,1
BRDA:44,4,1,0
BRDA:49,5,0,1
BRDA:49,5,1,0
BRDA:56,6,0,0
BRDA:56,6,1,0
BRDA:126,7,0,26
BRDA:126,7,1,2
BRDA:165,8,0,1
BRDA:165,8,1,25
BRDA:179,9,0,1
BRDA:179,9,1,25
BRDA:208,10,0,4
BRDA:208,10,1,22
BRF:22
BRH:18
end_of_record
TN:
SF:src\pages\PatientDetailPage.jsx
FN:15,(anonymous_0)
FN:26,(anonymous_1)
FN:30,(anonymous_2)
FN:55,(anonymous_3)
FN:120,(anonymous_4)
FN:156,(anonymous_5)
FN:196,(anonymous_6)
FN:334,(anonymous_7)
FN:382,(anonymous_8)
FN:504,(anonymous_9)
FN:514,(anonymous_10)
FN:533,(anonymous_11)
FN:558,(anonymous_12)
FN:575,(anonymous_13)
FNF:14
FNH:0
FNDA:0,(anonymous_0)
FNDA:0,(anonymous_1)
FNDA:0,(anonymous_2)
FNDA:0,(anonymous_3)
FNDA:0,(anonymous_4)
FNDA:0,(anonymous_5)
FNDA:0,(anonymous_6)
FNDA:0,(anonymous_7)
FNDA:0,(anonymous_8)
FNDA:0,(anonymous_9)
FNDA:0,(anonymous_10)
FNDA:0,(anonymous_11)
FNDA:0,(anonymous_12)
FNDA:0,(anonymous_13)
DA:15,0
DA:16,0
DA:17,0
DA:19,0
DA:20,0
DA:21,0
DA:22,0
DA:23,0
DA:24,0
DA:26,0
DA:27,0
DA:30,0
DA:31,0
DA:32,0
DA:33,0
DA:34,0
DA:39,0
DA:40,0
DA:42,0
DA:43,0
DA:46,0
DA:47,0
DA:48,0
DA:51,0
DA:55,0
DA:56,0
DA:57,0
DA:58,0
DA:61,0
DA:62,0
DA:63,0
DA:64,0
DA:65,0
DA:67,0
DA:71,0
DA:72,0
DA:97,0
DA:98,0
DA:120,0
DA:139,0
DA:156,0
DA:196,0
DA:335,0
DA:383,0
DA:504,0
DA:514,0
DA:533,0
DA:558,0
DA:575,0
LF:49
LH:0
BRDA:40,0,0,0
BRDA:40,0,1,0
BRDA:43,1,0,0
BRDA:43,1,1,0
BRDA:46,2,0,0
BRDA:46,2,1,0
BRDA:46,3,0,0
BRDA:46,3,1,0
BRDA:56,4,0,0
BRDA:56,4,1,0
BRDA:56,5,0,0
BRDA:56,5,1,0
BRDA:67,6,0,0
BRDA:67,6,1,0
BRDA:71,7,0,0
BRDA:71,7,1,0
BRDA:97,8,0,0
BRDA:97,8,1,0
BRDA:218,9,0,0
BRDA:218,9,1,0
BRDA:247,10,0,0
BRDA:247,10,1,0
BRDA:273,11,0,0
BRDA:273,11,1,0
BRDA:301,12,0,0
BRDA:301,12,1,0
BRDA:310,13,0,0
BRDA:310,13,1,0
BRDA:310,13,2,0
BRDA:350,14,0,0
BRDA:350,14,1,0
BRDA:380,15,0,0
BRDA:380,15,1,0
BRDA:407,16,0,0
BRDA:407,16,1,0
BRDA:407,17,0,0
BRDA:407,17,1,0
BRDA:432,18,0,0
BRDA:432,18,1,0
BRDA:432,19,0,0
BRDA:432,19,1,0
BRDA:440,20,0,0
BRDA:440,20,1,0
BRDA:448,21,0,0
BRDA:448,21,1,0
BRDA:453,22,0,0
BRDA:453,22,1,0
BRDA:466,23,0,0
BRDA:466,23,1,0
BRDA:490,24,0,0
BRDA:490,24,1,0
BRF:51
BRH:0
end_of_record
TN:
SF:src\pages\PatientHistory.jsx
FN:12,(anonymous_0)
FN:25,(anonymous_1)
FN:29,(anonymous_2)
FN:47,(anonymous_3)
FN:51,(anonymous_4)
FN:64,(anonymous_5)
FN:68,(anonymous_6)
FN:72,(anonymous_7)
FN:84,(anonymous_8)
FN:116,(anonymous_9)
FN:127,(anonymous_10)
FN:138,(anonymous_11)
FN:142,(anonymous_12)
FN:147,(anonymous_13)
FN:150,(anonymous_14)
FN:209,(anonymous_15)
FN:212,(anonymous_16)
FN:377,(anonymous_17)
FN:430,(anonymous_18)
FN:436,(anonymous_19)
FN:471,(anonymous_20)
FN:480,(anonymous_21)
FN:484,(anonymous_22)
FN:518,(anonymous_23)
FN:543,(anonymous_24)
FN:586,(anonymous_25)
FN:592,(anonymous_26)
FN:595,(anonymous_27)
FN:637,(anonymous_28)
FN:655,(anonymous_29)
FN:665,(anonymous_30)
FN:687,(anonymous_31)
FN:695,(anonymous_32)
FN:699,(anonymous_33)
FN:750,(anonymous_34)
FN:838,(anonymous_35)
FNF:36
FNH:0
FNDA:0,(anonymous_0)
FNDA:0,(anonymous_1)
FNDA:0,(anonymous_2)
FNDA:0,(anonymous_3)
FNDA:0,(anonymous_4)
FNDA:0,(anonymous_5)
FNDA:0,(anonymous_6)
FNDA:0,(anonymous_7)
FNDA:0,(anonymous_8)
FNDA:0,(anonymous_9)
FNDA:0,(anonymous_10)
FNDA:0,(anonymous_11)
FNDA:0,(anonymous_12)
FNDA:0,(anonymous_13)
FNDA:0,(anonymous_14)
FNDA:0,(anonymous_15)
FNDA:0,(anonymous_16)
FNDA:0,(anonymous_17)
FNDA:0,(anonymous_18)
FNDA:0,(anonymous_19)
FNDA:0,(anonymous_20)
FNDA:0,(anonymous_21)
FNDA:0,(anonymous_22)
FNDA:0,(anonymous_23)
FNDA:0,(anonymous_24)
FNDA:0,(anonymous_25)
FNDA:0,(anonymous_26)
FNDA:0,(anonymous_27)
FNDA:0,(anonymous_28)
FNDA:0,(anonymous_29)
FNDA:0,(anonymous_30)
FNDA:0,(anonymous_31)
FNDA:0,(anonymous_32)
FNDA:0,(anonymous_33)
FNDA:0,(anonymous_34)
FNDA:0,(anonymous_35)
DA:12,0
DA:13,0
DA:14,0
DA:15,0
DA:16,0
DA:17,0
DA:19,0
DA:25,0
DA:26,0
DA:29,0
DA:30,0
DA:31,0
DA:32,0
DA:34,0
DA:35,0
DA:36,0
DA:39,0
DA:46,0
DA:48,0
DA:49,0
DA:51,0
DA:64,0
DA:67,0
DA:69,0
DA:70,0
DA:72,0
DA:84,0
DA:87,0
DA:97,0
DA:103,0
DA:104,0
DA:107,0
DA:108,0
DA:109,0
DA:112,0
DA:116,0
DA:118,0
DA:119,0
DA:121,0
DA:122,0
DA:124,0
DA:127,0
DA:129,0
DA:135,0
DA:138,0
DA:139,0
DA:142,0
DA:143,0
DA:144,0
DA:147,0
DA:148,0
DA:150,0
DA:152,0
DA:160,0
DA:161,0
DA:162,0
DA:163,0
DA:164,0
DA:165,0
DA:166,0
DA:169,0
DA:210,0
DA:213,0
DA:377,0
DA:430,0
DA:436,0
DA:471,0
DA:472,0
DA:481,0
DA:482,0
DA:485,0
DA:486,0
DA:518,0
DA:519,0
DA:543,0
DA:544,0
DA:545,0
DA:561,0
DA:587,0
DA:593,0
DA:596,0
DA:637,0
DA:638,0
DA:639,0
DA:655,0
DA:656,0
DA:662,0
DA:665,0
DA:666,0
DA:672,0
DA:675,0
DA:688,0
DA:696,0
DA:697,0
DA:700,0
DA:701,0
DA:751,0
DA:838,0
DA:839,0
DA:865,0
DA:875,0
LF:101
LH:0
BRDA:57,0,0,0
BRDA:57,0,1,0
BRDA:58,1,0,0
BRDA:58,1,1,0
BRDA:59,2,0,0
BRDA:59,2,1,0
BRDA:60,3,0,0
BRDA:60,3,1,0
BRDA:81,4,0,0
BRDA:81,4,1,0
BRDA:88,5,0,0
BRDA:88,5,1,0
BRDA:89,6,0,0
BRDA:89,6,1,0
BRDA:89,7,0,0
BRDA:89,7,1,0
BRDA:92,8,0,0
BRDA:92,8,1,0
BRDA:93,9,0,0
BRDA:93,9,1,0
BRDA:94,10,0,0
BRDA:94,10,1,0
BRDA:107,11,0,0
BRDA:107,11,1,0
BRDA:107,12,0,0
BRDA:107,12,1,0
BRDA:121,13,0,0
BRDA:121,13,1,0
BRDA:121,14,0,0
BRDA:121,14,1,0
BRDA:121,14,2,0
BRDA:121,14,3,0
BRDA:135,15,0,0
BRDA:135,15,1,0
BRDA:306,16,0,0
BRDA:306,16,1,0
BRDA:323,17,0,0
BRDA:323,17,1,0
BRDA:449,18,0,0
BRDA:449,18,1,0
BRDA:453,19,0,0
BRDA:453,19,1,0
BRDA:456,20,0,0
BRDA:456,20,1,0
BRDA:509,21,0,0
BRDA:509,21,1,0
BRDA:524,22,0,0
BRDA:524,22,1,0
BRDA:525,23,0,0
BRDA:525,23,1,0
BRDA:544,24,0,0
BRDA:544,24,1,0
BRDA:589,25,0,0
BRDA:589,25,1,0
BRDA:596,26,0,0
BRDA:596,26,1,0
BRDA:618,27,0,0
BRDA:618,27,1,0
BRDA:619,28,0,0
BRDA:619,28,1,0
BRDA:624,29,0,0
BRDA:624,29,1,0
BRDA:625,30,0,0
BRDA:625,30,1,0
BRDA:638,31,0,0
BRDA:638,31,1,0
BRDA:662,32,0,0
BRDA:662,32,1,0
BRDA:672,33,0,0
BRDA:672,33,1,0
BRDA:711,34,0,0
BRDA:711,34,1,0
BRDA:754,35,0,0
BRDA:754,35,1,0
BRF:74
BRH:0
end_of_record
TN:
SF:src\pages\Patientprofile.jsx
FN:14,(anonymous_0)
FN:45,(anonymous_1)
FN:46,(anonymous_2)
FN:53,(anonymous_3)
FN:76,(anonymous_4)
FN:77,(anonymous_5)
FN:91,(anonymous_6)
FN:109,(anonymous_7)
FN:128,(anonymous_8)
FN:222,(anonymous_9)
FN:249,(anonymous_10)
FN:253,(anonymous_11)
FN:283,(anonymous_12)
FN:285,(anonymous_13)
FN:291,(anonymous_14)
FN:293,(anonymous_15)
FN:299,(anonymous_16)
FN:308,(anonymous_17)
FN:316,(anonymous_18)
FN:318,(anonymous_19)
FN:321,(anonymous_20)
FN:323,(anonymous_21)
FN:326,(anonymous_22)
FN:350,(anonymous_23)
FN:363,(anonymous_24)
FN:379,(anonymous_25)
FN:390,(anonymous_26)
FN:425,(anonymous_27)
FN:436,(anonymous_28)
FN:440,(anonymous_29)
FN:604,(anonymous_30)
FN:611,(anonymous_31)
FN:709,(anonymous_32)
FN:719,(anonymous_33)
FN:729,(anonymous_34)
FNF:35
FNH:20
FNDA:85,(anonymous_0)
FNDA:0,(anonymous_1)
FNDA:0,(anonymous_2)
FNDA:42,(anonymous_3)
FNDA:0,(anonymous_4)
FNDA:0,(anonymous_5)
FNDA:62,(anonymous_6)
FNDA:31,(anonymous_7)
FNDA:7,(anonymous_8)
FNDA:41,(anonymous_9)
FNDA:10,(anonymous_10)
FNDA:10,(anonymous_11)
FNDA:2,(anonymous_12)
FNDA:2,(anonymous_13)
FNDA:6,(anonymous_14)
FNDA:6,(anonymous_15)
FNDA:1,(anonymous_16)
FNDA:0,(anonymous_17)
FNDA:1,(anonymous_18)
FNDA:1,(anonymous_19)
FNDA:0,(anonymous_20)
FNDA:0,(anonymous_21)
FNDA:3,(anonymous_22)
FNDA:3,(anonymous_23)
FNDA:10,(anonymous_24)
FNDA:0,(anonymous_25)
FNDA:3,(anonymous_26)
FNDA:0,(anonymous_27)
FNDA:0,(anonymous_28)
FNDA:0,(anonymous_29)
FNDA:0,(anonymous_30)
FNDA:4,(anonymous_31)
FNDA:0,(anonymous_32)
FNDA:0,(anonymous_33)
FNDA:0,(anonymous_34)
DA:14,1
DA:25,85
DA:26,85
DA:28,85
DA:45,0
DA:46,0
DA:53,1
DA:62,42
DA:76,0
DA:77,0
DA:91,1
DA:92,62
DA:109,1
DA:110,31
DA:128,1
DA:129,7
DA:130,7
DA:144,1
DA:222,1
DA:223,41
DA:224,41
DA:225,41
DA:226,41
DA:227,41
DA:228,41
DA:229,41
DA:230,41
DA:231,41
DA:233,41
DA:241,41
DA:247,41
DA:249,41
DA:250,10
DA:253,41
DA:254,10
DA:255,10
DA:256,10
DA:257,10
DA:258,8
DA:260,8
DA:268,10
DA:269,10
DA:271,1
DA:272,1
DA:274,1
DA:275,0
DA:276,0
DA:279,9
DA:283,41
DA:284,2
DA:285,2
DA:291,41
DA:292,6
DA:293,6
DA:299,41
DA:300,1
DA:301,1
DA:308,41
DA:309,0
DA:310,0
DA:316,41
DA:317,1
DA:318,1
DA:321,41
DA:322,0
DA:323,0
DA:326,41
DA:327,3
DA:328,1
DA:329,1
DA:332,2
DA:333,0
DA:334,0
DA:337,2
DA:338,0
DA:339,0
DA:342,2
DA:343,0
DA:344,0
DA:347,2
DA:350,41
DA:351,3
DA:353,3
DA:354,1
DA:357,2
DA:358,2
DA:359,2
DA:361,2
DA:362,2
DA:363,2
DA:364,10
DA:365,2
DA:369,2
DA:370,0
DA:371,0
DA:372,0
DA:375,2
DA:376,1
DA:377,1
DA:379,1
DA:380,0
DA:383,1
DA:384,1
DA:386,2
DA:390,41
DA:391,3
DA:393,3
DA:394,1
DA:395,1
DA:398,2
DA:399,0
DA:400,0
DA:403,2
DA:404,1
DA:405,1
DA:408,1
DA:409,1
DA:410,1
DA:412,1
DA:413,1
DA:418,1
DA:419,1
DA:425,1
DA:426,0
DA:429,0
DA:430,0
DA:432,1
DA:436,41
DA:437,0
DA:440,41
DA:441,0
DA:442,0
DA:445,41
DA:446,10
DA:471,31
DA:604,0
DA:611,4
DA:709,0
DA:719,0
DA:729,0
LF:140
LH:108
BRDA:20,0,0,85
BRDA:26,1,0,17
BRDA:26,1,1,68
BRDA:35,2,0,17
BRDA:35,2,1,68
BRDA:43,3,0,85
BRDA:43,3,1,17
BRDA:70,4,0,0
BRDA:70,4,1,42
BRDA:84,5,0,0
BRDA:84,5,1,42
BRDA:97,6,0,31
BRDA:97,6,1,31
BRDA:100,7,0,31
BRDA:100,7,1,31
BRDA:116,8,0,3
BRDA:116,8,1,28
BRDA:119,9,0,3
BRDA:119,9,1,28
BRDA:133,10,0,5
BRDA:133,10,1,2
BRDA:134,11,0,5
BRDA:134,11,1,2
BRDA:136,12,0,5
BRDA:136,12,1,2
BRDA:261,13,0,8
BRDA:261,13,1,6
BRDA:262,14,0,10
BRDA:262,14,1,6
BRDA:263,15,0,10
BRDA:263,15,1,5
BRDA:264,16,0,10
BRDA:264,16,1,6
BRDA:265,17,0,10
BRDA:265,17,1,6
BRDA:274,18,0,0
BRDA:274,18,1,1
BRDA:274,19,0,1
BRDA:274,19,1,1
BRDA:327,20,0,1
BRDA:327,20,1,2
BRDA:327,21,0,3
BRDA:327,21,1,2
BRDA:332,22,0,0
BRDA:332,22,1,2
BRDA:332,23,0,2
BRDA:332,23,1,1
BRDA:337,24,0,0
BRDA:337,24,1,2
BRDA:337,25,0,2
BRDA:337,25,1,1
BRDA:337,25,2,1
BRDA:342,26,0,0
BRDA:342,26,1,2
BRDA:342,27,0,2
BRDA:342,27,1,1
BRDA:342,27,2,1
BRDA:353,28,0,1
BRDA:353,28,1,2
BRDA:364,29,0,2
BRDA:364,29,1,8
BRDA:369,30,0,0
BRDA:369,30,1,2
BRDA:384,31,0,1
BRDA:384,31,1,0
BRDA:393,32,0,1
BRDA:393,32,1,2
BRDA:393,33,0,3
BRDA:393,33,1,2
BRDA:393,33,2,2
BRDA:398,34,0,0
BRDA:398,34,1,2
BRDA:403,35,0,1
BRDA:403,35,1,1
BRDA:430,36,0,0
BRDA:430,36,1,0
BRDA:445,37,0,10
BRDA:445,37,1,31
BRDA:589,38,0,31
BRDA:589,38,1,5
BRDA:590,39,0,41
BRDA:590,39,1,2
BRDA:625,40,0,17
BRDA:625,40,1,14
BRDA:694,41,0,2
BRDA:694,41,1,15
BRDA:750,42,0,1
BRDA:750,42,1,13
BRF:88
BRH:77
end_of_record
TN:
SF:src\pages\UserProfile.jsx
FN:13,(anonymous_0)
FN:44,(anonymous_1)
FN:45,(anonymous_2)
FN:52,(anonymous_3)
FN:75,(anonymous_4)
FN:76,(anonymous_5)
FN:90,(anonymous_6)
FN:108,(anonymous_7)
FN:127,(anonymous_8)
FN:222,(anonymous_9)
FN:255,(anonymous_10)
FN:259,(anonymous_11)
FN:310,(anonymous_12)
FN:312,(anonymous_13)
FN:318,(anonymous_14)
FN:320,(anonymous_15)
FN:326,(anonymous_16)
FN:335,(anonymous_17)
FN:343,(anonymous_18)
FN:345,(anonymous_19)
FN:348,(anonymous_20)
FN:350,(anonymous_21)
FN:353,(anonymous_22)
FN:379,(anonymous_23)
FN:392,(anonymous_24)
FN:408,(anonymous_25)
FN:419,(anonymous_26)
FN:454,(anonymous_27)
FN:465,(anonymous_28)
FN:475,(anonymous_29)
FN:480,(anonymous_30)
FN:486,(anonymous_31)
FN:653,(anonymous_32)
FN:660,(anonymous_33)
FN:812,(anonymous_34)
FN:822,(anonymous_35)
FN:832,(anonymous_36)
FNF:37
FNH:0
FNDA:0,(anonymous_0)
FNDA:0,(anonymous_1)
FNDA:0,(anonymous_2)
FNDA:0,(anonymous_3)
FNDA:0,(anonymous_4)
FNDA:0,(anonymous_5)
FNDA:0,(anonymous_6)
FNDA:0,(anonymous_7)
FNDA:0,(anonymous_8)
FNDA:0,(anonymous_9)
FNDA:0,(anonymous_10)
FNDA:0,(anonymous_11)
FNDA:0,(anonymous_12)
FNDA:0,(anonymous_13)
FNDA:0,(anonymous_14)
FNDA:0,(anonymous_15)
FNDA:0,(anonymous_16)
FNDA:0,(anonymous_17)
FNDA:0,(anonymous_18)
FNDA:0,(anonymous_19)
FNDA:0,(anonymous_20)
FNDA:0,(anonymous_21)
FNDA:0,(anonymous_22)
FNDA:0,(anonymous_23)
FNDA:0,(anonymous_24)
FNDA:0,(anonymous_25)
FNDA:0,(anonymous_26)
FNDA:0,(anonymous_27)
FNDA:0,(anonymous_28)
FNDA:0,(anonymous_29)
FNDA:0,(anonymous_30)
FNDA:0,(anonymous_31)
FNDA:0,(anonymous_32)
FNDA:0,(anonymous_33)
FNDA:0,(anonymous_34)
FNDA:0,(anonymous_35)
FNDA:0,(anonymous_36)
DA:13,0
DA:24,0
DA:25,0
DA:27,0
DA:44,0
DA:45,0
DA:52,0
DA:61,0
DA:75,0
DA:76,0
DA:90,0
DA:91,0
DA:108,0
DA:109,0
DA:127,0
DA:128,0
DA:129,0
DA:144,0
DA:222,0
DA:223,0
DA:224,0
DA:225,0
DA:226,0
DA:227,0
DA:228,0
DA:229,0
DA:230,0
DA:231,0
DA:232,0
DA:234,0
DA:247,0
DA:253,0
DA:255,0
DA:256,0
DA:259,0
DA:260,0
DA:261,0
DA:262,0
DA:263,0
DA:264,0
DA:266,0
DA:268,0
DA:269,0
DA:270,0
DA:273,0
DA:278,0
DA:279,0
DA:281,0
DA:295,0
DA:296,0
DA:298,0
DA:299,0
DA:301,0
DA:302,0
DA:303,0
DA:306,0
DA:310,0
DA:311,0
DA:312,0
DA:318,0
DA:319,0
DA:320,0
DA:326,0
DA:327,0
DA:328,0
DA:335,0
DA:336,0
DA:337,0
DA:343,0
DA:344,0
DA:345,0
DA:348,0
DA:349,0
DA:350,0
DA:353,0
DA:354,0
DA:355,0
DA:356,0
DA:359,0
DA:360,0
DA:361,0
DA:364,0
DA:365,0
DA:366,0
DA:367,0
DA:370,0
DA:371,0
DA:372,0
DA:376,0
DA:379,0
DA:380,0
DA:382,0
DA:383,0
DA:386,0
DA:387,0
DA:388,0
DA:390,0
DA:391,0
DA:392,0
DA:393,0
DA:394,0
DA:398,0
DA:399,0
DA:400,0
DA:401,0
DA:404,0
DA:405,0
DA:406,0
DA:408,0
DA:409,0
DA:412,0
DA:413,0
DA:415,0
DA:419,0
DA:420,0
DA:422,0
DA:423,0
DA:424,0
DA:427,0
DA:428,0
DA:429,0
DA:432,0
DA:433,0
DA:434,0
DA:437,0
DA:438,0
DA:439,0
DA:441,0
DA:442,0
DA:447,0
DA:448,0
DA:454,0
DA:455,0
DA:458,0
DA:459,0
DA:461,0
DA:465,0
DA:466,0
DA:467,0
DA:468,0
DA:469,0
DA:471,0
DA:475,0
DA:476,0
DA:477,0
DA:480,0
DA:481,0
DA:482,0
DA:483,0
DA:486,0
DA:487,0
DA:488,0
DA:489,0
DA:492,0
DA:493,0
DA:518,0
DA:520,0
DA:653,0
DA:660,0
DA:812,0
DA:822,0
DA:832,0
LF:162
LH:0
BRDA:19,0,0,0
BRDA:25,1,0,0
BRDA:25,1,1,0
BRDA:34,2,0,0
BRDA:34,2,1,0
BRDA:42,3,0,0
BRDA:42,3,1,0
BRDA:69,4,0,0
BRDA:69,4,1,0
BRDA:83,5,0,0
BRDA:83,5,1,0
BRDA:96,6,0,0
BRDA:96,6,1,0
BRDA:99,7,0,0
BRDA:99,7,1,0
BRDA:115,8,0,0
BRDA:115,8,1,0
BRDA:118,9,0,0
BRDA:118,9,1,0
BRDA:132,10,0,0
BRDA:132,10,1,0
BRDA:133,11,0,0
BRDA:133,11,1,0
BRDA:134,12,0,0
BRDA:134,12,1,0
BRDA:136,13,0,0
BRDA:136,13,1,0
BRDA:266,14,0,0
BRDA:266,14,1,0
BRDA:266,14,2,0
BRDA:266,14,3,0
BRDA:268,15,0,0
BRDA:268,15,1,0
BRDA:273,16,0,0
BRDA:273,16,1,0
BRDA:273,16,2,0
BRDA:273,16,3,0
BRDA:282,17,0,0
BRDA:282,17,1,0
BRDA:283,18,0,0
BRDA:283,18,1,0
BRDA:284,19,0,0
BRDA:284,19,1,0
BRDA:285,20,0,0
BRDA:285,20,1,0
BRDA:286,21,0,0
BRDA:286,21,1,0
BRDA:287,22,0,0
BRDA:287,22,1,0
BRDA:289,23,0,0
BRDA:289,23,1,0
BRDA:290,24,0,0
BRDA:290,24,1,0
BRDA:291,25,0,0
BRDA:291,25,1,0
BRDA:291,25,2,0
BRDA:292,26,0,0
BRDA:292,26,1,0
BRDA:299,27,0,0
BRDA:299,27,1,0
BRDA:299,27,2,0
BRDA:301,28,0,0
BRDA:301,28,1,0
BRDA:301,29,0,0
BRDA:301,29,1,0
BRDA:301,29,2,0
BRDA:354,30,0,0
BRDA:354,30,1,0
BRDA:354,31,0,0
BRDA:354,31,1,0
BRDA:359,32,0,0
BRDA:359,32,1,0
BRDA:359,33,0,0
BRDA:359,33,1,0
BRDA:364,34,0,0
BRDA:364,34,1,0
BRDA:365,35,0,0
BRDA:365,35,1,0
BRDA:365,36,0,0
BRDA:365,36,1,0
BRDA:365,36,2,0
BRDA:370,37,0,0
BRDA:370,37,1,0
BRDA:370,38,0,0
BRDA:370,38,1,0
BRDA:370,38,2,0
BRDA:382,39,0,0
BRDA:382,39,1,0
BRDA:393,40,0,0
BRDA:393,40,1,0
BRDA:393,41,0,0
BRDA:393,41,1,0
BRDA:398,42,0,0
BRDA:398,42,1,0
BRDA:413,43,0,0
BRDA:413,43,1,0
BRDA:422,44,0,0
BRDA:422,44,1,0
BRDA:422,45,0,0
BRDA:422,45,1,0
BRDA:422,45,2,0
BRDA:427,46,0,0
BRDA:427,46,1,0
BRDA:432,47,0,0
BRDA:432,47,1,0
BRDA:459,48,0,0
BRDA:459,48,1,0
BRDA:466,49,0,0
BRDA:466,49,1,0
BRDA:468,50,0,0
BRDA:468,50,1,0
BRDA:481,51,0,0
BRDA:481,51,1,0
BRDA:482,52,0,0
BRDA:482,52,1,0
BRDA:487,53,0,0
BRDA:487,53,1,0
BRDA:488,54,0,0
BRDA:488,54,1,0
BRDA:492,55,0,0
BRDA:492,55,1,0
BRDA:638,56,0,0
BRDA:638,56,1,0
BRDA:639,57,0,0
BRDA:639,57,1,0
BRDA:674,58,0,0
BRDA:674,58,1,0
BRDA:710,59,0,0
BRDA:710,59,1,0
BRDA:756,60,0,0
BRDA:756,60,1,0
BRDA:797,61,0,0
BRDA:797,61,1,0
BRDA:853,62,0,0
BRDA:853,62,1,0
BRF:135
BRH:0
end_of_record
TN:
SF:src\pages\admin.jsx
FN:12,(anonymous_0)
FN:27,(anonymous_1)
FN:31,(anonymous_2)
FN:54,(anonymous_3)
FN:67,(anonymous_4)
FN:76,(anonymous_5)
FN:85,(anonymous_6)
FN:91,(anonymous_7)
FN:97,(anonymous_8)
FN:109,(anonymous_9)
FN:119,(anonymous_10)
FN:126,(anonymous_11)
FN:144,(anonymous_12)
FN:145,(anonymous_13)
FN:182,(anonymous_14)
FN:183,(anonymous_15)
FN:196,(anonymous_16)
FN:293,(anonymous_17)
FN:319,(anonymous_18)
FN:323,(anonymous_19)
FN:339,(anonymous_20)
FN:371,(anonymous_21)
FN:416,(anonymous_22)
FN:495,(anonymous_23)
FN:534,(anonymous_24)
FN:547,(anonymous_25)
FN:613,(anonymous_26)
FN:626,(anonymous_27)
FN:661,(anonymous_28)
FN:695,(anonymous_29)
FN:710,(anonymous_30)
FN:725,(anonymous_31)
FN:763,(anonymous_32)
FN:773,(anonymous_33)
FN:777,(anonymous_34)
FN:789,(anonymous_35)
FN:795,(anonymous_36)
FN:810,(anonymous_37)
FN:828,(anonymous_38)
FN:875,(anonymous_39)
FN:894,(anonymous_40)
FN:922,(anonymous_41)
FN:935,(anonymous_42)
FN:970,(anonymous_43)
FN:1041,(anonymous_44)
FN:1062,(anonymous_45)
FN:1106,(anonymous_46)
FN:1124,(anonymous_47)
FN:1153,(anonymous_48)
FN:1190,(anonymous_49)
FN:1203,(anonymous_50)
FN:1207,(anonymous_51)
FN:1289,(anonymous_52)
FN:1359,(anonymous_53)
FN:1361,(anonymous_54)
FN:1370,(anonymous_55)
FN:1377,(anonymous_56)
FN:1385,(anonymous_57)
FN:1424,(anonymous_58)
FN:1426,(anonymous_59)
FN:1427,(anonymous_60)
FN:1432,(anonymous_61)
FN:1470,(anonymous_62)
FN:1472,(anonymous_63)
FN:1474,(anonymous_64)
FN:1488,(anonymous_65)
FN:1524,(anonymous_66)
FN:1526,(anonymous_67)
FN:1527,(anonymous_68)
FN:1528,(anonymous_69)
FN:1529,(anonymous_70)
FN:1532,(anonymous_71)
FN:1542,(anonymous_72)
FN:1572,(anonymous_73)
FN:1590,(anonymous_74)
FN:1596,(anonymous_75)
FN:1604,(anonymous_76)
FN:1651,(anonymous_77)
FN:1652,(anonymous_78)
FN:1657,(anonymous_79)
FN:1666,(anonymous_80)
FN:1674,(anonymous_81)
FN:1683,(anonymous_82)
FN:1690,(anonymous_83)
FN:1690,(anonymous_84)
FN:1726,(anonymous_85)
FN:1730,(anonymous_86)
FN:1735,(anonymous_87)
FN:1794,(anonymous_88)
FN:1795,(anonymous_89)
FN:1838,(anonymous_90)
FN:1879,(anonymous_91)
FN:1882,(anonymous_92)
FN:1893,(anonymous_93)
FN:1898,(anonymous_94)
FN:2093,(anonymous_95)
FN:2097,(anonymous_96)
FN:2111,(anonymous_97)
FN:2117,(anonymous_98)
FN:2124,(anonymous_99)
FN:2143,(anonymous_100)
FN:2144,(anonymous_101)
FN:2150,(anonymous_102)
FN:2177,(anonymous_103)
FN:2190,(anonymous_104)
FN:2193,(anonymous_105)
FN:2241,(anonymous_106)
FN:2243,(anonymous_107)
FN:2280,(anonymous_108)
FN:2282,(anonymous_109)
FN:2322,(anonymous_110)
FN:2327,(anonymous_111)
FN:2332,(anonymous_112)
FN:2338,(anonymous_113)
FN:2348,(anonymous_114)
FN:2365,(anonymous_115)
FN:2420,(anonymous_116)
FN:2446,(anonymous_117)
FN:2507,(anonymous_118)
FN:2511,(anonymous_119)
FN:2515,(anonymous_120)
FN:2524,(anonymous_121)
FN:2585,(anonymous_122)
FN:2617,(anonymous_123)
FN:2645,(anonymous_124)
FN:2677,(anonymous_125)
FN:2678,(anonymous_126)
FN:2756,(anonymous_127)
FN:2771,(anonymous_128)
FN:2788,(anonymous_129)
FN:2796,(anonymous_130)
FN:2822,(anonymous_131)
FN:2854,(anonymous_132)
FN:2867,(anonymous_133)
FN:2878,(anonymous_134)
FN:2891,(anonymous_135)
FN:2904,(anonymous_136)
FN:2916,(anonymous_137)
FN:2927,(anonymous_138)
FN:2938,(anonymous_139)
FN:2968,(anonymous_140)
FN:2981,(anonymous_141)
FN:2992,(anonymous_142)
FN:3003,(anonymous_143)
FN:3125,(anonymous_144)
FN:3165,(anonymous_145)
FNF:146
FNH:68
FNDA:48,(anonymous_0)
FNDA:15,(anonymous_1)
FNDA:15,(anonymous_2)
FNDA:11,(anonymous_3)
FNDA:0,(anonymous_4)
FNDA:0,(anonymous_5)
FNDA:1,(anonymous_6)
FNDA:0,(anonymous_7)
FNDA:1,(anonymous_8)
FNDA:0,(anonymous_9)
FNDA:1,(anonymous_10)
FNDA:15,(anonymous_11)
FNDA:0,(anonymous_12)
FNDA:0,(anonymous_13)
FNDA:0,(anonymous_14)
FNDA:0,(anonymous_15)
FNDA:46,(anonymous_16)
FNDA:46,(anonymous_17)
FNDA:276,(anonymous_18)
FNDA:6,(anonymous_19)
FNDA:276,(anonymous_20)
FNDA:2,(anonymous_21)
FNDA:9,(anonymous_22)
FNDA:16,(anonymous_23)
FNDA:22,(anonymous_24)
FNDA:72,(anonymous_25)
FNDA:5,(anonymous_26)
FNDA:1,(anonymous_27)
FNDA:72,(anonymous_28)
FNDA:0,(anonymous_29)
FNDA:0,(anonymous_30)
FNDA:1,(anonymous_31)
FNDA:0,(anonymous_32)
FNDA:0,(anonymous_33)
FNDA:0,(anonymous_34)
FNDA:0,(anonymous_35)
FNDA:0,(anonymous_36)
FNDA:0,(anonymous_37)
FNDA:0,(anonymous_38)
FNDA:0,(anonymous_39)
FNDA:0,(anonymous_40)
FNDA:0,(anonymous_41)
FNDA:0,(anonymous_42)
FNDA:0,(anonymous_43)
FNDA:0,(anonymous_44)
FNDA:0,(anonymous_45)
FNDA:0,(anonymous_46)
FNDA:0,(anonymous_47)
FNDA:0,(anonymous_48)
FNDA:2,(anonymous_49)
FNDA:1,(anonymous_50)
FNDA:1,(anonymous_51)
FNDA:1,(anonymous_52)
FNDA:1,(anonymous_53)
FNDA:1,(anonymous_54)
FNDA:1,(anonymous_55)
FNDA:6,(anonymous_56)
FNDA:1,(anonymous_57)
FNDA:1,(anonymous_58)
FNDA:0,(anonymous_59)
FNDA:1,(anonymous_60)
FNDA:1,(anonymous_61)
FNDA:1,(anonymous_62)
FNDA:1,(anonymous_63)
FNDA:1,(anonymous_64)
FNDA:1,(anonymous_65)
FNDA:1,(anonymous_66)
FNDA:1,(anonymous_67)
FNDA:1,(anonymous_68)
FNDA:1,(anonymous_69)
FNDA:1,(anonymous_70)
FNDA:4,(anonymous_71)
FNDA:4,(anonymous_72)
FNDA:4,(anonymous_73)
FNDA:1,(anonymous_74)
FNDA:6,(anonymous_75)
FNDA:1,(anonymous_76)
FNDA:1,(anonymous_77)
FNDA:1,(anonymous_78)
FNDA:6,(anonymous_79)
FNDA:1,(anonymous_80)
FNDA:1,(anonymous_81)
FNDA:1,(anonymous_82)
FNDA:1,(anonymous_83)
FNDA:1,(anonymous_84)
FNDA:0,(anonymous_85)
FNDA:0,(anonymous_86)
FNDA:0,(anonymous_87)
FNDA:0,(anonymous_88)
FNDA:0,(anonymous_89)
FNDA:0,(anonymous_90)
FNDA:0,(anonymous_91)
FNDA:0,(anonymous_92)
FNDA:0,(anonymous_93)
FNDA:0,(anonymous_94)
FNDA:0,(anonymous_95)
FNDA:0,(anonymous_96)
FNDA:0,(anonymous_97)
FNDA:0,(anonymous_98)
FNDA:0,(anonymous_99)
FNDA:0,(anonymous_100)
FNDA:0,(anonymous_101)
FNDA:0,(anonymous_102)
FNDA:0,(anonymous_103)
FNDA:0,(anonymous_104)
FNDA:0,(anonymous_105)
FNDA:1,(anonymous_106)
FNDA:1,(anonymous_107)
FNDA:0,(anonymous_108)
FNDA:0,(anonymous_109)
FNDA:0,(anonymous_110)
FNDA:0,(anonymous_111)
FNDA:0,(anonymous_112)
FNDA:0,(anonymous_113)
FNDA:0,(anonymous_114)
FNDA:0,(anonymous_115)
FNDA:7,(anonymous_116)
FNDA:1,(anonymous_117)
FNDA:4,(anonymous_118)
FNDA:1,(anonymous_119)
FNDA:2,(anonymous_120)
FNDA:1,(anonymous_121)
FNDA:0,(anonymous_122)
FNDA:1,(anonymous_123)
FNDA:0,(anonymous_124)
FNDA:0,(anonymous_125)
FNDA:0,(anonymous_126)
FNDA:0,(anonymous_127)
FNDA:0,(anonymous_128)
FNDA:0,(anonymous_129)
FNDA:0,(anonymous_130)
FNDA:0,(anonymous_131)
FNDA:0,(anonymous_132)
FNDA:0,(anonymous_133)
FNDA:0,(anonymous_134)
FNDA:0,(anonymous_135)
FNDA:0,(anonymous_136)
FNDA:0,(anonymous_137)
FNDA:0,(anonymous_138)
FNDA:0,(anonymous_139)
FNDA:0,(anonymous_140)
FNDA:0,(anonymous_141)
FNDA:0,(anonymous_142)
FNDA:0,(anonymous_143)
FNDA:48,(anonymous_144)
FNDA:14,(anonymous_145)
DA:12,1
DA:13,48
DA:14,48
DA:15,48
DA:16,48
DA:17,48
DA:18,48
DA:19,48
DA:20,48
DA:21,48
DA:22,48
DA:23,48
DA:24,48
DA:25,48
DA:27,48
DA:28,15
DA:31,48
DA:32,15
DA:33,15
DA:35,15
DA:36,15
DA:37,9
DA:38,8
DA:39,6
DA:40,4
DA:41,2
DA:42,0
DA:43,2
DA:44,0
DA:47,1
DA:48,1
DA:50,15
DA:54,48
DA:55,11
DA:56,11
DA:57,11
DA:58,11
DA:60,11
DA:61,11
DA:63,0
DA:67,48
DA:68,0
DA:69,0
DA:70,0
DA:72,0
DA:76,48
DA:77,0
DA:78,0
DA:79,0
DA:81,0
DA:85,48
DA:86,1
DA:87,1
DA:88,1
DA:91,48
DA:92,0
DA:93,0
DA:94,0
DA:97,48
DA:98,1
DA:100,1
DA:101,1
DA:102,1
DA:103,1
DA:105,0
DA:109,48
DA:110,0
DA:111,0
DA:112,0
DA:113,0
DA:115,0
DA:119,48
DA:120,1
DA:121,1
DA:122,1
DA:126,48
DA:127,15
DA:128,6
DA:132,48
DA:144,0
DA:145,0
DA:182,0
DA:184,0
DA:185,0
DA:186,0
DA:196,1
DA:197,46
DA:289,1
DA:293,1
DA:294,46
DA:303,46
DA:320,276
DA:323,6
DA:333,1
DA:339,1
DA:340,276
DA:363,1
DA:371,1
DA:372,2
DA:410,1
DA:416,1
DA:417,9
DA:419,8
DA:496,16
DA:521,1
DA:534,1
DA:547,22
DA:548,72
DA:550,18
DA:552,18
DA:554,36
DA:557,22
DA:613,5
DA:626,1
DA:662,72
DA:663,72
DA:695,0
DA:710,0
DA:725,1
DA:751,1
DA:763,1
DA:764,0
DA:765,0
DA:766,0
DA:767,0
DA:768,0
DA:769,0
DA:770,0
DA:771,0
DA:773,0
DA:774,0
DA:777,0
DA:778,0
DA:779,0
DA:780,0
DA:781,0
DA:782,0
DA:783,0
DA:785,0
DA:789,0
DA:790,0
DA:791,0
DA:792,0
DA:795,0
DA:796,0
DA:798,0
DA:799,0
DA:800,0
DA:801,0
DA:802,0
DA:804,0
DA:806,0
DA:810,0
DA:811,0
DA:813,0
DA:814,0
DA:816,0
DA:817,0
DA:818,0
DA:819,0
DA:820,0
DA:822,0
DA:824,0
DA:828,0
DA:829,0
DA:831,0
DA:834,0
DA:837,0
DA:875,0
DA:894,0
DA:922,0
DA:935,0
DA:971,0
DA:1041,0
DA:1062,0
DA:1107,0
DA:1108,0
DA:1119,1
DA:1124,1
DA:1125,0
DA:1154,0
DA:1183,1
DA:1190,1
DA:1191,2
DA:1192,2
DA:1203,2
DA:1204,1
DA:1207,2
DA:1208,1
DA:1209,1
DA:1219,1
DA:1230,1
DA:1241,0
DA:1243,1
DA:1247,2
DA:1248,1
DA:1251,1
DA:1290,1
DA:1359,1
DA:1360,1
DA:1361,1
DA:1362,1
DA:1363,1
DA:1364,1
DA:1366,1
DA:1369,1
DA:1370,1
DA:1371,1
DA:1374,1
DA:1378,6
DA:1386,1
DA:1387,1
DA:1388,1
DA:1389,1
DA:1390,1
DA:1392,1
DA:1420,1
DA:1424,1
DA:1425,1
DA:1426,1
DA:1427,1
DA:1429,1
DA:1433,1
DA:1434,1
DA:1436,1
DA:1466,1
DA:1470,1
DA:1471,1
DA:1472,1
DA:1474,1
DA:1475,1
DA:1483,1
DA:1486,1
DA:1489,1
DA:1519,1
DA:1524,1
DA:1525,1
DA:1526,1
DA:1527,1
DA:1528,1
DA:1529,1
DA:1532,4
DA:1534,1
DA:1543,4
DA:1544,4
DA:1545,4
DA:1546,4
DA:1548,4
DA:1549,4
DA:1550,4
DA:1551,4
DA:1552,4
DA:1554,4
DA:1573,4
DA:1585,1
DA:1590,1
DA:1591,1
DA:1593,1
DA:1597,6
DA:1605,1
DA:1606,1
DA:1607,1
DA:1609,1
DA:1610,1
DA:1612,1
DA:1647,1
DA:1651,1
DA:1652,1
DA:1654,1
DA:1658,6
DA:1667,1
DA:1668,1
DA:1669,1
DA:1675,1
DA:1676,1
DA:1677,1
DA:1684,1
DA:1685,1
DA:1686,1
DA:1690,1
DA:1691,1
DA:1692,1
DA:1693,1
DA:1694,1
DA:1711,1
DA:1726,1
DA:1727,0
DA:1728,0
DA:1730,0
DA:1731,0
DA:1735,0
DA:1736,0
DA:1737,0
DA:1738,0
DA:1740,0
DA:1743,0
DA:1794,0
DA:1795,0
DA:1838,0
DA:1880,0
DA:1882,0
DA:1894,0
DA:1895,0
DA:1899,0
DA:1900,0
DA:2072,1
DA:2093,1
DA:2094,0
DA:2098,0
DA:2111,0
DA:2117,0
DA:2125,0
DA:2143,1
DA:2144,0
DA:2145,0
DA:2147,0
DA:2151,0
DA:2152,0
DA:2153,0
DA:2154,0
DA:2155,0
DA:2157,0
DA:2158,0
DA:2159,0
DA:2160,0
DA:2161,0
DA:2163,0
DA:2178,0
DA:2190,1
DA:2191,0
DA:2194,0
DA:2241,1
DA:2242,1
DA:2244,1
DA:2275,1
DA:2280,1
DA:2281,0
DA:2283,0
DA:2322,1
DA:2323,0
DA:2327,0
DA:2332,0
DA:2339,0
DA:2349,0
DA:2365,1
DA:2366,0
DA:2420,1
DA:2421,7
DA:2439,1
DA:2446,1
DA:2447,1
DA:2454,1
DA:2456,1
DA:2483,1
DA:2507,1
DA:2508,4
DA:2509,4
DA:2511,4
DA:2512,1
DA:2515,4
DA:2516,2
DA:2517,2
DA:2518,2
DA:2520,0
DA:2524,4
DA:2525,1
DA:2526,1
DA:2527,1
DA:2528,1
DA:2529,1
DA:2531,0
DA:2533,1
DA:2537,4
DA:2586,0
DA:2617,1
DA:2618,1
DA:2641,1
DA:2642,1
DA:2643,1
DA:2645,1
DA:2646,0
DA:2647,0
DA:2648,0
DA:2651,0
DA:2652,0
DA:2653,0
DA:2654,0
DA:2657,0
DA:2658,0
DA:2659,0
DA:2660,0
DA:2663,0
DA:2664,0
DA:2665,0
DA:2667,0
DA:2669,0
DA:2671,0
DA:2673,0
DA:2677,1
DA:2678,0
DA:2681,1
DA:2756,0
DA:2771,0
DA:2788,0
DA:2796,0
DA:2822,0
DA:2854,0
DA:2867,0
DA:2878,0
DA:2891,0
DA:2904,0
DA:2916,0
DA:2927,0
DA:2938,0
DA:2968,0
DA:2981,0
DA:2992,0
DA:3003,0
DA:3100,1
DA:3108,1
DA:3117,1
DA:3125,1
DA:3126,48
DA:3157,1
DA:3165,1
DA:3166,14
DA:3195,1
DA:3205,1
LF:428
LH:253
BRDA:36,0,0,9
BRDA:36,0,1,6
BRDA:39,1,0,4
BRDA:39,1,1,2
BRDA:41,2,0,0
BRDA:41,2,1,2
BRDA:43,3,0,0
BRDA:43,3,1,2
BRDA:48,4,0,1
BRDA:48,4,1,1
BRDA:57,5,0,6
BRDA:57,5,1,5
BRDA:58,6,0,1
BRDA:58,6,1,10
BRDA:61,7,0,11
BRDA:61,7,1,0
BRDA:63,8,0,0
BRDA:63,8,1,0
BRDA:70,9,0,0
BRDA:70,9,1,0
BRDA:72,10,0,0
BRDA:72,10,1,0
BRDA:79,11,0,0
BRDA:79,11,1,0
BRDA:81,12,0,0
BRDA:81,12,1,0
BRDA:98,13,0,0
BRDA:98,13,1,1
BRDA:105,14,0,0
BRDA:105,14,1,0
BRDA:115,15,0,0
BRDA:115,15,1,0
BRDA:127,16,0,6
BRDA:127,16,1,9
BRDA:144,17,0,48
BRDA:144,17,1,1
BRDA:145,18,0,48
BRDA:145,18,1,1
BRDA:150,19,0,13
BRDA:150,19,1,35
BRDA:154,20,0,35
BRDA:154,20,1,9
BRDA:155,21,0,35
BRDA:155,21,1,22
BRDA:168,22,0,35
BRDA:168,22,1,0
BRDA:169,23,0,35
BRDA:169,23,1,0
BRDA:170,24,0,35
BRDA:170,24,1,2
BRDA:171,25,0,35
BRDA:171,25,1,2
BRDA:178,26,0,48
BRDA:178,26,1,1
BRDA:186,27,0,0
BRDA:186,27,1,0
BRDA:345,28,0,46
BRDA:345,28,1,230
BRDA:347,29,0,46
BRDA:347,29,1,230
BRDA:379,30,0,1
BRDA:379,30,1,1
BRDA:380,31,0,1
BRDA:380,31,1,1
BRDA:390,32,0,1
BRDA:390,32,1,1
BRDA:405,33,0,1
BRDA:405,33,1,1
BRDA:417,34,0,1
BRDA:417,34,1,8
BRDA:548,35,0,18
BRDA:548,35,1,18
BRDA:548,35,2,36
BRDA:666,36,0,36
BRDA:666,36,1,36
BRDA:682,37,0,54
BRDA:682,37,1,18
BRDA:713,38,0,54
BRDA:713,38,1,18
BRDA:717,39,0,54
BRDA:717,39,1,18
BRDA:720,40,0,54
BRDA:720,40,1,18
BRDA:722,41,0,54
BRDA:722,41,1,18
BRDA:783,42,0,0
BRDA:783,42,1,0
BRDA:796,43,0,0
BRDA:796,43,1,0
BRDA:804,44,0,0
BRDA:804,44,1,0
BRDA:811,45,0,0
BRDA:811,45,1,0
BRDA:822,46,0,0
BRDA:822,46,1,0
BRDA:829,47,0,0
BRDA:829,47,1,0
BRDA:831,48,0,0
BRDA:831,48,1,0
BRDA:831,48,2,0
BRDA:831,48,3,0
BRDA:831,48,4,0
BRDA:834,49,0,0
BRDA:834,49,1,0
BRDA:862,50,0,0
BRDA:862,50,1,0
BRDA:881,51,0,0
BRDA:881,51,1,0
BRDA:973,52,0,0
BRDA:973,52,1,0
BRDA:984,53,0,0
BRDA:984,53,1,0
BRDA:996,54,0,0
BRDA:996,54,1,0
BRDA:1012,55,0,0
BRDA:1012,55,1,0
BRDA:1044,56,0,0
BRDA:1044,56,1,0
BRDA:1045,57,0,0
BRDA:1045,57,1,0
BRDA:1055,58,0,0
BRDA:1055,58,1,0
BRDA:1058,59,0,0
BRDA:1058,59,1,0
BRDA:1060,60,0,0
BRDA:1060,60,1,0
BRDA:1070,61,0,0
BRDA:1070,61,1,0
BRDA:1073,62,0,0
BRDA:1073,62,1,0
BRDA:1087,63,0,0
BRDA:1087,63,1,0
BRDA:1095,64,0,0
BRDA:1095,64,1,0
BRDA:1095,65,0,0
BRDA:1095,65,1,0
BRDA:1102,66,0,0
BRDA:1102,66,1,0
BRDA:1102,66,2,0
BRDA:1156,67,0,0
BRDA:1156,67,1,0
BRDA:1158,68,0,0
BRDA:1158,68,1,0
BRDA:1231,69,0,1
BRDA:1231,69,1,0
BRDA:1232,70,0,1
BRDA:1232,70,1,0
BRDA:1233,71,0,1
BRDA:1233,71,1,0
BRDA:1234,72,0,1
BRDA:1234,72,1,0
BRDA:1235,73,0,1
BRDA:1235,73,1,0
BRDA:1236,74,0,1
BRDA:1236,74,1,0
BRDA:1237,75,0,1
BRDA:1237,75,1,0
BRDA:1238,76,0,1
BRDA:1238,76,1,0
BRDA:1247,77,0,1
BRDA:1247,77,1,1
BRDA:1283,78,0,1
BRDA:1283,78,1,1
BRDA:1363,79,0,1
BRDA:1363,79,1,0
BRDA:1370,80,0,1
BRDA:1370,80,1,0
BRDA:1427,81,0,1
BRDA:1427,81,1,0
BRDA:1472,82,0,1
BRDA:1472,82,1,0
BRDA:1483,83,0,1
BRDA:1483,83,1,0
BRDA:1532,84,0,1
BRDA:1532,84,1,0
BRDA:1552,85,0,1
BRDA:1552,85,1,3
BRDA:1554,86,0,1
BRDA:1554,86,1,3
BRDA:1610,87,0,1
BRDA:1610,87,1,0
BRDA:1610,88,0,0
BRDA:1610,88,1,0
BRDA:1652,89,0,1
BRDA:1652,89,1,0
BRDA:1727,90,0,0
BRDA:1727,90,1,0
BRDA:1731,91,0,0
BRDA:1731,91,1,0
BRDA:1736,92,0,0
BRDA:1736,92,1,0
BRDA:1802,93,0,0
BRDA:1802,93,1,0
BRDA:1869,94,0,0
BRDA:1869,94,1,0
BRDA:1887,95,0,0
BRDA:1887,95,1,0
BRDA:1894,96,0,0
BRDA:1894,96,1,0
BRDA:1899,97,0,0
BRDA:1899,97,1,0
BRDA:1908,98,0,0
BRDA:1908,98,1,0
BRDA:1916,99,0,0
BRDA:1916,99,1,0
BRDA:1937,100,0,0
BRDA:1937,100,1,0
BRDA:1949,101,0,0
BRDA:1949,101,1,0
BRDA:1968,102,0,0
BRDA:1968,102,1,0
BRDA:2015,103,0,0
BRDA:2015,103,1,0
BRDA:2018,104,0,0
BRDA:2018,104,1,0
BRDA:2026,105,0,0
BRDA:2026,105,1,0
BRDA:2030,106,0,0
BRDA:2030,106,1,0
BRDA:2030,107,0,0
BRDA:2030,107,1,0
BRDA:2036,108,0,0
BRDA:2036,108,1,0
BRDA:2036,109,0,0
BRDA:2036,109,1,0
BRDA:2045,110,0,0
BRDA:2045,110,1,0
BRDA:2161,111,0,0
BRDA:2161,111,1,0
BRDA:2211,112,0,0
BRDA:2211,112,1,0
BRDA:2264,113,0,0
BRDA:2264,113,1,1
BRDA:2403,114,0,0
BRDA:2403,114,1,0
BRDA:2407,115,0,0
BRDA:2407,115,1,0
BRDA:2518,116,0,2
BRDA:2518,116,1,0
BRDA:2531,117,0,0
BRDA:2531,117,1,0
BRDA:2565,118,0,1
BRDA:2565,118,1,3
BRDA:2569,119,0,1
BRDA:2569,119,1,3
BRDA:2576,120,0,1
BRDA:2576,120,1,3
BRDA:2577,121,0,1
BRDA:2577,121,1,3
BRDA:2580,122,0,4
BRDA:2580,122,1,0
BRDA:2602,123,0,0
BRDA:2602,123,1,0
BRDA:2620,124,0,1
BRDA:2620,124,1,1
BRDA:2621,125,0,1
BRDA:2621,125,1,1
BRDA:2623,126,0,1
BRDA:2623,126,1,1
BRDA:2626,127,0,1
BRDA:2626,127,1,1
BRDA:2627,128,0,1
BRDA:2627,128,1,1
BRDA:2628,129,0,1
BRDA:2628,129,1,1
BRDA:2629,130,0,1
BRDA:2629,130,1,1
BRDA:2630,131,0,1
BRDA:2630,131,1,1
BRDA:2631,132,0,1
BRDA:2631,132,1,1
BRDA:2632,133,0,1
BRDA:2632,133,1,1
BRDA:2633,134,0,1
BRDA:2633,134,1,1
BRDA:2636,135,0,1
BRDA:2636,135,1,1
BRDA:2637,136,0,1
BRDA:2637,136,1,1
BRDA:2638,137,0,1
BRDA:2638,137,1,1
BRDA:2639,138,0,1
BRDA:2639,138,1,1
BRDA:2651,139,0,0
BRDA:2651,139,1,0
BRDA:2651,140,0,0
BRDA:2651,140,1,0
BRDA:2651,140,2,0
BRDA:2651,140,3,0
BRDA:2657,141,0,0
BRDA:2657,141,1,0
BRDA:2657,142,0,0
BRDA:2657,142,1,0
BRDA:2664,143,0,0
BRDA:2664,143,1,0
BRDA:2671,144,0,0
BRDA:2671,144,1,0
BRDA:2706,145,0,1
BRDA:2706,145,1,0
BRDA:2722,146,0,1
BRDA:2722,146,1,0
BRDA:2778,147,0,1
BRDA:2778,147,1,1
BRDA:2786,148,0,0
BRDA:2786,148,1,1
BRDA:2809,149,0,0
BRDA:2809,149,1,1
BRDA:2825,150,0,0
BRDA:2825,150,1,1
BRDA:2825,151,0,0
BRDA:2825,151,1,1
BRDA:2836,152,0,1
BRDA:2836,152,1,1
BRDA:2949,153,0,1
BRDA:2949,153,1,0
BRDA:3013,154,0,1
BRDA:3013,154,1,0
BRDA:3047,155,0,0
BRDA:3047,155,1,1
BRDA:3050,156,0,0
BRDA:3050,156,1,1
BRDA:3061,157,0,0
BRDA:3061,157,1,1
BRDA:3065,158,0,0
BRDA:3065,158,1,1
BRDA:3074,159,0,0
BRDA:3074,159,1,1
BRDA:3089,160,0,1
BRDA:3089,160,1,0
BRF:329
BRH:146
end_of_record
TN:
SF:src\pages\ladingpagePaciente.jsx
FN:5,(anonymous_0)
FN:100,(anonymous_1)
FN:139,(anonymous_2)
FN:203,(anonymous_3)
FNF:4
FNH:0
FNDA:0,(anonymous_0)
FNDA:0,(anonymous_1)
FNDA:0,(anonymous_2)
FNDA:0,(anonymous_3)
DA:5,0
DA:6,0
DA:41,0
DA:47,0
DA:53,0
DA:101,0
DA:102,0
DA:140,0
DA:204,0
DA:205,0
LF:10
LH:0
BRDA:115,0,0,0
BRDA:115,0,1,0
BRDA:149,1,0,0
BRDA:149,1,1,0
BRF:4
BRH:0
end_of_record
TN:
SF:src\pages\paciente.jsx
FN:14,(anonymous_0)
FN:50,(anonymous_1)
FN:58,(anonymous_2)
FN:68,(anonymous_3)
FN:75,(anonymous_4)
FN:133,(anonymous_5)
FN:145,(anonymous_6)
FN:217,(anonymous_7)
FN:219,(anonymous_8)
FN:225,(anonymous_9)
FN:244,(anonymous_10)
FN:264,(anonymous_11)
FN:274,(anonymous_12)
FN:298,(anonymous_13)
FN:338,(anonymous_14)
FN:436,(anonymous_15)
FN:622,(anonymous_16)
FN:649,(anonymous_17)
FN:672,(anonymous_18)
FN:683,(anonymous_19)
FN:694,(anonymous_20)
FN:727,(anonymous_21)
FN:733,(anonymous_22)
FN:745,(anonymous_23)
FN:829,(anonymous_24)
FN:830,(anonymous_25)
FN:838,(anonymous_26)
FN:1045,(anonymous_27)
FN:1065,(anonymous_28)
FN:1071,(anonymous_29)
FN:1079,(anonymous_30)
FNF:31
FNH:0
FNDA:0,(anonymous_0)
FNDA:0,(anonymous_1)
FNDA:0,(anonymous_2)
FNDA:0,(anonymous_3)
FNDA:0,(anonymous_4)
FNDA:0,(anonymous_5)
FNDA:0,(anonymous_6)
FNDA:0,(anonymous_7)
FNDA:0,(anonymous_8)
FNDA:0,(anonymous_9)
FNDA:0,(anonymous_10)
FNDA:0,(anonymous_11)
FNDA:0,(anonymous_12)
FNDA:0,(anonymous_13)
FNDA:0,(anonymous_14)
FNDA:0,(anonymous_15)
FNDA:0,(anonymous_16)
FNDA:0,(anonymous_17)
FNDA:0,(anonymous_18)
FNDA:0,(anonymous_19)
FNDA:0,(anonymous_20)
FNDA:0,(anonymous_21)
FNDA:0,(anonymous_22)
FNDA:0,(anonymous_23)
FNDA:0,(anonymous_24)
FNDA:0,(anonymous_25)
FNDA:0,(anonymous_26)
FNDA:0,(anonymous_27)
FNDA:0,(anonymous_28)
FNDA:0,(anonymous_29)
FNDA:0,(anonymous_30)
DA:14,0
DA:15,0
DA:16,0
DA:17,0
DA:18,0
DA:19,0
DA:20,0
DA:22,0
DA:23,0
DA:24,0
DA:25,0
DA:26,0
DA:27,0
DA:28,0
DA:29,0
DA:33,0
DA:50,0
DA:51,0
DA:52,0
DA:54,0
DA:55,0
DA:58,0
DA:59,0
DA:60,0
DA:61,0
DA:62,0
DA:64,0
DA:68,0
DA:69,0
DA:70,0
DA:71,0
DA:72,0
DA:74,0
DA:75,0
DA:76,0
DA:77,0
DA:78,0
DA:81,0
DA:129,0
DA:132,0
DA:133,0
DA:141,0
DA:144,0
DA:145,0
DA:153,0
DA:155,0
DA:156,0
DA:157,0
DA:159,0
DA:165,0
DA:175,0
DA:176,0
DA:177,0
DA:178,0
DA:180,0
DA:183,0
DA:184,0
DA:217,0
DA:218,0
DA:219,0
DA:225,0
DA:226,0
DA:228,0
DA:229,0
DA:230,0
DA:233,0
DA:234,0
DA:235,0
DA:237,0
DA:238,0
DA:239,0
DA:241,0
DA:242,0
DA:244,0
DA:245,0
DA:246,0
DA:247,0
DA:259,0
DA:260,0
DA:261,0
DA:263,0
DA:264,0
DA:265,0
DA:266,0
DA:270,0
DA:274,0
DA:275,0
DA:276,0
DA:279,0
DA:298,0
DA:338,0
DA:437,0
DA:438,0
DA:623,0
DA:649,0
DA:672,0
DA:683,0
DA:694,0
DA:733,0
DA:734,0
DA:735,0
DA:736,0
DA:737,0
DA:738,0
DA:742,0
DA:745,0
DA:746,0
DA:748,0
DA:749,0
DA:750,0
DA:753,0
DA:754,0
DA:758,0
DA:759,0
DA:760,0
DA:763,0
DA:764,0
DA:765,0
DA:766,0
DA:768,0
DA:770,0
DA:771,0
DA:775,0
DA:829,0
DA:830,0
DA:838,0
DA:1045,0
DA:1065,0
DA:1071,0
DA:1079,0
LF:130
LH:0
BRDA:51,0,0,0
BRDA:51,0,1,0
BRDA:74,1,0,0
BRDA:74,1,1,0
BRDA:74,2,0,0
BRDA:74,2,1,0
BRDA:76,3,0,0
BRDA:76,3,1,0
BRDA:77,4,0,0
BRDA:77,4,1,0
BRDA:84,5,0,0
BRDA:84,5,1,0
BRDA:84,6,0,0
BRDA:84,6,1,0
BRDA:87,7,0,0
BRDA:87,7,1,0
BRDA:87,8,0,0
BRDA:87,8,1,0
BRDA:92,9,0,0
BRDA:92,9,1,0
BRDA:98,10,0,0
BRDA:98,10,1,0
BRDA:99,11,0,0
BRDA:99,11,1,0
BRDA:102,12,0,0
BRDA:102,12,1,0
BRDA:108,13,0,0
BRDA:108,13,1,0
BRDA:109,14,0,0
BRDA:109,14,1,0
BRDA:112,15,0,0
BRDA:112,15,1,0
BRDA:118,16,0,0
BRDA:118,16,1,0
BRDA:119,17,0,0
BRDA:119,17,1,0
BRDA:132,18,0,0
BRDA:132,18,1,0
BRDA:132,19,0,0
BRDA:132,19,1,0
BRDA:132,19,2,0
BRDA:136,20,0,0
BRDA:136,20,1,0
BRDA:137,21,0,0
BRDA:137,21,1,0
BRDA:155,22,0,0
BRDA:155,22,1,0
BRDA:155,23,0,0
BRDA:155,23,1,0
BRDA:177,24,0,0
BRDA:177,24,1,0
BRDA:177,25,0,0
BRDA:177,25,1,0
BRDA:228,26,0,0
BRDA:228,26,1,0
BRDA:228,27,0,0
BRDA:228,27,1,0
BRDA:260,28,0,0
BRDA:260,28,1,0
BRDA:260,28,2,0
BRDA:263,29,0,0
BRDA:263,29,1,0
BRDA:263,30,0,0
BRDA:263,30,1,0
BRDA:326,31,0,0
BRDA:326,31,1,0
BRDA:326,31,2,0
BRDA:328,32,0,0
BRDA:328,32,1,0
BRDA:332,33,0,0
BRDA:332,33,1,0
BRDA:344,34,0,0
BRDA:344,34,1,0
BRDA:356,35,0,0
BRDA:356,35,1,0
BRDA:386,36,0,0
BRDA:386,36,1,0
BRDA:396,37,0,0
BRDA:396,37,1,0
BRDA:406,38,0,0
BRDA:406,38,1,0
BRDA:412,39,0,0
BRDA:412,39,1,0
BRDA:419,40,0,0
BRDA:419,40,1,0
BRDA:451,41,0,0
BRDA:451,41,1,0
BRDA:451,41,2,0
BRDA:457,42,0,0
BRDA:457,42,1,0
BRDA:509,43,0,0
BRDA:509,43,1,0
BRDA:520,44,0,0
BRDA:520,44,1,0
BRDA:545,45,0,0
BRDA:545,45,1,0
BRDA:566,46,0,0
BRDA:566,46,1,0
BRDA:587,47,0,0
BRDA:587,47,1,0
BRDA:621,48,0,0
BRDA:621,48,1,0
BRDA:632,49,0,0
BRDA:632,49,1,0
BRDA:725,50,0,0
BRDA:725,50,1,0
BRDA:734,51,0,0
BRDA:734,51,1,0
BRDA:734,51,2,0
BRDA:734,51,3,0
BRDA:748,52,0,0
BRDA:748,52,1,0
BRDA:758,53,0,0
BRDA:758,53,1,0
BRDA:828,54,0,0
BRDA:828,54,1,0
BRDA:829,55,0,0
BRDA:829,55,1,0
BRDA:838,56,0,0
BRDA:838,56,1,0
BRDA:846,57,0,0
BRDA:846,57,1,0
BRDA:859,58,0,0
BRDA:859,58,1,0
BRDA:1056,59,0,0
BRDA:1056,59,1,0
BRDA:1062,60,0,0
BRDA:1062,60,1,0
BRDA:1068,61,0,0
BRDA:1068,61,1,0
BRDA:1076,62,0,0
BRDA:1076,62,1,0
BRF:132
BRH:0
end_of_record
TN:
SF:src\services\Userservice.js
FN:6,(anonymous_0)
FN:12,(anonymous_1)
FN:29,(anonymous_2)
FN:43,(anonymous_3)
FNF:4
FNH:0
FNDA:0,(anonymous_0)
FNDA:0,(anonymous_1)
FNDA:0,(anonymous_2)
FNDA:0,(anonymous_3)
DA:3,0
DA:6,0
DA:7,0
DA:8,0
DA:12,0
DA:13,0
DA:14,0
DA:19,0
DA:21,0
DA:26,0
DA:29,0
DA:30,0
DA:31,0
DA:36,0
DA:38,0
DA:43,0
DA:44,0
DA:45,0
DA:49,0
DA:51,0
LF:20
LH:0
BRDA:7,0,0,0
BRDA:7,0,1,0
BRDA:8,1,0,0
BRDA:8,1,1,0
BRDA:21,2,0,0
BRDA:21,2,1,0
BRDA:38,3,0,0
BRDA:38,3,1,0
BRDA:51,4,0,0
BRDA:51,4,1,0
BRF:10
BRH:0
end_of_record
TN:
SF:src\services\adminService.js
FN:7,(anonymous_0)
FN:25,(anonymous_1)
FN:38,(anonymous_2)
FN:52,(anonymous_3)
FN:64,(anonymous_4)
FN:76,(anonymous_5)
FN:88,(anonymous_6)
FN:100,(anonymous_7)
FN:115,(anonymous_8)
FN:127,(anonymous_9)
FN:142,(anonymous_10)
FN:157,(anonymous_11)
FN:172,(anonymous_12)
FN:184,(anonymous_13)
FN:197,(anonymous_14)
FN:210,(anonymous_15)
FN:222,(anonymous_16)
FN:234,(anonymous_17)
FN:246,(anonymous_18)
FN:258,(anonymous_19)
FN:270,(anonymous_20)
FN:282,(anonymous_21)
FNF:22
FNH:22
FNDA:35,(anonymous_0)
FNDA:7,(anonymous_1)
FNDA:4,(anonymous_2)
FNDA:1,(anonymous_3)
FNDA:3,(anonymous_4)
FNDA:1,(anonymous_5)
FNDA:1,(anonymous_6)
FNDA:1,(anonymous_7)
FNDA:1,(anonymous_8)
FNDA:2,(anonymous_9)
FNDA:2,(anonymous_10)
FNDA:1,(anonymous_11)
FNDA:1,(anonymous_12)
FNDA:1,(anonymous_13)
FNDA:2,(anonymous_14)
FNDA:1,(anonymous_15)
FNDA:1,(anonymous_16)
FNDA:1,(anonymous_17)
FNDA:1,(anonymous_18)
FNDA:1,(anonymous_19)
FNDA:1,(anonymous_20)
FNDA:1,(anonymous_21)
DA:4,1
DA:7,1
DA:9,35
DA:14,35
DA:15,2
DA:17,33
DA:20,35
DA:23,1
DA:26,7
DA:27,7
DA:30,4
DA:32,3
DA:33,3
DA:39,4
DA:40,4
DA:41,4
DA:45,2
DA:47,2
DA:48,2
DA:53,1
DA:54,1
DA:57,1
DA:59,0
DA:60,0
DA:65,3
DA:66,3
DA:69,1
DA:71,2
DA:72,2
DA:77,1
DA:78,1
DA:81,1
DA:83,0
DA:84,0
DA:89,1
DA:90,1
DA:93,1
DA:95,0
DA:96,0
DA:101,1
DA:102,1
DA:107,1
DA:109,0
DA:110,0
DA:116,1
DA:117,1
DA:120,1
DA:122,0
DA:123,0
DA:128,2
DA:129,2
DA:134,2
DA:136,0
DA:137,0
DA:143,2
DA:144,2
DA:145,2
DA:149,2
DA:151,0
DA:152,0
DA:158,1
DA:159,1
DA:160,1
DA:164,1
DA:166,0
DA:167,0
DA:173,1
DA:174,1
DA:177,1
DA:179,0
DA:180,0
DA:185,1
DA:186,1
DA:191,1
DA:193,0
DA:194,0
DA:198,2
DA:199,2
DA:203,2
DA:205,0
DA:206,0
DA:211,1
DA:212,1
DA:215,1
DA:217,0
DA:218,0
DA:223,1
DA:224,1
DA:227,1
DA:229,0
DA:230,0
DA:235,1
DA:236,1
DA:239,1
DA:241,0
DA:242,0
DA:247,1
DA:248,1
DA:251,1
DA:253,0
DA:254,0
DA:259,1
DA:260,1
DA:263,1
DA:265,0
DA:266,0
DA:271,1
DA:272,1
DA:275,1
DA:277,0
DA:278,0
DA:283,1
DA:284,1
DA:287,1
DA:289,0
DA:290,0
LF:116
LH:80
BRDA:4,0,0,1
BRDA:4,0,1,1
BRDA:9,1,0,35
BRDA:9,1,1,2
BRDA:9,1,2,2
BRDA:9,1,3,2
BRDA:14,2,0,2
BRDA:14,2,1,33
BRDA:20,3,0,33
BRDA:20,3,1,2
BRDA:33,4,0,3
BRDA:33,4,1,2
BRDA:38,5,0,4
BRDA:42,6,0,1
BRDA:42,6,1,3
BRDA:48,7,0,2
BRDA:48,7,1,0
BRDA:60,8,0,0
BRDA:60,8,1,0
BRDA:72,9,0,2
BRDA:72,9,1,1
BRDA:84,10,0,0
BRDA:84,10,1,0
BRDA:96,11,0,0
BRDA:96,11,1,0
BRDA:110,12,0,0
BRDA:110,12,1,0
BRDA:123,13,0,0
BRDA:123,13,1,0
BRDA:137,14,0,0
BRDA:137,14,1,0
BRDA:142,15,0,2
BRDA:146,16,0,1
BRDA:146,16,1,1
BRDA:152,17,0,0
BRDA:152,17,1,0
BRDA:157,18,0,1
BRDA:161,19,0,0
BRDA:161,19,1,1
BRDA:167,20,0,0
BRDA:167,20,1,0
BRDA:180,21,0,0
BRDA:180,21,1,0
BRDA:194,22,0,0
BRDA:194,22,1,0
BRDA:197,23,0,2
BRDA:206,24,0,0
BRDA:206,24,1,0
BRDA:218,25,0,0
BRDA:218,25,1,0
BRDA:230,26,0,0
BRDA:230,26,1,0
BRDA:242,27,0,0
BRDA:242,27,1,0
BRDA:254,28,0,0
BRDA:254,28,1,0
BRDA:266,29,0,0
BRDA:266,29,1,0
BRDA:278,30,0,0
BRDA:278,30,1,0
BRDA:290,31,0,0
BRDA:290,31,1,0
BRF:62
BRH:24
end_of_record
TN:
SF:src\services\alertaMedico.js
FN:14,(anonymous_0)
FN:25,(anonymous_1)
FN:49,(anonymous_2)
FN:125,(anonymous_3)
FN:161,(anonymous_4)
FN:195,(anonymous_5)
FNF:6
FNH:6
FNDA:28,(anonymous_0)
FNDA:28,(anonymous_1)
FNDA:12,(anonymous_2)
FNDA:9,(anonymous_3)
FNDA:7,(anonymous_4)
FNDA:7,(anonymous_5)
DA:9,1
DA:14,1
DA:16,28
DA:25,1
DA:26,28
DA:28,28
DA:29,4
DA:32,24
DA:49,1
DA:50,12
DA:54,12
DA:56,11
DA:57,11
DA:58,11
DA:61,1
DA:62,1
DA:63,1
DA:66,12
DA:73,12
DA:74,1
DA:77,11
DA:78,2
DA:81,9
DA:82,1
DA:85,8
DA:95,6
DA:97,6
DA:102,6
DA:103,2
DA:106,4
DA:107,4
DA:110,8
DA:111,8
DA:125,1
DA:126,9
DA:127,9
DA:129,9
DA:130,9
DA:131,9
DA:133,9
DA:135,9
DA:140,8
DA:142,8
DA:143,2
DA:146,6
DA:149,3
DA:150,3
DA:161,1
DA:162,7
DA:163,7
DA:164,3
DA:167,4
DA:172,3
DA:174,3
DA:175,1
DA:178,2
DA:181,5
DA:182,5
DA:195,1
DA:196,7
DA:197,7
DA:199,7
DA:200,7
DA:202,7
DA:204,7
DA:209,6
DA:211,6
DA:212,2
DA:215,4
DA:218,3
DA:219,3
LF:71
LH:71
BRDA:9,0,0,1
BRDA:9,0,1,1
BRDA:16,1,0,28
BRDA:16,1,1,5
BRDA:16,1,2,4
BRDA:16,1,3,4
BRDA:28,2,0,4
BRDA:28,2,1,24
BRDA:54,3,0,11
BRDA:54,3,1,1
BRDA:54,4,0,12
BRDA:54,4,1,11
BRDA:73,5,0,1
BRDA:73,5,1,11
BRDA:77,6,0,2
BRDA:77,6,1,9
BRDA:77,7,0,11
BRDA:77,7,1,11
BRDA:81,8,0,1
BRDA:81,8,1,8
BRDA:102,9,0,2
BRDA:102,9,1,4
BRDA:103,10,0,2
BRDA:103,10,1,1
BRDA:103,10,2,1
BRDA:112,11,0,8
BRDA:112,11,1,0
BRDA:125,12,0,9
BRDA:129,13,0,2
BRDA:129,13,1,7
BRDA:130,14,0,2
BRDA:130,14,1,7
BRDA:131,15,0,2
BRDA:131,15,1,7
BRDA:133,16,0,3
BRDA:133,16,1,6
BRDA:142,17,0,2
BRDA:142,17,1,6
BRDA:143,18,0,2
BRDA:143,18,1,1
BRDA:151,19,0,3
BRDA:151,19,1,0
BRDA:163,20,0,3
BRDA:163,20,1,4
BRDA:174,21,0,1
BRDA:174,21,1,2
BRDA:175,22,0,1
BRDA:175,22,1,0
BRDA:183,23,0,5
BRDA:183,23,1,0
BRDA:195,24,0,7
BRDA:199,25,0,2
BRDA:199,25,1,5
BRDA:200,26,0,2
BRDA:200,26,1,5
BRDA:202,27,0,3
BRDA:202,27,1,4
BRDA:211,28,0,2
BRDA:211,28,1,4
BRDA:212,29,0,2
BRDA:212,29,1,1
BRDA:220,30,0,3
BRDA:220,30,1,0
BRF:63
BRH:58
end_of_record
TN:
SF:src\services\auth.js
FN:5,(anonymous_0)
FNF:1
FNH:0
FNDA:0,(anonymous_0)
DA:3,0
DA:5,0
DA:6,0
DA:7,0
DA:11,0
DA:13,0
LF:6
LH:0
BRDA:13,0,0,0
BRDA:13,0,1,0
BRF:2
BRH:0
end_of_record
TN:
SF:src\services\dialysis.js
FN:6,(anonymous_0)
FN:12,(anonymous_1)
FN:26,(anonymous_2)
FN:39,(anonymous_3)
FN:52,(anonymous_4)
FN:65,(anonymous_5)
FN:79,(anonymous_6)
FNF:7
FNH:0
FNDA:0,(anonymous_0)
FNDA:0,(anonymous_1)
FNDA:0,(anonymous_2)
FNDA:0,(anonymous_3)
FNDA:0,(anonymous_4)
FNDA:0,(anonymous_5)
FNDA:0,(anonymous_6)
DA:3,0
DA:6,0
DA:7,0
DA:8,0
DA:12,0
DA:13,0
DA:14,0
DA:19,0
DA:21,0
DA:26,0
DA:27,0
DA:28,0
DA:32,0
DA:34,0
DA:39,0
DA:40,0
DA:41,0
DA:45,0
DA:47,0
DA:52,0
DA:53,0
DA:54,0
DA:58,0
DA:60,0
DA:65,0
DA:66,0
DA:67,0
DA:72,0
DA:74,0
DA:79,0
DA:80,0
DA:81,0
DA:85,0
DA:87,0
LF:34
LH:0
BRDA:8,0,0,0
BRDA:8,0,1,0
BRDA:21,1,0,0
BRDA:21,1,1,0
BRDA:26,2,0,0
BRDA:34,3,0,0
BRDA:34,3,1,0
BRDA:47,4,0,0
BRDA:47,4,1,0
BRDA:60,5,0,0
BRDA:60,5,1,0
BRDA:74,6,0,0
BRDA:74,6,1,0
BRDA:87,7,0,0
BRDA:87,7,1,0
BRF:15
BRH:0
end_of_record
TN:
SF:src\services\doctor.js
FN:5,(anonymous_0)
FN:13,(anonymous_1)
FN:27,(anonymous_2)
FN:41,(anonymous_3)
FN:56,(anonymous_4)
FN:71,(anonymous_5)
FN:85,(anonymous_6)
FN:99,(anonymous_7)
FN:115,(anonymous_8)
FN:129,(anonymous_9)
FN:145,(anonymous_10)
FN:161,(anonymous_11)
FN:177,(anonymous_12)
FN:193,(anonymous_13)
FN:209,(anonymous_14)
FN:225,(anonymous_15)
FNF:16
FNH:0
FNDA:0,(anonymous_0)
FNDA:0,(anonymous_1)
FNDA:0,(anonymous_2)
FNDA:0,(anonymous_3)
FNDA:0,(anonymous_4)
FNDA:0,(anonymous_5)
FNDA:0,(anonymous_6)
FNDA:0,(anonymous_7)
FNDA:0,(anonymous_8)
FNDA:0,(anonymous_9)
FNDA:0,(anonymous_10)
FNDA:0,(anonymous_11)
FNDA:0,(anonymous_12)
FNDA:0,(anonymous_13)
FNDA:0,(anonymous_14)
FNDA:0,(anonymous_15)
DA:3,0
DA:5,0
DA:6,0
DA:7,0
DA:13,0
DA:14,0
DA:15,0
DA:18,0
DA:20,0
DA:27,0
DA:28,0
DA:29,0
DA:32,0
DA:34,0
DA:41,0
DA:42,0
DA:43,0
DA:47,0
DA:49,0
DA:56,0
DA:57,0
DA:58,0
DA:62,0
DA:64,0
DA:71,0
DA:72,0
DA:73,0
DA:76,0
DA:78,0
DA:85,0
DA:86,0
DA:87,0
DA:90,0
DA:92,0
DA:99,0
DA:100,0
DA:101,0
DA:102,0
DA:106,0
DA:108,0
DA:115,0
DA:116,0
DA:117,0
DA:120,0
DA:122,0
DA:129,0
DA:130,0
DA:131,0
DA:136,0
DA:138,0
DA:145,0
DA:146,0
DA:147,0
DA:148,0
DA:152,0
DA:154,0
DA:161,0
DA:162,0
DA:163,0
DA:168,0
DA:170,0
DA:177,0
DA:178,0
DA:179,0
DA:184,0
DA:186,0
DA:193,0
DA:194,0
DA:195,0
DA:200,0
DA:202,0
DA:209,0
DA:210,0
DA:211,0
DA:216,0
DA:218,0
DA:225,0
DA:226,0
DA:227,0
DA:232,0
DA:234,0
LF:81
LH:0
BRDA:7,0,0,0
BRDA:7,0,1,0
BRDA:20,1,0,0
BRDA:20,1,1,0
BRDA:34,2,0,0
BRDA:34,2,1,0
BRDA:49,3,0,0
BRDA:49,3,1,0
BRDA:64,4,0,0
BRDA:64,4,1,0
BRDA:78,5,0,0
BRDA:78,5,1,0
BRDA:92,6,0,0
BRDA:92,6,1,0
BRDA:99,7,0,0
BRDA:103,8,0,0
BRDA:103,8,1,0
BRDA:108,9,0,0
BRDA:108,9,1,0
BRDA:122,10,0,0
BRDA:122,10,1,0
BRDA:138,11,0,0
BRDA:138,11,1,0
BRDA:145,12,0,0
BRDA:149,13,0,0
BRDA:149,13,1,0
BRDA:154,14,0,0
BRDA:154,14,1,0
BRDA:170,15,0,0
BRDA:170,15,1,0
BRDA:186,16,0,0
BRDA:186,16,1,0
BRDA:202,17,0,0
BRDA:202,17,1,0
BRDA:218,18,0,0
BRDA:218,18,1,0
BRDA:234,19,0,0
BRDA:234,19,1,0
BRF:38
BRH:0
end_of_record
TN:
SF:src\services\patient.js
FN:6,(anonymous_0)
FN:12,(anonymous_1)
FN:26,(anonymous_2)
FNF:3
FNH:0
FNDA:0,(anonymous_0)
FNDA:0,(anonymous_1)
FNDA:0,(anonymous_2)
DA:3,0
DA:6,0
DA:7,0
DA:8,0
DA:12,0
DA:14,0
DA:15,0
DA:19,0
DA:21,0
DA:26,0
DA:27,0
DA:28,0
DA:32,0
DA:34,0
LF:14
LH:0
BRDA:8,0,0,0
BRDA:8,0,1,0
BRDA:21,1,0,0
BRDA:21,1,1,0
BRDA:26,2,0,0
BRDA:34,3,0,0
BRDA:34,3,1,0
BRF:7
BRH:0
end_of_record
TN:
SF:src\services\reminder.js
FN:5,(anonymous_0)
FN:11,(anonymous_1)
FN:28,(anonymous_2)
FN:41,(anonymous_3)
FN:55,(anonymous_4)
FN:69,(anonymous_5)
FNF:6
FNH:0
FNDA:0,(anonymous_0)
FNDA:0,(anonymous_1)
FNDA:0,(anonymous_2)
FNDA:0,(anonymous_3)
FNDA:0,(anonymous_4)
FNDA:0,(anonymous_5)
DA:3,0
DA:5,0
DA:6,0
DA:7,0
DA:11,0
DA:12,0
DA:13,0
DA:14,0
DA:15,0
DA:17,0
DA:21,0
DA:23,0
DA:28,0
DA:29,0
DA:30,0
DA:34,0
DA:36,0
DA:41,0
DA:42,0
DA:43,0
DA:48,0
DA:50,0
DA:55,0
DA:56,0
DA:57,0
DA:62,0
DA:64,0
DA:69,0
DA:70,0
DA:71,0
DA:75,0
DA:77,0
LF:32
LH:0
BRDA:7,0,0,0
BRDA:7,0,1,0
BRDA:14,1,0,0
BRDA:14,1,1,0
BRDA:15,2,0,0
BRDA:15,2,1,0
BRDA:23,3,0,0
BRDA:23,3,1,0
BRDA:36,4,0,0
BRDA:36,4,1,0
BRDA:50,5,0,0
BRDA:50,5,1,0
BRDA:64,6,0,0
BRDA:64,6,1,0
BRDA:77,7,0,0
BRDA:77,7,1,0
BRF:16
BRH:0
end_of_record
TN:
SF:src\services\symptoms.js
FN:5,(anonymous_0)
FN:11,(anonymous_1)
FN:24,(anonymous_2)
FN:38,(anonymous_3)
FN:52,(anonymous_4)
FNF:5
FNH:0
FNDA:0,(anonymous_0)
FNDA:0,(anonymous_1)
FNDA:0,(anonymous_2)
FNDA:0,(anonymous_3)
FNDA:0,(anonymous_4)
DA:3,0
DA:5,0
DA:6,0
DA:7,0
DA:11,0
DA:12,0
DA:13,0
DA:17,0
DA:19,0
DA:24,0
DA:25,0
DA:26,0
DA:31,0
DA:33,0
DA:38,0
DA:39,0
DA:40,0
DA:45,0
DA:47,0
DA:52,0
DA:53,0
DA:54,0
DA:55,0
DA:56,0
DA:58,0
DA:62,0
DA:64,0
LF:27
LH:0
BRDA:7,0,0,0
BRDA:7,0,1,0
BRDA:19,1,0,0
BRDA:19,1,1,0
BRDA:33,2,0,0
BRDA:33,2,1,0
BRDA:47,3,0,0
BRDA:47,3,1,0
BRDA:55,4,0,0
BRDA:55,4,1,0
BRDA:56,5,0,0
BRDA:56,5,1,0
BRDA:64,6,0,0
BRDA:64,6,1,0
BRF:14
BRH:0
end_of_record
TN:
SF:src\utils\utils.js
FN:4,cn
FNF:1
FNH:0
FNDA:0,cn
DA:5,0
LF:1
LH:0
BRF:0
BRH:0
end_of_record
