{"C:\\Users\\gabri\\Desktop\\dialyhome-demoday\\backend\\src\\config\\database.js": {"path":"C:\\Users\\gabri\\Desktop\\dialyhome-demoday\\backend\\src\\config\\database.js","statementMap":{"0":{"start":{"line":1,"column":17},"end":{"line":1,"column":30}},"1":{"start":{"line":2,"column":0},"end":{"line":2,"column":27}},"2":{"start":{"line":4,"column":13},"end":{"line":10,"column":2}},"3":{"start":{"line":12,"column":0},"end":{"line":15,"column":2}},"4":{"start":{"line":13,"column":27},"end":{"line":13,"column":51}}},"fnMap":{"0":{"name":"(anonymous_0)","decl":{"start":{"line":13,"column":9},"end":{"line":13,"column":10}},"loc":{"start":{"line":13,"column":27},"end":{"line":13,"column":51}},"line":13}},"branchMap":{},"s":{"0":3,"1":3,"2":3,"3":3,"4":98},"f":{"0":98},"b":{},"inputSourceMap":null,"_coverageSchema":"1a1c01bbd47fc00a2c39e90264f33305004495a9","hash":"0160d5e90b650ea5e1b33b2bcb16dac004219bb4"}
,"C:\\Users\\gabri\\Desktop\\dialyhome-demoday\\backend\\src\\config\\db.js": {"path":"C:\\Users\\gabri\\Desktop\\dialyhome-demoday\\backend\\src\\config\\db.js","statementMap":{"0":{"start":{"line":1,"column":0},"end":{"line":1,"column":27}},"1":{"start":{"line":6,"column":4},"end":{"line":7,"column":43}},"2":{"start":{"line":7,"column":8},"end":{"line":7,"column":43}},"3":{"start":{"line":10,"column":21},"end":{"line":10,"column":34}},"4":{"start":{"line":11,"column":17},"end":{"line":14,"column":6}},"5":{"start":{"line":16,"column":19},"end":{"line":16,"column":39}},"6":{"start":{"line":17,"column":4},"end":{"line":17,"column":43}},"7":{"start":{"line":19,"column":16},"end":{"line":19,"column":50}},"8":{"start":{"line":20,"column":4},"end":{"line":20,"column":29}},"9":{"start":{"line":22,"column":4},"end":{"line":22,"column":21}},"10":{"start":{"line":23,"column":4},"end":{"line":23,"column":29}},"11":{"start":{"line":24,"column":4},"end":{"line":24,"column":26}},"12":{"start":{"line":27,"column":0},"end":{"line":27,"column":10}},"13":{"start":{"line":30,"column":19},"end":{"line":30,"column":34}},"14":{"start":{"line":31,"column":16},"end":{"line":31,"column":73}},"15":{"start":{"line":32,"column":4},"end":{"line":32,"column":20}},"16":{"start":{"line":38,"column":19},"end":{"line":38,"column":34}},"17":{"start":{"line":39,"column":4},"end":{"line":44,"column":5}},"18":{"start":{"line":40,"column":20},"end":{"line":40,"column":89}},"19":{"start":{"line":41,"column":8},"end":{"line":41,"column":27}},"20":{"start":{"line":43,"column":8},"end":{"line":43,"column":25}},"21":{"start":{"line":49,"column":23},"end":{"line":49,"column":38}},"22":{"start":{"line":50,"column":8},"end":{"line":59,"column":9}},"23":{"start":{"line":51,"column":24},"end":{"line":53,"column":13}},"24":{"start":{"line":55,"column":12},"end":{"line":55,"column":34}},"25":{"start":{"line":58,"column":12},"end":{"line":58,"column":29}},"26":{"start":{"line":66,"column":19},"end":{"line":66,"column":34}},"27":{"start":{"line":67,"column":4},"end":{"line":75,"column":5}},"28":{"start":{"line":69,"column":8},"end":{"line":72,"column":10}},"29":{"start":{"line":74,"column":8},"end":{"line":74,"column":25}},"30":{"start":{"line":80,"column":19},"end":{"line":80,"column":34}},"31":{"start":{"line":81,"column":4},"end":{"line":90,"column":5}},"32":{"start":{"line":83,"column":8},"end":{"line":86,"column":10}},"33":{"start":{"line":89,"column":8},"end":{"line":89,"column":25}},"34":{"start":{"line":95,"column":0},"end":{"line":101,"column":1}}},"fnMap":{"0":{"name":"connect","decl":{"start":{"line":4,"column":15},"end":{"line":4,"column":22}},"loc":{"start":{"line":4,"column":25},"end":{"line":25,"column":1}},"line":4},"1":{"name":"SelectSintomas","decl":{"start":{"line":29,"column":15},"end":{"line":29,"column":29}},"loc":{"start":{"line":29,"column":32},"end":{"line":34,"column":1}},"line":29},"2":{"name":"SelectUserByEmail","decl":{"start":{"line":37,"column":15},"end":{"line":37,"column":32}},"loc":{"start":{"line":37,"column":40},"end":{"line":45,"column":1}},"line":37},"3":{"name":"InsertUser","decl":{"start":{"line":47,"column":15},"end":{"line":47,"column":25}},"loc":{"start":{"line":47,"column":49},"end":{"line":61,"column":1}},"line":47},"4":{"name":"InsertPaciente","decl":{"start":{"line":64,"column":15},"end":{"line":64,"column":29}},"loc":{"start":{"line":64,"column":67},"end":{"line":76,"column":1}},"line":64},"5":{"name":"InsertMedico","decl":{"start":{"line":79,"column":15},"end":{"line":79,"column":27}},"loc":{"start":{"line":79,"column":70},"end":{"line":92,"column":1}},"line":79}},"branchMap":{"0":{"loc":{"start":{"line":6,"column":4},"end":{"line":7,"column":43}},"type":"if","locations":[{"start":{"line":6,"column":4},"end":{"line":7,"column":43}},{"start":{},"end":{}}],"line":6}},"s":{"0":0,"1":0,"2":0,"3":0,"4":0,"5":0,"6":0,"7":0,"8":0,"9":0,"10":0,"11":0,"12":0,"13":0,"14":0,"15":0,"16":0,"17":0,"18":0,"19":0,"20":0,"21":0,"22":0,"23":0,"24":0,"25":0,"26":0,"27":0,"28":0,"29":0,"30":0,"31":0,"32":0,"33":0,"34":0},"f":{"0":0,"1":0,"2":0,"3":0,"4":0,"5":0},"b":{"0":[0,0]},"inputSourceMap":null}
,"C:\\Users\\gabri\\Desktop\\dialyhome-demoday\\backend\\src\\controllers\\adminController.js": {"path":"C:\\Users\\gabri\\Desktop\\dialyhome-demoday\\backend\\src\\controllers\\adminController.js","statementMap":{"0":{"start":{"line":2,"column":11},"end":{"line":2,"column":40}},"1":{"start":{"line":3,"column":15},"end":{"line":3,"column":32}},"2":{"start":{"line":5,"column":24},"end":{"line":906,"column":1}},"3":{"start":{"line":8,"column":4},"end":{"line":79,"column":5}},"4":{"start":{"line":10,"column":25},"end":{"line":17,"column":8}},"5":{"start":{"line":20,"column":28},"end":{"line":26,"column":8}},"6":{"start":{"line":29,"column":29},"end":{"line":37,"column":8}},"7":{"start":{"line":40,"column":27},"end":{"line":45,"column":8}},"8":{"start":{"line":48,"column":29},"end":{"line":58,"column":8}},"9":{"start":{"line":61,"column":27},"end":{"line":61,"column":31}},"10":{"start":{"line":63,"column":6},"end":{"line":75,"column":9}},"11":{"start":{"line":64,"column":57},"end":{"line":64,"column":82}},"12":{"start":{"line":65,"column":58},"end":{"line":65,"column":84}},"13":{"start":{"line":66,"column":49},"end":{"line":66,"column":78}},"14":{"start":{"line":67,"column":48},"end":{"line":67,"column":75}},"15":{"start":{"line":77,"column":6},"end":{"line":77,"column":59}},"16":{"start":{"line":78,"column":6},"end":{"line":78,"column":82}},"17":{"start":{"line":84,"column":4},"end":{"line":154,"column":5}},"18":{"start":{"line":85,"column":53},"end":{"line":85,"column":62}},"19":{"start":{"line":86,"column":21},"end":{"line":86,"column":39}},"20":{"start":{"line":88,"column":18},"end":{"line":105,"column":7}},"21":{"start":{"line":107,"column":21},"end":{"line":107,"column":23}},"22":{"start":{"line":108,"column":23},"end":{"line":108,"column":24}},"23":{"start":{"line":110,"column":6},"end":{"line":114,"column":7}},"24":{"start":{"line":111,"column":8},"end":{"line":111,"column":56}},"25":{"start":{"line":112,"column":8},"end":{"line":112,"column":26}},"26":{"start":{"line":113,"column":8},"end":{"line":113,"column":21}},"27":{"start":{"line":116,"column":6},"end":{"line":120,"column":7}},"28":{"start":{"line":117,"column":8},"end":{"line":117,"column":86}},"29":{"start":{"line":118,"column":8},"end":{"line":118,"column":35}},"30":{"start":{"line":119,"column":8},"end":{"line":119,"column":21}},"31":{"start":{"line":122,"column":6},"end":{"line":122,"column":94}},"32":{"start":{"line":123,"column":6},"end":{"line":123,"column":33}},"33":{"start":{"line":125,"column":21},"end":{"line":125,"column":50}},"34":{"start":{"line":128,"column":23},"end":{"line":128,"column":64}},"35":{"start":{"line":129,"column":26},"end":{"line":129,"column":28}},"36":{"start":{"line":130,"column":23},"end":{"line":130,"column":24}},"37":{"start":{"line":132,"column":6},"end":{"line":136,"column":7}},"38":{"start":{"line":133,"column":8},"end":{"line":133,"column":59}},"39":{"start":{"line":134,"column":8},"end":{"line":134,"column":31}},"40":{"start":{"line":135,"column":8},"end":{"line":135,"column":21}},"41":{"start":{"line":138,"column":6},"end":{"line":141,"column":7}},"42":{"start":{"line":139,"column":8},"end":{"line":139,"column":87}},"43":{"start":{"line":140,"column":8},"end":{"line":140,"column":40}},"44":{"start":{"line":143,"column":26},"end":{"line":143,"column":65}},"45":{"start":{"line":145,"column":6},"end":{"line":150,"column":9}},"46":{"start":{"line":152,"column":6},"end":{"line":152,"column":55}},"47":{"start":{"line":153,"column":6},"end":{"line":153,"column":65}},"48":{"start":{"line":158,"column":4},"end":{"line":181,"column":5}},"49":{"start":{"line":159,"column":21},"end":{"line":159,"column":31}},"50":{"start":{"line":161,"column":21},"end":{"line":171,"column":14}},"51":{"start":{"line":173,"column":6},"end":{"line":175,"column":7}},"52":{"start":{"line":174,"column":8},"end":{"line":174,"column":73}},"53":{"start":{"line":177,"column":6},"end":{"line":177,"column":41}},"54":{"start":{"line":179,"column":6},"end":{"line":179,"column":54}},"55":{"start":{"line":180,"column":6},"end":{"line":180,"column":64}},"56":{"start":{"line":185,"column":4},"end":{"line":261,"column":5}},"57":{"start":{"line":186,"column":65},"end":{"line":186,"column":73}},"58":{"start":{"line":189,"column":6},"end":{"line":191,"column":7}},"59":{"start":{"line":190,"column":8},"end":{"line":190,"column":78}},"60":{"start":{"line":194,"column":26},"end":{"line":197,"column":7}},"61":{"start":{"line":199,"column":6},"end":{"line":201,"column":7}},"62":{"start":{"line":200,"column":8},"end":{"line":200,"column":70}},"63":{"start":{"line":204,"column":29},"end":{"line":204,"column":57}},"64":{"start":{"line":207,"column":25},"end":{"line":212,"column":7}},"65":{"start":{"line":214,"column":21},"end":{"line":214,"column":42}},"66":{"start":{"line":217,"column":6},"end":{"line":245,"column":7}},"67":{"start":{"line":218,"column":8},"end":{"line":233,"column":10}},"68":{"start":{"line":234,"column":13},"end":{"line":245,"column":7}},"69":{"start":{"line":235,"column":8},"end":{"line":244,"column":10}},"70":{"start":{"line":248,"column":6},"end":{"line":252,"column":8}},"71":{"start":{"line":254,"column":6},"end":{"line":257,"column":9}},"72":{"start":{"line":259,"column":6},"end":{"line":259,"column":53}},"73":{"start":{"line":260,"column":6},"end":{"line":260,"column":63}},"74":{"start":{"line":265,"column":4},"end":{"line":334,"column":5}},"75":{"start":{"line":266,"column":21},"end":{"line":266,"column":31}},"76":{"start":{"line":267,"column":51},"end":{"line":267,"column":59}},"77":{"start":{"line":270,"column":26},"end":{"line":270,"column":86}},"78":{"start":{"line":272,"column":6},"end":{"line":274,"column":7}},"79":{"start":{"line":273,"column":8},"end":{"line":273,"column":73}},"80":{"start":{"line":277,"column":21},"end":{"line":285,"column":7}},"81":{"start":{"line":287,"column":19},"end":{"line":287,"column":33}},"82":{"start":{"line":290,"column":6},"end":{"line":321,"column":7}},"83":{"start":{"line":291,"column":8},"end":{"line":311,"column":10}},"84":{"start":{"line":312,"column":13},"end":{"line":321,"column":7}},"85":{"start":{"line":313,"column":8},"end":{"line":320,"column":10}},"86":{"start":{"line":324,"column":6},"end":{"line":328,"column":8}},"87":{"start":{"line":330,"column":6},"end":{"line":330,"column":84}},"88":{"start":{"line":332,"column":6},"end":{"line":332,"column":57}},"89":{"start":{"line":333,"column":6},"end":{"line":333,"column":67}},"90":{"start":{"line":338,"column":4},"end":{"line":362,"column":5}},"91":{"start":{"line":339,"column":21},"end":{"line":339,"column":31}},"92":{"start":{"line":342,"column":21},"end":{"line":345,"column":7}},"93":{"start":{"line":347,"column":6},"end":{"line":349,"column":7}},"94":{"start":{"line":348,"column":8},"end":{"line":348,"column":73}},"95":{"start":{"line":352,"column":6},"end":{"line":356,"column":8}},"96":{"start":{"line":358,"column":6},"end":{"line":358,"column":61}},"97":{"start":{"line":360,"column":6},"end":{"line":360,"column":55}},"98":{"start":{"line":361,"column":6},"end":{"line":361,"column":65}},"99":{"start":{"line":367,"column":4},"end":{"line":410,"column":5}},"100":{"start":{"line":369,"column":21},"end":{"line":386,"column":8}},"101":{"start":{"line":389,"column":22},"end":{"line":401,"column":8}},"102":{"start":{"line":403,"column":6},"end":{"line":406,"column":9}},"103":{"start":{"line":408,"column":6},"end":{"line":408,"column":55}},"104":{"start":{"line":409,"column":6},"end":{"line":409,"column":81}},"105":{"start":{"line":459,"column":4},"end":{"line":491,"column":5}},"106":{"start":{"line":460,"column":41},"end":{"line":460,"column":49}},"107":{"start":{"line":462,"column":6},"end":{"line":464,"column":7}},"108":{"start":{"line":463,"column":8},"end":{"line":463,"column":79}},"109":{"start":{"line":467,"column":21},"end":{"line":473,"column":7}},"110":{"start":{"line":475,"column":6},"end":{"line":477,"column":7}},"111":{"start":{"line":476,"column":8},"end":{"line":476,"column":74}},"112":{"start":{"line":480,"column":6},"end":{"line":484,"column":8}},"113":{"start":{"line":486,"column":21},"end":{"line":486,"column":61}},"114":{"start":{"line":487,"column":6},"end":{"line":487,"column":60}},"115":{"start":{"line":489,"column":6},"end":{"line":489,"column":55}},"116":{"start":{"line":490,"column":6},"end":{"line":490,"column":77}},"117":{"start":{"line":496,"column":4},"end":{"line":545,"column":5}},"118":{"start":{"line":497,"column":61},"end":{"line":497,"column":70}},"119":{"start":{"line":498,"column":21},"end":{"line":498,"column":39}},"120":{"start":{"line":500,"column":18},"end":{"line":515,"column":7}},"121":{"start":{"line":517,"column":21},"end":{"line":517,"column":23}},"122":{"start":{"line":518,"column":23},"end":{"line":518,"column":24}},"123":{"start":{"line":520,"column":6},"end":{"line":524,"column":7}},"124":{"start":{"line":521,"column":8},"end":{"line":521,"column":55}},"125":{"start":{"line":522,"column":8},"end":{"line":522,"column":32}},"126":{"start":{"line":523,"column":8},"end":{"line":523,"column":21}},"127":{"start":{"line":526,"column":6},"end":{"line":530,"column":7}},"128":{"start":{"line":527,"column":8},"end":{"line":527,"column":53}},"129":{"start":{"line":528,"column":8},"end":{"line":528,"column":30}},"130":{"start":{"line":529,"column":8},"end":{"line":529,"column":21}},"131":{"start":{"line":532,"column":6},"end":{"line":532,"column":96}},"132":{"start":{"line":533,"column":6},"end":{"line":533,"column":33}},"133":{"start":{"line":535,"column":21},"end":{"line":535,"column":50}},"134":{"start":{"line":537,"column":6},"end":{"line":541,"column":9}},"135":{"start":{"line":543,"column":6},"end":{"line":543,"column":51}},"136":{"start":{"line":544,"column":6},"end":{"line":544,"column":74}},"137":{"start":{"line":550,"column":4},"end":{"line":587,"column":5}},"138":{"start":{"line":551,"column":46},"end":{"line":551,"column":55}},"139":{"start":{"line":552,"column":21},"end":{"line":552,"column":23}},"140":{"start":{"line":554,"column":6},"end":{"line":564,"column":7}},"141":{"start":{"line":555,"column":28},"end":{"line":562,"column":10}},"142":{"start":{"line":563,"column":8},"end":{"line":563,"column":43}},"143":{"start":{"line":566,"column":6},"end":{"line":581,"column":7}},"144":{"start":{"line":567,"column":31},"end":{"line":579,"column":35}},"145":{"start":{"line":580,"column":8},"end":{"line":580,"column":45}},"146":{"start":{"line":583,"column":6},"end":{"line":583,"column":27}},"147":{"start":{"line":585,"column":6},"end":{"line":585,"column":55}},"148":{"start":{"line":586,"column":6},"end":{"line":586,"column":65}},"149":{"start":{"line":592,"column":4},"end":{"line":608,"column":5}},"150":{"start":{"line":594,"column":26},"end":{"line":602,"column":7}},"151":{"start":{"line":604,"column":6},"end":{"line":604,"column":41}},"152":{"start":{"line":606,"column":6},"end":{"line":606,"column":63}},"153":{"start":{"line":607,"column":6},"end":{"line":607,"column":73}},"154":{"start":{"line":612,"column":4},"end":{"line":627,"column":5}},"155":{"start":{"line":617,"column":6},"end":{"line":621,"column":8}},"156":{"start":{"line":623,"column":6},"end":{"line":623,"column":59}},"157":{"start":{"line":625,"column":6},"end":{"line":625,"column":54}},"158":{"start":{"line":626,"column":6},"end":{"line":626,"column":64}},"159":{"start":{"line":631,"column":4},"end":{"line":649,"column":5}},"160":{"start":{"line":632,"column":28},"end":{"line":632,"column":37}},"161":{"start":{"line":634,"column":21},"end":{"line":643,"column":8}},"162":{"start":{"line":645,"column":6},"end":{"line":645,"column":38}},"163":{"start":{"line":647,"column":6},"end":{"line":647,"column":70}},"164":{"start":{"line":648,"column":6},"end":{"line":648,"column":77}},"165":{"start":{"line":654,"column":4},"end":{"line":673,"column":5}},"166":{"start":{"line":655,"column":21},"end":{"line":667,"column":8}},"167":{"start":{"line":669,"column":6},"end":{"line":669,"column":38}},"168":{"start":{"line":671,"column":6},"end":{"line":671,"column":64}},"169":{"start":{"line":672,"column":6},"end":{"line":672,"column":86}},"170":{"start":{"line":678,"column":4},"end":{"line":696,"column":5}},"171":{"start":{"line":679,"column":21},"end":{"line":690,"column":8}},"172":{"start":{"line":692,"column":6},"end":{"line":692,"column":38}},"173":{"start":{"line":694,"column":6},"end":{"line":694,"column":61}},"174":{"start":{"line":695,"column":6},"end":{"line":695,"column":82}},"175":{"start":{"line":701,"column":4},"end":{"line":725,"column":5}},"176":{"start":{"line":702,"column":21},"end":{"line":719,"column":8}},"177":{"start":{"line":721,"column":6},"end":{"line":721,"column":38}},"178":{"start":{"line":723,"column":6},"end":{"line":723,"column":62}},"179":{"start":{"line":724,"column":6},"end":{"line":724,"column":77}},"180":{"start":{"line":730,"column":4},"end":{"line":755,"column":5}},"181":{"start":{"line":731,"column":21},"end":{"line":749,"column":8}},"182":{"start":{"line":751,"column":6},"end":{"line":751,"column":38}},"183":{"start":{"line":753,"column":6},"end":{"line":753,"column":67}},"184":{"start":{"line":754,"column":6},"end":{"line":754,"column":71}},"185":{"start":{"line":760,"column":4},"end":{"line":788,"column":5}},"186":{"start":{"line":761,"column":21},"end":{"line":782,"column":8}},"187":{"start":{"line":784,"column":6},"end":{"line":784,"column":38}},"188":{"start":{"line":786,"column":6},"end":{"line":786,"column":65}},"189":{"start":{"line":787,"column":6},"end":{"line":787,"column":84}},"190":{"start":{"line":793,"column":4},"end":{"line":812,"column":5}},"191":{"start":{"line":794,"column":21},"end":{"line":806,"column":8}},"192":{"start":{"line":808,"column":6},"end":{"line":808,"column":38}},"193":{"start":{"line":810,"column":6},"end":{"line":810,"column":62}},"194":{"start":{"line":811,"column":6},"end":{"line":811,"column":84}},"195":{"start":{"line":817,"column":4},"end":{"line":904,"column":5}},"196":{"start":{"line":818,"column":23},"end":{"line":818,"column":25}},"197":{"start":{"line":821,"column":31},"end":{"line":828,"column":8}},"198":{"start":{"line":830,"column":6},"end":{"line":837,"column":7}},"199":{"start":{"line":831,"column":8},"end":{"line":836,"column":11}},"200":{"start":{"line":840,"column":32},"end":{"line":851,"column":8}},"201":{"start":{"line":853,"column":6},"end":{"line":860,"column":7}},"202":{"start":{"line":854,"column":8},"end":{"line":859,"column":11}},"203":{"start":{"line":863,"column":25},"end":{"line":869,"column":8}},"204":{"start":{"line":871,"column":27},"end":{"line":871,"column":65}},"205":{"start":{"line":872,"column":28},"end":{"line":872,"column":69}},"206":{"start":{"line":874,"column":6},"end":{"line":881,"column":7}},"207":{"start":{"line":875,"column":8},"end":{"line":880,"column":11}},"208":{"start":{"line":884,"column":33},"end":{"line":889,"column":8}},"209":{"start":{"line":891,"column":6},"end":{"line":898,"column":7}},"210":{"start":{"line":892,"column":8},"end":{"line":897,"column":11}},"211":{"start":{"line":900,"column":6},"end":{"line":900,"column":29}},"212":{"start":{"line":902,"column":6},"end":{"line":902,"column":55}},"213":{"start":{"line":903,"column":6},"end":{"line":903,"column":76}},"214":{"start":{"line":908,"column":0},"end":{"line":908,"column":33}}},"fnMap":{"0":{"name":"(anonymous_0)","decl":{"start":{"line":7,"column":21},"end":{"line":7,"column":22}},"loc":{"start":{"line":7,"column":41},"end":{"line":80,"column":3}},"line":7},"1":{"name":"(anonymous_1)","decl":{"start":{"line":64,"column":43},"end":{"line":64,"column":44}},"loc":{"start":{"line":64,"column":57},"end":{"line":64,"column":82}},"line":64},"2":{"name":"(anonymous_2)","decl":{"start":{"line":65,"column":44},"end":{"line":65,"column":45}},"loc":{"start":{"line":65,"column":58},"end":{"line":65,"column":84}},"line":65},"3":{"name":"(anonymous_3)","decl":{"start":{"line":66,"column":44},"end":{"line":66,"column":45}},"loc":{"start":{"line":66,"column":49},"end":{"line":66,"column":78}},"line":66},"4":{"name":"(anonymous_4)","decl":{"start":{"line":67,"column":43},"end":{"line":67,"column":44}},"loc":{"start":{"line":67,"column":48},"end":{"line":67,"column":75}},"line":67},"5":{"name":"(anonymous_5)","decl":{"start":{"line":83,"column":15},"end":{"line":83,"column":16}},"loc":{"start":{"line":83,"column":35},"end":{"line":155,"column":3}},"line":83},"6":{"name":"(anonymous_6)","decl":{"start":{"line":157,"column":15},"end":{"line":157,"column":16}},"loc":{"start":{"line":157,"column":35},"end":{"line":182,"column":3}},"line":157},"7":{"name":"(anonymous_7)","decl":{"start":{"line":184,"column":14},"end":{"line":184,"column":15}},"loc":{"start":{"line":184,"column":34},"end":{"line":262,"column":3}},"line":184},"8":{"name":"(anonymous_8)","decl":{"start":{"line":264,"column":14},"end":{"line":264,"column":15}},"loc":{"start":{"line":264,"column":34},"end":{"line":335,"column":3}},"line":264},"9":{"name":"(anonymous_9)","decl":{"start":{"line":337,"column":14},"end":{"line":337,"column":15}},"loc":{"start":{"line":337,"column":34},"end":{"line":363,"column":3}},"line":337},"10":{"name":"(anonymous_10)","decl":{"start":{"line":366,"column":31},"end":{"line":366,"column":32}},"loc":{"start":{"line":366,"column":51},"end":{"line":411,"column":3}},"line":366},"11":{"name":"(anonymous_11)","decl":{"start":{"line":458,"column":25},"end":{"line":458,"column":26}},"loc":{"start":{"line":458,"column":45},"end":{"line":492,"column":3}},"line":458},"12":{"name":"(anonymous_12)","decl":{"start":{"line":495,"column":16},"end":{"line":495,"column":17}},"loc":{"start":{"line":495,"column":36},"end":{"line":546,"column":3}},"line":495},"13":{"name":"(anonymous_13)","decl":{"start":{"line":549,"column":20},"end":{"line":549,"column":21}},"loc":{"start":{"line":549,"column":40},"end":{"line":588,"column":3}},"line":549},"14":{"name":"(anonymous_14)","decl":{"start":{"line":591,"column":19},"end":{"line":591,"column":20}},"loc":{"start":{"line":591,"column":39},"end":{"line":609,"column":3}},"line":591},"15":{"name":"(anonymous_15)","decl":{"start":{"line":611,"column":17},"end":{"line":611,"column":18}},"loc":{"start":{"line":611,"column":37},"end":{"line":628,"column":3}},"line":611},"16":{"name":"(anonymous_16)","decl":{"start":{"line":630,"column":21},"end":{"line":630,"column":22}},"loc":{"start":{"line":630,"column":41},"end":{"line":650,"column":3}},"line":630},"17":{"name":"(anonymous_17)","decl":{"start":{"line":653,"column":21},"end":{"line":653,"column":22}},"loc":{"start":{"line":653,"column":41},"end":{"line":674,"column":3}},"line":653},"18":{"name":"(anonymous_18)","decl":{"start":{"line":677,"column":28},"end":{"line":677,"column":29}},"loc":{"start":{"line":677,"column":48},"end":{"line":697,"column":3}},"line":677},"19":{"name":"(anonymous_19)","decl":{"start":{"line":700,"column":21},"end":{"line":700,"column":22}},"loc":{"start":{"line":700,"column":41},"end":{"line":726,"column":3}},"line":700},"20":{"name":"(anonymous_20)","decl":{"start":{"line":729,"column":25},"end":{"line":729,"column":26}},"loc":{"start":{"line":729,"column":45},"end":{"line":756,"column":3}},"line":729},"21":{"name":"(anonymous_21)","decl":{"start":{"line":759,"column":28},"end":{"line":759,"column":29}},"loc":{"start":{"line":759,"column":48},"end":{"line":789,"column":3}},"line":759},"22":{"name":"(anonymous_22)","decl":{"start":{"line":792,"column":27},"end":{"line":792,"column":28}},"loc":{"start":{"line":792,"column":47},"end":{"line":813,"column":3}},"line":792},"23":{"name":"(anonymous_23)","decl":{"start":{"line":816,"column":21},"end":{"line":816,"column":22}},"loc":{"start":{"line":816,"column":41},"end":{"line":905,"column":3}},"line":816}},"branchMap":{"0":{"loc":{"start":{"line":66,"column":23},"end":{"line":66,"column":91}},"type":"binary-expr","locations":[{"start":{"line":66,"column":23},"end":{"line":66,"column":86}},{"start":{"line":66,"column":90},"end":{"line":66,"column":91}}],"line":66},"1":{"loc":{"start":{"line":67,"column":22},"end":{"line":67,"column":88}},"type":"binary-expr","locations":[{"start":{"line":67,"column":22},"end":{"line":67,"column":83}},{"start":{"line":67,"column":87},"end":{"line":67,"column":88}}],"line":67},"2":{"loc":{"start":{"line":68,"column":22},"end":{"line":68,"column":75}},"type":"binary-expr","locations":[{"start":{"line":68,"column":22},"end":{"line":68,"column":70}},{"start":{"line":68,"column":74},"end":{"line":68,"column":75}}],"line":68},"3":{"loc":{"start":{"line":69,"column":22},"end":{"line":69,"column":72}},"type":"binary-expr","locations":[{"start":{"line":69,"column":22},"end":{"line":69,"column":67}},{"start":{"line":69,"column":71},"end":{"line":69,"column":72}}],"line":69},"4":{"loc":{"start":{"line":85,"column":28},"end":{"line":85,"column":36}},"type":"default-arg","locations":[{"start":{"line":85,"column":35},"end":{"line":85,"column":36}}],"line":85},"5":{"loc":{"start":{"line":85,"column":38},"end":{"line":85,"column":48}},"type":"default-arg","locations":[{"start":{"line":85,"column":46},"end":{"line":85,"column":48}}],"line":85},"6":{"loc":{"start":{"line":110,"column":6},"end":{"line":114,"column":7}},"type":"if","locations":[{"start":{"line":110,"column":6},"end":{"line":114,"column":7}},{"start":{},"end":{}}],"line":110},"7":{"loc":{"start":{"line":116,"column":6},"end":{"line":120,"column":7}},"type":"if","locations":[{"start":{"line":116,"column":6},"end":{"line":120,"column":7}},{"start":{},"end":{}}],"line":116},"8":{"loc":{"start":{"line":132,"column":6},"end":{"line":136,"column":7}},"type":"if","locations":[{"start":{"line":132,"column":6},"end":{"line":136,"column":7}},{"start":{},"end":{}}],"line":132},"9":{"loc":{"start":{"line":138,"column":6},"end":{"line":141,"column":7}},"type":"if","locations":[{"start":{"line":138,"column":6},"end":{"line":141,"column":7}},{"start":{},"end":{}}],"line":138},"10":{"loc":{"start":{"line":173,"column":6},"end":{"line":175,"column":7}},"type":"if","locations":[{"start":{"line":173,"column":6},"end":{"line":175,"column":7}},{"start":{},"end":{}}],"line":173},"11":{"loc":{"start":{"line":189,"column":6},"end":{"line":191,"column":7}},"type":"if","locations":[{"start":{"line":189,"column":6},"end":{"line":191,"column":7}},{"start":{},"end":{}}],"line":189},"12":{"loc":{"start":{"line":189,"column":10},"end":{"line":189,"column":52}},"type":"binary-expr","locations":[{"start":{"line":189,"column":10},"end":{"line":189,"column":15}},{"start":{"line":189,"column":19},"end":{"line":189,"column":25}},{"start":{"line":189,"column":29},"end":{"line":189,"column":35}},{"start":{"line":189,"column":39},"end":{"line":189,"column":52}}],"line":189},"13":{"loc":{"start":{"line":199,"column":6},"end":{"line":201,"column":7}},"type":"if","locations":[{"start":{"line":199,"column":6},"end":{"line":201,"column":7}},{"start":{},"end":{}}],"line":199},"14":{"loc":{"start":{"line":217,"column":6},"end":{"line":245,"column":7}},"type":"if","locations":[{"start":{"line":217,"column":6},"end":{"line":245,"column":7}},{"start":{"line":234,"column":13},"end":{"line":245,"column":7}}],"line":217},"15":{"loc":{"start":{"line":225,"column":12},"end":{"line":225,"column":33}},"type":"binary-expr","locations":[{"start":{"line":225,"column":12},"end":{"line":225,"column":25}},{"start":{"line":225,"column":29},"end":{"line":225,"column":33}}],"line":225},"16":{"loc":{"start":{"line":226,"column":12},"end":{"line":226,"column":45}},"type":"binary-expr","locations":[{"start":{"line":226,"column":12},"end":{"line":226,"column":37}},{"start":{"line":226,"column":41},"end":{"line":226,"column":45}}],"line":226},"17":{"loc":{"start":{"line":227,"column":12},"end":{"line":227,"column":38}},"type":"binary-expr","locations":[{"start":{"line":227,"column":12},"end":{"line":227,"column":30}},{"start":{"line":227,"column":34},"end":{"line":227,"column":38}}],"line":227},"18":{"loc":{"start":{"line":228,"column":12},"end":{"line":228,"column":38}},"type":"binary-expr","locations":[{"start":{"line":228,"column":12},"end":{"line":228,"column":30}},{"start":{"line":228,"column":34},"end":{"line":228,"column":38}}],"line":228},"19":{"loc":{"start":{"line":229,"column":12},"end":{"line":229,"column":42}},"type":"binary-expr","locations":[{"start":{"line":229,"column":12},"end":{"line":229,"column":34}},{"start":{"line":229,"column":38},"end":{"line":229,"column":42}}],"line":229},"20":{"loc":{"start":{"line":230,"column":12},"end":{"line":230,"column":36}},"type":"binary-expr","locations":[{"start":{"line":230,"column":12},"end":{"line":230,"column":28}},{"start":{"line":230,"column":32},"end":{"line":230,"column":36}}],"line":230},"21":{"loc":{"start":{"line":231,"column":12},"end":{"line":231,"column":51}},"type":"binary-expr","locations":[{"start":{"line":231,"column":12},"end":{"line":231,"column":43}},{"start":{"line":231,"column":47},"end":{"line":231,"column":51}}],"line":231},"22":{"loc":{"start":{"line":234,"column":13},"end":{"line":245,"column":7}},"type":"if","locations":[{"start":{"line":234,"column":13},"end":{"line":245,"column":7}},{"start":{},"end":{}}],"line":234},"23":{"loc":{"start":{"line":240,"column":12},"end":{"line":240,"column":33}},"type":"binary-expr","locations":[{"start":{"line":240,"column":12},"end":{"line":240,"column":25}},{"start":{"line":240,"column":29},"end":{"line":240,"column":33}}],"line":240},"24":{"loc":{"start":{"line":241,"column":12},"end":{"line":241,"column":43}},"type":"binary-expr","locations":[{"start":{"line":241,"column":12},"end":{"line":241,"column":35}},{"start":{"line":241,"column":39},"end":{"line":241,"column":43}}],"line":241},"25":{"loc":{"start":{"line":242,"column":12},"end":{"line":242,"column":46}},"type":"binary-expr","locations":[{"start":{"line":242,"column":12},"end":{"line":242,"column":38}},{"start":{"line":242,"column":42},"end":{"line":242,"column":46}}],"line":242},"26":{"loc":{"start":{"line":272,"column":6},"end":{"line":274,"column":7}},"type":"if","locations":[{"start":{"line":272,"column":6},"end":{"line":274,"column":7}},{"start":{},"end":{}}],"line":272},"27":{"loc":{"start":{"line":290,"column":6},"end":{"line":321,"column":7}},"type":"if","locations":[{"start":{"line":290,"column":6},"end":{"line":321,"column":7}},{"start":{"line":312,"column":13},"end":{"line":321,"column":7}}],"line":290},"28":{"loc":{"start":{"line":290,"column":10},"end":{"line":290,"column":79}},"type":"binary-expr","locations":[{"start":{"line":290,"column":10},"end":{"line":290,"column":42}},{"start":{"line":290,"column":46},"end":{"line":290,"column":79}}],"line":290},"29":{"loc":{"start":{"line":312,"column":13},"end":{"line":321,"column":7}},"type":"if","locations":[{"start":{"line":312,"column":13},"end":{"line":321,"column":7}},{"start":{},"end":{}}],"line":312},"30":{"loc":{"start":{"line":312,"column":17},"end":{"line":312,"column":84}},"type":"binary-expr","locations":[{"start":{"line":312,"column":17},"end":{"line":312,"column":47}},{"start":{"line":312,"column":51},"end":{"line":312,"column":84}}],"line":312},"31":{"loc":{"start":{"line":347,"column":6},"end":{"line":349,"column":7}},"type":"if","locations":[{"start":{"line":347,"column":6},"end":{"line":349,"column":7}},{"start":{},"end":{}}],"line":347},"32":{"loc":{"start":{"line":462,"column":6},"end":{"line":464,"column":7}},"type":"if","locations":[{"start":{"line":462,"column":6},"end":{"line":464,"column":7}},{"start":{},"end":{}}],"line":462},"33":{"loc":{"start":{"line":472,"column":9},"end":{"line":472,"column":26}},"type":"binary-expr","locations":[{"start":{"line":472,"column":9},"end":{"line":472,"column":18}},{"start":{"line":472,"column":22},"end":{"line":472,"column":26}}],"line":472},"34":{"loc":{"start":{"line":475,"column":6},"end":{"line":477,"column":7}},"type":"if","locations":[{"start":{"line":475,"column":6},"end":{"line":477,"column":7}},{"start":{},"end":{}}],"line":475},"35":{"loc":{"start":{"line":486,"column":21},"end":{"line":486,"column":61}},"type":"cond-expr","locations":[{"start":{"line":486,"column":33},"end":{"line":486,"column":44}},{"start":{"line":486,"column":47},"end":{"line":486,"column":61}}],"line":486},"36":{"loc":{"start":{"line":497,"column":14},"end":{"line":497,"column":22}},"type":"default-arg","locations":[{"start":{"line":497,"column":21},"end":{"line":497,"column":22}}],"line":497},"37":{"loc":{"start":{"line":497,"column":24},"end":{"line":497,"column":34}},"type":"default-arg","locations":[{"start":{"line":497,"column":32},"end":{"line":497,"column":34}}],"line":497},"38":{"loc":{"start":{"line":520,"column":6},"end":{"line":524,"column":7}},"type":"if","locations":[{"start":{"line":520,"column":6},"end":{"line":524,"column":7}},{"start":{},"end":{}}],"line":520},"39":{"loc":{"start":{"line":526,"column":6},"end":{"line":530,"column":7}},"type":"if","locations":[{"start":{"line":526,"column":6},"end":{"line":530,"column":7}},{"start":{},"end":{}}],"line":526},"40":{"loc":{"start":{"line":554,"column":6},"end":{"line":564,"column":7}},"type":"if","locations":[{"start":{"line":554,"column":6},"end":{"line":564,"column":7}},{"start":{},"end":{}}],"line":554},"41":{"loc":{"start":{"line":554,"column":10},"end":{"line":554,"column":38}},"type":"binary-expr","locations":[{"start":{"line":554,"column":10},"end":{"line":554,"column":29}},{"start":{"line":554,"column":33},"end":{"line":554,"column":38}}],"line":554},"42":{"loc":{"start":{"line":566,"column":6},"end":{"line":581,"column":7}},"type":"if","locations":[{"start":{"line":566,"column":6},"end":{"line":581,"column":7}},{"start":{},"end":{}}],"line":566},"43":{"loc":{"start":{"line":566,"column":10},"end":{"line":566,"column":37}},"type":"binary-expr","locations":[{"start":{"line":566,"column":10},"end":{"line":566,"column":28}},{"start":{"line":566,"column":32},"end":{"line":566,"column":37}}],"line":566},"44":{"loc":{"start":{"line":632,"column":14},"end":{"line":632,"column":23}},"type":"default-arg","locations":[{"start":{"line":632,"column":22},"end":{"line":632,"column":23}}],"line":632},"45":{"loc":{"start":{"line":830,"column":6},"end":{"line":837,"column":7}},"type":"if","locations":[{"start":{"line":830,"column":6},"end":{"line":837,"column":7}},{"start":{},"end":{}}],"line":830},"46":{"loc":{"start":{"line":853,"column":6},"end":{"line":860,"column":7}},"type":"if","locations":[{"start":{"line":853,"column":6},"end":{"line":860,"column":7}},{"start":{},"end":{}}],"line":853},"47":{"loc":{"start":{"line":874,"column":6},"end":{"line":881,"column":7}},"type":"if","locations":[{"start":{"line":874,"column":6},"end":{"line":881,"column":7}},{"start":{},"end":{}}],"line":874},"48":{"loc":{"start":{"line":891,"column":6},"end":{"line":898,"column":7}},"type":"if","locations":[{"start":{"line":891,"column":6},"end":{"line":898,"column":7}},{"start":{},"end":{}}],"line":891}},"s":{"0":2,"1":2,"2":2,"3":3,"4":3,"5":3,"6":3,"7":3,"8":3,"9":3,"10":3,"11":6,"12":6,"13":6,"14":6,"15":0,"16":0,"17":5,"18":5,"19":5,"20":5,"21":5,"22":5,"23":5,"24":2,"25":2,"26":2,"27":5,"28":1,"29":1,"30":1,"31":5,"32":5,"33":5,"34":5,"35":5,"36":5,"37":5,"38":2,"39":2,"40":2,"41":5,"42":1,"43":1,"44":5,"45":5,"46":0,"47":0,"48":2,"49":2,"50":2,"51":2,"52":1,"53":1,"54":0,"55":0,"56":9,"57":9,"58":9,"59":1,"60":8,"61":8,"62":1,"63":7,"64":7,"65":7,"66":7,"67":6,"68":1,"69":1,"70":7,"71":7,"72":0,"73":0,"74":5,"75":5,"76":5,"77":5,"78":5,"79":2,"80":3,"81":3,"82":3,"83":0,"84":3,"85":0,"86":3,"87":3,"88":0,"89":0,"90":4,"91":4,"92":4,"93":4,"94":2,"95":2,"96":2,"97":0,"98":0,"99":0,"100":0,"101":0,"102":0,"103":0,"104":0,"105":4,"106":4,"107":4,"108":1,"109":3,"110":2,"111":1,"112":1,"113":1,"114":1,"115":1,"116":1,"117":1,"118":1,"119":1,"120":1,"121":1,"122":1,"123":1,"124":0,"125":0,"126":0,"127":1,"128":0,"129":0,"130":0,"131":1,"132":1,"133":1,"134":1,"135":0,"136":0,"137":0,"138":0,"139":0,"140":0,"141":0,"142":0,"143":0,"144":0,"145":0,"146":0,"147":0,"148":0,"149":0,"150":0,"151":0,"152":0,"153":0,"154":0,"155":0,"156":0,"157":0,"158":0,"159":0,"160":0,"161":0,"162":0,"163":0,"164":0,"165":0,"166":0,"167":0,"168":0,"169":0,"170":0,"171":0,"172":0,"173":0,"174":0,"175":0,"176":0,"177":0,"178":0,"179":0,"180":0,"181":0,"182":0,"183":0,"184":0,"185":0,"186":0,"187":0,"188":0,"189":0,"190":0,"191":0,"192":0,"193":0,"194":0,"195":0,"196":0,"197":0,"198":0,"199":0,"200":0,"201":0,"202":0,"203":0,"204":0,"205":0,"206":0,"207":0,"208":0,"209":0,"210":0,"211":0,"212":0,"213":0,"214":2},"f":{"0":3,"1":6,"2":6,"3":6,"4":6,"5":5,"6":2,"7":9,"8":5,"9":4,"10":0,"11":4,"12":1,"13":0,"14":0,"15":0,"16":0,"17":0,"18":0,"19":0,"20":0,"21":0,"22":0,"23":0},"b":{"0":[3,0],"1":[3,3],"2":[3,3],"3":[3,3],"4":[2],"5":[2],"6":[2,3],"7":[1,4],"8":[2,3],"9":[1,4],"10":[1,1],"11":[1,8],"12":[9,9,8,8],"13":[1,7],"14":[6,1],"15":[6,4],"16":[6,4],"17":[6,5],"18":[6,6],"19":[6,6],"20":[6,6],"21":[6,6],"22":[1,0],"23":[1,0],"24":[1,0],"25":[1,1],"26":[2,3],"27":[0,3],"28":[3,1],"29":[0,3],"30":[3,0],"31":[2,2],"32":[1,3],"33":[3,1],"34":[1,1],"35":[0,1],"36":[0],"37":[0],"38":[0,1],"39":[0,1],"40":[0,0],"41":[0,0],"42":[0,0],"43":[0,0],"44":[0],"45":[0,0],"46":[0,0],"47":[0,0],"48":[0,0]},"inputSourceMap":null,"_coverageSchema":"1a1c01bbd47fc00a2c39e90264f33305004495a9","hash":"c4b3e1ac6523a1de8ff930286af3c6a2c6ac7e71"}
,"C:\\Users\\gabri\\Desktop\\dialyhome-demoday\\backend\\src\\controllers\\alertaDoMedicoController.js": {"path":"C:\\Users\\gabri\\Desktop\\dialyhome-demoday\\backend\\src\\controllers\\alertaDoMedicoController.js","statementMap":{"0":{"start":{"line":4,"column":11},"end":{"line":4,"column":40}},"1":{"start":{"line":5,"column":19},"end":{"line":5,"column":40}},"2":{"start":{"line":8,"column":20},"end":{"line":14,"column":2}},"3":{"start":{"line":17,"column":0},"end":{"line":23,"column":3}},"4":{"start":{"line":18,"column":2},"end":{"line":22,"column":3}},"5":{"start":{"line":19,"column":4},"end":{"line":19,"column":61}},"6":{"start":{"line":21,"column":4},"end":{"line":21,"column":58}},"7":{"start":{"line":29,"column":21},"end":{"line":205,"column":1}},"8":{"start":{"line":30,"column":2},"end":{"line":204,"column":3}},"9":{"start":{"line":31,"column":4},"end":{"line":31,"column":47}},"10":{"start":{"line":32,"column":4},"end":{"line":32,"column":35}},"11":{"start":{"line":33,"column":4},"end":{"line":33,"column":35}},"12":{"start":{"line":35,"column":45},"end":{"line":35,"column":53}},"13":{"start":{"line":36,"column":19},"end":{"line":36,"column":30}},"14":{"start":{"line":39,"column":4},"end":{"line":43,"column":5}},"15":{"start":{"line":40,"column":6},"end":{"line":42,"column":9}},"16":{"start":{"line":45,"column":4},"end":{"line":49,"column":5}},"17":{"start":{"line":46,"column":6},"end":{"line":48,"column":9}},"18":{"start":{"line":52,"column":23},"end":{"line":52,"column":51}},"19":{"start":{"line":53,"column":4},"end":{"line":57,"column":5}},"20":{"start":{"line":54,"column":6},"end":{"line":56,"column":9}},"21":{"start":{"line":60,"column":25},"end":{"line":66,"column":5}},"22":{"start":{"line":68,"column":4},"end":{"line":70,"column":5}},"23":{"start":{"line":69,"column":6},"end":{"line":69,"column":70}},"24":{"start":{"line":72,"column":19},"end":{"line":72,"column":39}},"25":{"start":{"line":73,"column":4},"end":{"line":73,"column":46}},"26":{"start":{"line":76,"column":27},"end":{"line":82,"column":5}},"27":{"start":{"line":84,"column":4},"end":{"line":86,"column":5}},"28":{"start":{"line":85,"column":6},"end":{"line":85,"column":72}},"29":{"start":{"line":88,"column":21},"end":{"line":88,"column":43}},"30":{"start":{"line":89,"column":4},"end":{"line":89,"column":50}},"31":{"start":{"line":92,"column":26},"end":{"line":95,"column":5}},"32":{"start":{"line":97,"column":4},"end":{"line":101,"column":5}},"33":{"start":{"line":98,"column":6},"end":{"line":100,"column":9}},"34":{"start":{"line":104,"column":31},"end":{"line":110,"column":31}},"35":{"start":{"line":113,"column":30},"end":{"line":129,"column":5}},"36":{"start":{"line":131,"column":24},"end":{"line":131,"column":49}},"37":{"start":{"line":132,"column":4},"end":{"line":132,"column":52}},"38":{"start":{"line":135,"column":25},"end":{"line":141,"column":6}},"39":{"start":{"line":143,"column":24},"end":{"line":152,"column":5}},"40":{"start":{"line":155,"column":23},"end":{"line":155,"column":28}},"41":{"start":{"line":156,"column":4},"end":{"line":163,"column":5}},"42":{"start":{"line":157,"column":19},"end":{"line":157,"column":58}},"43":{"start":{"line":158,"column":6},"end":{"line":158,"column":55}},"44":{"start":{"line":159,"column":6},"end":{"line":159,"column":26}},"45":{"start":{"line":161,"column":6},"end":{"line":161,"column":59}},"46":{"start":{"line":166,"column":4},"end":{"line":187,"column":6}},"47":{"start":{"line":189,"column":4},"end":{"line":196,"column":7}},"48":{"start":{"line":199,"column":4},"end":{"line":199,"column":53}},"49":{"start":{"line":200,"column":4},"end":{"line":203,"column":7}},"50":{"start":{"line":211,"column":30},"end":{"line":293,"column":1}},"51":{"start":{"line":212,"column":2},"end":{"line":292,"column":3}},"52":{"start":{"line":213,"column":19},"end":{"line":213,"column":30}},"53":{"start":{"line":214,"column":53},"end":{"line":214,"column":62}},"54":{"start":{"line":215,"column":19},"end":{"line":215,"column":60}},"55":{"start":{"line":218,"column":25},"end":{"line":221,"column":5}},"56":{"start":{"line":223,"column":4},"end":{"line":225,"column":5}},"57":{"start":{"line":224,"column":6},"end":{"line":224,"column":70}},"58":{"start":{"line":227,"column":21},"end":{"line":227,"column":44}},"59":{"start":{"line":230,"column":16},"end":{"line":246,"column":5}},"60":{"start":{"line":248,"column":19},"end":{"line":248,"column":29}},"61":{"start":{"line":250,"column":4},"end":{"line":253,"column":5}},"62":{"start":{"line":251,"column":6},"end":{"line":251,"column":51}},"63":{"start":{"line":252,"column":6},"end":{"line":252,"column":31}},"64":{"start":{"line":255,"column":4},"end":{"line":255,"column":102}},"65":{"start":{"line":256,"column":4},"end":{"line":256,"column":42}},"66":{"start":{"line":258,"column":19},"end":{"line":258,"column":48}},"67":{"start":{"line":261,"column":21},"end":{"line":268,"column":5}},"68":{"start":{"line":270,"column":24},"end":{"line":270,"column":34}},"69":{"start":{"line":271,"column":4},"end":{"line":274,"column":5}},"70":{"start":{"line":272,"column":6},"end":{"line":272,"column":37}},"71":{"start":{"line":273,"column":6},"end":{"line":273,"column":36}},"72":{"start":{"line":276,"column":24},"end":{"line":276,"column":63}},"73":{"start":{"line":277,"column":18},"end":{"line":277,"column":53}},"74":{"start":{"line":279,"column":4},"end":{"line":287,"column":7}},"75":{"start":{"line":290,"column":4},"end":{"line":290,"column":52}},"76":{"start":{"line":291,"column":4},"end":{"line":291,"column":62}},"77":{"start":{"line":299,"column":21},"end":{"line":335,"column":1}},"78":{"start":{"line":300,"column":2},"end":{"line":334,"column":3}},"79":{"start":{"line":301,"column":19},"end":{"line":301,"column":30}},"80":{"start":{"line":302,"column":21},"end":{"line":302,"column":34}},"81":{"start":{"line":304,"column":19},"end":{"line":323,"column":5}},"82":{"start":{"line":325,"column":4},"end":{"line":327,"column":5}},"83":{"start":{"line":326,"column":6},"end":{"line":326,"column":70}},"84":{"start":{"line":329,"column":4},"end":{"line":329,"column":41}},"85":{"start":{"line":332,"column":4},"end":{"line":332,"column":51}},"86":{"start":{"line":333,"column":4},"end":{"line":333,"column":61}},"87":{"start":{"line":341,"column":26},"end":{"line":400,"column":1}},"88":{"start":{"line":342,"column":2},"end":{"line":399,"column":3}},"89":{"start":{"line":343,"column":19},"end":{"line":343,"column":30}},"90":{"start":{"line":344,"column":38},"end":{"line":344,"column":47}},"91":{"start":{"line":347,"column":25},"end":{"line":350,"column":5}},"92":{"start":{"line":352,"column":4},"end":{"line":354,"column":5}},"93":{"start":{"line":353,"column":6},"end":{"line":353,"column":70}},"94":{"start":{"line":356,"column":21},"end":{"line":356,"column":44}},"95":{"start":{"line":358,"column":16},"end":{"line":368,"column":5}},"96":{"start":{"line":370,"column":19},"end":{"line":370,"column":29}},"97":{"start":{"line":372,"column":4},"end":{"line":375,"column":5}},"98":{"start":{"line":373,"column":6},"end":{"line":373,"column":62}},"99":{"start":{"line":374,"column":6},"end":{"line":374,"column":31}},"100":{"start":{"line":377,"column":4},"end":{"line":380,"column":5}},"101":{"start":{"line":378,"column":6},"end":{"line":378,"column":62}},"102":{"start":{"line":379,"column":6},"end":{"line":379,"column":28}},"103":{"start":{"line":382,"column":19},"end":{"line":382,"column":48}},"104":{"start":{"line":383,"column":18},"end":{"line":383,"column":32}},"105":{"start":{"line":385,"column":18},"end":{"line":385,"column":44}},"106":{"start":{"line":386,"column":18},"end":{"line":386,"column":44}},"107":{"start":{"line":387,"column":21},"end":{"line":387,"column":51}},"108":{"start":{"line":389,"column":4},"end":{"line":394,"column":7}},"109":{"start":{"line":397,"column":4},"end":{"line":397,"column":56}},"110":{"start":{"line":398,"column":4},"end":{"line":398,"column":67}},"111":{"start":{"line":406,"column":28},"end":{"line":406,"column":59}},"112":{"start":{"line":407,"column":22},"end":{"line":407,"column":73}},"113":{"start":{"line":409,"column":2},"end":{"line":551,"column":4}},"114":{"start":{"line":558,"column":2},"end":{"line":575,"column":4}},"115":{"start":{"line":578,"column":0},"end":{"line":583,"column":2}}},"fnMap":{"0":{"name":"(anonymous_0)","decl":{"start":{"line":17,"column":19},"end":{"line":17,"column":20}},"loc":{"start":{"line":17,"column":39},"end":{"line":23,"column":1}},"line":17},"1":{"name":"(anonymous_1)","decl":{"start":{"line":29,"column":21},"end":{"line":29,"column":22}},"loc":{"start":{"line":29,"column":41},"end":{"line":205,"column":1}},"line":29},"2":{"name":"(anonymous_2)","decl":{"start":{"line":211,"column":30},"end":{"line":211,"column":31}},"loc":{"start":{"line":211,"column":50},"end":{"line":293,"column":1}},"line":211},"3":{"name":"(anonymous_3)","decl":{"start":{"line":299,"column":21},"end":{"line":299,"column":22}},"loc":{"start":{"line":299,"column":41},"end":{"line":335,"column":1}},"line":299},"4":{"name":"(anonymous_4)","decl":{"start":{"line":341,"column":26},"end":{"line":341,"column":27}},"loc":{"start":{"line":341,"column":46},"end":{"line":400,"column":1}},"line":341},"5":{"name":"criarTemplateEmail","decl":{"start":{"line":405,"column":9},"end":{"line":405,"column":27}},"loc":{"start":{"line":405,"column":88},"end":{"line":552,"column":1}},"line":405},"6":{"name":"criarTextoSimples","decl":{"start":{"line":557,"column":9},"end":{"line":557,"column":26}},"loc":{"start":{"line":557,"column":63},"end":{"line":576,"column":1}},"line":557}},"branchMap":{"0":{"loc":{"start":{"line":18,"column":2},"end":{"line":22,"column":3}},"type":"if","locations":[{"start":{"line":18,"column":2},"end":{"line":22,"column":3}},{"start":{"line":20,"column":9},"end":{"line":22,"column":3}}],"line":18},"1":{"loc":{"start":{"line":39,"column":4},"end":{"line":43,"column":5}},"type":"if","locations":[{"start":{"line":39,"column":4},"end":{"line":43,"column":5}},{"start":{},"end":{}}],"line":39},"2":{"loc":{"start":{"line":39,"column":8},"end":{"line":39,"column":43}},"type":"binary-expr","locations":[{"start":{"line":39,"column":8},"end":{"line":39,"column":20}},{"start":{"line":39,"column":24},"end":{"line":39,"column":33}},{"start":{"line":39,"column":37},"end":{"line":39,"column":43}}],"line":39},"3":{"loc":{"start":{"line":45,"column":4},"end":{"line":49,"column":5}},"type":"if","locations":[{"start":{"line":45,"column":4},"end":{"line":49,"column":5}},{"start":{},"end":{}}],"line":45},"4":{"loc":{"start":{"line":53,"column":4},"end":{"line":57,"column":5}},"type":"if","locations":[{"start":{"line":53,"column":4},"end":{"line":57,"column":5}},{"start":{},"end":{}}],"line":53},"5":{"loc":{"start":{"line":68,"column":4},"end":{"line":70,"column":5}},"type":"if","locations":[{"start":{"line":68,"column":4},"end":{"line":70,"column":5}},{"start":{},"end":{}}],"line":68},"6":{"loc":{"start":{"line":84,"column":4},"end":{"line":86,"column":5}},"type":"if","locations":[{"start":{"line":84,"column":4},"end":{"line":86,"column":5}},{"start":{},"end":{}}],"line":84},"7":{"loc":{"start":{"line":97,"column":4},"end":{"line":101,"column":5}},"type":"if","locations":[{"start":{"line":97,"column":4},"end":{"line":101,"column":5}},{"start":{},"end":{}}],"line":97},"8":{"loc":{"start":{"line":138,"column":21},"end":{"line":138,"column":57}},"type":"binary-expr","locations":[{"start":{"line":138,"column":21},"end":{"line":138,"column":41}},{"start":{"line":138,"column":45},"end":{"line":138,"column":57}}],"line":138},"9":{"loc":{"start":{"line":202,"column":15},"end":{"line":202,"column":81}},"type":"cond-expr","locations":[{"start":{"line":202,"column":56},"end":{"line":202,"column":69}},{"start":{"line":202,"column":72},"end":{"line":202,"column":81}}],"line":202},"10":{"loc":{"start":{"line":214,"column":12},"end":{"line":214,"column":23}},"type":"default-arg","locations":[{"start":{"line":214,"column":21},"end":{"line":214,"column":23}}],"line":214},"11":{"loc":{"start":{"line":214,"column":25},"end":{"line":214,"column":35}},"type":"default-arg","locations":[{"start":{"line":214,"column":34},"end":{"line":214,"column":35}}],"line":214},"12":{"loc":{"start":{"line":223,"column":4},"end":{"line":225,"column":5}},"type":"if","locations":[{"start":{"line":223,"column":4},"end":{"line":225,"column":5}},{"start":{},"end":{}}],"line":223},"13":{"loc":{"start":{"line":250,"column":4},"end":{"line":253,"column":5}},"type":"if","locations":[{"start":{"line":250,"column":4},"end":{"line":253,"column":5}},{"start":{},"end":{}}],"line":250},"14":{"loc":{"start":{"line":271,"column":4},"end":{"line":274,"column":5}},"type":"if","locations":[{"start":{"line":271,"column":4},"end":{"line":274,"column":5}},{"start":{},"end":{}}],"line":271},"15":{"loc":{"start":{"line":325,"column":4},"end":{"line":327,"column":5}},"type":"if","locations":[{"start":{"line":325,"column":4},"end":{"line":327,"column":5}},{"start":{},"end":{}}],"line":325},"16":{"loc":{"start":{"line":352,"column":4},"end":{"line":354,"column":5}},"type":"if","locations":[{"start":{"line":352,"column":4},"end":{"line":354,"column":5}},{"start":{},"end":{}}],"line":352},"17":{"loc":{"start":{"line":372,"column":4},"end":{"line":375,"column":5}},"type":"if","locations":[{"start":{"line":372,"column":4},"end":{"line":375,"column":5}},{"start":{},"end":{}}],"line":372},"18":{"loc":{"start":{"line":377,"column":4},"end":{"line":380,"column":5}},"type":"if","locations":[{"start":{"line":377,"column":4},"end":{"line":380,"column":5}},{"start":{},"end":{}}],"line":377},"19":{"loc":{"start":{"line":385,"column":18},"end":{"line":385,"column":44}},"type":"binary-expr","locations":[{"start":{"line":385,"column":18},"end":{"line":385,"column":39}},{"start":{"line":385,"column":43},"end":{"line":385,"column":44}}],"line":385},"20":{"loc":{"start":{"line":386,"column":18},"end":{"line":386,"column":44}},"type":"binary-expr","locations":[{"start":{"line":386,"column":18},"end":{"line":386,"column":39}},{"start":{"line":386,"column":43},"end":{"line":386,"column":44}}],"line":386},"21":{"loc":{"start":{"line":387,"column":21},"end":{"line":387,"column":51}},"type":"binary-expr","locations":[{"start":{"line":387,"column":21},"end":{"line":387,"column":46}},{"start":{"line":387,"column":50},"end":{"line":387,"column":51}}],"line":387},"22":{"loc":{"start":{"line":393,"column":20},"end":{"line":393,"column":79}},"type":"cond-expr","locations":[{"start":{"line":393,"column":32},"end":{"line":393,"column":72}},{"start":{"line":393,"column":75},"end":{"line":393,"column":79}}],"line":393},"23":{"loc":{"start":{"line":407,"column":22},"end":{"line":407,"column":73}},"type":"binary-expr","locations":[{"start":{"line":407,"column":22},"end":{"line":407,"column":46}},{"start":{"line":407,"column":50},"end":{"line":407,"column":73}}],"line":407},"24":{"loc":{"start":{"line":524,"column":10},"end":{"line":524,"column":116}},"type":"cond-expr","locations":[{"start":{"line":524,"column":26},"end":{"line":524,"column":111}},{"start":{"line":524,"column":114},"end":{"line":524,"column":116}}],"line":524},"25":{"loc":{"start":{"line":524,"column":76},"end":{"line":524,"column":102}},"type":"cond-expr","locations":[{"start":{"line":524,"column":82},"end":{"line":524,"column":97}},{"start":{"line":524,"column":100},"end":{"line":524,"column":102}}],"line":524},"26":{"loc":{"start":{"line":572,"column":2},"end":{"line":572,"column":53}},"type":"binary-expr","locations":[{"start":{"line":572,"column":2},"end":{"line":572,"column":26}},{"start":{"line":572,"column":30},"end":{"line":572,"column":53}}],"line":572}},"s":{"0":0,"1":0,"2":0,"3":0,"4":0,"5":0,"6":0,"7":0,"8":0,"9":0,"10":0,"11":0,"12":0,"13":0,"14":0,"15":0,"16":0,"17":0,"18":0,"19":0,"20":0,"21":0,"22":0,"23":0,"24":0,"25":0,"26":0,"27":0,"28":0,"29":0,"30":0,"31":0,"32":0,"33":0,"34":0,"35":0,"36":0,"37":0,"38":0,"39":0,"40":0,"41":0,"42":0,"43":0,"44":0,"45":0,"46":0,"47":0,"48":0,"49":0,"50":0,"51":0,"52":0,"53":0,"54":0,"55":0,"56":0,"57":0,"58":0,"59":0,"60":0,"61":0,"62":0,"63":0,"64":0,"65":0,"66":0,"67":0,"68":0,"69":0,"70":0,"71":0,"72":0,"73":0,"74":0,"75":0,"76":0,"77":0,"78":0,"79":0,"80":0,"81":0,"82":0,"83":0,"84":0,"85":0,"86":0,"87":0,"88":0,"89":0,"90":0,"91":0,"92":0,"93":0,"94":0,"95":0,"96":0,"97":0,"98":0,"99":0,"100":0,"101":0,"102":0,"103":0,"104":0,"105":0,"106":0,"107":0,"108":0,"109":0,"110":0,"111":0,"112":0,"113":0,"114":0,"115":0},"f":{"0":0,"1":0,"2":0,"3":0,"4":0,"5":0,"6":0},"b":{"0":[0,0],"1":[0,0],"2":[0,0,0],"3":[0,0],"4":[0,0],"5":[0,0],"6":[0,0],"7":[0,0],"8":[0,0],"9":[0,0],"10":[0],"11":[0],"12":[0,0],"13":[0,0],"14":[0,0],"15":[0,0],"16":[0,0],"17":[0,0],"18":[0,0],"19":[0,0],"20":[0,0],"21":[0,0],"22":[0,0],"23":[0,0],"24":[0,0],"25":[0,0],"26":[0,0]},"inputSourceMap":null}
,"C:\\Users\\gabri\\Desktop\\dialyhome-demoday\\backend\\src\\controllers\\authController.js": {"path":"C:\\Users\\gabri\\Desktop\\dialyhome-demoday\\backend\\src\\controllers\\authController.js","statementMap":{"0":{"start":{"line":1,"column":20},"end":{"line":1,"column":54}},"1":{"start":{"line":4,"column":17},"end":{"line":11,"column":1}},"2":{"start":{"line":5,"column":2},"end":{"line":10,"column":3}},"3":{"start":{"line":6,"column":17},"end":{"line":6,"column":55}},"4":{"start":{"line":7,"column":4},"end":{"line":7,"column":74}},"5":{"start":{"line":9,"column":4},"end":{"line":9,"column":51}},"6":{"start":{"line":14,"column":14},"end":{"line":26,"column":1}},"7":{"start":{"line":15,"column":2},"end":{"line":25,"column":3}},"8":{"start":{"line":16,"column":29},"end":{"line":16,"column":37}},"9":{"start":{"line":17,"column":17},"end":{"line":17,"column":65}},"10":{"start":{"line":19,"column":24},"end":{"line":19,"column":87}},"11":{"start":{"line":20,"column":25},"end":{"line":20,"column":89}},"12":{"start":{"line":22,"column":4},"end":{"line":22,"column":50}},"13":{"start":{"line":24,"column":4},"end":{"line":24,"column":51}},"14":{"start":{"line":29,"column":15},"end":{"line":47,"column":1}},"15":{"start":{"line":30,"column":2},"end":{"line":46,"column":3}},"16":{"start":{"line":31,"column":18},"end":{"line":31,"column":58}},"17":{"start":{"line":32,"column":4},"end":{"line":32,"column":78}},"18":{"start":{"line":32,"column":16},"end":{"line":32,"column":78}},"19":{"start":{"line":34,"column":4},"end":{"line":34,"column":34}},"20":{"start":{"line":37,"column":4},"end":{"line":40,"column":6}},"21":{"start":{"line":43,"column":4},"end":{"line":43,"column":58}},"22":{"start":{"line":45,"column":4},"end":{"line":45,"column":51}},"23":{"start":{"line":50,"column":21},"end":{"line":60,"column":1}},"24":{"start":{"line":51,"column":2},"end":{"line":59,"column":3}},"25":{"start":{"line":52,"column":29},"end":{"line":52,"column":37}},"26":{"start":{"line":53,"column":4},"end":{"line":53,"column":93}},"27":{"start":{"line":53,"column":23},"end":{"line":53,"column":93}},"28":{"start":{"line":55,"column":19},"end":{"line":55,"column":69}},"29":{"start":{"line":56,"column":4},"end":{"line":56,"column":21}},"30":{"start":{"line":58,"column":4},"end":{"line":58,"column":51}},"31":{"start":{"line":62,"column":0},"end":{"line":62,"column":59}}},"fnMap":{"0":{"name":"(anonymous_0)","decl":{"start":{"line":4,"column":17},"end":{"line":4,"column":18}},"loc":{"start":{"line":4,"column":37},"end":{"line":11,"column":1}},"line":4},"1":{"name":"(anonymous_1)","decl":{"start":{"line":14,"column":14},"end":{"line":14,"column":15}},"loc":{"start":{"line":14,"column":34},"end":{"line":26,"column":1}},"line":14},"2":{"name":"(anonymous_2)","decl":{"start":{"line":29,"column":15},"end":{"line":29,"column":16}},"loc":{"start":{"line":29,"column":35},"end":{"line":47,"column":1}},"line":29},"3":{"name":"(anonymous_3)","decl":{"start":{"line":50,"column":21},"end":{"line":50,"column":22}},"loc":{"start":{"line":50,"column":41},"end":{"line":60,"column":1}},"line":50}},"branchMap":{"0":{"loc":{"start":{"line":32,"column":4},"end":{"line":32,"column":78}},"type":"if","locations":[{"start":{"line":32,"column":4},"end":{"line":32,"column":78}},{"start":{},"end":{}}],"line":32},"1":{"loc":{"start":{"line":53,"column":4},"end":{"line":53,"column":93}},"type":"if","locations":[{"start":{"line":53,"column":4},"end":{"line":53,"column":93}},{"start":{},"end":{}}],"line":53}},"s":{"0":0,"1":0,"2":0,"3":0,"4":0,"5":0,"6":0,"7":0,"8":0,"9":0,"10":0,"11":0,"12":0,"13":0,"14":0,"15":0,"16":0,"17":0,"18":0,"19":0,"20":0,"21":0,"22":0,"23":0,"24":0,"25":0,"26":0,"27":0,"28":0,"29":0,"30":0,"31":0},"f":{"0":0,"1":0,"2":0,"3":0},"b":{"0":[0,0],"1":[0,0]},"inputSourceMap":null}
,"C:\\Users\\gabri\\Desktop\\dialyhome-demoday\\backend\\src\\controllers\\dialysisController.js": {"path":"C:\\Users\\gabri\\Desktop\\dialyhome-demoday\\backend\\src\\controllers\\dialysisController.js","statementMap":{"0":{"start":{"line":1,"column":11},"end":{"line":1,"column":40}},"1":{"start":{"line":4,"column":21},"end":{"line":112,"column":1}},"2":{"start":{"line":5,"column":2},"end":{"line":111,"column":3}},"3":{"start":{"line":6,"column":4},"end":{"line":6,"column":47}},"4":{"start":{"line":7,"column":4},"end":{"line":7,"column":35}},"5":{"start":{"line":8,"column":4},"end":{"line":8,"column":35}},"6":{"start":{"line":10,"column":19},"end":{"line":10,"column":30}},"7":{"start":{"line":13,"column":26},"end":{"line":16,"column":5}},"8":{"start":{"line":18,"column":4},"end":{"line":18,"column":55}},"9":{"start":{"line":20,"column":4},"end":{"line":22,"column":5}},"10":{"start":{"line":21,"column":6},"end":{"line":21,"column":72}},"11":{"start":{"line":24,"column":23},"end":{"line":24,"column":47}},"12":{"start":{"line":25,"column":4},"end":{"line":25,"column":44}},"13":{"start":{"line":36,"column":8},"end":{"line":36,"column":16}},"14":{"start":{"line":38,"column":4},"end":{"line":38,"column":46}},"15":{"start":{"line":41,"column":4},"end":{"line":43,"column":5}},"16":{"start":{"line":42,"column":6},"end":{"line":42,"column":79}},"17":{"start":{"line":47,"column":23},"end":{"line":47,"column":94}},"18":{"start":{"line":48,"column":17},"end":{"line":48,"column":72}},"19":{"start":{"line":51,"column":25},"end":{"line":51,"column":96}},"20":{"start":{"line":54,"column":24},"end":{"line":54,"column":50}},"21":{"start":{"line":55,"column":25},"end":{"line":55,"column":52}},"22":{"start":{"line":58,"column":23},"end":{"line":58,"column":59}},"23":{"start":{"line":59,"column":24},"end":{"line":59,"column":62}},"24":{"start":{"line":61,"column":4},"end":{"line":69,"column":7}},"25":{"start":{"line":71,"column":19},"end":{"line":96,"column":5}},"26":{"start":{"line":98,"column":4},"end":{"line":98,"column":52}},"27":{"start":{"line":100,"column":4},"end":{"line":103,"column":7}},"28":{"start":{"line":105,"column":4},"end":{"line":105,"column":62}},"29":{"start":{"line":106,"column":4},"end":{"line":106,"column":41}},"30":{"start":{"line":107,"column":4},"end":{"line":110,"column":7}},"31":{"start":{"line":115,"column":19},"end":{"line":168,"column":1}},"32":{"start":{"line":116,"column":2},"end":{"line":167,"column":3}},"33":{"start":{"line":117,"column":19},"end":{"line":117,"column":30}},"34":{"start":{"line":118,"column":18},"end":{"line":118,"column":49}},"35":{"start":{"line":119,"column":19},"end":{"line":119,"column":50}},"36":{"start":{"line":122,"column":26},"end":{"line":125,"column":5}},"37":{"start":{"line":127,"column":4},"end":{"line":129,"column":5}},"38":{"start":{"line":128,"column":6},"end":{"line":128,"column":72}},"39":{"start":{"line":131,"column":23},"end":{"line":131,"column":47}},"40":{"start":{"line":133,"column":19},"end":{"line":153,"column":5}},"41":{"start":{"line":156,"column":20},"end":{"line":161,"column":7}},"42":{"start":{"line":156,"column":47},"end":{"line":161,"column":5}},"43":{"start":{"line":163,"column":4},"end":{"line":163,"column":26}},"44":{"start":{"line":165,"column":4},"end":{"line":165,"column":54}},"45":{"start":{"line":166,"column":4},"end":{"line":166,"column":64}},"46":{"start":{"line":171,"column":17},"end":{"line":255,"column":1}},"47":{"start":{"line":172,"column":2},"end":{"line":254,"column":3}},"48":{"start":{"line":173,"column":19},"end":{"line":173,"column":30}},"49":{"start":{"line":175,"column":26},"end":{"line":178,"column":5}},"50":{"start":{"line":180,"column":4},"end":{"line":182,"column":5}},"51":{"start":{"line":181,"column":6},"end":{"line":181,"column":72}},"52":{"start":{"line":184,"column":23},"end":{"line":184,"column":47}},"53":{"start":{"line":187,"column":23},"end":{"line":199,"column":5}},"54":{"start":{"line":202,"column":21},"end":{"line":212,"column":5}},"55":{"start":{"line":214,"column":17},"end":{"line":214,"column":41}},"56":{"start":{"line":215,"column":16},"end":{"line":215,"column":38}},"57":{"start":{"line":217,"column":4},"end":{"line":250,"column":7}},"58":{"start":{"line":252,"column":4},"end":{"line":252,"column":57}},"59":{"start":{"line":253,"column":4},"end":{"line":253,"column":67}},"60":{"start":{"line":258,"column":22},"end":{"line":280,"column":1}},"61":{"start":{"line":259,"column":2},"end":{"line":279,"column":3}},"62":{"start":{"line":260,"column":19},"end":{"line":260,"column":30}},"63":{"start":{"line":261,"column":21},"end":{"line":261,"column":34}},"64":{"start":{"line":263,"column":19},"end":{"line":269,"column":5}},"65":{"start":{"line":271,"column":4},"end":{"line":273,"column":5}},"66":{"start":{"line":272,"column":6},"end":{"line":272,"column":72}},"67":{"start":{"line":275,"column":4},"end":{"line":275,"column":41}},"68":{"start":{"line":277,"column":4},"end":{"line":277,"column":53}},"69":{"start":{"line":278,"column":4},"end":{"line":278,"column":63}},"70":{"start":{"line":283,"column":21},"end":{"line":345,"column":1}},"71":{"start":{"line":284,"column":2},"end":{"line":344,"column":3}},"72":{"start":{"line":285,"column":19},"end":{"line":285,"column":30}},"73":{"start":{"line":286,"column":21},"end":{"line":286,"column":34}},"74":{"start":{"line":289,"column":24},"end":{"line":295,"column":5}},"75":{"start":{"line":297,"column":4},"end":{"line":299,"column":5}},"76":{"start":{"line":298,"column":6},"end":{"line":298,"column":72}},"77":{"start":{"line":310,"column":8},"end":{"line":310,"column":16}},"78":{"start":{"line":312,"column":19},"end":{"line":335,"column":5}},"79":{"start":{"line":337,"column":4},"end":{"line":340,"column":7}},"80":{"start":{"line":342,"column":4},"end":{"line":342,"column":56}},"81":{"start":{"line":343,"column":4},"end":{"line":343,"column":66}},"82":{"start":{"line":348,"column":21},"end":{"line":372,"column":1}},"83":{"start":{"line":349,"column":2},"end":{"line":371,"column":3}},"84":{"start":{"line":350,"column":19},"end":{"line":350,"column":30}},"85":{"start":{"line":351,"column":21},"end":{"line":351,"column":34}},"86":{"start":{"line":353,"column":19},"end":{"line":361,"column":5}},"87":{"start":{"line":363,"column":4},"end":{"line":365,"column":5}},"88":{"start":{"line":364,"column":6},"end":{"line":364,"column":72}},"89":{"start":{"line":367,"column":4},"end":{"line":367,"column":59}},"90":{"start":{"line":369,"column":4},"end":{"line":369,"column":54}},"91":{"start":{"line":370,"column":4},"end":{"line":370,"column":64}},"92":{"start":{"line":374,"column":0},"end":{"line":381,"column":2}}},"fnMap":{"0":{"name":"(anonymous_0)","decl":{"start":{"line":4,"column":21},"end":{"line":4,"column":22}},"loc":{"start":{"line":4,"column":41},"end":{"line":112,"column":1}},"line":4},"1":{"name":"(anonymous_1)","decl":{"start":{"line":115,"column":19},"end":{"line":115,"column":20}},"loc":{"start":{"line":115,"column":39},"end":{"line":168,"column":1}},"line":115},"2":{"name":"(anonymous_2)","decl":{"start":{"line":156,"column":36},"end":{"line":156,"column":37}},"loc":{"start":{"line":156,"column":47},"end":{"line":161,"column":5}},"line":156},"3":{"name":"(anonymous_3)","decl":{"start":{"line":171,"column":17},"end":{"line":171,"column":18}},"loc":{"start":{"line":171,"column":37},"end":{"line":255,"column":1}},"line":171},"4":{"name":"(anonymous_4)","decl":{"start":{"line":258,"column":22},"end":{"line":258,"column":23}},"loc":{"start":{"line":258,"column":42},"end":{"line":280,"column":1}},"line":258},"5":{"name":"(anonymous_5)","decl":{"start":{"line":283,"column":21},"end":{"line":283,"column":22}},"loc":{"start":{"line":283,"column":41},"end":{"line":345,"column":1}},"line":283},"6":{"name":"(anonymous_6)","decl":{"start":{"line":348,"column":21},"end":{"line":348,"column":22}},"loc":{"start":{"line":348,"column":41},"end":{"line":372,"column":1}},"line":348}},"branchMap":{"0":{"loc":{"start":{"line":20,"column":4},"end":{"line":22,"column":5}},"type":"if","locations":[{"start":{"line":20,"column":4},"end":{"line":22,"column":5}},{"start":{},"end":{}}],"line":20},"1":{"loc":{"start":{"line":41,"column":4},"end":{"line":43,"column":5}},"type":"if","locations":[{"start":{"line":41,"column":4},"end":{"line":43,"column":5}},{"start":{},"end":{}}],"line":41},"2":{"loc":{"start":{"line":41,"column":8},"end":{"line":41,"column":47}},"type":"binary-expr","locations":[{"start":{"line":41,"column":8},"end":{"line":41,"column":25}},{"start":{"line":41,"column":29},"end":{"line":41,"column":47}}],"line":41},"3":{"loc":{"start":{"line":47,"column":23},"end":{"line":47,"column":94}},"type":"cond-expr","locations":[{"start":{"line":47,"column":41},"end":{"line":47,"column":87}},{"start":{"line":47,"column":90},"end":{"line":47,"column":94}}],"line":47},"4":{"loc":{"start":{"line":48,"column":17},"end":{"line":48,"column":72}},"type":"cond-expr","locations":[{"start":{"line":48,"column":27},"end":{"line":48,"column":65}},{"start":{"line":48,"column":68},"end":{"line":48,"column":72}}],"line":48},"5":{"loc":{"start":{"line":51,"column":25},"end":{"line":51,"column":96}},"type":"cond-expr","locations":[{"start":{"line":51,"column":44},"end":{"line":51,"column":89}},{"start":{"line":51,"column":92},"end":{"line":51,"column":96}}],"line":51},"6":{"loc":{"start":{"line":58,"column":23},"end":{"line":58,"column":59}},"type":"cond-expr","locations":[{"start":{"line":58,"column":33},"end":{"line":58,"column":52}},{"start":{"line":58,"column":55},"end":{"line":58,"column":59}}],"line":58},"7":{"loc":{"start":{"line":59,"column":24},"end":{"line":59,"column":62}},"type":"cond-expr","locations":[{"start":{"line":59,"column":35},"end":{"line":59,"column":55}},{"start":{"line":59,"column":58},"end":{"line":59,"column":62}}],"line":59},"8":{"loc":{"start":{"line":92,"column":8},"end":{"line":92,"column":44}},"type":"cond-expr","locations":[{"start":{"line":92,"column":18},"end":{"line":92,"column":37}},{"start":{"line":92,"column":40},"end":{"line":92,"column":44}}],"line":92},"9":{"loc":{"start":{"line":93,"column":8},"end":{"line":93,"column":46}},"type":"cond-expr","locations":[{"start":{"line":93,"column":19},"end":{"line":93,"column":39}},{"start":{"line":93,"column":42},"end":{"line":93,"column":46}}],"line":93},"10":{"loc":{"start":{"line":94,"column":8},"end":{"line":94,"column":27}},"type":"binary-expr","locations":[{"start":{"line":94,"column":8},"end":{"line":94,"column":19}},{"start":{"line":94,"column":23},"end":{"line":94,"column":27}}],"line":94},"11":{"loc":{"start":{"line":118,"column":18},"end":{"line":118,"column":49}},"type":"binary-expr","locations":[{"start":{"line":118,"column":18},"end":{"line":118,"column":43}},{"start":{"line":118,"column":47},"end":{"line":118,"column":49}}],"line":118},"12":{"loc":{"start":{"line":119,"column":19},"end":{"line":119,"column":50}},"type":"binary-expr","locations":[{"start":{"line":119,"column":19},"end":{"line":119,"column":45}},{"start":{"line":119,"column":49},"end":{"line":119,"column":50}}],"line":119},"13":{"loc":{"start":{"line":127,"column":4},"end":{"line":129,"column":5}},"type":"if","locations":[{"start":{"line":127,"column":4},"end":{"line":129,"column":5}},{"start":{},"end":{}}],"line":127},"14":{"loc":{"start":{"line":158,"column":25},"end":{"line":160,"column":14}},"type":"cond-expr","locations":[{"start":{"line":159,"column":10},"end":{"line":159,"column":52}},{"start":{"line":160,"column":10},"end":{"line":160,"column":14}}],"line":158},"15":{"loc":{"start":{"line":180,"column":4},"end":{"line":182,"column":5}},"type":"if","locations":[{"start":{"line":180,"column":4},"end":{"line":182,"column":5}},{"start":{},"end":{}}],"line":180},"16":{"loc":{"start":{"line":214,"column":17},"end":{"line":214,"column":41}},"type":"binary-expr","locations":[{"start":{"line":214,"column":17},"end":{"line":214,"column":35}},{"start":{"line":214,"column":39},"end":{"line":214,"column":41}}],"line":214},"17":{"loc":{"start":{"line":215,"column":16},"end":{"line":215,"column":38}},"type":"binary-expr","locations":[{"start":{"line":215,"column":16},"end":{"line":215,"column":32}},{"start":{"line":215,"column":36},"end":{"line":215,"column":38}}],"line":215},"18":{"loc":{"start":{"line":220,"column":17},"end":{"line":222,"column":19}},"type":"cond-expr","locations":[{"start":{"line":221,"column":14},"end":{"line":221,"column":86}},{"start":{"line":222,"column":14},"end":{"line":222,"column":19}}],"line":220},"19":{"loc":{"start":{"line":220,"column":17},"end":{"line":220,"column":84}},"type":"binary-expr","locations":[{"start":{"line":220,"column":17},"end":{"line":220,"column":48}},{"start":{"line":220,"column":52},"end":{"line":220,"column":84}}],"line":220},"20":{"loc":{"start":{"line":227,"column":17},"end":{"line":227,"column":74}},"type":"cond-expr","locations":[{"start":{"line":227,"column":33},"end":{"line":227,"column":66}},{"start":{"line":227,"column":69},"end":{"line":227,"column":74}}],"line":227},"21":{"loc":{"start":{"line":232,"column":17},"end":{"line":232,"column":51}},"type":"binary-expr","locations":[{"start":{"line":232,"column":17},"end":{"line":232,"column":42}},{"start":{"line":232,"column":46},"end":{"line":232,"column":51}}],"line":232},"22":{"loc":{"start":{"line":237,"column":17},"end":{"line":239,"column":19}},"type":"cond-expr","locations":[{"start":{"line":238,"column":14},"end":{"line":238,"column":54}},{"start":{"line":239,"column":14},"end":{"line":239,"column":19}}],"line":237},"23":{"loc":{"start":{"line":245,"column":19},"end":{"line":245,"column":75}},"type":"cond-expr","locations":[{"start":{"line":245,"column":39},"end":{"line":245,"column":68}},{"start":{"line":245,"column":71},"end":{"line":245,"column":75}}],"line":245},"24":{"loc":{"start":{"line":246,"column":20},"end":{"line":246,"column":78}},"type":"cond-expr","locations":[{"start":{"line":246,"column":41},"end":{"line":246,"column":71}},{"start":{"line":246,"column":74},"end":{"line":246,"column":78}}],"line":246},"25":{"loc":{"start":{"line":247,"column":12},"end":{"line":247,"column":62}},"type":"cond-expr","locations":[{"start":{"line":247,"column":25},"end":{"line":247,"column":55}},{"start":{"line":247,"column":58},"end":{"line":247,"column":62}}],"line":247},"26":{"loc":{"start":{"line":248,"column":17},"end":{"line":248,"column":69}},"type":"cond-expr","locations":[{"start":{"line":248,"column":35},"end":{"line":248,"column":62}},{"start":{"line":248,"column":65},"end":{"line":248,"column":69}}],"line":248},"27":{"loc":{"start":{"line":271,"column":4},"end":{"line":273,"column":5}},"type":"if","locations":[{"start":{"line":271,"column":4},"end":{"line":273,"column":5}},{"start":{},"end":{}}],"line":271},"28":{"loc":{"start":{"line":297,"column":4},"end":{"line":299,"column":5}},"type":"if","locations":[{"start":{"line":297,"column":4},"end":{"line":299,"column":5}},{"start":{},"end":{}}],"line":297},"29":{"loc":{"start":{"line":329,"column":8},"end":{"line":329,"column":67}},"type":"cond-expr","locations":[{"start":{"line":329,"column":27},"end":{"line":329,"column":60}},{"start":{"line":329,"column":63},"end":{"line":329,"column":67}}],"line":329},"30":{"loc":{"start":{"line":363,"column":4},"end":{"line":365,"column":5}},"type":"if","locations":[{"start":{"line":363,"column":4},"end":{"line":365,"column":5}},{"start":{},"end":{}}],"line":363}},"s":{"0":0,"1":0,"2":0,"3":0,"4":0,"5":0,"6":0,"7":0,"8":0,"9":0,"10":0,"11":0,"12":0,"13":0,"14":0,"15":0,"16":0,"17":0,"18":0,"19":0,"20":0,"21":0,"22":0,"23":0,"24":0,"25":0,"26":0,"27":0,"28":0,"29":0,"30":0,"31":0,"32":0,"33":0,"34":0,"35":0,"36":0,"37":0,"38":0,"39":0,"40":0,"41":0,"42":0,"43":0,"44":0,"45":0,"46":0,"47":0,"48":0,"49":0,"50":0,"51":0,"52":0,"53":0,"54":0,"55":0,"56":0,"57":0,"58":0,"59":0,"60":0,"61":0,"62":0,"63":0,"64":0,"65":0,"66":0,"67":0,"68":0,"69":0,"70":0,"71":0,"72":0,"73":0,"74":0,"75":0,"76":0,"77":0,"78":0,"79":0,"80":0,"81":0,"82":0,"83":0,"84":0,"85":0,"86":0,"87":0,"88":0,"89":0,"90":0,"91":0,"92":0},"f":{"0":0,"1":0,"2":0,"3":0,"4":0,"5":0,"6":0},"b":{"0":[0,0],"1":[0,0],"2":[0,0],"3":[0,0],"4":[0,0],"5":[0,0],"6":[0,0],"7":[0,0],"8":[0,0],"9":[0,0],"10":[0,0],"11":[0,0],"12":[0,0],"13":[0,0],"14":[0,0],"15":[0,0],"16":[0,0],"17":[0,0],"18":[0,0],"19":[0,0],"20":[0,0],"21":[0,0],"22":[0,0],"23":[0,0],"24":[0,0],"25":[0,0],"26":[0,0],"27":[0,0],"28":[0,0],"29":[0,0],"30":[0,0]},"inputSourceMap":null}
,"C:\\Users\\gabri\\Desktop\\dialyhome-demoday\\backend\\src\\controllers\\doctorController.js": {"path":"C:\\Users\\gabri\\Desktop\\dialyhome-demoday\\backend\\src\\controllers\\doctorController.js","statementMap":{"0":{"start":{"line":3,"column":11},"end":{"line":3,"column":40}},"1":{"start":{"line":4,"column":15},"end":{"line":4,"column":32}},"2":{"start":{"line":5,"column":21},"end":{"line":5,"column":56}},"3":{"start":{"line":9,"column":19},"end":{"line":27,"column":1}},"4":{"start":{"line":10,"column":2},"end":{"line":26,"column":3}},"5":{"start":{"line":11,"column":19},"end":{"line":16,"column":21}},"6":{"start":{"line":18,"column":4},"end":{"line":20,"column":5}},"7":{"start":{"line":19,"column":6},"end":{"line":19,"column":70}},"8":{"start":{"line":22,"column":4},"end":{"line":22,"column":41}},"9":{"start":{"line":24,"column":4},"end":{"line":24,"column":61}},"10":{"start":{"line":25,"column":4},"end":{"line":25,"column":64}},"11":{"start":{"line":30,"column":22},"end":{"line":103,"column":1}},"12":{"start":{"line":31,"column":2},"end":{"line":102,"column":3}},"13":{"start":{"line":32,"column":19},"end":{"line":32,"column":30}},"14":{"start":{"line":33,"column":55},"end":{"line":33,"column":63}},"15":{"start":{"line":35,"column":4},"end":{"line":35,"column":60}},"16":{"start":{"line":36,"column":4},"end":{"line":36,"column":49}},"17":{"start":{"line":39,"column":24},"end":{"line":42,"column":5}},"18":{"start":{"line":44,"column":4},"end":{"line":46,"column":5}},"19":{"start":{"line":45,"column":6},"end":{"line":45,"column":70}},"20":{"start":{"line":49,"column":25},"end":{"line":49,"column":27}},"21":{"start":{"line":50,"column":25},"end":{"line":50,"column":27}},"22":{"start":{"line":51,"column":21},"end":{"line":51,"column":22}},"23":{"start":{"line":53,"column":4},"end":{"line":56,"column":5}},"24":{"start":{"line":54,"column":6},"end":{"line":54,"column":50}},"25":{"start":{"line":55,"column":6},"end":{"line":55,"column":29}},"26":{"start":{"line":57,"column":4},"end":{"line":60,"column":5}},"27":{"start":{"line":58,"column":6},"end":{"line":58,"column":55}},"28":{"start":{"line":59,"column":6},"end":{"line":59,"column":34}},"29":{"start":{"line":61,"column":4},"end":{"line":64,"column":5}},"30":{"start":{"line":62,"column":6},"end":{"line":62,"column":55}},"31":{"start":{"line":63,"column":6},"end":{"line":63,"column":34}},"32":{"start":{"line":65,"column":4},"end":{"line":68,"column":5}},"33":{"start":{"line":66,"column":6},"end":{"line":66,"column":60}},"34":{"start":{"line":67,"column":6},"end":{"line":67,"column":39}},"35":{"start":{"line":71,"column":4},"end":{"line":73,"column":5}},"36":{"start":{"line":72,"column":6},"end":{"line":72,"column":76}},"37":{"start":{"line":76,"column":4},"end":{"line":76,"column":30}},"38":{"start":{"line":78,"column":18},"end":{"line":78,"column":111}},"39":{"start":{"line":80,"column":4},"end":{"line":80,"column":51}},"40":{"start":{"line":81,"column":4},"end":{"line":81,"column":45}},"41":{"start":{"line":83,"column":19},"end":{"line":83,"column":54}},"42":{"start":{"line":86,"column":27},"end":{"line":91,"column":16}},"43":{"start":{"line":93,"column":4},"end":{"line":93,"column":61}},"44":{"start":{"line":95,"column":4},"end":{"line":98,"column":7}},"45":{"start":{"line":100,"column":4},"end":{"line":100,"column":66}},"46":{"start":{"line":101,"column":4},"end":{"line":101,"column":88}},"47":{"start":{"line":106,"column":23},"end":{"line":154,"column":1}},"48":{"start":{"line":107,"column":2},"end":{"line":153,"column":3}},"49":{"start":{"line":108,"column":19},"end":{"line":108,"column":30}},"50":{"start":{"line":109,"column":45},"end":{"line":109,"column":53}},"51":{"start":{"line":111,"column":4},"end":{"line":111,"column":59}},"52":{"start":{"line":114,"column":4},"end":{"line":116,"column":5}},"53":{"start":{"line":115,"column":6},"end":{"line":115,"column":90}},"54":{"start":{"line":118,"column":4},"end":{"line":120,"column":5}},"55":{"start":{"line":119,"column":6},"end":{"line":119,"column":93}},"56":{"start":{"line":123,"column":17},"end":{"line":126,"column":5}},"57":{"start":{"line":128,"column":4},"end":{"line":130,"column":5}},"58":{"start":{"line":129,"column":6},"end":{"line":129,"column":71}},"59":{"start":{"line":133,"column":18},"end":{"line":133,"column":80}},"60":{"start":{"line":134,"column":4},"end":{"line":136,"column":5}},"61":{"start":{"line":135,"column":6},"end":{"line":135,"column":70}},"62":{"start":{"line":139,"column":27},"
[...]
rt":{"line":7,"column":8},"end":{"line":7,"column":29}},{"start":{"line":7,"column":33},"end":{"line":7,"column":49}}],"line":7},"1":{"loc":{"start":{"line":8,"column":8},"end":{"line":8,"column":36}},"type":"binary-expr","locations":[{"start":{"line":8,"column":8},"end":{"line":8,"column":29}},{"start":{"line":8,"column":33},"end":{"line":8,"column":36}}],"line":8},"2":{"loc":{"start":{"line":18,"column":2},"end":{"line":22,"column":3}},"type":"if","locations":[{"start":{"line":18,"column":2},"end":{"line":22,"column":3}},{"start":{"line":20,"column":9},"end":{"line":22,"column":3}}],"line":18},"3":{"loc":{"start":{"line":43,"column":26},"end":{"line":43,"column":63}},"type":"binary-expr","locations":[{"start":{"line":43,"column":26},"end":{"line":43,"column":50}},{"start":{"line":43,"column":54},"end":{"line":43,"column":63}}],"line":43},"4":{"loc":{"start":{"line":44,"column":26},"end":{"line":44,"column":61}},"type":"binary-expr","locations":[{"start":{"line":44,"column":26},"end":{"line":44,"column":50}},{"start":{"line":44,"column":54},"end":{"line":44,"column":61}}],"line":44},"5":{"loc":{"start":{"line":96,"column":8},"end":{"line":117,"column":12}},"type":"cond-expr","locations":[{"start":{"line":96,"column":22},"end":{"line":117,"column":7}},{"start":{"line":117,"column":10},"end":{"line":117,"column":12}}],"line":96},"6":{"loc":{"start":{"line":121,"column":19},"end":{"line":121,"column":70}},"type":"binary-expr","locations":[{"start":{"line":121,"column":19},"end":{"line":121,"column":43}},{"start":{"line":121,"column":47},"end":{"line":121,"column":70}}],"line":121},"7":{"loc":{"start":{"line":167,"column":2},"end":{"line":172,"column":6}},"type":"cond-expr","locations":[{"start":{"line":167,"column":16},"end":{"line":172,"column":1}},{"start":{"line":172,"column":4},"end":{"line":172,"column":6}}],"line":167},"8":{"loc":{"start":{"line":174,"column":33},"end":{"line":174,"column":84}},"type":"binary-expr","locations":[{"start":{"line":174,"column":33},"end":{"line":174,"column":57}},{"start":{"line":174,"column":61},"end":{"line":174,"column":84}}],"line":174}},"s":{"0":0,"1":0,"2":0,"3":0,"4":0,"5":0,"6":0,"7":0,"8":0,"9":0,"10":0,"11":0,"12":0,"13":0,"14":0,"15":0,"16":0,"17":0,"18":0,"19":0,"20":0,"21":0,"22":0,"23":0,"24":0,"25":0,"26":0},"f":{"0":0,"1":0,"2":0},"b":{"0":[0,0],"1":[0,0],"2":[0,0],"3":[0,0],"4":[0,0],"5":[0,0],"6":[0,0],"7":[0,0],"8":[0,0]},"inputSourceMap":null}
,"C:\\Users\\gabri\\Desktop\\dialyhome-demoday\\backend\\src\\services\\servicoEmail.js": {"path":"C:\\Users\\gabri\\Desktop\\dialyhome-demoday\\backend\\src\\services\\servicoEmail.js","statementMap":{"0":{"start":{"line":3,"column":19},"end":{"line":3,"column":40}},"1":{"start":{"line":6,"column":20},"end":{"line":14,"column":2}},"2":{"start":{"line":17,"column":0},"end":{"line":23,"column":3}},"3":{"start":{"line":18,"column":2},"end":{"line":22,"column":3}},"4":{"start":{"line":19,"column":4},"end":{"line":19,"column":61}},"5":{"start":{"line":21,"column":4},"end":{"line":21,"column":68}},"6":{"start":{"line":28,"column":23},"end":{"line":197,"column":1}},"7":{"start":{"line":29,"column":2},"end":{"line":196,"column":3}},"8":{"start":{"line":31,"column":27},"end":{"line":35,"column":5}},"9":{"start":{"line":37,"column":27},"end":{"line":41,"column":5}},"10":{"start":{"line":43,"column":26},"end":{"line":43,"column":63}},"11":{"start":{"line":44,"column":26},"end":{"line":44,"column":61}},"12":{"start":{"line":47,"column":24},"end":{"line":151,"column":5}},"13":{"start":{"line":154,"column":24},"end":{"line":180,"column":5}},"14":{"start":{"line":183,"column":17},"end":{"line":189,"column":6}},"15":{"start":{"line":191,"column":4},"end":{"line":191,"column":64}},"16":{"start":{"line":192,"column":4},"end":{"line":192,"column":56}},"17":{"start":{"line":194,"column":4},"end":{"line":194,"column":52}},"18":{"start":{"line":195,"column":4},"end":{"line":195,"column":16}},"19":{"start":{"line":202,"column":22},"end":{"line":218,"column":1}},"20":{"start":{"line":203,"column":2},"end":{"line":217,"column":3}},"21":{"start":{"line":204,"column":17},"end":{"line":210,"column":6}},"22":{"start":{"line":212,"column":4},"end":{"line":212,"column":61}},"23":{"start":{"line":213,"column":4},"end":{"line":213,"column":56}},"24":{"start":{"line":215,"column":4},"end":{"line":215,"column":61}},"25":{"start":{"line":216,"column":4},"end":{"line":216,"column":16}},"26":{"start":{"line":220,"column":0},"end":{"line":223,"column":2}}},"fnMap":{"0":{"name":"(anonymous_0)","decl":{"start":{"line":17,"column":19},"end":{"line":17,"column":20}},"loc":{"start":{"line":17,"column":39},"end":{"line":23,"column":1}},"line":17},"1":{"name":"(anonymous_1)","decl":{"start":{"line":28,"column":23},"end":{"line":28,"column":24}},"loc":{"start":{"line":28,"column":105},"end":{"line":197,"column":1}},"line":28},"2":{"name":"(anonymous_2)","decl":{"start":{"line":202,"column":22},"end":{"line":202,"column":23}},"loc":{"start":{"line":202,"column":36},"end":{"line":218,"column":1}},"line":202}},"branchMap":{"0":{"loc":{"start":{"line":7,"column":8},"end":{"line":7,"column":49}},"type":"binary-expr","locations":[{"start":{"line":7,"column":8},"end":{"line":7,"column":29}},{"start":{"line":7,"column":33},"end":{"line":7,"column":49}}],"line":7},"1":{"loc":{"start":{"line":8,"column":8},"end":{"line":8,"column":36}},"type":"binary-expr","locations":[{"start":{"line":8,"column":8},"end":{"line":8,"column":29}},{"start":{"line":8,"column":33},"end":{"line":8,"column":36}}],"line":8},"2":{"loc":{"start":{"line":18,"column":2},"end":{"line":22,"column":3}},"type":"if","locations":[{"start":{"line":18,"column":2},"end":{"line":22,"column":3}},{"start":{"line":20,"column":9},"end":{"line":22,"column":3}}],"line":18},"3":{"loc":{"start":{"line":43,"column":26},"end":{"line":43,"column":63}},"type":"binary-expr","locations":[{"start":{"line":43,"column":26},"end":{"line":43,"column":50}},{"start":{"line":43,"column":54},"end":{"line":43,"column":63}}],"line":43},"4":{"loc":{"start":{"line":44,"column":26},"end":{"line":44,"column":61}},"type":"binary-expr","locations":[{"start":{"line":44,"column":26},"end":{"line":44,"column":50}},{"start":{"line":44,"column":54},"end":{"line":44,"column":61}}],"line":44},"5":{"loc":{"start":{"line":96,"column":8},"end":{"line":117,"column":12}},"type":"cond-expr","locations":[{"start":{"line":96,"column":22},"end":{"line":117,"column":7}},{"start":{"line":117,"column":10},"end":{"line":117,"column":12}}],"line":96},"6":{"loc":{"start":{"line":121,"column":19},"end":{"line":121,"column":70}},"type":"binary-expr","locations":[{"start":{"line":121,"column":19},"end":{"line":121,"column":43}},{"start":{"line":121,"column":47},"end":{"line":121,"column":70}}],"line":121},"7":{"loc":{"start":{"line":167,"column":2},"end":{"line":172,"column":6}},"type":"cond-expr","locations":[{"start":{"line":167,"column":16},"end":{"line":172,"column":1}},{"start":{"line":172,"column":4},"end":{"line":172,"column":6}}],"line":167},"8":{"loc":{"start":{"line":174,"column":33},"end":{"line":174,"column":84}},"type":"binary-expr","locations":[{"start":{"line":174,"column":33},"end":{"line":174,"column":57}},{"start":{"line":174,"column":61},"end":{"line":174,"column":84}}],"line":174}},"s":{"0":0,"1":0,"2":0,"3":0,"4":0,"5":0,"6":0,"7":0,"8":0,"9":0,"10":0,"11":0,"12":0,"13":0,"14":0,"15":0,"16":0,"17":0,"18":0,"19":0,"20":0,"21":0,"22":0,"23":0,"24":0,"25":0,"26":0},"f":{"0":0,"1":0,"2":0},"b":{"0":[0,0],"1":[0,0],"2":[0,0],"3":[0,0],"4":[0,0],"5":[0,0],"6":[0,0],"7":[0,0],"8":[0,0]},"inputSourceMap":null}
,"C:\\Users\\gabri\\Desktop\\dialyhome-demoday\\backend\\src\\utils\\auditLogger.js": {"path":"C:\\Users\\gabri\\Desktop\\dialyhome-demoday\\backend\\src\\utils\\auditLogger.js","statementMap":{"0":{"start":{"line":1,"column":11},"end":{"line":1,"column":40}},"1":{"start":{"line":5,"column":4},"end":{"line":24,"column":5}},"2":{"start":{"line":6,"column":24},"end":{"line":6,"column":75}},"3":{"start":{"line":7,"column":24},"end":{"line":7,"column":58}},"4":{"start":{"line":9,"column":6},"end":{"line":21,"column":8}},"5":{"start":{"line":23,"column":6},"end":{"line":23,"column":66}},"6":{"start":{"line":28,"column":22},"end":{"line":28,"column":64}},"7":{"start":{"line":29,"column":4},"end":{"line":29,"column":74}},"8":{"start":{"line":33,"column":4},"end":{"line":33,"column":67}},"9":{"start":{"line":37,"column":4},"end":{"line":37,"column":68}},"10":{"start":{"line":41,"column":0},"end":{"line":41,"column":29}}},"fnMap":{"0":{"name":"(anonymous_0)","decl":{"start":{"line":4,"column":2},"end":{"line":4,"column":3}},"loc":{"start":{"line":4,"column":89},"end":{"line":25,"column":3}},"line":4},"1":{"name":"(anonymous_1)","decl":{"start":{"line":27,"column":2},"end":{"line":27,"column":3}},"loc":{"start":{"line":27,"column":53},"end":{"line":30,"column":3}},"line":27},"2":{"name":"(anonymous_2)","decl":{"start":{"line":32,"column":2},"end":{"line":32,"column":3}},"loc":{"start":{"line":32,"column":59},"end":{"line":34,"column":3}},"line":32},"3":{"name":"(anonymous_3)","decl":{"start":{"line":36,"column":2},"end":{"line":36,"column":3}},"loc":{"start":{"line":36,"column":84},"end":{"line":38,"column":3}},"line":36}},"branchMap":{"0":{"loc":{"start":{"line":4,"column":45},"end":{"line":4,"column":59}},"type":"default-arg","locations":[{"start":{"line":4,"column":55},"end":{"line":4,"column":59}}],"line":4},"1":{"loc":{"start":{"line":4,"column":61},"end":{"line":4,"column":75}},"type":"default-arg","locations":[{"start":{"line":4,"column":71},"end":{"line":4,"column":75}}],"line":4},"2":{"loc":{"start":{"line":4,"column":77},"end":{"line":4,"column":87}},"type":"default-arg","locations":[{"start":{"line":4,"column":83},"end":{"line":4,"column":87}}],"line":4},"3":{"loc":{"start":{"line":6,"column":24},"end":{"line":6,"column":75}},"type":"cond-expr","locations":[{"start":{"line":6,"column":30},"end":{"line":6,"column":68}},{"start":{"line":6,"column":71},"end":{"line":6,"column":75}}],"line":6},"4":{"loc":{"start":{"line":6,"column":30},"end":{"line":6,"column":68}},"type":"binary-expr","locations":[{"start":{"line":6,"column":30},"end":{"line":6,"column":36}},{"start":{"line":6,"column":40},"end":{"line":6,"column":68}}],"line":6},"5":{"loc":{"start":{"line":7,"column":24},"end":{"line":7,"column":58}},"type":"cond-expr","locations":[{"start":{"line":7,"column":30},"end":{"line":7,"column":51}},{"start":{"line":7,"column":54},"end":{"line":7,"column":58}}],"line":7},"6":{"loc":{"start":{"line":16,"column":10},"end":{"line":16,"column":50}},"type":"cond-expr","locations":[{"start":{"line":16,"column":20},"end":{"line":16,"column":43}},{"start":{"line":16,"column":46},"end":{"line":16,"column":50}}],"line":16},"7":{"loc":{"start":{"line":17,"column":10},"end":{"line":17,"column":50}},"type":"cond-expr","locations":[{"start":{"line":17,"column":20},"end":{"line":17,"column":43}},{"start":{"line":17,"column":46},"end":{"line":17,"column":50}}],"line":17},"8":{"loc":{"start":{"line":27,"column":37},"end":{"line":27,"column":51}},"type":"default-arg","locations":[{"start":{"line":27,"column":47},"end":{"line":27,"column":51}}],"line":27},"9":{"loc":{"start":{"line":28,"column":22},"end":{"line":28,"column":64}},"type":"cond-expr","locations":[{"start":{"line":28,"column":32},"end":{"line":28,"column":47}},{"start":{"line":28,"column":50},"end":{"line":28,"column":64}}],"line":28}},"s":{"0":0,"1":0,"2":0,"3":0,"4":0,"5":0,"6":0,"7":0,"8":0,"9":0,"10":0},"f":{"0":0,"1":0,"2":0,"3":0},"b":{"0":[0],"1":[0],"2":[0],"3":[0,0],"4":[0,0],"5":[0,0],"6":[0,0],"7":[0,0],"8":[0],"9":[0,0]},"inputSourceMap":null}
,"C:\\Users\\gabri\\Desktop\\dialyhome-demoday\\backend\\src\\utils\\backupService.js": {"path":"C:\\Users\\gabri\\Desktop\\dialyhome-demoday\\backend\\src\\utils\\backupService.js","statementMap":{"0":{"start":{"line":1,"column":17},"end":{"line":1,"column":41}},"1":{"start":{"line":2,"column":11},"end":{"line":2,"column":24}},"2":{"start":{"line":3,"column":13},"end":{"line":3,"column":28}},"3":{"start":{"line":4,"column":13},"end":{"line":4,"column":33}},"4":{"start":{"line":5,"column":0},"end":{"line":5,"column":27}},"5":{"start":{"line":9,"column":4},"end":{"line":9,"column":59}},"6":{"start":{"line":10,"column":4},"end":{"line":10,"column":33}},"7":{"start":{"line":11,"column":4},"end":{"line":11,"column":27}},"8":{"start":{"line":15,"column":4},"end":{"line":17,"column":5}},"9":{"start":{"line":16,"column":6},"end":{"line":16,"column":56}},"10":{"start":{"line":21,"column":22},"end":{"line":21,"column":68}},"11":{"start":{"line":22,"column":21},"end":{"line":22,"column":56}},"12":{"start":{"line":23,"column":21},"end":{"line":23,"column":56}},"13":{"start":{"line":25,"column":20},"end":{"line":25,"column":71}},"14":{"start":{"line":27,"column":4},"end":{"line":37,"column":7}},"15":{"start":{"line":28,"column":6},"end":{"line":36,"column":9}},"16":{"start":{"line":29,"column":8},"end":{"line":35,"column":9}},"17":{"start":{"line":30,"column":10},"end":{"line":30,"column":50}},"18":{"start":{"line":31,"column":10},"end":{"line":31,"column":24}},"19":{"start":{"line":33,"column":10},"end":{"line":33,"column":52}},"20":{"start":{"line":34,"column":10},"end":{"line":34,"column":28}},"21":{"start":{"line":41,"column":18},"end":{"line":41,"column":48}},"22":{"start":{"line":42,"column":16},"end":{"line":42,"column":26}},"23":{"start":{"line":43,"column":19},"end":{"line":43,"column":51}},"24":{"start":{"line":45,"column":4},"end":{"line":55,"column":7}},"25":{"start":{"line":46,"column":6},"end":{"line":54,"column":7}},"26":{"start":{"line":47,"column":25},"end":{"line":47,"column":56}},"27":{"start":{"line":48,"column":22},"end":{"line":48,"column":43}},"28":{"start":{"line":50,"column":8},"end":{"line":53,"column":9}},"29":{"start":{"line":51,"column":10},"end":{"line":51,"column":34}},"30":{"start":{"line":52,"column":10},"end":{"line":52,"column":57}},"31":{"start":{"line":60,"column":4},"end":{"line":69,"column":7}},"32":{"start":{"line":61,"column":6},"end":{"line":68,"column":7}},"33":{"start":{"line":62,"column":8},"end":{"line":62,"column":54}},"34":{"start":{"line":63,"column":8},"end":{"line":63,"column":42}},"35":{"start":{"line":64,"column":8},"end":{"line":64,"column":38}},"36":{"start":{"line":65,"column":8},"end":{"line":65,"column":51}},"37":{"start":{"line":67,"column":8},"end":{"line":67,"column":59}},"38":{"start":{"line":71,"column":4},"end":{"line":71,"column":71}},"39":{"start":{"line":76,"column":4},"end":{"line":81,"column":5}},"40":{"start":{"line":77,"column":23},"end":{"line":77,"column":56}},"41":{"start":{"line":78,"column":6},"end":{"line":78,"column":41}},"42":{"start":{"line":80,"column":6},"end":{"line":80,"column":54}},"43":{"start":{"line":85,"column":0},"end":{"line":85,"column":31}}},"fnMap":{"0":{"name":"(anonymous_0)","decl":{"start":{"line":8,"column":2},"end":{"line":8,"column":3}},"loc":{"start":{"line":8,"column":16},"end":{"line":12,"column":3}},"line":8},"1":{"name":"(anonymous_1)","decl":{"start":{"line":14,"column":2},"end":{"line":14,"column":3}},"loc":{"start":{"line":14,"column":26},"end":{"line":18,"column":3}},"line":14},"2":{"name":"(anonymous_2)","decl":{"start":{"line":20,"column":2},"end":{"line":20,"column":3}},"loc":{"start":{"line":20,"column":31},"end":{"line":38,"column":3}},"line":20},"3":{"name":"(anonymous_3)","decl":{"start":{"line":27,"column":23},"end":{"line":27,"column":24}},"loc":{"start":{"line":27,"column":44},"end":{"line":37,"column":5}},"line":27},"4":{"name":"(anonymous_4)","decl":{"start":{"line":28,"column":20},"end":{"line":28,"column":21}},"loc":{"start":{"line":28,"column":47},"end":{"line":36,"column":7}},"line":28},"5":{"name":"(anonymous_5)","decl":{"start":{"line":40,"column":2},"end":{"line":40,"column":3}},"loc":{"start":{"line":40,"column":40},"end":{"line":56,"column":3}},"line":40},"6":{"name":"(anonymous_6)","decl":{"start":{"line":45,"column":18},"end":{"line":45,"column":19}},"loc":{"start":{"line":45,"column":26},"end":{"line":55,"column":5}},"line":45},"7":{"name":"(anonymous_7)","decl":{"start":{"line":58,"column":2},"end":{"line":58,"column":3}},"loc":{"start":{"line":58,"column":20},"end":{"line":72,"column":3}},"line":58},"8":{"name":"(anonymous_8)","decl":{"start":{"line":60,"column":31},"end":{"line":60,"column":32}},"loc":{"start":{"line":60,"column":43},"end":{"line":69,"column":5}},"line":60},"9":{"name":"(anonymous_9)","decl":{"start":{"line":75,"column":2},"end":{"line":75,"column":3}},"loc":{"start":{"line":75,"column":23},"end":{"line":82,"column":3}},"line":75}},"branchMap":{"0":{"loc":{"start":{"line":9,"column":21},"end":{"line":9,"column":58}},"type":"binary-expr","locations":[{"start":{"line":9,"column":21},"end":{"line":9,"column":43}},{"start":{"line":9,"column":47},"end":{"line":9,"column":58}}],"line":9},"1":{"loc":{"start":{"line":15,"column":4},"end":{"line":17,"column":5}},"type":"if","locations":[{"start":{"line":15,"column":4},"end":{"line":17,"column":5}},{"start":{},"end":{}}],"line":15},"2":{"loc":{"start":{"line":29,"column":8},"end":{"line":35,"column":9}},"type":"if","locations":[{"start":{"line":29,"column":8},"end":{"line":35,"column":9}},{"start":{"line":32,"column":15},"end":{"line":35,"column":9}}],"line":29},"3":{"loc":{"start":{"line":40,"column":24},"end":{"line":40,"column":38}},"type":"default-arg","locations":[{"start":{"line":40,"column":37},"end":{"line":40,"column":38}}],"line":40},"4":{"loc":{"start":{"line":46,"column":6},"end":{"line":54,"column":7}},"type":"if","locations":[{"start":{"line":46,"column":6},"end":{"line":54,"column":7}},{"start":{},"end":{}}],"line":46},"5":{"loc":{"start":{"line":50,"column":8},"end":{"line":53,"column":9}},"type":"if","locations":[{"start":{"line":50,"column":8},"end":{"line":53,"column":9}},{"start":{},"end":{}}],"line":50}},"s":{"0":0,"1":0,"2":0,"3":0,"4":0,"5":0,"6":0,"7":0,"8":0,"9":0,"10":0,"11":0,"12":0,"13":0,"14":0,"15":0,"16":0,"17":0,"18":0,"19":0,"20":0,"21":0,"22":0,"23":0,"24":0,"25":0,"26":0,"27":0,"28":0,"29":0,"30":0,"31":0,"32":0,"33":0,"34":0,"35":0,"36":0,"37":0,"38":0,"39":0,"40":0,"41":0,"42":0,"43":0},"f":{"0":0,"1":0,"2":0,"3":0,"4":0,"5":0,"6":0,"7":0,"8":0,"9":0},"b":{"0":[0,0],"1":[0,0],"2":[0,0],"3":[0],"4":[0,0],"5":[0,0]},"inputSourceMap":null}
,"C:\\Users\\gabri\\Desktop\\dialyhome-demoday\\backend\\src\\utils\\helpers.js": {"path":"C:\\Users\\gabri\\Desktop\\dialyhome-demoday\\backend\\src\\utils\\helpers.js","statementMap":{"0":{"start":{"line":1,"column":15},"end":{"line":1,"column":34}},"1":{"start":{"line":2,"column":12},"end":{"line":2,"column":35}},"2":{"start":{"line":6,"column":4},"end":{"line":6,"column":43}},"3":{"start":{"line":11,"column":4},"end":{"line":11,"column":57}},"4":{"start":{"line":15,"column":4},"end":{"line":19,"column":6}},"5":{"start":{"line":23,"column":4},"end":{"line":27,"column":5}},"6":{"start":{"line":24,"column":8},"end":{"line":24,"column":57}},"7":{"start":{"line":26,"column":8},"end":{"line":26,"column":20}},"8":{"start":{"line":31,"column":0},"end":{"line":33,"column":1}}},"fnMap":{"0":{"name":"hashPassword","decl":{"start":{"line":5,"column":15},"end":{"line":5,"column":27}},"loc":{"start":{"line":5,"column":38},"end":{"line":8,"column":1}},"line":5},"1":{"name":"comparePassword","decl":{"start":{"line":10,"column":15},"end":{"line":10,"column":30}},"loc":{"start":{"line":10,"column":57},"end":{"line":12,"column":1}},"line":10},"2":{"name":"generateTokenUser","decl":{"start":{"line":14,"column":9},"end":{"line":14,"column":26}},"loc":{"start":{"line":14,"column":52},"end":{"line":20,"column":1}},"line":14},"3":{"name":"verifyToken","decl":{"start":{"line":22,"column":9},"end":{"line":22,"column":20}},"loc":{"start":{"line":22,"column":27},"end":{"line":28,"column":1}},"line":22}},"branchMap":{},"s":{"0":0,"1":0,"2":0,"3":0,"4":0,"5":0,"6":0,"7":0,"8":0},"f":{"0":0,"1":0,"2":0,"3":0},"b":{},"inputSourceMap":null}
}
