TN:
SF:src\controllers\adminController.js
FN:7,(anonymous_0)
FN:64,(anonymous_1)
FN:65,(anonymous_2)
FN:66,(anonymous_3)
FN:67,(anonymous_4)
FN:83,(anonymous_5)
FN:157,(anonymous_6)
FN:184,(anonymous_7)
FN:264,(anonymous_8)
FN:337,(anonymous_9)
FN:366,(anonymous_10)
FN:458,(anonymous_11)
FN:495,(anonymous_12)
FN:549,(anonymous_13)
FN:591,(anonymous_14)
FN:611,(anonymous_15)
FN:630,(anonymous_16)
FN:653,(anonymous_17)
FN:677,(anonymous_18)
FN:700,(anonymous_19)
FN:729,(anonymous_20)
FN:759,(anonymous_21)
FN:792,(anonymous_22)
FN:816,(anonymous_23)
FNF:24
FNH:16
FNDA:3,(anonymous_0)
FNDA:5,(anonymous_1)
FNDA:5,(anonymous_2)
FNDA:3,(anonymous_3)
FNDA:5,(anonymous_4)
FNDA:6,(anonymous_5)
FNDA:4,(anonymous_6)
FNDA:6,(anonymous_7)
FNDA:4,(anonymous_8)
FNDA:3,(anonymous_9)
FNDA:0,(anonymous_10)
FNDA:0,(anonymous_11)
FNDA:3,(anonymous_12)
FNDA:0,(anonymous_13)
FNDA:2,(anonymous_14)
FNDA:2,(anonymous_15)
FNDA:2,(anonymous_16)
FNDA:1,(anonymous_17)
FNDA:0,(anonymous_18)
FNDA:0,(anonymous_19)
FNDA:0,(anonymous_20)
FNDA:0,(anonymous_21)
FNDA:0,(anonymous_22)
FNDA:2,(anonymous_23)
DA:2,3
DA:3,3
DA:5,3
DA:8,3
DA:10,3
DA:20,2
DA:29,2
DA:40,2
DA:48,2
DA:61,2
DA:63,2
DA:64,5
DA:65,5
DA:66,3
DA:67,5
DA:77,1
DA:78,1
DA:84,6
DA:85,6
DA:86,6
DA:88,6
DA:107,6
DA:108,6
DA:110,6
DA:111,2
DA:112,2
DA:113,2
DA:116,6
DA:117,2
DA:118,2
DA:119,2
DA:122,6
DA:123,6
DA:125,6
DA:128,6
DA:129,6
DA:130,6
DA:132,6
DA:133,2
DA:134,2
DA:135,2
DA:138,6
DA:139,2
DA:140,2
DA:143,6
DA:145,6
DA:152,0
DA:153,0
DA:158,4
DA:159,4
DA:161,4
DA:173,4
DA:174,2
DA:177,2
DA:179,0
DA:180,0
DA:185,6
DA:186,6
DA:189,6
DA:190,2
DA:194,4
DA:199,4
DA:200,2
DA:204,2
DA:207,2
DA:214,2
DA:217,2
DA:218,1
DA:234,1
DA:235,1
DA:248,2
DA:254,2
DA:259,0
DA:260,0
DA:265,4
DA:266,4
DA:267,4
DA:270,4
DA:272,4
DA:273,2
DA:277,2
DA:287,2
DA:290,2
DA:291,0
DA:312,2
DA:313,0
DA:324,2
DA:330,2
DA:332,0
DA:333,0
DA:338,3
DA:339,3
DA:342,3
DA:347,3
DA:348,1
DA:352,2
DA:358,2
DA:360,0
DA:361,0
DA:367,0
DA:369,0
DA:389,0
DA:403,0
DA:408,0
DA:409,0
DA:459,0
DA:460,0
DA:462,0
DA:463,0
DA:467,0
DA:475,0
DA:476,0
DA:480,0
DA:486,0
DA:487,0
DA:489,0
DA:490,0
DA:496,3
DA:497,3
DA:498,3
DA:500,3
DA:517,3
DA:518,3
DA:520,3
DA:521,1
DA:522,1
DA:523,1
DA:526,3
DA:527,0
DA:528,0
DA:529,0
DA:532,3
DA:533,3
DA:535,3
DA:537,3
DA:543,0
DA:544,0
DA:550,0
DA:551,0
DA:552,0
DA:554,0
DA:555,0
DA:563,0
DA:566,0
DA:567,0
DA:580,0
DA:583,0
DA:585,0
DA:586,0
DA:592,2
DA:594,2
DA:604,2
DA:606,0
DA:607,0
DA:612,2
DA:617,2
DA:623,2
DA:625,0
DA:626,0
DA:631,2
DA:632,2
DA:634,2
DA:645,2
DA:647,0
DA:648,0
DA:654,1
DA:655,1
DA:669,1
DA:671,0
DA:672,0
DA:678,0
DA:679,0
DA:692,0
DA:694,0
DA:695,0
DA:701,0
DA:702,0
DA:721,0
DA:723,0
DA:724,0
DA:730,0
DA:731,0
DA:751,0
DA:753,0
DA:754,0
DA:760,0
DA:761,0
DA:784,0
DA:786,0
DA:787,0
DA:793,0
DA:794,0
DA:808,0
DA:810,0
DA:811,0
DA:817,2
DA:818,2
DA:821,2
DA:830,2
DA:831,2
DA:840,2
DA:853,2
DA:854,1
DA:863,2
DA:871,2
DA:872,2
DA:874,2
DA:875,2
DA:884,2
DA:891,2
DA:892,2
DA:900,2
DA:902,0
DA:903,0
DA:908,3
LF:215
LH:133
BRDA:66,0,0,2
BRDA:66,0,1,0
BRDA:67,1,0,2
BRDA:67,1,1,0
BRDA:68,2,0,2
BRDA:68,2,1,0
BRDA:69,3,0,2
BRDA:69,3,1,1
BRDA:85,4,0,5
BRDA:85,5,0,5
BRDA:110,6,0,2
BRDA:110,6,1,4
BRDA:116,7,0,2
BRDA:116,7,1,4
BRDA:132,8,0,2
BRDA:132,8,1,4
BRDA:138,9,0,2
BRDA:138,9,1,4
BRDA:173,10,0,2
BRDA:173,10,1,2
BRDA:189,11,0,2
BRDA:189,11,1,4
BRDA:189,12,0,6
BRDA:189,12,1,6
BRDA:189,12,2,4
BRDA:189,12,3,4
BRDA:199,13,0,2
BRDA:199,13,1,2
BRDA:217,14,0,1
BRDA:217,14,1,1
BRDA:225,15,0,1
BRDA:225,15,1,0
BRDA:226,16,0,1
BRDA:226,16,1,1
BRDA:227,17,0,1
BRDA:227,17,1,0
BRDA:228,18,0,1
BRDA:228,18,1,1
BRDA:229,19,0,1
BRDA:229,19,1,1
BRDA:230,20,0,1
BRDA:230,20,1,1
BRDA:231,21,0,1
BRDA:231,21,1,1
BRDA:234,22,0,1
BRDA:234,22,1,0
BRDA:240,23,0,1
BRDA:240,23,1,0
BRDA:241,24,0,1
BRDA:241,24,1,0
BRDA:242,25,0,1
BRDA:242,25,1,1
BRDA:272,26,0,2
BRDA:272,26,1,2
BRDA:290,27,0,0
BRDA:290,27,1,2
BRDA:290,28,0,2
BRDA:290,28,1,1
BRDA:312,29,0,0
BRDA:312,29,1,2
BRDA:312,30,0,2
BRDA:312,30,1,0
BRDA:347,31,0,1
BRDA:347,31,1,2
BRDA:462,32,0,0
BRDA:462,32,1,0
BRDA:472,33,0,0
BRDA:472,33,1,0
BRDA:475,34,0,0
BRDA:475,34,1,0
BRDA:486,35,0,0
BRDA:486,35,1,0
BRDA:497,36,0,3
BRDA:497,37,0,3
BRDA:520,38,0,1
BRDA:520,38,1,2
BRDA:526,39,0,0
BRDA:526,39,1,3
BRDA:554,40,0,0
BRDA:554,40,1,0
BRDA:554,41,0,0
BRDA:554,41,1,0
BRDA:566,42,0,0
BRDA:566,42,1,0
BRDA:566,43,0,0
BRDA:566,43,1,0
BRDA:632,44,0,2
BRDA:830,45,0,2
BRDA:830,45,1,0
BRDA:853,46,0,1
BRDA:853,46,1,1
BRDA:874,47,0,2
BRDA:874,47,1,0
BRDA:891,48,0,2
BRDA:891,48,1,0
BRF:95
BRH:64
end_of_record
TN:
SF:src\controllers\alertaDoMedicoController.js
FN:17,(anonymous_0)
FN:29,(anonymous_1)
FN:211,(anonymous_2)
FN:299,(anonymous_3)
FN:341,(anonymous_4)
FN:405,criarTemplateEmail
FN:557,criarTextoSimples
FNF:7
FNH:7
FNDA:1,(anonymous_0)
FNDA:10,(anonymous_1)
FNDA:4,(anonymous_2)
FNDA:1,(anonymous_3)
FNDA:4,(anonymous_4)
FNDA:3,criarTemplateEmail
FNDA:3,criarTextoSimples
DA:4,4
DA:5,4
DA:8,4
DA:17,4
DA:18,1
DA:19,0
DA:21,1
DA:29,4
DA:30,10
DA:31,10
DA:32,10
DA:33,10
DA:35,10
DA:36,10
DA:39,10
DA:40,1
DA:45,9
DA:46,1
DA:52,8
DA:53,8
DA:54,1
DA:60,7
DA:68,7
DA:69,1
DA:72,6
DA:73,6
DA:76,6
DA:84,6
DA:85,1
DA:88,5
DA:89,5
DA:92,5
DA:97,5
DA:98,1
DA:104,4
DA:113,4
DA:131,3
DA:132,3
DA:135,3
DA:143,3
DA:155,3
DA:156,3
DA:157,3
DA:158,2
DA:159,2
DA:161,1
DA:166,3
DA:189,3
DA:199,1
DA:200,1
DA:211,4
DA:212,4
DA:213,4
DA:214,4
DA:215,4
DA:218,4
DA:223,4
DA:224,1
DA:227,3
DA:230,3
DA:248,3
DA:250,3
DA:251,1
DA:252,1
DA:255,3
DA:256,3
DA:258,3
DA:261,2
DA:270,2
DA:271,2
DA:272,1
DA:273,1
DA:276,2
DA:277,2
DA:279,2
DA:290,1
DA:291,1
DA:299,4
DA:300,1
DA:301,1
DA:302,1
DA:304,1
DA:325,1
DA:326,0
DA:329,1
DA:332,0
DA:333,0
DA:341,4
DA:342,4
DA:343,4
DA:344,4
DA:347,4
DA:352,4
DA:353,1
DA:356,3
DA:358,3
DA:370,3
DA:372,3
DA:373,1
DA:374,1
DA:377,3
DA:378,1
DA:379,1
DA:382,3
DA:383,2
DA:385,2
DA:386,2
DA:387,2
DA:389,2
DA:397,1
DA:398,1
DA:406,3
DA:407,3
DA:409,3
DA:558,3
DA:578,4
LF:116
LH:112
BRDA:18,0,0,0
BRDA:18,0,1,1
BRDA:39,1,0,1
BRDA:39,1,1,9
BRDA:39,2,0,10
BRDA:39,2,1,10
BRDA:39,2,2,10
BRDA:45,3,0,1
BRDA:45,3,1,8
BRDA:53,4,0,1
BRDA:53,4,1,7
BRDA:68,5,0,1
BRDA:68,5,1,6
BRDA:84,6,0,1
BRDA:84,6,1,5
BRDA:97,7,0,1
BRDA:97,7,1,4
BRDA:138,8,0,3
BRDA:138,8,1,0
BRDA:202,9,0,0
BRDA:202,9,1,1
BRDA:214,10,0,3
BRDA:214,11,0,3
BRDA:223,12,0,1
BRDA:223,12,1,3
BRDA:250,13,0,1
BRDA:250,13,1,2
BRDA:271,14,0,1
BRDA:271,14,1,1
BRDA:325,15,0,0
BRDA:325,15,1,1
BRDA:352,16,0,1
BRDA:352,16,1,3
BRDA:372,17,0,1
BRDA:372,17,1,2
BRDA:377,18,0,1
BRDA:377,18,1,2
BRDA:385,19,0,2
BRDA:385,19,1,0
BRDA:386,20,0,2
BRDA:386,20,1,0
BRDA:387,21,0,2
BRDA:387,21,1,0
BRDA:393,22,0,2
BRDA:393,22,1,0
BRDA:407,23,0,3
BRDA:407,23,1,0
BRDA:524,24,0,3
BRDA:524,24,1,0
BRDA:524,25,0,3
BRDA:524,25,1,0
BRDA:572,26,0,3
BRDA:572,26,1,0
BRF:53
BRH:41
end_of_record
TN:
SF:src\controllers\authController.js
FN:5,(anonymous_0)
FN:15,(anonymous_1)
FN:30,(anonymous_2)
FN:57,(anonymous_3)
FNF:4
FNH:4
FNDA:2,(anonymous_0)
FNDA:2,(anonymous_1)
FNDA:4,(anonymous_2)
FNDA:3,(anonymous_3)
DA:1,4
DA:2,4
DA:5,4
DA:6,2
DA:7,2
DA:8,1
DA:10,1
DA:15,4
DA:16,2
DA:17,2
DA:18,2
DA:20,1
DA:21,1
DA:23,1
DA:25,1
DA:30,4
DA:31,4
DA:32,4
DA:33,4
DA:34,1
DA:38,3
DA:39,2
DA:42,2
DA:45,1
DA:50,1
DA:52,2
DA:57,4
DA:58,3
DA:59,3
DA:60,3
DA:61,1
DA:64,2
DA:65,1
DA:67,1
DA:71,4
LF:35
LH:35
BRDA:33,0,0,1
BRDA:33,0,1,3
BRDA:60,1,0,1
BRDA:60,1,1,2
BRF:4
BRH:4
end_of_record
TN:
SF:src\controllers\dialysisController.js
FN:4,(anonymous_0)
FN:115,(anonymous_1)
FN:153,(anonymous_2)
FN:168,(anonymous_3)
FN:255,(anonymous_4)
FN:280,(anonymous_5)
FN:345,(anonymous_6)
FNF:7
FNH:7
FNDA:9,(anonymous_0)
FNDA:8,(anonymous_1)
FNDA:8,(anonymous_2)
FNDA:7,(anonymous_3)
FNDA:6,(anonymous_4)
FNDA:8,(anonymous_5)
FNDA:5,(anonymous_6)
DA:1,4
DA:4,4
DA:5,9
DA:6,9
DA:7,9
DA:8,9
DA:10,9
DA:13,9
DA:18,8
DA:20,8
DA:21,1
DA:24,7
DA:25,7
DA:36,7
DA:38,7
DA:41,7
DA:42,2
DA:47,5
DA:48,5
DA:51,5
DA:54,5
DA:55,5
DA:58,5
DA:59,5
DA:61,5
DA:71,5
DA:98,5
DA:100,5
DA:105,1
DA:106,1
DA:107,1
DA:115,4
DA:116,8
DA:117,8
DA:118,8
DA:119,8
DA:122,8
DA:127,7
DA:128,1
DA:131,6
DA:133,6
DA:153,8
DA:160,6
DA:162,1
DA:163,1
DA:168,4
DA:169,7
DA:170,7
DA:172,7
DA:177,6
DA:178,0
DA:181,6
DA:184,6
DA:199,6
DA:211,6
DA:212,6
DA:214,6
DA:249,1
DA:250,1
DA:255,4
DA:256,6
DA:257,6
DA:258,6
DA:260,6
DA:268,5
DA:269,3
DA:272,2
DA:274,1
DA:275,1
DA:280,4
DA:281,8
DA:282,8
DA:283,8
DA:286,8
DA:294,7
DA:295,2
DA:307,5
DA:309,5
DA:334,5
DA:339,1
DA:340,1
DA:345,4
DA:346,5
DA:347,5
DA:348,5
DA:350,5
DA:360,4
DA:361,2
DA:364,2
DA:366,1
DA:367,1
DA:371,4
LF:92
LH:91
BRDA:20,0,0,1
BRDA:20,0,1,7
BRDA:41,1,0,2
BRDA:41,1,1,5
BRDA:41,2,0,7
BRDA:41,2,1,5
BRDA:47,3,0,2
BRDA:47,3,1,3
BRDA:48,4,0,2
BRDA:48,4,1,3
BRDA:51,5,0,2
BRDA:51,5,1,3
BRDA:58,6,0,2
BRDA:58,6,1,3
BRDA:59,7,0,2
BRDA:59,7,1,3
BRDA:92,8,0,2
BRDA:92,8,1,3
BRDA:93,9,0,2
BRDA:93,9,1,3
BRDA:94,10,0,5
BRDA:94,10,1,3
BRDA:118,11,0,8
BRDA:118,11,1,6
BRDA:119,12,0,8
BRDA:119,12,1,8
BRDA:127,13,0,1
BRDA:127,13,1,6
BRDA:155,14,0,2
BRDA:155,14,1,6
BRDA:177,15,0,0
BRDA:177,15,1,6
BRDA:211,16,0,6
BRDA:211,16,1,2
BRDA:212,17,0,6
BRDA:212,17,1,0
BRDA:217,18,0,3
BRDA:217,18,1,3
BRDA:217,19,0,6
BRDA:217,19,1,3
BRDA:224,20,0,2
BRDA:224,20,1,4
BRDA:229,21,0,6
BRDA:229,21,1,5
BRDA:234,22,0,2
BRDA:234,22,1,4
BRDA:242,23,0,3
BRDA:242,23,1,3
BRDA:243,24,0,3
BRDA:243,24,1,3
BRDA:244,25,0,2
BRDA:244,25,1,4
BRDA:245,26,0,1
BRDA:245,26,1,5
BRDA:268,27,0,3
BRDA:268,27,1,2
BRDA:294,28,0,2
BRDA:294,28,1,5
BRDA:326,29,0,1
BRDA:326,29,1,4
BRDA:360,30,0,2
BRDA:360,30,1,2
BRF:62
BRH:60
end_of_record
TN:
SF:src\controllers\doctorController.js
FN:13,(anonymous_0)
FN:30,(anonymous_1)
FN:46,(anonymous_2)
FN:62,(anonymous_3)
FN:76,(anonymous_4)
FN:93,(anonymous_5)
FN:101,(anonymous_6)
FN:107,(anonymous_7)
FN:114,(anonymous_8)
FN:116,(anonymous_9)
FN:120,(anonymous_10)
FN:132,(anonymous_11)
FN:133,(anonymous_12)
FN:137,(anonymous_13)
FN:140,(anonymous_14)
FN:173,(anonymous_15)
FN:185,(anonymous_16)
FN:209,(anonymous_17)
FN:218,(anonymous_18)
FN:240,(anonymous_19)
FN:256,(anonymous_20)
FN:323,(anonymous_21)
FN:340,(anonymous_22)
FN:349,(anonymous_23)
FN:363,(anonymous_24)
FN:384,(anonymous_25)
FN:460,(anonymous_26)
FN:511,(anonymous_27)
FN:550,(anonymous_28)
FN:656,(anonymous_29)
FN:698,(anonymous_30)
FN:728,(anonymous_31)
FN:781,(anonymous_32)
FN:903,(anonymous_33)
FN:1014,(anonymous_34)
FN:1042,(anonymous_35)
FN:1065,(anonymous_36)
FN:1124,(anonymous_37)
FN:1199,(anonymous_38)
FN:1324,(anonymous_39)
FNF:40
FNH:34
FNDA:1,(anonymous_0)
FNDA:1,(anonymous_1)
FNDA:1,(anonymous_2)
FNDA:1,(anonymous_3)
FNDA:1,(anonymous_4)
FNDA:1,(anonymous_5)
FNDA:2,(anonymous_6)
FNDA:2,(anonymous_7)
FNDA:8,(anonymous_8)
FNDA:6,(anonymous_9)
FNDA:1,(anonymous_10)
FNDA:1,(anonymous_11)
FNDA:1,(anonymous_12)
FNDA:0,(anonymous_13)
FNDA:1,(anonymous_14)
FNDA:1,(anonymous_15)
FNDA:1,(anonymous_16)
FNDA:1,(anonymous_17)
FNDA:1,(anonymous_18)
FNDA:1,(anonymous_19)
FNDA:1,(anonymous_20)
FNDA:1,(anonymous_21)
FNDA:10,(anonymous_22)
FNDA:4,(anonymous_23)
FNDA:3,(anonymous_24)
FNDA:2,(anonymous_25)
FNDA:2,(anonymous_26)
FNDA:2,(anonymous_27)
FNDA:2,(anonymous_28)
FNDA:2,(anonymous_29)
FNDA:0,(anonymous_30)
FNDA:2,(anonymous_31)
FNDA:2,(anonymous_32)
FNDA:0,(anonymous_33)
FNDA:0,(anonymous_34)
FNDA:2,(anonymous_35)
FNDA:1,(anonymous_36)
FNDA:0,(anonymous_37)
FNDA:2,(anonymous_38)
FNDA:0,(anonymous_39)
DA:3,4
DA:4,4
DA:5,4
DA:11,4
DA:14,1
DA:25,1
DA:26,1
DA:31,1
DA:41,1
DA:42,1
DA:47,1
DA:57,1
DA:58,1
DA:63,1
DA:71,1
DA:72,1
DA:77,1
DA:90,1
DA:92,1
DA:93,1
DA:102,2
DA:103,0
DA:108,2
DA:109,2
DA:110,2
DA:115,8
DA:116,6
DA:121,1
DA:122,0
DA:132,1
DA:133,1
DA:135,1
DA:136,1
DA:137,0
DA:139,1
DA:140,1
DA:143,1
DA:144,1
DA:145,1
DA:148,1
DA:149,0
DA:150,0
DA:151,1
DA:152,0
DA:153,0
DA:155,1
DA:156,1
DA:159,1
DA:174,1
DA:175,0
DA:185,1
DA:186,1
DA:187,1
DA:188,1
DA:190,1
DA:191,1
DA:192,1
DA:194,1
DA:195,1
DA:196,1
DA:198,1
DA:210,1
DA:211,0
DA:218,1
DA:219,1
DA:222,1
DA:223,0
DA:224,1
DA:225,0
DA:227,1
DA:230,1
DA:232,1
DA:241,1
DA:243,1
DA:244,1
DA:245,1
DA:252,1
DA:257,1
DA:260,1
DA:261,0
DA:269,1
DA:270,1
DA:275,0
DA:276,0
DA:284,1
DA:285,0
DA:293,1
DA:294,1
DA:302,1
DA:303,0
DA:311,1
DA:312,0
DA:319,1
DA:324,1
DA:325,0
DA:326,1
DA:327,1
DA:329,0
DA:338,4
DA:341,10
DA:345,10
DA:350,4
DA:354,4
DA:363,4
DA:364,3
DA:365,3
DA:372,2
DA:373,1
DA:376,1
DA:378,1
DA:379,1
DA:384,4
DA:385,2
DA:386,2
DA:387,2
DA:389,2
DA:390,2
DA:393,2
DA:398,2
DA:399,0
DA:403,2
DA:404,2
DA:405,2
DA:407,2
DA:408,0
DA:409,0
DA:411,2
DA:412,1
DA:413,1
DA:415,2
DA:416,0
DA:417,0
DA:419,2
DA:420,1
DA:421,1
DA:425,2
DA:426,1
DA:430,1
DA:432,1
DA:434,1
DA:435,1
DA:437,1
DA:440,1
DA:447,1
DA:449,1
DA:454,0
DA:455,0
DA:460,4
DA:461,2
DA:462,2
DA:463,2
DA:465,2
DA:468,2
DA:469,0
DA:472,2
DA:473,0
DA:477,2
DA:482,2
DA:483,0
DA:487,2
DA:488,2
DA:489,1
DA:493,1
DA:496,1
DA:501,1
DA:503,1
DA:505,0
DA:506,0
DA:511,4
DA:512,2
DA:513,2
DA:515,2
DA:516,1
DA:519,1
DA:542,1
DA:544,0
DA:545,0
DA:550,4
DA:551,2
DA:552,2
DA:554,2
DA:555,2
DA:556,2
DA:558,2
DA:560,2
DA:561,0
DA:562,0
DA:565,2
DA:568,2
DA:579,2
DA:580,2
DA:582,2
DA:583,1
DA:584,1
DA:587,1
DA:590,1
DA:597,1
DA:598,1
DA:599,1
DA:602,1
DA:608,1
DA:609,1
DA:610,1
DA:613,1
DA:625,1
DA:626,1
DA:627,1
DA:629,1
DA:636,1
DA:637,1
DA:638,1
DA:639,1
DA:640,1
DA:642,1
DA:644,0
DA:645,0
DA:646,0
DA:647,0
DA:656,4
DA:657,2
DA:658,2
DA:659,2
DA:661,2
DA:663,2
DA:664,0
DA:668,2
DA:670,2
DA:671,1
DA:674,1
DA:678,1
DA:680,1
DA:681,1
DA:682,1
DA:685,1
DA:686,1
DA:688,1
DA:690,1
DA:692,0
DA:693,0
DA:698,4
DA:699,0
DA:700,0
DA:702,0
DA:704,0
DA:705,0
DA:709,0
DA:711,0
DA:712,0
DA:715,0
DA:720,0
DA:722,0
DA:723,0
DA:728,4
DA:729,2
DA:730,2
DA:731,2
DA:733,2
DA:734,1
DA:737,1
DA:739,1
DA:740,0
DA:744,1
DA:749,1
DA:750,0
DA:754,1
DA:770,1
DA:775,0
DA:776,0
DA:781,4
DA:782,2
DA:783,2
DA:791,2
DA:793,2
DA:796,2
DA:797,2
DA:798,2
DA:800,2
DA:801,2
DA:802,2
DA:803,2
DA:806,2
DA:807,0
DA:813,2
DA:820,2
DA:821,0
DA:824,2
DA:825,2
DA:828,2
DA:835,2
DA:836,0
DA:841,2
DA:842,2
DA:845,2
DA:863,2
DA:866,2
DA:867,2
DA:868,2
DA:878,1
DA:879,1
DA:881,1
DA:884,2
DA:894,0
DA:895,0
DA:903,4
DA:904,0
DA:905,0
DA:912,0
DA:914,0
DA:915,0
DA:916,0
DA:919,0
DA:920,0
DA:924,0
DA:926,0
DA:927,0
DA:931,0
DA:936,0
DA:939,0
DA:946,0
DA:947,0
DA:950,0
DA:951,0
DA:954,0
DA:972,0
DA:975,0
DA:976,0
DA:977,0
DA:978,0
DA:988,0
DA:989,0
DA:991,0
DA:996,0
DA:1005,0
DA:1006,0
DA:1014,4
DA:1015,0
DA:1016,0
DA:1018,0
DA:1022,0
DA:1024,0
DA:1025,0
DA:1026,0
DA:1029,0
DA:1030,0
DA:1032,0
DA:1034,0
DA:1036,0
DA:1037,0
DA:1042,4
DA:1043,2
DA:1044,2
DA:1046,2
DA:1053,2
DA:1054,1
DA:1057,1
DA:1059,0
DA:1060,0
DA:1065,4
DA:1066,1
DA:1067,1
DA:1069,1
DA:1070,0
DA:1074,1
DA:1080,1
DA:1088,1
DA:1096,1
DA:1111,1
DA:1118,0
DA:1119,0
DA:1124,4
DA:1125,0
DA:1126,0
DA:1127,0
DA:1129,0
DA:1131,0
DA:1132,0
DA:1136,0
DA:1143,0
DA:1144,0
DA:1148,0
DA:1156,0
DA:1170,0
DA:1175,0
DA:1191,0
DA:1192,0
DA:1199,4
DA:1200,2
DA:1201,2
DA:1202,2
DA:1204,2
DA:1205,2
DA:1206,2
DA:1209,2
DA:1211,2
DA:1212,0
DA:1216,2
DA:1218,2
DA:1219,1
DA:1223,1
DA:1224,1
DA:1233,1
DA:1242,1
DA:1243,1
DA:1244,1
DA:1245,1
DA:1246,1
DA:1247,1
DA:1250,1
DA:1251,1
DA:1252,1
DA:1255,1
DA:1262,1
DA:1271,1
DA:1279,1
DA:1282,1
DA:1310,1
DA:1312,1
DA:1315,0
DA:1316,0
DA:1324,4
DA:1325,0
DA:1326,0
DA:1328,0
DA:1330,0
DA:1331,0
DA:1335,0
DA:1344,0
DA:1351,0
DA:1353,0
DA:1355,0
DA:1367,0
DA:1380,0
DA:1381,0
DA:1383,0
DA:1384,0
DA:1386,0
DA:1400,0
DA:1404,0
DA:1411,0
DA:1412,0
DA:1416,4
LF:441
LH:292
BRDA:94,0,0,0
BRDA:94,0,1,1
BRDA:96,1,0,1
BRDA:96,1,1,0
BRDA:102,2,0,2
BRDA:102,2,1,0
BRDA:108,3,0,0
BRDA:108,3,1,2
BRDA:109,4,0,0
BRDA:109,4,1,2
BRDA:115,5,0,2
BRDA:115,5,1,6
BRDA:121,6,0,0
BRDA:121,6,1,1
BRDA:148,7,0,0
BRDA:148,7,1,1
BRDA:148,8,0,1
BRDA:148,8,1,1
BRDA:151,9,0,0
BRDA:151,9,1,1
BRDA:151,10,0,1
BRDA:151,10,1,1
BRDA:174,11,0,0
BRDA:174,11,1,1
BRDA:210,12,0,0
BRDA:210,12,1,1
BRDA:222,13,0,0
BRDA:222,13,1,1
BRDA:224,14,0,0
BRDA:224,14,1,1
BRDA:244,15,0,1
BRDA:244,15,1,0
BRDA:260,16,0,0
BRDA:260,16,1,1
BRDA:260,17,0,1
BRDA:260,17,1,1
BRDA:269,18,0,1
BRDA:269,18,1,0
BRDA:275,19,0,0
BRDA:275,19,1,0
BRDA:284,20,0,0
BRDA:284,20,1,1
BRDA:293,21,0,1
BRDA:293,21,1,0
BRDA:302,22,0,0
BRDA:302,22,1,1
BRDA:311,23,0,0
BRDA:311,23,1,1
BRDA:311,24,0,1
BRDA:311,24,1,0
BRDA:324,25,0,0
BRDA:324,25,1,1
BRDA:326,26,0,1
BRDA:326,26,1,0
BRDA:345,27,0,10
BRDA:345,27,1,1
BRDA:372,28,0,1
BRDA:372,28,1,1
BRDA:398,29,0,0
BRDA:398,29,1,2
BRDA:407,30,0,0
BRDA:407,30,1,2
BRDA:411,31,0,1
BRDA:411,31,1,1
BRDA:415,32,0,0
BRDA:415,32,1,2
BRDA:419,33,0,1
BRDA:419,33,1,1
BRDA:425,34,0,1
BRDA:425,34,1,1
BRDA:468,35,0,0
BRDA:468,35,1,2
BRDA:468,36,0,2
BRDA:468,36,1,2
BRDA:472,37,0,0
BRDA:472,37,1,2
BRDA:482,38,0,0
BRDA:482,38,1,2
BRDA:488,39,0,1
BRDA:488,39,1,1
BRDA:515,40,0,1
BRDA:515,40,1,1
BRDA:560,41,0,0
BRDA:560,41,1,2
BRDA:582,42,0,1
BRDA:582,42,1,1
BRDA:650,43,0,0
BRDA:650,43,1,0
BRDA:659,44,0,0
BRDA:659,45,0,0
BRDA:663,46,0,0
BRDA:663,46,1,2
BRDA:670,47,0,1
BRDA:670,47,1,1
BRDA:680,48,0,1
BRDA:680,48,1,0
BRDA:680,49,0,1
BRDA:680,49,1,1
BRDA:704,50,0,0
BRDA:704,50,1,0
BRDA:711,51,0,0
BRDA:711,51,1,0
BRDA:733,52,0,1
BRDA:733,52,1,1
BRDA:733,53,0,2
BRDA:733,53,1,2
BRDA:739,54,0,0
BRDA:739,54,1,1
BRDA:749,55,0,0
BRDA:749,55,1,1
BRDA:796,56,0,2
BRDA:796,56,1,0
BRDA:797,57,0,2
BRDA:797,57,1,0
BRDA:798,58,0,2
BRDA:798,58,1,0
BRDA:806,59,0,0
BRDA:806,59,1,2
BRDA:806,60,0,2
BRDA:806,60,1,2
BRDA:806,60,2,2
BRDA:820,61,0,0
BRDA:820,61,1,2
BRDA:835,62,0,0
BRDA:835,62,1,2
BRDA:886,63,0,1
BRDA:886,63,1,1
BRDA:897,64,0,0
BRDA:897,64,1,0
BRDA:909,65,0,0
BRDA:910,66,0,0
BRDA:911,67,0,0
BRDA:919,68,0,0
BRDA:919,68,1,0
BRDA:919,69,0,0
BRDA:919,69,1,0
BRDA:926,70,0,0
BRDA:926,70,1,0
BRDA:936,71,0,0
BRDA:936,71,1,0
BRDA:946,72,0,0
BRDA:946,72,1,0
BRDA:976,73,0,0
BRDA:976,73,1,0
BRDA:976,74,0,0
BRDA:976,74,1,0
BRDA:998,75,0,0
BRDA:998,75,1,0
BRDA:1016,76,0,0
BRDA:1016,77,0,0
BRDA:1024,78,0,0
BRDA:1024,78,1,0
BRDA:1053,79,0,1
BRDA:1053,79,1,1
BRDA:1069,80,0,0
BRDA:1069,80,1,1
BRDA:1131,81,0,0
BRDA:1131,81,1,0
BRDA:1143,82,0,0
BRDA:1143,82,1,0
BRDA:1179,83,0,0
BRDA:1179,83,1,0
BRDA:1180,84,0,0
BRDA:1180,84,1,0
BRDA:1181,85,0,0
BRDA:1181,85,1,0
BRDA:1182,86,0,0
BRDA:1182,86,1,0
BRDA:1183,87,0,0
BRDA:1183,87,1,0
BRDA:1184,88,0,0
BRDA:1184,88,1,0
BRDA:1202,89,0,0
BRDA:1211,90,0,0
BRDA:1211,90,1,2
BRDA:1218,91,0,1
BRDA:1218,91,1,1
BRDA:1318,92,0,0
BRDA:1318,92,1,0
BRDA:1330,93,0,0
BRDA:1330,93,1,0
BRDA:1380,94,0,0
BRDA:1380,94,1,0
BRDA:1381,95,0,0
BRDA:1381,95,1,0
BRDA:1393,96,0,0
BRDA:1393,96,1,0
BRDA:1394,97,0,0
BRDA:1394,97,1,0
BRDA:1395,98,0,0
BRDA:1395,98,1,0
BRDA:1400,99,0,0
BRDA:1400,99,1,0
BRF:193
BRH:84
end_of_record
TN:
SF:src\controllers\messagingController.js
FN:8,(anonymous_0)
FN:109,(anonymous_1)
FN:160,(anonymous_2)
FN:236,(anonymous_3)
FN:261,(anonymous_4)
FN:285,(anonymous_5)
FNF:6
FNH:0
FNDA:0,(anonymous_0)
FNDA:0,(anonymous_1)
FNDA:0,(anonymous_2)
FNDA:0,(anonymous_3)
FNDA:0,(anonymous_4)
FNDA:0,(anonymous_5)
DA:3,3
DA:8,3
DA:9,0
DA:10,0
DA:12,0
DA:13,0
DA:17,0
DA:22,0
DA:23,0
DA:27,0
DA:29,0
DA:34,0
DA:35,0
DA:38,0
DA:43,0
DA:44,0
DA:46,0
DA:48,0
DA:53,0
DA:54,0
DA:57,0
DA:62,0
DA:63,0
DA:68,0
DA:81,0
DA:96,0
DA:101,0
DA:102,0
DA:109,3
DA:110,0
DA:111,0
DA:150,0
DA:152,0
DA:153,0
DA:160,3
DA:161,0
DA:162,0
DA:163,0
DA:166,0
DA:167,0
DA:172,0
DA:173,0
DA:176,0
DA:181,0
DA:182,0
DA:184,0
DA:185,0
DA:190,0
DA:191,0
DA:194,0
DA:199,0
DA:200,0
DA:205,0
DA:220,0
DA:226,0
DA:228,0
DA:229,0
DA:236,3
DA:237,0
DA:238,0
DA:240,0
DA:247,0
DA:248,0
DA:251,0
DA:253,0
DA:254,0
DA:261,3
DA:262,0
DA:263,0
DA:265,0
DA:271,0
DA:272,0
DA:275,0
DA:277,0
DA:278,0
DA:285,3
DA:286,0
DA:287,0
DA:289,0
DA:303,0
DA:304,0
DA:307,0
DA:308,0
DA:310,0
DA:315,0
DA:316,0
DA:319,0
DA:333,0
DA:336,0
DA:337,0
DA:341,3
LF:91
LH:8
BRDA:12,0,0,0
BRDA:12,0,1,0
BRDA:12,1,0,0
BRDA:12,1,1,0
BRDA:22,2,0,0
BRDA:22,2,1,0
BRDA:27,3,0,0
BRDA:27,3,1,0
BRDA:34,4,0,0
BRDA:34,4,1,0
BRDA:43,5,0,0
BRDA:43,5,1,0
BRDA:43,6,0,0
BRDA:43,6,1,0
BRDA:46,7,0,0
BRDA:46,7,1,0
BRDA:53,8,0,0
BRDA:53,8,1,0
BRDA:62,9,0,0
BRDA:62,9,1,0
BRDA:93,10,0,0
BRDA:93,10,1,0
BRDA:163,11,0,0
BRDA:163,12,0,0
BRDA:166,13,0,0
BRDA:166,13,1,0
BRDA:172,14,0,0
BRDA:172,14,1,0
BRDA:181,15,0,0
BRDA:181,15,1,0
BRDA:181,16,0,0
BRDA:181,16,1,0
BRDA:184,17,0,0
BRDA:184,17,1,0
BRDA:190,18,0,0
BRDA:190,18,1,0
BRDA:199,19,0,0
BRDA:199,19,1,0
BRDA:247,20,0,0
BRDA:247,20,1,0
BRDA:271,21,0,0
BRDA:271,21,1,0
BRDA:287,22,0,0
BRDA:287,22,1,0
BRDA:303,23,0,0
BRDA:303,23,1,0
BRDA:308,24,0,0
BRDA:308,24,1,0
BRDA:315,25,0,0
BRDA:315,25,1,0
BRF:50
BRH:0
end_of_record
TN:
SF:src\controllers\patientController.js
FN:7,(anonymous_0)
FN:16,(anonymous_1)
FN:25,(anonymous_2)
FN:34,(anonymous_3)
FN:46,(anonymous_4)
FN:55,(anonymous_5)
FN:64,(anonymous_6)
FN:70,(anonymous_7)
FN:78,(anonymous_8)
FN:90,(anonymous_9)
FN:143,(anonymous_10)
FN:213,(anonymous_11)
FN:214,(anonymous_12)
FN:265,(anonymous_13)
FN:294,(anonymous_14)
FN:331,(anonymous_15)
FN:364,(anonymous_16)
FN:396,(anonymous_17)
FN:424,(anonymous_18)
FN:456,(anonymous_19)
FN:479,(anonymous_20)
FNF:21
FNH:8
FNDA:0,(anonymous_0)
FNDA:3,(anonymous_1)
FNDA:0,(anonymous_2)
FNDA:0,(anonymous_3)
FNDA:0,(anonymous_4)
FNDA:0,(anonymous_5)
FNDA:1,(anonymous_6)
FNDA:2,(anonymous_7)
FNDA:8,(anonymous_8)
FNDA:4,(anonymous_9)
FNDA:3,(anonymous_10)
FNDA:2,(anonymous_11)
FNDA:4,(anonymous_12)
FNDA:0,(anonymous_13)
FNDA:0,(anonymous_14)
FNDA:0,(anonymous_15)
FNDA:0,(anonymous_16)
FNDA:0,(anonymous_17)
FNDA:0,(anonymous_18)
FNDA:0,(anonymous_19)
FNDA:0,(anonymous_20)
DA:1,5
DA:2,5
DA:5,5
DA:8,0
DA:12,0
DA:17,3
DA:21,3
DA:26,0
DA:27,0
DA:28,0
DA:30,0
DA:35,0
DA:36,0
DA:38,0
DA:39,0
DA:41,0
DA:42,0
DA:47,0
DA:48,0
DA:49,0
DA:51,0
DA:56,0
DA:57,0
DA:58,0
DA:60,0
DA:65,1
DA:66,1
DA:71,2
DA:72,2
DA:73,2
DA:74,2
DA:79,8
DA:80,3
DA:81,3
DA:82,0
DA:83,0
DA:88,5
DA:91,4
DA:92,4
DA:94,4
DA:124,3
DA:125,1
DA:128,2
DA:129,2
DA:131,2
DA:138,1
DA:144,3
DA:145,3
DA:146,3
DA:148,3
DA:150,3
DA:151,1
DA:155,2
DA:176,2
DA:192,2
DA:209,2
DA:210,2
DA:213,2
DA:214,4
DA:216,2
DA:260,0
DA:266,0
DA:267,0
DA:269,0
DA:270,0
DA:271,0
DA:272,0
DA:274,0
DA:275,0
DA:278,0
DA:279,0
DA:280,0
DA:283,0
DA:284,0
DA:286,0
DA:287,0
DA:289,0
DA:295,0
DA:296,0
DA:298,0
DA:301,0
DA:302,0
DA:306,0
DA:310,0
DA:314,0
DA:319,0
DA:326,0
DA:332,0
DA:333,0
DA:335,0
DA:337,0
DA:338,0
DA:341,0
DA:342,0
DA:345,0
DA:349,0
DA:352,0
DA:357,0
DA:359,0
DA:365,0
DA:366,0
DA:368,0
DA:371,0
DA:372,0
DA:375,0
DA:378,0
DA:384,0
DA:389,0
DA:391,0
DA:397,0
DA:398,0
DA:400,0
DA:404,0
DA:408,0
DA:413,0
DA:419,0
DA:425,0
DA:426,0
DA:428,0
DA:431,0
DA:437,0
DA:442,0
DA:443,0
DA:449,0
DA:451,0
DA:457,0
DA:458,0
DA:460,0
DA:463,0
DA:464,0
DA:467,0
DA:472,0
DA:474,0
DA:480,0
DA:481,0
DA:483,0
DA:485,0
DA:490,0
DA:492,0
DA:497,5
LF:140
LH:39
BRDA:12,0,0,0
BRDA:12,0,1,0
BRDA:21,1,0,3
BRDA:21,1,1,1
BRDA:26,2,0,0
BRDA:26,2,1,0
BRDA:34,3,0,0
BRDA:35,4,0,0
BRDA:35,4,1,0
BRDA:36,5,0,0
BRDA:36,5,1,0
BRDA:36,6,0,0
BRDA:36,6,1,0
BRDA:36,6,2,0
BRDA:39,7,0,0
BRDA:39,7,1,0
BRDA:39,8,0,0
BRDA:39,8,1,0
BRDA:39,8,2,0
BRDA:47,9,0,0
BRDA:47,9,1,0
BRDA:47,10,0,0
BRDA:47,10,1,0
BRDA:56,11,0,0
BRDA:56,11,1,0
BRDA:64,12,0,0
BRDA:71,13,0,0
BRDA:71,13,1,2
BRDA:79,14,0,5
BRDA:79,14,1,3
BRDA:79,15,0,8
BRDA:79,15,1,3
BRDA:81,16,0,3
BRDA:81,16,1,0
BRDA:82,17,0,0
BRDA:82,17,1,0
BRDA:124,18,0,1
BRDA:124,18,1,2
BRDA:146,19,0,3
BRDA:146,19,1,2
BRDA:150,20,0,1
BRDA:150,20,1,2
BRDA:210,21,0,2
BRDA:210,21,1,0
BRDA:213,22,0,2
BRDA:213,22,1,0
BRDA:214,23,0,2
BRDA:214,23,1,0
BRDA:218,24,0,2
BRDA:218,24,1,0
BRDA:225,25,0,2
BRDA:225,25,1,0
BRDA:226,26,0,2
BRDA:226,26,1,2
BRDA:229,27,0,2
BRDA:229,27,1,0
BRDA:230,28,0,2
BRDA:230,28,1,1
BRDA:231,29,0,1
BRDA:231,29,1,1
BRDA:235,30,0,2
BRDA:235,30,1,0
BRDA:236,31,0,2
BRDA:236,31,1,1
BRDA:237,32,0,2
BRDA:237,32,1,1
BRDA:241,33,0,1
BRDA:241,33,1,1
BRDA:242,34,0,2
BRDA:242,34,1,2
BRDA:243,35,0,2
BRDA:243,35,1,2
BRDA:247,36,0,2
BRDA:247,36,1,0
BRDA:251,37,0,0
BRDA:251,37,1,2
BRDA:255,38,0,1
BRDA:255,38,1,1
BRDA:267,39,0,0
BRDA:267,39,1,0
BRDA:269,40,0,0
BRDA:269,40,1,0
BRDA:270,41,0,0
BRDA:270,41,1,0
BRDA:272,42,0,0
BRDA:272,42,1,0
BRDA:278,43,0,0
BRDA:278,43,1,0
BRDA:298,44,0,0
BRDA:298,44,1,0
BRDA:301,45,0,0
BRDA:301,45,1,0
BRDA:333,46,0,0
BRDA:333,46,1,0
BRDA:337,47,0,0
BRDA:337,47,1,0
BRDA:337,48,0,0
BRDA:337,48,1,0
BRDA:337,48,2,0
BRDA:354,49,0,0
BRDA:354,49,1,0
BRDA:368,50,0,0
BRDA:368,50,1,0
BRDA:371,51,0,0
BRDA:371,51,1,0
BRDA:398,52,0,0
BRDA:398,52,1,0
BRDA:414,53,0,0
BRDA:414,53,1,0
BRDA:426,54,0,0
BRDA:426,54,1,0
BRDA:460,55,0,0
BRDA:460,55,1,0
BRDA:463,56,0,0
BRDA:463,56,1,0
BRDA:481,57,0,0
BRDA:481,57,1,0
BRF:117
BRH:41
end_of_record
TN:
SF:src\controllers\remindersController.js
FN:5,(anonymous_0)
FN:73,(anonymous_1)
FN:135,(anonymous_2)
FN:187,(anonymous_3)
FN:224,(anonymous_4)
FNF:5
FNH:5
FNDA:4,(anonymous_0)
FNDA:4,(anonymous_1)
FNDA:4,(anonymous_2)
FNDA:4,(anonymous_3)
FNDA:2,(anonymous_4)
DA:1,4
DA:3,4
DA:6,4
DA:7,4
DA:8,4
DA:11,4
DA:16,3
DA:17,1
DA:20,2
DA:22,2
DA:38,2
DA:40,2
DA:41,1
DA:44,2
DA:45,1
DA:60,2
DA:62,2
DA:67,1
DA:68,1
DA:74,4
DA:75,4
DA:76,4
DA:79,4
DA:80,0
DA:84,4
DA:85,4
DA:86,0
DA:90,4
DA:95,4
DA:96,1
DA:99,3
DA:101,3
DA:124,2
DA:129,1
DA:130,1
DA:136,4
DA:137,4
DA:138,4
DA:139,4
DA:142,4
DA:147,4
DA:148,1
DA:151,3
DA:154,3
DA:159,3
DA:160,1
DA:163,2
DA:176,1
DA:181,1
DA:182,1
DA:188,4
DA:189,4
DA:190,4
DA:193,4
DA:198,4
DA:199,1
DA:202,3
DA:204,3
DA:212,2
DA:213,1
DA:216,1
DA:218,1
DA:219,1
DA:225,2
DA:226,2
DA:229,2
DA:234,1
DA:235,0
DA:238,1
DA:240,1
DA:257,1
DA:259,1
DA:260,1
DA:265,4
LF:74
LH:71
BRDA:16,0,0,1
BRDA:16,0,1,2
BRDA:40,1,0,1
BRDA:40,1,1,1
BRDA:44,2,0,1
BRDA:44,2,1,1
BRDA:79,3,0,0
BRDA:79,3,1,4
BRDA:79,4,0,4
BRDA:79,4,1,4
BRDA:79,4,2,4
BRDA:85,5,0,0
BRDA:85,5,1,4
BRDA:95,6,0,1
BRDA:95,6,1,3
BRDA:117,7,0,3
BRDA:117,7,1,1
BRDA:119,8,0,3
BRDA:119,8,1,1
BRDA:120,9,0,3
BRDA:120,9,1,1
BRDA:147,10,0,1
BRDA:147,10,1,3
BRDA:159,11,0,1
BRDA:159,11,1,2
BRDA:198,12,0,1
BRDA:198,12,1,3
BRDA:212,13,0,1
BRDA:212,13,1,1
BRDA:234,14,0,0
BRDA:234,14,1,1
BRF:31
BRH:28
end_of_record
TN:
SF:src\controllers\reportController.js
FN:3,(anonymous_0)
FN:53,(anonymous_1)
FN:91,(anonymous_2)
FNF:3
FNH:0
FNDA:0,(anonymous_0)
FNDA:0,(anonymous_1)
FNDA:0,(anonymous_2)
DA:1,0
DA:3,0
DA:4,0
DA:5,0
DA:8,0
DA:9,0
DA:10,0
DA:11,0
DA:13,0
DA:14,0
DA:15,0
DA:17,0
DA:18,0
DA:22,0
DA:23,0
DA:28,0
DA:36,0
DA:44,0
DA:52,0
DA:53,0
DA:54,0
DA:55,0
DA:56,0
DA:57,0
DA:58,0
DA:60,0
DA:63,0
DA:64,0
DA:65,0
DA:66,0
DA:70,0
DA:75,0
DA:84,0
DA:86,0
DA:87,0
DA:91,0
DA:92,0
DA:93,0
DA:96,0
DA:97,0
DA:98,0
DA:101,0
DA:104,0
DA:112,0
DA:119,0
DA:121,0
DA:123,0
DA:130,0
DA:138,0
DA:139,0
DA:141,0
DA:142,0
DA:144,0
DA:156,0
DA:160,0
DA:168,0
DA:170,0
DA:171,0
DA:175,0
LF:59
LH:0
BRDA:8,0,0,0
BRDA:8,0,1,0
BRDA:10,1,0,0
BRDA:10,1,1,0
BRDA:14,2,0,0
BRDA:14,2,1,0
BRDA:22,3,0,0
BRDA:22,3,1,0
BRDA:52,4,0,0
BRDA:52,4,1,0
BRDA:54,5,0,0
BRDA:54,5,1,0
BRDA:55,6,0,0
BRDA:55,6,1,0
BRDA:56,7,0,0
BRDA:56,7,1,0
BRDA:57,8,0,0
BRDA:57,8,1,0
BRDA:57,9,0,0
BRDA:57,9,1,0
BRDA:97,10,0,0
BRDA:97,10,1,0
BRDA:151,11,0,0
BRDA:151,11,1,0
BRDA:156,12,0,0
BRDA:156,12,1,0
BRF:26
BRH:0
end_of_record
TN:
SF:src\controllers\symptomsController.js
FN:5,(anonymous_0)
FN:18,(anonymous_1)
FN:38,(anonymous_2)
FN:110,(anonymous_3)
FN:177,(anonymous_4)
FN:217,(anonymous_5)
FNF:6
FNH:0
FNDA:0,(anonymous_0)
FNDA:0,(anonymous_1)
FNDA:0,(anonymous_2)
FNDA:0,(anonymous_3)
FNDA:0,(anonymous_4)
FNDA:0,(anonymous_5)
DA:1,3
DA:3,3
DA:6,0
DA:7,0
DA:18,0
DA:19,0
DA:20,0
DA:21,0
DA:23,0
DA:24,0
DA:27,0
DA:32,0
DA:33,0
DA:39,0
DA:40,0
DA:41,0
DA:44,0
DA:45,0
DA:51,0
DA:56,0
DA:57,0
DA:60,0
DA:63,0
DA:68,0
DA:69,0
DA:73,0
DA:79,0
DA:80,0
DA:81,0
DA:96,0
DA:99,0
DA:104,0
DA:105,0
DA:111,0
DA:112,0
DA:113,0
DA:115,0
DA:116,0
DA:120,0
DA:125,0
DA:126,0
DA:129,0
DA:132,0
DA:142,0
DA:145,0
DA:146,0
DA:147,0
DA:162,0
DA:165,0
DA:171,0
DA:172,0
DA:178,0
DA:179,0
DA:180,0
DA:183,0
DA:188,0
DA:189,0
DA:192,0
DA:194,0
DA:209,0
DA:211,0
DA:212,0
DA:218,0
DA:219,0
DA:220,0
DA:223,0
DA:228,0
DA:229,0
DA:232,0
DA:234,0
DA:252,0
DA:257,0
DA:258,0
DA:263,3
LF:74
LH:3
BRDA:19,0,0,0
BRDA:19,0,1,0
BRDA:20,1,0,0
BRDA:20,1,1,0
BRDA:44,2,0,0
BRDA:44,2,1,0
BRDA:44,3,0,0
BRDA:44,3,1,0
BRDA:44,3,2,0
BRDA:56,4,0,0
BRDA:56,4,1,0
BRDA:68,5,0,0
BRDA:68,5,1,0
BRDA:92,6,0,0
BRDA:92,6,1,0
BRDA:93,7,0,0
BRDA:93,7,1,0
BRDA:115,8,0,0
BRDA:115,8,1,0
BRDA:115,9,0,0
BRDA:115,9,1,0
BRDA:125,10,0,0
BRDA:125,10,1,0
BRDA:158,11,0,0
BRDA:158,11,1,0
BRDA:159,12,0,0
BRDA:159,12,1,0
BRDA:188,13,0,0
BRDA:188,13,1,0
BRDA:220,14,0,0
BRDA:220,15,0,0
BRDA:228,16,0,0
BRDA:228,16,1,0
BRF:33
BRH:0
end_of_record
TN:
SF:src\controllers\userController.js
FN:7,(anonymous_0)
FN:32,(anonymous_1)
FN:133,(anonymous_2)
FN:180,(anonymous_3)
FN:197,(anonymous_4)
FN:239,(anonymous_5)
FNF:6
FNH:0
FNDA:0,(anonymous_0)
FNDA:0,(anonymous_1)
FNDA:0,(anonymous_2)
FNDA:0,(anonymous_3)
FNDA:0,(anonymous_4)
FNDA:0,(anonymous_5)
DA:2,3
DA:3,3
DA:4,3
DA:7,3
DA:8,0
DA:9,0
DA:10,0
DA:12,0
DA:15,0
DA:16,0
DA:17,0
DA:18,0
DA:19,0
DA:20,0
DA:21,0
DA:24,0
DA:26,0
DA:27,0
DA:32,3
DA:33,0
DA:34,0
DA:35,0
DA:37,0
DA:38,0
DA:41,0
DA:42,0
DA:50,0
DA:54,0
DA:55,0
DA:56,0
DA:57,0
DA:60,0
DA:61,0
DA:62,0
DA:64,0
DA:65,0
DA:66,0
DA:68,0
DA:69,0
DA:70,0
DA:72,0
DA:73,0
DA:74,0
DA:76,0
DA:77,0
DA:78,0
DA:82,0
DA:83,0
DA:84,0
DA:86,0
DA:87,0
DA:89,0
DA:90,0
DA:96,0
DA:97,0
DA:114,0
DA:120,0
DA:122,0
DA:127,0
DA:128,0
DA:133,3
DA:134,0
DA:135,0
DA:136,0
DA:138,0
DA:141,0
DA:142,0
DA:145,0
DA:146,0
DA:150,0
DA:151,0
DA:152,0
DA:156,0
DA:157,0
DA:158,0
DA:162,0
DA:165,0
DA:170,0
DA:172,0
DA:174,0
DA:175,0
DA:180,3
DA:181,0
DA:182,0
DA:183,0
DA:185,0
DA:186,0
DA:189,0
DA:191,0
DA:192,0
DA:197,3
DA:198,0
DA:199,0
DA:200,0
DA:203,0
DA:204,0
DA:207,0
DA:209,0
DA:210,0
DA:213,0
DA:214,0
DA:217,0
DA:219,0
DA:220,0
DA:223,0
DA:224,0
DA:226,0
DA:228,0
DA:233,0
DA:234,0
DA:239,3
DA:240,0
DA:241,0
DA:242,0
DA:245,0
DA:248,0
DA:258,0
DA:260,0
DA:261,0
DA:265,3
LF:120
LH:10
BRDA:12,0,0,0
BRDA:12,0,1,0
BRDA:16,1,0,0
BRDA:16,1,1,0
BRDA:16,2,0,0
BRDA:16,2,1,0
BRDA:19,3,0,0
BRDA:19,3,1,0
BRDA:19,4,0,0
BRDA:19,4,1,0
BRDA:41,5,0,0
BRDA:41,5,1,0
BRDA:41,6,0,0
BRDA:41,6,1,0
BRDA:48,7,0,0
BRDA:48,7,1,0
BRDA:48,8,0,0
BRDA:48,8,1,0
BRDA:54,9,0,0
BRDA:54,9,1,0
BRDA:60,10,0,0
BRDA:60,10,1,0
BRDA:64,11,0,0
BRDA:64,11,1,0
BRDA:68,12,0,0
BRDA:68,12,1,0
BRDA:72,13,0,0
BRDA:72,13,1,0
BRDA:74,14,0,0
BRDA:74,14,1,0
BRDA:76,15,0,0
BRDA:76,15,1,0
BRDA:78,16,0,0
BRDA:78,16,1,0
BRDA:82,17,0,0
BRDA:82,17,1,0
BRDA:96,18,0,0
BRDA:96,18,1,0
BRDA:141,19,0,0
BRDA:141,19,1,0
BRDA:141,20,0,0
BRDA:141,20,1,0
BRDA:145,21,0,0
BRDA:145,21,1,0
BRDA:151,22,0,0
BRDA:151,22,1,0
BRDA:157,23,0,0
BRDA:157,23,1,0
BRDA:185,24,0,0
BRDA:185,24,1,0
BRDA:199,25,0,0
BRDA:199,25,1,0
BRDA:203,26,0,0
BRDA:203,26,1,0
BRDA:209,27,0,0
BRDA:209,27,1,0
BRDA:213,28,0,0
BRDA:213,28,1,0
BRDA:219,29,0,0
BRDA:219,29,1,0
BRDA:229,30,0,0
BRDA:229,30,1,0
BRDA:241,31,0,0
BRDA:241,31,1,0
BRF:64
BRH:0
end_of_record
TN:
SF:src\middleware\auth.js
FN:4,(anonymous_0)
FN:61,(anonymous_1)
FN:62,(anonymous_2)
FNF:3
FNH:3
FNDA:62,(anonymous_0)
FNDA:36,(anonymous_1)
FNDA:60,(anonymous_2)
DA:1,5
DA:2,5
DA:4,5
DA:5,62
DA:6,62
DA:8,62
DA:9,4
DA:13,58
DA:15,0
DA:19,0
DA:20,0
DA:24,58
DA:25,58
DA:28,58
DA:31,58
DA:32,58
DA:38,58
DA:42,0
DA:44,0
DA:45,0
DA:48,0
DA:49,0
DA:51,0
DA:52,0
DA:54,0
DA:55,0
DA:57,0
DA:61,5
DA:62,36
DA:63,60
DA:64,0
DA:67,60
DA:68,3
DA:74,57
DA:78,5
LF:35
LH:21
BRDA:6,0,0,62
BRDA:6,0,1,58
BRDA:8,1,0,4
BRDA:8,1,1,58
BRDA:13,2,0,0
BRDA:13,2,1,58
BRDA:19,3,0,0
BRDA:19,3,1,0
BRDA:28,4,0,58
BRDA:28,4,1,54
BRDA:31,5,0,58
BRDA:31,5,1,0
BRDA:36,6,0,58
BRDA:36,6,1,35
BRDA:44,7,0,0
BRDA:44,7,1,0
BRDA:51,8,0,0
BRDA:51,8,1,0
BRDA:54,9,0,0
BRDA:54,9,1,0
BRDA:63,10,0,0
BRDA:63,10,1,60
BRDA:67,11,0,3
BRDA:67,11,1,57
BRF:24
BRH:13
end_of_record
TN:
SF:src\middleware\validation.js
FN:3,(anonymous_0)
FNF:1
FNH:0
FNDA:0,(anonymous_0)
DA:1,0
DA:3,0
DA:4,0
DA:5,0
DA:6,0
DA:11,0
DA:14,0
DA:22,0
DA:28,0
DA:39,0
DA:47,0
LF:11
LH:0
BRDA:5,0,0,0
BRDA:5,0,1,0
BRF:2
BRH:0
end_of_record
TN:
SF:src\models\registroDialise.js
FNF:0
FNH:0
DA:2,0
DA:3,0
DA:4,0
DA:6,0
DA:90,0
DA:95,0
LF:6
LH:0
BRF:0
BRH:0
end_of_record
TN:
SF:src\routes\admin.js
FNF:0
FNH:0
DA:1,3
DA:2,3
DA:3,3
DA:4,3
DA:7,3
DA:8,3
DA:11,3
DA:14,3
DA:15,3
DA:16,3
DA:17,3
DA:18,3
DA:21,3
DA:22,3
DA:25,3
DA:28,3
DA:31,3
DA:32,3
DA:35,3
DA:36,3
DA:37,3
DA:38,3
DA:39,3
DA:40,3
DA:41,3
DA:42,3
DA:44,3
LF:27
LH:27
BRF:0
BRH:0
end_of_record
TN:
SF:src\routes\alertaMedico.js
FNF:0
FNH:0
DA:21,3
DA:22,3
DA:23,3
DA:24,3
DA:28,3
DA:29,3
DA:33,3
DA:36,3
DA:39,3
DA:42,3
DA:44,3
LF:11
LH:11
BRF:0
BRH:0
end_of_record
TN:
SF:src\routes\auth.js
FNF:0
FNH:0
DA:1,3
DA:2,3
DA:3,3
DA:5,3
DA:6,3
DA:7,3
DA:8,3
DA:10,3
LF:8
LH:8
BRF:0
BRH:0
end_of_record
TN:
SF:src\routes\dialysis.js
FN:75,(anonymous_0)
FNF:1
FNH:0
FNDA:0,(anonymous_0)
DA:1,3
DA:2,3
DA:3,3
DA:11,3
DA:14,3
DA:15,3
DA:18,3
DA:21,3
DA:24,3
DA:27,3
DA:30,3
DA:33,3
DA:35,3
DA:75,3
DA:76,0
DA:77,0
DA:79,0
DA:80,0
DA:81,0
DA:83,0
DA:92,0
DA:93,0
DA:114,0
DA:115,0
DA:122,0
DA:123,0
DA:132,0
DA:137,0
DA:138,0
LF:29
LH:14
BRDA:79,0,0,0
BRDA:79,0,1,0
BRDA:80,1,0,0
BRDA:80,1,1,0
BRDA:81,2,0,0
BRDA:81,2,1,0
BRDA:92,3,0,0
BRDA:92,3,1,0
BRDA:114,4,0,0
BRDA:114,4,1,0
BRDA:122,5,0,0
BRDA:122,5,1,0
BRF:12
BRH:0
end_of_record
TN:
SF:src\routes\doctor.js
FNF:0
FNH:0
DA:3,3
DA:4,3
DA:5,3
DA:22,3
DA:25,3
DA:30,3
DA:31,3
DA:32,3
DA:37,3
DA:42,3
DA:43,3
DA:44,3
DA:45,3
DA:46,3
DA:47,3
DA:52,3
DA:53,3
DA:58,3
DA:59,3
DA:60,3
DA:62,3
LF:21
LH:21
BRF:0
BRH:0
end_of_record
TN:
SF:src\routes\messaging.js
FNF:0
FNH:0
DA:3,3
DA:4,3
DA:5,3
DA:6,3
DA:9,3
DA:12,3
DA:15,3
DA:18,3
DA:21,3
DA:24,3
DA:27,3
DA:29,3
LF:12
LH:12
BRF:0
BRH:0
end_of_record
TN:
SF:src\routes\patients.js
FNF:0
FNH:0
DA:1,4
DA:2,4
DA:3,4
DA:4,4
DA:7,4
DA:8,4
DA:16,4
DA:18,4
DA:25,4
DA:27,4
DA:29,4
DA:31,4
DA:33,4
DA:35,4
DA:37,4
DA:39,4
DA:41,4
LF:17
LH:17
BRF:0
BRH:0
end_of_record
TN:
SF:src\routes\reminder.js
FNF:0
FNH:0
DA:1,3
DA:2,3
DA:3,3
DA:4,3
DA:7,3
DA:8,3
DA:11,3
DA:14,3
DA:17,3
DA:20,3
DA:23,3
DA:25,3
LF:12
LH:12
BRF:0
BRH:0
end_of_record
TN:
SF:src\routes\symptoms.js
FNF:0
FNH:0
DA:1,3
DA:2,3
DA:3,3
DA:4,3
DA:7,3
DA:8,3
DA:11,3
DA:14,3
DA:17,3
DA:20,3
DA:23,3
DA:25,3
LF:12
LH:12
BRF:0
BRH:0
end_of_record
TN:
SF:src\routes\users.js
FNF:0
FNH:0
DA:16,3
DA:24,3
DA:26,3
DA:28,3
DA:31,3
DA:32,3
DA:33,3
DA:36,3
DA:39,3
DA:40,3
DA:42,3
LF:11
LH:11
BRF:0
BRH:0
end_of_record
TN:
SF:src\services\authService.js
FN:12,(anonymous_0)
FN:16,(anonymous_1)
FN:20,(anonymous_2)
FN:32,(anonymous_3)
FN:38,(anonymous_4)
FN:86,(anonymous_5)
FN:136,(anonymous_6)
FN:148,(anonymous_7)
FN:166,(anonymous_8)
FNF:9
FNH:8
FNDA:3,(anonymous_0)
FNDA:2,(anonymous_1)
FNDA:4,(anonymous_2)
FNDA:7,(anonymous_3)
FNDA:0,(anonymous_4)
FNDA:4,(anonymous_5)
FNDA:3,(anonymous_6)
FNDA:4,(anonymous_7)
FNDA:3,(anonymous_8)
DA:1,4
DA:2,4
DA:3,4
DA:6,4
DA:9,4
DA:12,4
DA:13,3
DA:16,4
DA:17,2
DA:20,4
DA:21,4
DA:25,4
DA:32,4
DA:33,7
DA:38,4
DA:39,0
DA:41,0
DA:42,0
DA:44,0
DA:47,0
DA:48,0
DA:50,0
DA:52,0
DA:58,0
DA:61,0
DA:62,0
DA:67,0
DA:68,0
DA:75,0
DA:76,0
DA:78,0
DA:79,0
DA:81,0
DA:86,4
DA:87,4
DA:88,4
DA:91,4
DA:92,4
DA:93,1
DA:97,3
DA:100,3
DA:107,2
DA:110,2
DA:111,1
DA:112,1
DA:117,1
DA:118,1
DA:119,1
DA:126,2
DA:129,2
DA:130,2
DA:136,4
DA:137,3
DA:138,3
DA:140,2
DA:141,2
DA:142,2
DA:144,1
DA:148,4
DA:149,4
DA:150,4
DA:151,3
DA:153,2
DA:154,2
DA:156,1
DA:157,1
DA:159,1
DA:161,3
DA:166,4
DA:167,3
DA:168,1
DA:170,2
DA:171,2
DA:174,4
LF:74
LH:56
BRDA:6,0,0,4
BRDA:6,0,1,0
BRDA:20,1,0,0
BRDA:21,2,0,2
BRDA:21,2,1,2
BRDA:22,3,0,2
BRDA:22,3,1,2
BRDA:23,4,0,2
BRDA:23,4,1,2
BRDA:48,5,0,0
BRDA:48,5,1,0
BRDA:61,6,0,0
BRDA:61,6,1,0
BRDA:67,7,0,0
BRDA:67,7,1,0
BRDA:92,8,0,1
BRDA:92,8,1,3
BRDA:110,9,0,1
BRDA:110,9,1,1
BRDA:117,10,0,1
BRDA:117,10,1,0
BRDA:138,11,0,1
BRDA:138,11,1,2
BRDA:142,12,0,1
BRDA:142,12,1,1
BRDA:151,13,0,1
BRDA:151,13,1,2
BRDA:154,14,0,1
BRDA:154,14,1,1
BRDA:167,15,0,1
BRDA:167,15,1,2
BRF:31
BRH:22
end_of_record
TN:
SF:src\services\emailService.js
FN:19,(anonymous_0)
FN:42,(anonymous_1)
FN:56,(anonymous_2)
FN:71,(anonymous_3)
FN:101,(anonymous_4)
FN:119,(anonymous_5)
FN:188,(anonymous_6)
FN:231,(anonymous_7)
FN:273,(anonymous_8)
FNF:9
FNH:9
FNDA:1,(anonymous_0)
FNDA:16,(anonymous_1)
FNDA:16,(anonymous_2)
FNDA:16,(anonymous_3)
FNDA:16,(anonymous_4)
FNDA:16,(anonymous_5)
FNDA:16,(anonymous_6)
FNDA:16,(anonymous_7)
FNDA:3,(anonymous_8)
DA:3,4
DA:8,4
DA:19,4
DA:20,1
DA:21,0
DA:23,1
DA:29,4
DA:35,4
DA:42,16
DA:56,4
DA:57,16
DA:58,16
DA:71,4
DA:72,16
DA:74,1
DA:101,16
DA:119,4
DA:120,16
DA:122,16
DA:188,4
DA:189,16
DA:191,16
DA:205,16
DA:206,1
DA:214,16
DA:223,16
DA:231,4
DA:232,16
DA:233,16
DA:235,16
DA:244,16
DA:254,16
DA:262,15
DA:263,15
DA:265,1
DA:266,1
DA:273,4
DA:274,3
DA:275,3
DA:283,2
DA:284,2
DA:286,1
DA:287,1
DA:291,4
LF:44
LH:43
BRDA:9,0,0,4
BRDA:9,0,1,1
BRDA:10,1,0,4
BRDA:10,1,1,1
BRDA:20,2,0,0
BRDA:20,2,1,1
BRDA:35,3,0,4
BRDA:35,3,1,1
BRDA:57,4,0,16
BRDA:57,4,1,1
BRDA:72,5,0,15
BRDA:72,5,1,1
BRDA:120,6,0,16
BRDA:120,6,1,1
BRDA:189,7,0,16
BRDA:189,7,1,1
BRDA:205,8,0,1
BRDA:205,8,1,15
BRDA:233,9,0,16
BRDA:233,9,1,1
BRF:20
BRH:19
end_of_record
TN:
SF:src\utils\auditLogger.js
FN:4,(anonymous_0)
FN:27,(anonymous_1)
FN:32,(anonymous_2)
FN:36,(anonymous_3)
FNF:4
FNH:0
FNDA:0,(anonymous_0)
FNDA:0,(anonymous_1)
FNDA:0,(anonymous_2)
FNDA:0,(anonymous_3)
DA:1,0
DA:5,0
DA:6,0
DA:7,0
DA:9,0
DA:23,0
DA:28,0
DA:29,0
DA:33,0
DA:37,0
DA:41,0
LF:11
LH:0
BRDA:4,0,0,0
BRDA:4,1,0,0
BRDA:4,2,0,0
BRDA:6,3,0,0
BRDA:6,3,1,0
BRDA:6,4,0,0
BRDA:6,4,1,0
BRDA:7,5,0,0
BRDA:7,5,1,0
BRDA:16,6,0,0
BRDA:16,6,1,0
BRDA:17,7,0,0
BRDA:17,7,1,0
BRDA:27,8,0,0
BRDA:28,9,0,0
BRDA:28,9,1,0
BRF:16
BRH:0
end_of_record
TN:
SF:src\utils\backupService.js
FN:8,(anonymous_0)
FN:14,(anonymous_1)
FN:20,(anonymous_2)
FN:27,(anonymous_3)
FN:28,(anonymous_4)
FN:40,(anonymous_5)
FN:45,(anonymous_6)
FN:58,(anonymous_7)
FN:60,(anonymous_8)
FN:75,(anonymous_9)
FNF:10
FNH:0
FNDA:0,(anonymous_0)
FNDA:0,(anonymous_1)
FNDA:0,(anonymous_2)
FNDA:0,(anonymous_3)
FNDA:0,(anonymous_4)
FNDA:0,(anonymous_5)
FNDA:0,(anonymous_6)
FNDA:0,(anonymous_7)
FNDA:0,(anonymous_8)
FNDA:0,(anonymous_9)
DA:1,0
DA:2,0
DA:3,0
DA:4,0
DA:5,0
DA:9,0
DA:10,0
DA:11,0
DA:15,0
DA:16,0
DA:21,0
DA:22,0
DA:23,0
DA:25,0
DA:27,0
DA:28,0
DA:29,0
DA:30,0
DA:31,0
DA:33,0
DA:34,0
DA:41,0
DA:42,0
DA:43,0
DA:45,0
DA:46,0
DA:47,0
DA:48,0
DA:50,0
DA:51,0
DA:52,0
DA:60,0
DA:61,0
DA:62,0
DA:63,0
DA:64,0
DA:65,0
DA:67,0
DA:71,0
DA:76,0
DA:77,0
DA:78,0
DA:80,0
DA:85,0
LF:44
LH:0
BRDA:9,0,0,0
BRDA:9,0,1,0
BRDA:15,1,0,0
BRDA:15,1,1,0
BRDA:29,2,0,0
BRDA:29,2,1,0
BRDA:40,3,0,0
BRDA:46,4,0,0
BRDA:46,4,1,0
BRDA:50,5,0,0
BRDA:50,5,1,0
BRF:11
BRH:0
end_of_record
TN:
SF:src\utils\helpers.js
FN:5,hashPassword
FN:10,comparePassword
FN:14,generateTokenUser
FN:22,verifyToken
FNF:4
FNH:0
FNDA:0,hashPassword
FNDA:0,comparePassword
FNDA:0,generateTokenUser
FNDA:0,verifyToken
DA:1,0
DA:2,0
DA:6,0
DA:11,0
DA:15,0
DA:23,0
DA:24,0
DA:26,0
DA:31,0
LF:9
LH:0
BRF:0
BRH:0
end_of_record
