TN:
SF:src\controllers\adminController.js
FN:7,(anonymous_0)
FN:64,(anonymous_1)
FN:65,(anonymous_2)
FN:66,(anonymous_3)
FN:67,(anonymous_4)
FN:83,(anonymous_5)
FN:157,(anonymous_6)
FN:184,(anonymous_7)
FN:264,(anonymous_8)
FN:337,(anonymous_9)
FN:366,(anonymous_10)
FN:458,(anonymous_11)
FN:495,(anonymous_12)
FN:549,(anonymous_13)
FN:591,(anonymous_14)
FN:611,(anonymous_15)
FN:630,(anonymous_16)
FN:653,(anonymous_17)
FN:677,(anonymous_18)
FN:700,(anonymous_19)
FN:729,(anonymous_20)
FN:759,(anonymous_21)
FN:792,(anonymous_22)
FN:816,(anonymous_23)
FNF:24
FNH:16
FNDA:3,(anonymous_0)
FNDA:5,(anonymous_1)
FNDA:5,(anonymous_2)
FNDA:3,(anonymous_3)
FNDA:5,(anonymous_4)
FNDA:6,(anonymous_5)
FNDA:4,(anonymous_6)
FNDA:6,(anonymous_7)
FNDA:4,(anonymous_8)
FNDA:3,(anonymous_9)
FNDA:0,(anonymous_10)
FNDA:0,(anonymous_11)
FNDA:3,(anonymous_12)
FNDA:0,(anonymous_13)
FNDA:2,(anonymous_14)
FNDA:2,(anonymous_15)
FNDA:2,(anonymous_16)
FNDA:1,(anonymous_17)
FNDA:0,(anonymous_18)
FNDA:0,(anonymous_19)
FNDA:0,(anonymous_20)
FNDA:0,(anonymous_21)
FNDA:0,(anonymous_22)
FNDA:2,(anonymous_23)
DA:2,6
DA:3,6
DA:5,6
DA:8,3
DA:10,3
DA:20,2
DA:29,2
DA:40,2
DA:48,2
DA:61,2
DA:63,2
DA:64,5
DA:65,5
DA:66,3
DA:67,5
DA:77,1
DA:78,1
DA:84,6
DA:85,6
DA:86,6
DA:88,6
DA:107,6
DA:108,6
DA:110,6
DA:111,2
DA:112,2
DA:113,2
DA:116,6
DA:117,2
DA:118,2
DA:119,2
DA:122,6
DA:123,6
DA:125,6
DA:128,6
DA:129,6
DA:130,6
DA:132,6
DA:133,2
DA:134,2
DA:135,2
DA:138,6
DA:139,2
DA:140,2
DA:143,6
DA:145,6
DA:152,0
DA:153,0
DA:158,4
DA:159,4
DA:161,4
DA:173,4
DA:174,2
DA:177,2
DA:179,0
DA:180,0
DA:185,6
DA:186,6
DA:189,6
DA:190,2
DA:194,4
DA:199,4
DA:200,2
DA:204,2
DA:207,2
DA:214,2
DA:217,2
DA:218,1
DA:234,1
DA:235,1
DA:248,2
DA:254,2
DA:259,0
DA:260,0
DA:265,4
DA:266,4
DA:267,4
DA:270,4
DA:272,4
DA:273,2
DA:277,2
DA:287,2
DA:290,2
DA:291,0
DA:312,2
DA:313,0
DA:324,2
DA:330,2
DA:332,0
DA:333,0
DA:338,3
DA:339,3
DA:342,3
DA:347,3
DA:348,1
DA:352,2
DA:358,2
DA:360,0
DA:361,0
DA:367,0
DA:369,0
DA:389,0
DA:403,0
DA:408,0
DA:409,0
DA:459,0
DA:460,0
DA:462,0
DA:463,0
DA:467,0
DA:475,0
DA:476,0
DA:480,0
DA:486,0
DA:487,0
DA:489,0
DA:490,0
DA:496,3
DA:497,3
DA:498,3
DA:500,3
DA:517,3
DA:518,3
DA:520,3
DA:521,1
DA:522,1
DA:523,1
DA:526,3
DA:527,0
DA:528,0
DA:529,0
DA:532,3
DA:533,3
DA:535,3
DA:537,3
DA:543,0
DA:544,0
DA:550,0
DA:551,0
DA:552,0
DA:554,0
DA:555,0
DA:563,0
DA:566,0
DA:567,0
DA:580,0
DA:583,0
DA:585,0
DA:586,0
DA:592,2
DA:594,2
DA:604,2
DA:606,0
DA:607,0
DA:612,2
DA:617,2
DA:623,2
DA:625,0
DA:626,0
DA:631,2
DA:632,2
DA:634,2
DA:645,2
DA:647,0
DA:648,0
DA:654,1
DA:655,1
DA:669,1
DA:671,0
DA:672,0
DA:678,0
DA:679,0
DA:692,0
DA:694,0
DA:695,0
DA:701,0
DA:702,0
DA:721,0
DA:723,0
DA:724,0
DA:730,0
DA:731,0
DA:751,0
DA:753,0
DA:754,0
DA:760,0
DA:761,0
DA:784,0
DA:786,0
DA:787,0
DA:793,0
DA:794,0
DA:808,0
DA:810,0
DA:811,0
DA:817,2
DA:818,2
DA:821,2
DA:830,2
DA:831,2
DA:840,2
DA:853,2
DA:854,1
DA:863,2
DA:871,2
DA:872,2
DA:874,2
DA:875,2
DA:884,2
DA:891,2
DA:892,2
DA:900,2
DA:902,0
DA:903,0
DA:908,6
LF:215
LH:133
BRDA:66,0,0,2
BRDA:66,0,1,0
BRDA:67,1,0,2
BRDA:67,1,1,0
BRDA:68,2,0,2
BRDA:68,2,1,0
BRDA:69,3,0,2
BRDA:69,3,1,1
BRDA:85,4,0,5
BRDA:85,5,0,5
BRDA:110,6,0,2
BRDA:110,6,1,4
BRDA:116,7,0,2
BRDA:116,7,1,4
BRDA:132,8,0,2
BRDA:132,8,1,4
BRDA:138,9,0,2
BRDA:138,9,1,4
BRDA:173,10,0,2
BRDA:173,10,1,2
BRDA:189,11,0,2
BRDA:189,11,1,4
BRDA:189,12,0,6
BRDA:189,12,1,6
BRDA:189,12,2,4
BRDA:189,12,3,4
BRDA:199,13,0,2
BRDA:199,13,1,2
BRDA:217,14,0,1
BRDA:217,14,1,1
BRDA:225,15,0,1
BRDA:225,15,1,0
BRDA:226,16,0,1
BRDA:226,16,1,1
BRDA:227,17,0,1
BRDA:227,17,1,0
BRDA:228,18,0,1
BRDA:228,18,1,1
BRDA:229,19,0,1
BRDA:229,19,1,1
BRDA:230,20,0,1
BRDA:230,20,1,1
BRDA:231,21,0,1
BRDA:231,21,1,1
BRDA:234,22,0,1
BRDA:234,22,1,0
BRDA:240,23,0,1
BRDA:240,23,1,0
BRDA:241,24,0,1
BRDA:241,24,1,0
BRDA:242,25,0,1
BRDA:242,25,1,1
BRDA:272,26,0,2
BRDA:272,26,1,2
BRDA:290,27,0,0
BRDA:290,27,1,2
BRDA:290,28,0,2
BRDA:290,28,1,1
BRDA:312,29,0,0
BRDA:312,29,1,2
BRDA:312,30,0,2
BRDA:312,30,1,0
BRDA:347,31,0,1
BRDA:347,31,1,2
BRDA:462,32,0,0
BRDA:462,32,1,0
BRDA:472,33,0,0
BRDA:472,33,1,0
BRDA:475,34,0,0
BRDA:475,34,1,0
BRDA:486,35,0,0
BRDA:486,35,1,0
BRDA:497,36,0,3
BRDA:497,37,0,3
BRDA:520,38,0,1
BRDA:520,38,1,2
BRDA:526,39,0,0
BRDA:526,39,1,3
BRDA:554,40,0,0
BRDA:554,40,1,0
BRDA:554,41,0,0
BRDA:554,41,1,0
BRDA:566,42,0,0
BRDA:566,42,1,0
BRDA:566,43,0,0
BRDA:566,43,1,0
BRDA:632,44,0,2
BRDA:830,45,0,2
BRDA:830,45,1,0
BRDA:853,46,0,1
BRDA:853,46,1,1
BRDA:874,47,0,2
BRDA:874,47,1,0
BRDA:891,48,0,2
BRDA:891,48,1,0
BRF:95
BRH:64
end_of_record
TN:
SF:src\controllers\alertaDoMedicoController.js
FN:17,(anonymous_0)
FN:29,(anonymous_1)
FN:211,(anonymous_2)
FN:299,(anonymous_3)
FN:341,(anonymous_4)
FN:405,criarTemplateEmail
FN:557,criarTextoSimples
FNF:7
FNH:7
FNDA:1,(anonymous_0)
FNDA:10,(anonymous_1)
FNDA:4,(anonymous_2)
FNDA:1,(anonymous_3)
FNDA:4,(anonymous_4)
FNDA:3,criarTemplateEmail
FNDA:3,criarTextoSimples
DA:4,7
DA:5,7
DA:8,7
DA:17,7
DA:18,1
DA:19,0
DA:21,1
DA:29,7
DA:30,10
DA:31,10
DA:32,10
DA:33,10
DA:35,10
DA:36,10
DA:39,10
DA:40,1
DA:45,9
DA:46,1
DA:52,8
DA:53,8
DA:54,1
DA:60,7
DA:68,7
DA:69,1
DA:72,6
DA:73,6
DA:76,6
DA:84,6
DA:85,1
DA:88,5
DA:89,5
DA:92,5
DA:97,5
DA:98,1
DA:104,4
DA:113,4
DA:131,3
DA:132,3
DA:135,3
DA:143,3
DA:155,3
DA:156,3
DA:157,3
DA:158,2
DA:159,2
DA:161,1
DA:166,3
DA:189,3
DA:199,1
DA:200,1
DA:211,7
DA:212,4
DA:213,4
DA:214,4
DA:215,4
DA:218,4
DA:223,4
DA:224,1
DA:227,3
DA:230,3
DA:248,3
DA:250,3
DA:251,1
DA:252,1
DA:255,3
DA:256,3
DA:258,3
DA:261,2
DA:270,2
DA:271,2
DA:272,1
DA:273,1
DA:276,2
DA:277,2
DA:279,2
DA:290,1
DA:291,1
DA:299,7
DA:300,1
DA:301,1
DA:302,1
DA:304,1
DA:325,1
DA:326,0
DA:329,1
DA:332,0
DA:333,0
DA:341,7
DA:342,4
DA:343,4
DA:344,4
DA:347,4
DA:352,4
DA:353,1
DA:356,3
DA:358,3
DA:370,3
DA:372,3
DA:373,1
DA:374,1
DA:377,3
DA:378,1
DA:379,1
DA:382,3
DA:383,2
DA:385,2
DA:386,2
DA:387,2
DA:389,2
DA:397,1
DA:398,1
DA:406,3
DA:407,3
DA:409,3
DA:558,3
DA:578,7
LF:116
LH:112
BRDA:18,0,0,0
BRDA:18,0,1,1
BRDA:39,1,0,1
BRDA:39,1,1,9
BRDA:39,2,0,10
BRDA:39,2,1,10
BRDA:39,2,2,10
BRDA:45,3,0,1
BRDA:45,3,1,8
BRDA:53,4,0,1
BRDA:53,4,1,7
BRDA:68,5,0,1
BRDA:68,5,1,6
BRDA:84,6,0,1
BRDA:84,6,1,5
BRDA:97,7,0,1
BRDA:97,7,1,4
BRDA:138,8,0,3
BRDA:138,8,1,0
BRDA:202,9,0,0
BRDA:202,9,1,1
BRDA:214,10,0,3
BRDA:214,11,0,3
BRDA:223,12,0,1
BRDA:223,12,1,3
BRDA:250,13,0,1
BRDA:250,13,1,2
BRDA:271,14,0,1
BRDA:271,14,1,1
BRDA:325,15,0,0
BRDA:325,15,1,1
BRDA:352,16,0,1
BRDA:352,16,1,3
BRDA:372,17,0,1
BRDA:372,17,1,2
BRDA:377,18,0,1
BRDA:377,18,1,2
BRDA:385,19,0,2
BRDA:385,19,1,0
BRDA:386,20,0,2
BRDA:386,20,1,0
BRDA:387,21,0,2
BRDA:387,21,1,0
BRDA:393,22,0,2
BRDA:393,22,1,0
BRDA:407,23,0,3
BRDA:407,23,1,0
BRDA:524,24,0,3
BRDA:524,24,1,0
BRDA:524,25,0,3
BRDA:524,25,1,0
BRDA:572,26,0,3
BRDA:572,26,1,0
BRF:53
BRH:41
end_of_record
TN:
SF:src\controllers\authController.js
FN:5,(anonymous_0)
FN:15,(anonymous_1)
FN:30,(anonymous_2)
FN:57,(anonymous_3)
FNF:4
FNH:4
FNDA:2,(anonymous_0)
FNDA:2,(anonymous_1)
FNDA:4,(anonymous_2)
FNDA:3,(anonymous_3)
DA:1,7
DA:2,7
DA:5,7
DA:6,2
DA:7,2
DA:8,1
DA:10,1
DA:15,7
DA:16,2
DA:17,2
DA:18,2
DA:20,1
DA:21,1
DA:23,1
DA:25,1
DA:30,7
DA:31,4
DA:32,4
DA:33,4
DA:34,1
DA:38,3
DA:39,2
DA:42,2
DA:45,1
DA:50,1
DA:52,2
DA:57,7
DA:58,3
DA:59,3
DA:60,3
DA:61,1
DA:64,2
DA:65,1
DA:67,1
DA:71,7
LF:35
LH:35
BRDA:33,0,0,1
BRDA:33,0,1,3
BRDA:60,1,0,1
BRDA:60,1,1,2
BRF:4
BRH:4
end_of_record
TN:
SF:src\controllers\dialysisController.js
FN:4,(anonymous_0)
FN:115,(anonymous_1)
FN:153,(anonymous_2)
FN:168,(anonymous_3)
FN:255,(anonymous_4)
FN:280,(anonymous_5)
FN:345,(anonymous_6)
FNF:7
FNH:7
FNDA:9,(anonymous_0)
FNDA:8,(anonymous_1)
FNDA:8,(anonymous_2)
FNDA:7,(anonymous_3)
FNDA:6,(anonymous_4)
FNDA:8,(anonymous_5)
FNDA:5,(anonymous_6)
DA:1,7
DA:4,7
DA:5,9
DA:6,9
DA:7,9
DA:8,9
DA:10,9
DA:13,9
DA:18,8
DA:20,8
DA:21,1
DA:24,7
DA:25,7
DA:36,7
DA:38,7
DA:41,7
DA:42,2
DA:47,5
DA:48,5
DA:51,5
DA:54,5
DA:55,5
DA:58,5
DA:59,5
DA:61,5
DA:71,5
DA:98,5
DA:100,5
DA:105,1
DA:106,1
DA:107,1
DA:115,7
DA:116,8
DA:117,8
DA:118,8
DA:119,8
DA:122,8
DA:127,7
DA:128,1
DA:131,6
DA:133,6
DA:153,8
DA:160,6
DA:162,1
DA:163,1
DA:168,7
DA:169,7
DA:170,7
DA:172,7
DA:177,6
DA:178,0
DA:181,6
DA:184,6
DA:199,6
DA:211,6
DA:212,6
DA:214,6
DA:249,1
DA:250,1
DA:255,7
DA:256,6
DA:257,6
DA:258,6
DA:260,6
DA:268,5
DA:269,3
DA:272,2
DA:274,1
DA:275,1
DA:280,7
DA:281,8
DA:282,8
DA:283,8
DA:286,8
DA:294,7
DA:295,2
DA:307,5
DA:309,5
DA:334,5
DA:339,1
DA:340,1
DA:345,7
DA:346,5
DA:347,5
DA:348,5
DA:350,5
DA:360,4
DA:361,2
DA:364,2
DA:366,1
DA:367,1
DA:371,7
LF:92
LH:91
BRDA:20,0,0,1
BRDA:20,0,1,7
BRDA:41,1,0,2
BRDA:41,1,1,5
BRDA:41,2,0,7
BRDA:41,2,1,5
BRDA:47,3,0,2
BRDA:47,3,1,3
BRDA:48,4,0,2
BRDA:48,4,1,3
BRDA:51,5,0,2
BRDA:51,5,1,3
BRDA:58,6,0,2
BRDA:58,6,1,3
BRDA:59,7,0,2
BRDA:59,7,1,3
BRDA:92,8,0,2
BRDA:92,8,1,3
BRDA:93,9,0,2
BRDA:93,9,1,3
BRDA:94,10,0,5
BRDA:94,10,1,3
BRDA:118,11,0,8
BRDA:118,11,1,6
BRDA:119,12,0,8
BRDA:119,12,1,8
BRDA:127,13,0,1
BRDA:127,13,1,6
BRDA:155,14,0,2
BRDA:155,14,1,6
BRDA:177,15,0,0
BRDA:177,15,1,6
BRDA:211,16,0,6
BRDA:211,16,1,2
BRDA:212,17,0,6
BRDA:212,17,1,0
BRDA:217,18,0,3
BRDA:217,18,1,3
BRDA:217,19,0,6
BRDA:217,19,1,3
BRDA:224,20,0,2
BRDA:224,20,1,4
BRDA:229,21,0,6
BRDA:229,21,1,5
BRDA:234,22,0,2
BRDA:234,22,1,4
BRDA:242,23,0,3
BRDA:242,23,1,3
BRDA:243,24,0,3
BRDA:243,24,1,3
BRDA:244,25,0,2
BRDA:244,25,1,4
BRDA:245,26,0,1
BRDA:245,26,1,5
BRDA:268,27,0,3
BRDA:268,27,1,2
BRDA:294,28,0,2
BRDA:294,28,1,5
BRDA:326,29,0,1
BRDA:326,29,1,4
BRDA:360,30,0,2
BRDA:360,30,1,2
BRF:62
BRH:60
end_of_record
TN:
SF:src\controllers\doctorController.js
FN:13,(anonymous_0)
FN:30,(anonymous_1)
FN:47,(anonymous_2)
FN:64,(anonymous_3)
FN:78,(anonymous_4)
FN:95,(anonymous_5)
FN:103,(anonymous_6)
FN:109,(anonymous_7)
FN:116,(anonymous_8)
FN:118,(anonymous_9)
FN:122,(anonymous_10)
FN:134,(anonymous_11)
FN:135,(anonymous_12)
FN:139,(anonymous_13)
FN:142,(anonymous_14)
FN:175,(anonymous_15)
FN:187,(anonymous_16)
FN:211,(anonymous_17)
FN:220,(anonymous_18)
FN:242,(anonymous_19)
FN:258,(anonymous_20)
FN:325,(anonymous_21)
FN:342,(anonymous_22)
FN:351,(anonymous_23)
FN:365,(anonymous_24)
FN:386,(anonymous_25)
FN:462,(anonymous_26)
FN:513,(anonymous_27)
FN:552,(anonymous_28)
FN:658,(anonymous_29)
FN:700,(anonymous_30)
FN:730,(anonymous_31)
FN:783,(anonymous_32)
FN:905,(anonymous_33)
FN:1016,(anonymous_34)
FN:1044,(anonymous_35)
FN:1067,(anonymous_36)
FN:1126,(anonymous_37)
FN:1202,(anonymous_38)
FN:1327,(anonymous_39)
FNF:40
FNH:34
FNDA:1,(anonymous_0)
FNDA:1,(anonymous_1)
FNDA:1,(anonymous_2)
FNDA:1,(anonymous_3)
FNDA:1,(anonymous_4)
FNDA:1,(anonymous_5)
FNDA:2,(anonymous_6)
FNDA:2,(anonymous_7)
FNDA:8,(anonymous_8)
FNDA:6,(anonymous_9)
FNDA:1,(anonymous_10)
FNDA:1,(anonymous_11)
FNDA:1,(anonymous_12)
FNDA:0,(anonymous_13)
FNDA:1,(anonymous_14)
FNDA:1,(anonymous_15)
FNDA:1,(anonymous_16)
FNDA:1,(anonymous_17)
FNDA:1,(anonymous_18)
FNDA:1,(anonymous_19)
FNDA:1,(anonymous_20)
FNDA:1,(anonymous_21)
FNDA:10,(anonymous_22)
FNDA:4,(anonymous_23)
FNDA:3,(anonymous_24)
FNDA:2,(anonymous_25)
FNDA:2,(anonymous_26)
FNDA:2,(anonymous_27)
FNDA:2,(anonymous_28)
FNDA:2,(anonymous_29)
FNDA:0,(anonymous_30)
FNDA:2,(anonymous_31)
FNDA:2,(anonymous_32)
FNDA:0,(anonymous_33)
FNDA:0,(anonymous_34)
FNDA:2,(anonymous_35)
FNDA:1,(anonymous_36)
FNDA:0,(anonymous_37)
FNDA:2,(anonymous_38)
FNDA:0,(anonymous_39)
DA:3,7
DA:4,7
DA:5,7
DA:11,7
DA:14,1
DA:25,1
DA:26,1
DA:31,1
DA:42,1
DA:43,1
DA:48,1
DA:59,1
DA:60,1
DA:65,1
DA:73,1
DA:74,1
DA:79,1
DA:92,1
DA:94,1
DA:95,1
DA:104,2
DA:105,0
DA:110,2
DA:111,2
DA:112,2
DA:117,8
DA:118,6
DA:123,1
DA:124,0
DA:134,1
DA:135,1
DA:137,1
DA:138,1
DA:139,0
DA:141,1
DA:142,1
DA:145,1
DA:146,1
DA:147,1
DA:150,1
DA:151,0
DA:152,0
DA:153,1
DA:154,0
DA:155,0
DA:157,1
DA:158,1
DA:161,1
DA:176,1
DA:177,0
DA:187,1
DA:188,1
DA:189,1
DA:190,1
DA:192,1
DA:193,1
DA:194,1
DA:196,1
DA:197,1
DA:198,1
DA:200,1
DA:212,1
DA:213,0
DA:220,1
DA:221,1
DA:224,1
DA:225,0
DA:226,1
DA:227,0
DA:229,1
DA:232,1
DA:234,1
DA:243,1
DA:245,1
DA:246,1
DA:247,1
DA:254,1
DA:259,1
DA:262,1
DA:263,0
DA:271,1
DA:272,1
DA:277,0
DA:278,0
DA:286,1
DA:287,0
DA:295,1
DA:296,1
DA:304,1
DA:305,0
DA:313,1
DA:314,0
DA:321,1
DA:326,1
DA:327,0
DA:328,1
DA:329,1
DA:331,0
DA:340,7
DA:343,10
DA:347,10
DA:352,4
DA:356,4
DA:365,7
DA:366,3
DA:367,3
DA:374,2
DA:375,1
DA:378,1
DA:380,1
DA:381,1
DA:386,7
DA:387,2
DA:388,2
DA:389,2
DA:391,2
DA:392,2
DA:395,2
DA:400,2
DA:401,0
DA:405,2
DA:406,2
DA:407,2
DA:409,2
DA:410,0
DA:411,0
DA:413,2
DA:414,1
DA:415,1
DA:417,2
DA:418,0
DA:419,0
DA:421,2
DA:422,1
DA:423,1
DA:427,2
DA:428,1
DA:432,1
DA:434,1
DA:436,1
DA:437,1
DA:439,1
DA:442,1
DA:449,1
DA:451,1
DA:456,0
DA:457,0
DA:462,7
DA:463,2
DA:464,2
DA:465,2
DA:467,2
DA:470,2
DA:471,0
DA:474,2
DA:475,0
DA:479,2
DA:484,2
DA:485,0
DA:489,2
DA:490,2
DA:491,1
DA:495,1
DA:498,1
DA:503,1
DA:505,1
DA:507,0
DA:508,0
DA:513,7
DA:514,2
DA:515,2
DA:517,2
DA:518,1
DA:521,1
DA:544,1
DA:546,0
DA:547,0
DA:552,7
DA:553,2
DA:554,2
DA:556,2
DA:557,2
DA:558,2
DA:560,2
DA:562,2
DA:563,0
DA:564,0
DA:567,2
DA:570,2
DA:581,2
DA:582,2
DA:584,2
DA:585,1
DA:586,1
DA:589,1
DA:592,1
DA:599,1
DA:600,1
DA:601,1
DA:604,1
DA:610,1
DA:611,1
DA:612,1
DA:615,1
DA:627,1
DA:628,1
DA:629,1
DA:631,1
DA:638,1
DA:639,1
DA:640,1
DA:641,1
DA:642,1
DA:644,1
DA:646,0
DA:647,0
DA:648,0
DA:649,0
DA:658,7
DA:659,2
DA:660,2
DA:661,2
DA:663,2
DA:665,2
DA:666,0
DA:670,2
DA:672,2
DA:673,1
DA:676,1
DA:680,1
DA:682,1
DA:683,1
DA:684,1
DA:687,1
DA:688,1
DA:690,1
DA:692,1
DA:694,0
DA:695,0
DA:700,7
DA:701,0
DA:702,0
DA:704,0
DA:706,0
DA:707,0
DA:711,0
DA:713,0
DA:714,0
DA:717,0
DA:722,0
DA:724,0
DA:725,0
DA:730,7
DA:731,2
DA:732,2
DA:733,2
DA:735,2
DA:736,1
DA:739,1
DA:741,1
DA:742,0
DA:746,1
DA:751,1
DA:752,0
DA:756,1
DA:772,1
DA:777,0
DA:778,0
DA:783,7
DA:784,2
DA:785,2
DA:793,2
DA:795,2
DA:798,2
DA:799,2
DA:800,2
DA:802,2
DA:803,2
DA:804,2
DA:805,2
DA:808,2
DA:809,0
DA:815,2
DA:822,2
DA:823,0
DA:826,2
DA:827,2
DA:830,2
DA:837,2
DA:838,0
DA:843,2
DA:844,2
DA:847,2
DA:865,2
DA:868,2
DA:869,2
DA:870,2
DA:880,1
DA:881,1
DA:883,1
DA:886,2
DA:896,0
DA:897,0
DA:905,7
DA:906,0
DA:907,0
DA:914,0
DA:916,0
DA:917,0
DA:918,0
DA:921,0
DA:922,0
DA:926,0
DA:928,0
DA:929,0
DA:933,0
DA:938,0
DA:941,0
DA:948,0
DA:949,0
DA:952,0
DA:953,0
DA:956,0
DA:974,0
DA:977,0
DA:978,0
DA:979,0
DA:980,0
DA:990,0
DA:991,0
DA:993,0
DA:998,0
DA:1007,0
DA:1008,0
DA:1016,7
DA:1017,0
DA:1018,0
DA:1020,0
DA:1024,0
DA:1026,0
DA:1027,0
DA:1028,0
DA:1031,0
DA:1032,0
DA:1034,0
DA:1036,0
DA:1038,0
DA:1039,0
DA:1044,7
DA:1045,2
DA:1046,2
DA:1048,2
DA:1055,2
DA:1056,1
DA:1059,1
DA:1061,0
DA:1062,0
DA:1067,7
DA:1068,1
DA:1069,1
DA:1071,1
DA:1072,0
DA:1076,1
DA:1082,1
DA:1090,1
DA:1098,1
DA:1113,1
DA:1120,0
DA:1121,0
DA:1126,7
DA:1127,0
DA:1128,0
DA:1129,0
DA:1131,0
DA:1133,0
DA:1134,0
DA:1138,0
DA:1145,0
DA:1146,0
DA:1150,0
DA:1158,0
DA:1173,0
DA:1178,0
DA:1194,0
DA:1195,0
DA:1202,7
DA:1203,2
DA:1204,2
DA:1205,2
DA:1207,2
DA:1208,2
DA:1209,2
DA:1212,2
DA:1214,2
DA:1215,0
DA:1219,2
DA:1221,2
DA:1222,1
DA:1226,1
DA:1227,1
DA:1236,1
DA:1245,1
DA:1246,1
DA:1247,1
DA:1248,1
DA:1249,1
DA:1250,1
DA:1253,1
DA:1254,1
DA:1255,1
DA:1258,1
DA:1265,1
DA:1274,1
DA:1282,1
DA:1285,1
DA:1313,1
DA:1315,1
DA:1318,0
DA:1319,0
DA:1327,7
DA:1328,0
DA:1329,0
DA:1331,0
DA:1333,0
DA:1334,0
DA:1338,0
DA:1347,0
DA:1354,0
DA:1356,0
DA:1358,0
DA:1370,0
DA:1383,0
DA:1384,0
DA:1386,0
DA:1387,0
DA:1389,0
DA:1403,0
DA:1407,0
DA:1414,0
DA:1415,0
DA:1419,7
LF:441
LH:292
BRDA:96,0,0,0
BRDA:96,0,1,1
BRDA:98,1,0,1
BRDA:98,1,1,0
BRDA:104,2,0,2
BRDA:104,2,1,0
BRDA:110,3,0,0
BRDA:110,3,1,2
BRDA:111,4,0,0
BRDA:111,4,1,2
BRDA:117,5,0,2
BRDA:117,5,1,6
BRDA:123,6,0,0
BRDA:123,6,1,1
BRDA:150,7,0,0
BRDA:150,7,1,1
BRDA:150,8,0,1
BRDA:150,8,1,1
BRDA:153,9,0,0
BRDA:153,9,1,1
BRDA:153,10,0,1
BRDA:153,10,1,1
BRDA:176,11,0,0
BRDA:176,11,1,1
BRDA:212,12,0,0
BRDA:212,12,1,1
BRDA:224,13,0,0
BRDA:224,13,1,1
BRDA:226,14,0,0
BRDA:226,14,1,1
BRDA:246,15,0,1
BRDA:246,15,1,0
BRDA:262,16,0,0
BRDA:262,16,1,1
BRDA:262,17,0,1
BRDA:262,17,1,1
BRDA:271,18,0,1
BRDA:271,18,1,0
BRDA:277,19,0,0
BRDA:277,19,1,0
BRDA:286,20,0,0
BRDA:286,20,1,1
BRDA:295,21,0,1
BRDA:295,21,1,0
BRDA:304,22,0,0
BRDA:304,22,1,1
BRDA:313,23,0,0
BRDA:313,23,1,1
BRDA:313,24,0,1
BRDA:313,24,1,0
BRDA:326,25,0,0
BRDA:326,25,1,1
BRDA:328,26,0,1
BRDA:328,26,1,0
BRDA:347,27,0,10
BRDA:347,27,1,1
BRDA:374,28,0,1
BRDA:374,28,1,1
BRDA:400,29,0,0
BRDA:400,29,1,2
BRDA:409,30,0,0
BRDA:409,30,1,2
BRDA:413,31,0,1
BRDA:413,31,1,1
BRDA:417,32,0,0
BRDA:417,32,1,2
BRDA:421,33,0,1
BRDA:421,33,1,1
BRDA:427,34,0,1
BRDA:427,34,1,1
BRDA:470,35,0,0
BRDA:470,35,1,2
BRDA:470,36,0,2
BRDA:470,36,1,2
BRDA:474,37,0,0
BRDA:474,37,1,2
BRDA:484,38,0,0
BRDA:484,38,1,2
BRDA:490,39,0,1
BRDA:490,39,1,1
BRDA:517,40,0,1
BRDA:517,40,1,1
BRDA:562,41,0,0
BRDA:562,41,1,2
BRDA:584,42,0,1
BRDA:584,42,1,1
BRDA:652,43,0,0
BRDA:652,43,1,0
BRDA:661,44,0,0
BRDA:661,45,0,0
BRDA:665,46,0,0
BRDA:665,46,1,2
BRDA:672,47,0,1
BRDA:672,47,1,1
BRDA:682,48,0,1
BRDA:682,48,1,0
BRDA:682,49,0,1
BRDA:682,49,1,1
BRDA:706,50,0,0
BRDA:706,50,1,0
BRDA:713,51,0,0
BRDA:713,51,1,0
BRDA:735,52,0,1
BRDA:735,52,1,1
BRDA:735,53,0,2
BRDA:735,53,1,2
BRDA:741,54,0,0
BRDA:741,54,1,1
BRDA:751,55,0,0
BRDA:751,55,1,1
BRDA:798,56,0,2
BRDA:798,56,1,0
BRDA:799,57,0,2
BRDA:799,57,1,0
BRDA:800,58,0,2
BRDA:800,58,1,0
BRDA:808,59,0,0
BRDA:808,59,1,2
BRDA:808,60,0,2
BRDA:808,60,1,2
BRDA:808,60,2,2
BRDA:822,61,0,0
BRDA:822,61,1,2
BRDA:837,62,0,0
BRDA:837,62,1,2
BRDA:888,63,0,1
BRDA:888,63,1,1
BRDA:899,64,0,0
BRDA:899,64,1,0
BRDA:911,65,0,0
BRDA:912,66,0,0
BRDA:913,67,0,0
BRDA:921,68,0,0
BRDA:921,68,1,0
BRDA:921,69,0,0
BRDA:921,69,1,0
BRDA:928,70,0,0
BRDA:928,70,1,0
BRDA:938,71,0,0
BRDA:938,71,1,0
BRDA:948,72,0,0
BRDA:948,72,1,0
BRDA:978,73,0,0
BRDA:978,73,1,0
BRDA:978,74,0,0
BRDA:978,74,1,0
BRDA:1000,75,0,0
BRDA:1000,75,1,0
BRDA:1018,76,0,0
BRDA:1018,77,0,0
BRDA:1026,78,0,0
BRDA:1026,78,1,0
BRDA:1055,79,0,1
BRDA:1055,79,1,1
BRDA:1071,80,0,0
BRDA:1071,80,1,1
BRDA:1133,81,0,0
BRDA:1133,81,1,0
BRDA:1145,82,0,0
BRDA:1145,82,1,0
BRDA:1182,83,0,0
BRDA:1182,83,1,0
BRDA:1183,84,0,0
BRDA:1183,84,1,0
BRDA:1184,85,0,0
BRDA:1184,85,1,0
BRDA:1185,86,0,0
BRDA:1185,86,1,0
BRDA:1186,87,0,0
BRDA:1186,87,1,0
BRDA:1187,88,0,0
BRDA:1187,88,1,0
BRDA:1205,89,0,0
BRDA:1214,90,0,0
BRDA:1214,90,1,2
BRDA:1221,91,0,1
BRDA:1221,91,1,1
BRDA:1321,92,0,0
BRDA:1321,92,1,0
BRDA:1333,93,0,0
BRDA:1333,93,1,0
BRDA:1383,94,0,0
BRDA:1383,94,1,0
BRDA:1384,95,0,0
BRDA:1384,95,1,0
BRDA:1396,96,0,0
BRDA:1396,96,1,0
BRDA:1397,97,0,0
BRDA:1397,97,1,0
BRDA:1398,98,0,0
BRDA:1398,98,1,0
BRDA:1403,99,0,0
BRDA:1403,99,1,0
BRF:193
BRH:84
end_of_record
TN:
SF:src\controllers\patientController.js
FN:7,(anonymous_0)
FN:16,(anonymous_1)
FN:25,(anonymous_2)
FN:34,(anonymous_3)
FN:46,(anonymous_4)
FN:55,(anonymous_5)
FN:64,(anonymous_6)
FN:70,(anonymous_7)
FN:78,(anonymous_8)
FN:90,(anonymous_9)
FN:143,(anonymous_10)
FN:213,(anonymous_11)
FN:214,(anonymous_12)
FN:265,(anonymous_13)
FN:294,(anonymous_14)
FN:331,(anonymous_15)
FN:364,(anonymous_16)
FN:396,(anonymous_17)
FN:424,(anonymous_18)
FN:456,(anonymous_19)
FN:479,(anonymous_20)
FNF:21
FNH:21
FNDA:19,(anonymous_0)
FNDA:7,(anonymous_1)
FNDA:19,(anonymous_2)
FNDA:13,(anonymous_3)
FNDA:18,(anonymous_4)
FNDA:5,(anonymous_5)
FNDA:6,(anonymous_6)
FNDA:2,(anonymous_7)
FNDA:16,(anonymous_8)
FNDA:6,(anonymous_9)
FNDA:7,(anonymous_10)
FNDA:2,(anonymous_11)
FNDA:4,(anonymous_12)
FNDA:6,(anonymous_13)
FNDA:8,(anonymous_14)
FNDA:6,(anonymous_15)
FNDA:5,(anonymous_16)
FNDA:3,(anonymous_17)
FNDA:3,(anonymous_18)
FNDA:6,(anonymous_19)
FNDA:5,(anonymous_20)
DA:1,7
DA:2,7
DA:5,7
DA:8,19
DA:12,19
DA:17,7
DA:21,6
DA:26,19
DA:27,6
DA:28,6
DA:30,13
DA:35,13
DA:36,11
DA:38,2
DA:39,9
DA:41,3
DA:42,6
DA:47,18
DA:48,4
DA:49,4
DA:51,14
DA:56,5
DA:57,1
DA:58,1
DA:60,4
DA:65,6
DA:66,6
DA:71,2
DA:72,2
DA:73,2
DA:74,2
DA:79,16
DA:80,6
DA:81,6
DA:82,3
DA:83,3
DA:88,7
DA:91,6
DA:92,6
DA:94,6
DA:124,4
DA:125,2
DA:128,2
DA:129,2
DA:131,2
DA:138,2
DA:144,7
DA:145,7
DA:146,7
DA:148,7
DA:150,6
DA:151,2
DA:155,4
DA:176,4
DA:192,4
DA:209,4
DA:210,4
DA:213,4
DA:214,4
DA:216,4
DA:260,1
DA:266,6
DA:267,6
DA:269,5
DA:270,5
DA:271,5
DA:272,5
DA:274,5
DA:275,5
DA:278,5
DA:279,1
DA:280,1
DA:283,5
DA:284,5
DA:286,5
DA:287,5
DA:289,0
DA:295,8
DA:296,8
DA:298,8
DA:301,6
DA:302,2
DA:306,4
DA:310,4
DA:314,4
DA:319,4
DA:326,0
DA:332,6
DA:333,6
DA:335,5
DA:337,5
DA:338,2
DA:341,3
DA:342,3
DA:345,3
DA:349,2
DA:352,2
DA:357,2
DA:359,1
DA:365,5
DA:366,5
DA:368,5
DA:371,3
DA:372,2
DA:375,1
DA:378,1
DA:384,1
DA:389,1
DA:391,0
DA:397,3
DA:398,3
DA:400,2
DA:404,2
DA:408,2
DA:413,2
DA:419,0
DA:425,3
DA:426,3
DA:428,2
DA:431,2
DA:437,2
DA:442,2
DA:443,4
DA:449,2
DA:451,0
DA:457,6
DA:458,6
DA:460,6
DA:463,4
DA:464,2
DA:467,2
DA:472,2
DA:474,0
DA:480,5
DA:481,5
DA:483,4
DA:485,4
DA:490,2
DA:492,2
DA:497,7
LF:140
LH:134
BRDA:12,0,0,19
BRDA:12,0,1,6
BRDA:21,1,0,6
BRDA:21,1,1,2
BRDA:26,2,0,6
BRDA:26,2,1,13
BRDA:34,3,0,0
BRDA:35,4,0,2
BRDA:35,4,1,11
BRDA:36,5,0,2
BRDA:36,5,1,9
BRDA:36,6,0,11
BRDA:36,6,1,11
BRDA:36,6,2,3
BRDA:39,7,0,3
BRDA:39,7,1,6
BRDA:39,8,0,9
BRDA:39,8,1,7
BRDA:39,8,2,7
BRDA:47,9,0,4
BRDA:47,9,1,14
BRDA:47,10,0,18
BRDA:47,10,1,13
BRDA:56,11,0,1
BRDA:56,11,1,4
BRDA:64,12,0,0
BRDA:71,13,0,0
BRDA:71,13,1,2
BRDA:79,14,0,10
BRDA:79,14,1,6
BRDA:79,15,0,16
BRDA:79,15,1,6
BRDA:81,16,0,3
BRDA:81,16,1,3
BRDA:82,17,0,0
BRDA:82,17,1,3
BRDA:124,18,0,2
BRDA:124,18,1,2
BRDA:146,19,0,7
BRDA:146,19,1,5
BRDA:150,20,0,2
BRDA:150,20,1,4
BRDA:210,21,0,4
BRDA:210,21,1,2
BRDA:213,22,0,4
BRDA:213,22,1,2
BRDA:214,23,0,4
BRDA:214,23,1,2
BRDA:218,24,0,4
BRDA:218,24,1,0
BRDA:225,25,0,4
BRDA:225,25,1,2
BRDA:226,26,0,4
BRDA:226,26,1,2
BRDA:229,27,0,2
BRDA:229,27,1,2
BRDA:230,28,0,4
BRDA:230,28,1,2
BRDA:231,29,0,2
BRDA:231,29,1,2
BRDA:235,30,0,2
BRDA:235,30,1,2
BRDA:236,31,0,4
BRDA:236,31,1,3
BRDA:237,32,0,4
BRDA:237,32,1,3
BRDA:241,33,0,2
BRDA:241,33,1,2
BRDA:242,34,0,4
BRDA:242,34,1,3
BRDA:243,35,0,4
BRDA:243,35,1,3
BRDA:247,36,0,2
BRDA:247,36,1,2
BRDA:251,37,0,2
BRDA:251,37,1,2
BRDA:255,38,0,2
BRDA:255,38,1,2
BRDA:267,39,0,1
BRDA:267,39,1,5
BRDA:269,40,0,5
BRDA:269,40,1,3
BRDA:270,41,0,5
BRDA:270,41,1,3
BRDA:272,42,0,5
BRDA:272,42,1,5
BRDA:278,43,0,1
BRDA:278,43,1,4
BRDA:298,44,0,2
BRDA:298,44,1,6
BRDA:301,45,0,2
BRDA:301,45,1,4
BRDA:333,46,0,1
BRDA:333,46,1,5
BRDA:337,47,0,2
BRDA:337,47,1,3
BRDA:337,48,0,5
BRDA:337,48,1,5
BRDA:337,48,2,3
BRDA:354,49,0,2
BRDA:354,49,1,0
BRDA:368,50,0,2
BRDA:368,50,1,3
BRDA:371,51,0,2
BRDA:371,51,1,1
BRDA:398,52,0,1
BRDA:398,52,1,2
BRDA:414,53,0,2
BRDA:414,53,1,0
BRDA:426,54,0,1
BRDA:426,54,1,2
BRDA:460,55,0,2
BRDA:460,55,1,4
BRDA:463,56,0,2
BRDA:463,56,1,2
BRDA:481,57,0,1
BRDA:481,57,1,4
BRF:117
BRH:110
end_of_record
TN:
SF:src\controllers\remindersController.js
FN:5,(anonymous_0)
FN:73,(anonymous_1)
FN:135,(anonymous_2)
FN:187,(anonymous_3)
FN:224,(anonymous_4)
FNF:5
FNH:5
FNDA:4,(anonymous_0)
FNDA:4,(anonymous_1)
FNDA:4,(anonymous_2)
FNDA:4,(anonymous_3)
FNDA:2,(anonymous_4)
DA:1,7
DA:3,7
DA:6,4
DA:7,4
DA:8,4
DA:11,4
DA:16,3
DA:17,1
DA:20,2
DA:22,2
DA:38,2
DA:40,2
DA:41,1
DA:44,2
DA:45,1
DA:60,2
DA:62,2
DA:67,1
DA:68,1
DA:74,4
DA:75,4
DA:76,4
DA:79,4
DA:80,0
DA:84,4
DA:85,4
DA:86,0
DA:90,4
DA:95,4
DA:96,1
DA:99,3
DA:101,3
DA:124,2
DA:129,1
DA:130,1
DA:136,4
DA:137,4
DA:138,4
DA:139,4
DA:142,4
DA:147,4
DA:148,1
DA:151,3
DA:154,3
DA:159,3
DA:160,1
DA:163,2
DA:176,1
DA:181,1
DA:182,1
DA:188,4
DA:189,4
DA:190,4
DA:193,4
DA:198,4
DA:199,1
DA:202,3
DA:204,3
DA:212,2
DA:213,1
DA:216,1
DA:218,1
DA:219,1
DA:225,2
DA:226,2
DA:229,2
DA:234,1
DA:235,0
DA:238,1
DA:240,1
DA:257,1
DA:259,1
DA:260,1
DA:265,7
LF:74
LH:71
BRDA:16,0,0,1
BRDA:16,0,1,2
BRDA:40,1,0,1
BRDA:40,1,1,1
BRDA:44,2,0,1
BRDA:44,2,1,1
BRDA:79,3,0,0
BRDA:79,3,1,4
BRDA:79,4,0,4
BRDA:79,4,1,4
BRDA:79,4,2,4
BRDA:85,5,0,0
BRDA:85,5,1,4
BRDA:95,6,0,1
BRDA:95,6,1,3
BRDA:117,7,0,3
BRDA:117,7,1,1
BRDA:119,8,0,3
BRDA:119,8,1,1
BRDA:120,9,0,3
BRDA:120,9,1,1
BRDA:147,10,0,1
BRDA:147,10,1,3
BRDA:159,11,0,1
BRDA:159,11,1,2
BRDA:198,12,0,1
BRDA:198,12,1,3
BRDA:212,13,0,1
BRDA:212,13,1,1
BRDA:234,14,0,0
BRDA:234,14,1,1
BRF:31
BRH:28
end_of_record
TN:
SF:src\controllers\symptomsController.js
FN:356,(anonymous_0)
FN:369,(anonymous_1)
FN:389,(anonymous_2)
FN:467,(anonymous_3)
FN:534,(anonymous_4)
FN:576,(anonymous_5)
FN:615,(anonymous_6)
FN:660,(anonymous_7)
FN:686,(anonymous_8)
FN:705,(anonymous_9)
FN:718,(anonymous_10)
FN:743,(anonymous_11)
FN:761,(anonymous_12)
FN:768,(anonymous_13)
FNF:14
FNH:6
FNDA:4,(anonymous_0)
FNDA:4,(anonymous_1)
FNDA:7,(anonymous_2)
FNDA:4,(anonymous_3)
FNDA:4,(anonymous_4)
FNDA:0,(anonymous_5)
FNDA:4,(anonymous_6)
FNDA:0,(anonymous_7)
FNDA:0,(anonymous_8)
FNDA:0,(anonymous_9)
FNDA:0,(anonymous_10)
FNDA:0,(anonymous_11)
FNDA:0,(anonymous_12)
FNDA:0,(anonymous_13)
DA:346,7
DA:348,7
DA:354,7
DA:357,4
DA:358,4
DA:369,2
DA:370,4
DA:371,4
DA:372,3
DA:374,4
DA:375,4
DA:378,2
DA:383,2
DA:384,2
DA:390,7
DA:391,7
DA:392,7
DA:395,7
DA:396,1
DA:402,6
DA:408,5
DA:409,2
DA:412,3
DA:415,3
DA:421,3
DA:422,2
DA:428,1
DA:434,1
DA:436,1
DA:437,1
DA:453,1
DA:456,1
DA:461,1
DA:462,1
DA:468,4
DA:469,4
DA:470,4
DA:472,4
DA:473,2
DA:477,2
DA:482,2
DA:483,0
DA:486,2
DA:489,2
DA:499,2
DA:502,2
DA:503,2
DA:504,2
DA:519,2
DA:522,2
DA:528,0
DA:529,0
DA:535,4
DA:536,4
DA:537,4
DA:540,4
DA:545,4
DA:546,2
DA:549,2
DA:551,2
DA:566,2
DA:568,0
DA:569,0
DA:577,0
DA:578,0
DA:579,0
DA:584,0
DA:585,0
DA:588,0
DA:602,0
DA:604,0
DA:607,0
DA:609,0
DA:610,0
DA:616,4
DA:617,4
DA:618,4
DA:621,4
DA:626,4
DA:627,1
DA:630,3
DA:632,3
DA:650,3
DA:655,0
DA:656,0
DA:661,0
DA:663,0
DA:664,0
DA:666,0
DA:667,0
DA:671,0
DA:686,0
DA:687,0
DA:689,0
DA:690,0
DA:697,0
DA:698,0
DA:699,0
DA:701,0
DA:705,0
DA:706,0
DA:707,0
DA:712,0
DA:717,0
DA:718,0
DA:721,0
DA:731,0
DA:734,0
DA:737,0
DA:738,0
DA:744,0
DA:745,0
DA:747,0
DA:748,0
DA:749,0
DA:750,0
DA:752,0
DA:761,0
DA:762,0
DA:763,0
DA:768,0
DA:772,7
LF:122
LH:68
BRDA:370,0,0,4
BRDA:370,0,1,0
BRDA:371,1,0,3
BRDA:371,1,1,1
BRDA:395,2,0,1
BRDA:395,2,1,6
BRDA:395,3,0,7
BRDA:395,3,1,6
BRDA:395,3,2,6
BRDA:408,4,0,2
BRDA:408,4,1,3
BRDA:408,5,0,5
BRDA:408,5,1,5
BRDA:421,6,0,2
BRDA:421,6,1,1
BRDA:421,7,0,3
BRDA:421,7,1,3
BRDA:448,8,0,1
BRDA:448,8,1,0
BRDA:449,9,0,1
BRDA:449,9,1,1
BRDA:472,10,0,2
BRDA:472,10,1,2
BRDA:472,11,0,4
BRDA:472,11,1,2
BRDA:482,12,0,0
BRDA:482,12,1,2
BRDA:515,13,0,2
BRDA:515,13,1,0
BRDA:516,14,0,2
BRDA:516,14,1,0
BRDA:545,15,0,2
BRDA:545,15,1,2
BRDA:579,16,0,0
BRDA:579,16,1,0
BRDA:584,17,0,0
BRDA:584,17,1,0
BRDA:602,18,0,0
BRDA:602,18,1,0
BRDA:618,19,0,3
BRDA:618,20,0,3
BRDA:626,21,0,1
BRDA:626,21,1,3
BRDA:663,22,0,0
BRDA:663,22,1,0
BRDA:664,23,0,0
BRDA:664,23,1,0
BRDA:666,24,0,0
BRDA:666,24,1,0
BRDA:689,25,0,0
BRDA:689,25,1,0
BRDA:698,26,0,0
BRDA:698,26,1,0
BRDA:699,27,0,0
BRDA:699,27,1,0
BRDA:707,28,0,0
BRDA:707,28,1,0
BRDA:712,29,0,0
BRDA:712,29,1,0
BRDA:717,30,0,0
BRDA:717,30,1,0
BRDA:762,31,0,0
BRDA:762,31,1,0
BRF:63
BRH:32
end_of_record
TN:
SF:src\controllers\userController.js
FN:7,(anonymous_0)
FN:32,(anonymous_1)
FN:133,(anonymous_2)
FN:180,(anonymous_3)
FN:197,(anonymous_4)
FN:239,(anonymous_5)
FNF:6
FNH:6
FNDA:6,(anonymous_0)
FNDA:5,(anonymous_1)
FNDA:9,(anonymous_2)
FNDA:5,(anonymous_3)
FNDA:10,(anonymous_4)
FNDA:5,(anonymous_5)
DA:2,7
DA:3,7
DA:4,7
DA:7,7
DA:8,6
DA:9,6
DA:10,6
DA:12,5
DA:15,3
DA:16,3
DA:17,2
DA:18,2
DA:19,1
DA:20,1
DA:21,1
DA:24,3
DA:26,1
DA:27,1
DA:32,7
DA:33,5
DA:34,5
DA:35,5
DA:37,5
DA:38,5
DA:41,5
DA:42,3
DA:50,2
DA:54,4
DA:55,4
DA:56,4
DA:57,4
DA:60,4
DA:61,1
DA:62,1
DA:64,4
DA:65,4
DA:66,4
DA:68,4
DA:69,0
DA:70,0
DA:72,4
DA:73,1
DA:74,1
DA:76,4
DA:77,1
DA:78,1
DA:82,4
DA:83,4
DA:84,4
DA:86,4
DA:87,4
DA:89,4
DA:90,4
DA:96,4
DA:97,4
DA:114,0
DA:120,4
DA:122,4
DA:127,1
DA:128,1
DA:133,7
DA:134,9
DA:135,9
DA:136,9
DA:138,9
DA:141,9
DA:142,1
DA:145,8
DA:146,2
DA:150,6
DA:151,5
DA:152,1
DA:156,4
DA:157,4
DA:158,2
DA:162,2
DA:165,2
DA:170,2
DA:172,2
DA:174,1
DA:175,1
DA:180,7
DA:181,5
DA:182,5
DA:183,5
DA:185,4
DA:186,2
DA:189,2
DA:191,1
DA:192,1
DA:197,7
DA:198,10
DA:199,10
DA:200,1
DA:203,9
DA:204,1
DA:207,8
DA:209,8
DA:210,2
DA:213,6
DA:214,1
DA:217,5
DA:219,5
DA:220,1
DA:223,4
DA:224,4
DA:226,4
DA:228,4
DA:233,0
DA:234,0
DA:239,7
DA:240,5
DA:241,5
DA:242,1
DA:245,4
DA:248,4
DA:258,2
DA:260,2
DA:261,2
DA:265,7
LF:120
LH:115
BRDA:12,0,0,2
BRDA:12,0,1,3
BRDA:16,1,0,2
BRDA:16,1,1,1
BRDA:16,2,0,3
BRDA:16,2,1,2
BRDA:19,3,0,1
BRDA:19,3,1,0
BRDA:19,4,0,1
BRDA:19,4,1,0
BRDA:41,5,0,3
BRDA:41,5,1,2
BRDA:41,6,0,5
BRDA:41,6,1,2
BRDA:48,7,0,3
BRDA:48,7,1,0
BRDA:48,8,0,3
BRDA:48,8,1,1
BRDA:54,9,0,4
BRDA:54,9,1,0
BRDA:60,10,0,1
BRDA:60,10,1,3
BRDA:64,11,0,4
BRDA:64,11,1,0
BRDA:68,12,0,0
BRDA:68,12,1,4
BRDA:72,13,0,1
BRDA:72,13,1,3
BRDA:74,14,0,1
BRDA:74,14,1,0
BRDA:76,15,0,1
BRDA:76,15,1,3
BRDA:78,16,0,1
BRDA:78,16,1,0
BRDA:82,17,0,4
BRDA:82,17,1,0
BRDA:96,18,0,4
BRDA:96,18,1,0
BRDA:141,19,0,1
BRDA:141,19,1,8
BRDA:141,20,0,9
BRDA:141,20,1,9
BRDA:145,21,0,2
BRDA:145,21,1,6
BRDA:151,22,0,1
BRDA:151,22,1,4
BRDA:157,23,0,2
BRDA:157,23,1,2
BRDA:185,24,0,2
BRDA:185,24,1,2
BRDA:199,25,0,1
BRDA:199,25,1,9
BRDA:203,26,0,1
BRDA:203,26,1,8
BRDA:209,27,0,2
BRDA:209,27,1,6
BRDA:213,28,0,1
BRDA:213,28,1,5
BRDA:219,29,0,1
BRDA:219,29,1,4
BRDA:229,30,0,2
BRDA:229,30,1,2
BRDA:241,31,0,1
BRDA:241,31,1,4
BRF:64
BRH:54
end_of_record
TN:
SF:src\middleware\auth.js
FN:4,(anonymous_0)
FN:61,(anonymous_1)
FN:62,(anonymous_2)
FNF:3
FNH:3
FNDA:58,(anonymous_0)
FNDA:33,(anonymous_1)
FNDA:54,(anonymous_2)
DA:1,4
DA:2,4
DA:4,4
DA:5,58
DA:6,58
DA:8,58
DA:9,4
DA:13,54
DA:15,0
DA:19,0
DA:20,0
DA:24,54
DA:25,54
DA:28,54
DA:31,54
DA:32,54
DA:38,54
DA:42,0
DA:44,0
DA:45,0
DA:48,0
DA:49,0
DA:51,0
DA:52,0
DA:54,0
DA:55,0
DA:57,0
DA:61,4
DA:62,33
DA:63,54
DA:64,0
DA:67,54
DA:68,1
DA:74,53
DA:78,4
LF:35
LH:21
BRDA:6,0,0,58
BRDA:6,0,1,54
BRDA:8,1,0,4
BRDA:8,1,1,54
BRDA:13,2,0,0
BRDA:13,2,1,54
BRDA:19,3,0,0
BRDA:19,3,1,0
BRDA:28,4,0,54
BRDA:28,4,1,54
BRDA:31,5,0,54
BRDA:31,5,1,0
BRDA:36,6,0,54
BRDA:36,6,1,35
BRDA:44,7,0,0
BRDA:44,7,1,0
BRDA:51,8,0,0
BRDA:51,8,1,0
BRDA:54,9,0,0
BRDA:54,9,1,0
BRDA:63,10,0,0
BRDA:63,10,1,54
BRDA:67,11,0,1
BRDA:67,11,1,53
BRF:24
BRH:13
end_of_record
TN:
SF:src\middleware\validation.js
FN:3,(anonymous_0)
FNF:1
FNH:1
FNDA:2,(anonymous_0)
DA:1,1
DA:3,1
DA:4,2
DA:5,2
DA:6,1
DA:11,1
DA:14,1
DA:22,1
DA:28,1
DA:39,1
DA:47,1
LF:11
LH:11
BRDA:5,0,0,1
BRDA:5,0,1,1
BRF:2
BRH:2
end_of_record
TN:
SF:src\routes\admin.js
FNF:0
FNH:0
DA:1,6
DA:2,6
DA:3,6
DA:4,6
DA:7,6
DA:8,6
DA:11,6
DA:14,6
DA:15,6
DA:16,6
DA:17,6
DA:18,6
DA:21,6
DA:22,6
DA:25,6
DA:28,6
DA:31,6
DA:32,6
DA:35,6
DA:36,6
DA:37,6
DA:38,6
DA:39,6
DA:40,6
DA:41,6
DA:42,6
DA:44,6
LF:27
LH:27
BRF:0
BRH:0
end_of_record
TN:
SF:src\routes\alertaMedico.js
FNF:0
FNH:0
DA:1,6
DA:2,6
DA:3,6
DA:4,6
DA:8,6
DA:9,6
DA:13,6
DA:16,6
DA:19,6
DA:22,6
DA:24,6
LF:11
LH:11
BRF:0
BRH:0
end_of_record
TN:
SF:src\routes\auth.js
FNF:0
FNH:0
DA:1,6
DA:2,6
DA:3,6
DA:5,6
DA:6,6
DA:7,6
DA:8,6
DA:10,6
LF:8
LH:8
BRF:0
BRH:0
end_of_record
TN:
SF:src\routes\dialysis.js
FN:75,(anonymous_0)
FNF:1
FNH:0
FNDA:0,(anonymous_0)
DA:1,6
DA:2,6
DA:3,6
DA:11,6
DA:14,6
DA:15,6
DA:18,6
DA:21,6
DA:24,6
DA:27,6
DA:30,6
DA:33,6
DA:35,6
DA:75,6
DA:76,0
DA:77,0
DA:79,0
DA:80,0
DA:81,0
DA:83,0
DA:92,0
DA:93,0
DA:114,0
DA:115,0
DA:122,0
DA:123,0
DA:132,0
DA:137,0
DA:138,0
LF:29
LH:14
BRDA:79,0,0,0
BRDA:79,0,1,0
BRDA:80,1,0,0
BRDA:80,1,1,0
BRDA:81,2,0,0
BRDA:81,2,1,0
BRDA:92,3,0,0
BRDA:92,3,1,0
BRDA:114,4,0,0
BRDA:114,4,1,0
BRDA:122,5,0,0
BRDA:122,5,1,0
BRF:12
BRH:0
end_of_record
TN:
SF:src\routes\doctor.js
FNF:0
FNH:0
DA:3,6
DA:4,6
DA:5,6
DA:22,6
DA:25,6
DA:30,6
DA:31,6
DA:32,6
DA:37,6
DA:42,6
DA:43,6
DA:44,6
DA:45,6
DA:46,6
DA:47,6
DA:52,6
DA:53,6
DA:58,6
DA:59,6
DA:60,6
DA:62,6
LF:21
LH:21
BRF:0
BRH:0
end_of_record
TN:
SF:src\routes\patients.js
FNF:0
FNH:0
DA:1,6
DA:2,6
DA:3,6
DA:4,6
DA:7,6
DA:8,6
DA:16,6
DA:18,6
DA:25,6
DA:27,6
DA:29,6
DA:31,6
DA:33,6
DA:35,6
DA:37,6
DA:39,6
DA:41,6
LF:17
LH:17
BRF:0
BRH:0
end_of_record
TN:
SF:src\routes\reminder.js
FNF:0
FNH:0
DA:1,6
DA:2,6
DA:3,6
DA:4,6
DA:7,6
DA:8,6
DA:11,6
DA:14,6
DA:17,6
DA:20,6
DA:23,6
DA:25,6
LF:12
LH:12
BRF:0
BRH:0
end_of_record
TN:
SF:src\routes\symptoms.js
FNF:0
FNH:0
DA:1,6
DA:2,6
DA:3,6
DA:4,6
DA:7,6
DA:8,6
DA:11,6
DA:14,6
DA:17,6
DA:20,6
DA:23,6
DA:25,6
LF:12
LH:12
BRF:0
BRH:0
end_of_record
TN:
SF:src\routes\users.js
FNF:0
FNH:0
DA:16,6
DA:24,6
DA:26,6
DA:28,6
DA:31,6
DA:32,6
DA:33,6
DA:36,6
DA:39,6
DA:40,6
DA:42,6
LF:11
LH:11
BRF:0
BRH:0
end_of_record
TN:
SF:src\services\authService.js
FN:12,(anonymous_0)
FN:16,(anonymous_1)
FN:20,(anonymous_2)
FN:32,(anonymous_3)
FN:38,(anonymous_4)
FN:86,(anonymous_5)
FN:136,(anonymous_6)
FN:148,(anonymous_7)
FN:166,(anonymous_8)
FNF:9
FNH:8
FNDA:3,(anonymous_0)
FNDA:2,(anonymous_1)
FNDA:4,(anonymous_2)
FNDA:7,(anonymous_3)
FNDA:0,(anonymous_4)
FNDA:4,(anonymous_5)
FNDA:3,(anonymous_6)
FNDA:4,(anonymous_7)
FNDA:3,(anonymous_8)
DA:1,7
DA:2,7
DA:3,7
DA:6,7
DA:9,7
DA:12,7
DA:13,3
DA:16,7
DA:17,2
DA:20,7
DA:21,4
DA:25,4
DA:32,7
DA:33,7
DA:38,7
DA:39,0
DA:41,0
DA:42,0
DA:44,0
DA:47,0
DA:48,0
DA:50,0
DA:52,0
DA:58,0
DA:61,0
DA:62,0
DA:67,0
DA:68,0
DA:75,0
DA:76,0
DA:78,0
DA:79,0
DA:81,0
DA:86,7
DA:87,4
DA:88,4
DA:91,4
DA:92,4
DA:93,1
DA:97,3
DA:100,3
DA:107,2
DA:110,2
DA:111,1
DA:112,1
DA:117,1
DA:118,1
DA:119,1
DA:126,2
DA:129,2
DA:130,2
DA:136,7
DA:137,3
DA:138,3
DA:140,2
DA:141,2
DA:142,2
DA:144,1
DA:148,7
DA:149,4
DA:150,4
DA:151,3
DA:153,2
DA:154,2
DA:156,1
DA:157,1
DA:159,1
DA:161,3
DA:166,7
DA:167,3
DA:168,1
DA:170,2
DA:171,2
DA:174,7
LF:74
LH:56
BRDA:6,0,0,7
BRDA:6,0,1,0
BRDA:20,1,0,0
BRDA:21,2,0,2
BRDA:21,2,1,2
BRDA:22,3,0,2
BRDA:22,3,1,2
BRDA:23,4,0,2
BRDA:23,4,1,2
BRDA:48,5,0,0
BRDA:48,5,1,0
BRDA:61,6,0,0
BRDA:61,6,1,0
BRDA:67,7,0,0
BRDA:67,7,1,0
BRDA:92,8,0,1
BRDA:92,8,1,3
BRDA:110,9,0,1
BRDA:110,9,1,1
BRDA:117,10,0,1
BRDA:117,10,1,0
BRDA:138,11,0,1
BRDA:138,11,1,2
BRDA:142,12,0,1
BRDA:142,12,1,1
BRDA:151,13,0,1
BRDA:151,13,1,2
BRDA:154,14,0,1
BRDA:154,14,1,1
BRDA:167,15,0,1
BRDA:167,15,1,2
BRF:31
BRH:22
end_of_record
TN:
SF:src\services\emailService.js
FN:17,(anonymous_0)
FN:49,(anonymous_1)
FN:64,(anonymous_2)
FN:79,(anonymous_3)
FN:109,(anonymous_4)
FN:124,(anonymous_5)
FN:193,(anonymous_6)
FN:237,(anonymous_7)
FN:279,(anonymous_8)
FNF:9
FNH:9
FNDA:1,(anonymous_0)
FNDA:19,(anonymous_1)
FNDA:16,(anonymous_2)
FNDA:16,(anonymous_3)
FNDA:19,(anonymous_4)
FNDA:16,(anonymous_5)
FNDA:16,(anonymous_6)
FNDA:16,(anonymous_7)
FNDA:3,(anonymous_8)
DA:3,7
DA:7,7
DA:17,7
DA:18,1
DA:19,0
DA:21,1
DA:27,7
DA:42,7
DA:49,19
DA:64,7
DA:65,16
DA:66,16
DA:79,7
DA:80,16
DA:82,1
DA:109,19
DA:124,7
DA:125,16
DA:127,16
DA:193,7
DA:194,16
DA:196,16
DA:210,16
DA:211,1
DA:219,16
DA:229,16
DA:237,7
DA:238,16
DA:239,16
DA:241,16
DA:250,16
DA:259,16
DA:268,15
DA:269,15
DA:271,1
DA:272,1
DA:279,7
DA:280,3
DA:281,3
DA:319,3
DA:327,2
DA:328,2
DA:330,1
DA:331,1
DA:335,7
LF:45
LH:44
BRDA:8,0,0,7
BRDA:8,0,1,1
BRDA:9,1,0,7
BRDA:9,1,1,1
BRDA:18,2,0,0
BRDA:18,2,1,1
BRDA:42,3,0,7
BRDA:42,3,1,1
BRDA:65,4,0,16
BRDA:65,4,1,1
BRDA:80,5,0,15
BRDA:80,5,1,1
BRDA:125,6,0,16
BRDA:125,6,1,1
BRDA:194,7,0,16
BRDA:194,7,1,1
BRDA:210,8,0,1
BRDA:210,8,1,15
BRDA:239,9,0,16
BRDA:239,9,1,1
BRDA:265,10,0,3
BRDA:265,10,1,13
BRF:22
BRH:21
end_of_record
TN:
SF:src\utils\auditLogger.js
FN:4,(anonymous_0)
FN:27,(anonymous_1)
FN:32,(anonymous_2)
FN:36,(anonymous_3)
FNF:4
FNH:0
FNDA:0,(anonymous_0)
FNDA:0,(anonymous_1)
FNDA:0,(anonymous_2)
FNDA:0,(anonymous_3)
DA:1,0
DA:5,0
DA:6,0
DA:7,0
DA:9,0
DA:23,0
DA:28,0
DA:29,0
DA:33,0
DA:37,0
DA:41,0
LF:11
LH:0
BRDA:4,0,0,0
BRDA:4,1,0,0
BRDA:4,2,0,0
BRDA:6,3,0,0
BRDA:6,3,1,0
BRDA:6,4,0,0
BRDA:6,4,1,0
BRDA:7,5,0,0
BRDA:7,5,1,0
BRDA:16,6,0,0
BRDA:16,6,1,0
BRDA:17,7,0,0
BRDA:17,7,1,0
BRDA:27,8,0,0
BRDA:28,9,0,0
BRDA:28,9,1,0
BRF:16
BRH:0
end_of_record
TN:
SF:src\utils\backupService.js
FN:8,(anonymous_0)
FN:14,(anonymous_1)
FN:20,(anonymous_2)
FN:27,(anonymous_3)
FN:28,(anonymous_4)
FN:40,(anonymous_5)
FN:45,(anonymous_6)
FN:58,(anonymous_7)
FN:60,(anonymous_8)
FN:75,(anonymous_9)
FNF:10
FNH:0
FNDA:0,(anonymous_0)
FNDA:0,(anonymous_1)
FNDA:0,(anonymous_2)
FNDA:0,(anonymous_3)
FNDA:0,(anonymous_4)
FNDA:0,(anonymous_5)
FNDA:0,(anonymous_6)
FNDA:0,(anonymous_7)
FNDA:0,(anonymous_8)
FNDA:0,(anonymous_9)
DA:1,0
DA:2,0
DA:3,0
DA:4,0
DA:5,0
DA:9,0
DA:10,0
DA:11,0
DA:15,0
DA:16,0
DA:21,0
DA:22,0
DA:23,0
DA:25,0
DA:27,0
DA:28,0
DA:29,0
DA:30,0
DA:31,0
DA:33,0
DA:34,0
DA:41,0
DA:42,0
DA:43,0
DA:45,0
DA:46,0
DA:47,0
DA:48,0
DA:50,0
DA:51,0
DA:52,0
DA:60,0
DA:61,0
DA:62,0
DA:63,0
DA:64,0
DA:65,0
DA:67,0
DA:71,0
DA:76,0
DA:77,0
DA:78,0
DA:80,0
DA:85,0
LF:44
LH:0
BRDA:9,0,0,0
BRDA:9,0,1,0
BRDA:15,1,0,0
BRDA:15,1,1,0
BRDA:29,2,0,0
BRDA:29,2,1,0
BRDA:40,3,0,0
BRDA:46,4,0,0
BRDA:46,4,1,0
BRDA:50,5,0,0
BRDA:50,5,1,0
BRF:11
BRH:0
end_of_record
TN:
SF:src\utils\helpers.js
FN:5,hashPassword
FN:10,comparePassword
FN:14,generateTokenUser
FN:22,verifyToken
FNF:4
FNH:0
FNDA:0,hashPassword
FNDA:0,comparePassword
FNDA:0,generateTokenUser
FNDA:0,verifyToken
DA:1,0
DA:2,0
DA:6,0
DA:11,0
DA:15,0
DA:23,0
DA:24,0
DA:26,0
DA:31,0
LF:9
LH:0
BRF:0
BRH:0
end_of_record
